{"obj": {"type": "AssignString", "path": ["sys", "name"], "value": "Untitled"}, "version": 1, "at": 1735504168.8822222}
{"obj": {"type": "AssignString", "path": ["sys", "description"], "value": ""}, "version": 2, "at": 1735504168.88253}
{"obj": {"type": "AssignString", "path": ["monitoring", "784f3b07", "hostname"], "value": "Admins-MacBook-Pro.local"}, "version": 3, "at": 1735504168.8829608}
{"obj": {"type": "AssignString", "path": ["sys", "hostname"], "value": "Admins-MacBook-Pro.local"}, "version": 4, "at": 1735504168.883116}
{"obj": {"type": "AssignString", "path": ["monitoring", "784f3b07", "pid"], "value": "22824"}, "version": 5, "at": 1735504168.883272}
{"obj": {"type": "AssignString", "path": ["monitoring", "784f3b07", "tid"], "value": "4657405376"}, "version": 6, "at": 1735504168.883411}
{"obj": {"type": "AssignBool", "path": ["sys", "failed"], "value": false}, "version": 7, "at": 1735504168.883744}
{"obj": {"type": "ClearStringLog", "path": ["monitoring", "784f3b07", "stdout"]}, "version": 8, "at": 1735504168.883981}
{"obj": {"type": "ClearStringLog", "path": ["monitoring", "784f3b07", "stderr"]}, "version": 9, "at": 1735504168.884098}
{"obj": {"type": "AssignString", "path": ["source_code", "entrypoint"], "value": "train.py"}, "version": 10, "at": 1735504168.884991}
{"obj": {"type": "UploadFileSet", "path": ["source_code", "files"], "file_globs": ["/Users/erwan/Workspace/WSS-UIC/train_vgg_resnet/train.py"], "reset": "False"}, "version": 11, "at": 1735504168.8851461}
{"obj": {"type": "UploadFile", "path": ["source_code", "diff"], "ext": "patch", "file_path": null, "tmp_file_name": "source_code_diff-1735504169.191183-2024-12-29_21.29.29.191183.patch", "clean_after_upload": false}, "version": 12, "at": 1735504169.191792}
{"obj": {"type": "ConfigFloatSeries", "path": ["monitoring", "784f3b07", "cpu"], "min": 0.0, "max": 100.0, "unit": "%"}, "version": 13, "at": 1735504169.202601}
{"obj": {"type": "ClearFloatLog", "path": ["monitoring", "784f3b07", "cpu"]}, "version": 14, "at": 1735504169.202718}
{"obj": {"type": "ConfigFloatSeries", "path": ["monitoring", "784f3b07", "memory"], "min": 0.0, "max": 16.0, "unit": "GB"}, "version": 15, "at": 1735504169.202875}
{"obj": {"type": "ClearFloatLog", "path": ["monitoring", "784f3b07", "memory"]}, "version": 16, "at": 1735504169.20294}
{"obj": {"type": "LogStrings", "path": ["monitoring", "784f3b07", "stderr"], "values": [{"value": "[neptune] [warning] /Users/erwan/Workspace/WSS-UIC/train_vgg_resnet/train.py:46: NeptuneWarning: Info (NVML): NVML Shared Library Not Found. GPU usage metrics may not be reported. For more information, see https://docs.neptune.ai/help/nvml_error/\n", "step": null, "ts": 1735504169.203167}]}, "version": 17, "at": 1735504169.203253}
{"obj": {"type": "LogFloats", "path": ["monitoring", "784f3b07", "memory"], "values": [{"value": 9.578876495361328, "step": null, "ts": 1735504169.203389}]}, "version": 18, "at": 1735504169.203685}
{"obj": {"type": "AssignString", "path": ["config", "optimizer"], "value": "Adam"}, "version": 19, "at": 1735504169.204035}
{"obj": {"type": "LogStrings", "path": ["monitoring", "784f3b07", "stdout"], "values": [{"value": "ici la ", "step": null, "ts": 1735504169.2075572}]}, "version": 20, "at": 1735504169.2076}
{"obj": {"type": "LogStrings", "path": ["monitoring", "784f3b07", "stdout"], "values": [{"value": "\n", "step": null, "ts": 1735504169.207816}]}, "version": 21, "at": 1735504169.207846}
{"obj": {"type": "LogStrings", "path": ["monitoring", "784f3b07", "stderr"], "values": [{"value": "\r  0%|                                                                                                                                                                                 | 0/2 [00:00<?, ?it/s]", "step": null, "ts": 1735504169.2100601}]}, "version": 22, "at": 1735504169.210264}
{"obj": {"type": "LogStrings", "path": ["monitoring", "784f3b07", "stdout"], "values": [{"value": "dqsdqs", "step": null, "ts": 1735504169.2127302}]}, "version": 23, "at": 1735504169.212775}
{"obj": {"type": "LogStrings", "path": ["monitoring", "784f3b07", "stdout"], "values": [{"value": "\n", "step": null, "ts": 1735504169.213851}]}, "version": 24, "at": 1735504169.2138932}
{"obj": {"type": "LogStrings", "path": ["monitoring", "784f3b07", "stderr"], "values": [{"value": "", "step": null, "ts": 1735504169.221281}]}, "version": 25, "at": 1735504169.221333}
{"obj": {"type": "LogStrings", "path": ["monitoring", "784f3b07", "stderr"], "values": [{"value": "\r  0%|                                                                                                                                                                                 | 0/2 [00:00<?, ?it/s]", "step": null, "ts": 1735504169.221484}]}, "version": 26, "at": 1735504169.221507}
{"obj": {"type": "LogStrings", "path": ["monitoring", "784f3b07", "stderr"], "values": [{"value": "\n", "step": null, "ts": 1735504169.2216132}]}, "version": 27, "at": 1735504169.2216341}
{"obj": {"type": "LogStrings", "path": ["monitoring", "784f3b07", "traceback"], "values": [{"value": "An uncaught exception occurred while run was active on worker Admins-MacBook-Pro.local.", "step": null, "ts": 1735504169.2247128}, {"value": "Marking run as failed", "step": null, "ts": 1735504169.2247128}, {"value": "Traceback:", "step": null, "ts": 1735504169.2247128}, {"value": "  File \"<string>\", line 1, in <module>\n", "step": null, "ts": 1735504169.2247128}, {"value": "  File \"/Users/erwan/miniconda3/envs/segmentation_env/lib/python3.10/multiprocessing/spawn.py\", line 116, in spawn_main\n    exitcode = _main(fd, parent_sentinel)\n", "step": null, "ts": 1735504169.2247128}, {"value": "  File \"/Users/erwan/miniconda3/envs/segmentation_env/lib/python3.10/multiprocessing/spawn.py\", line 125, in _main\n    prepare(preparation_data)\n", "step": null, "ts": 1735504169.2247128}, {"value": "  File \"/Users/erwan/miniconda3/envs/segmentation_env/lib/python3.10/multiprocessing/spawn.py\", line 236, in prepare\n    _fixup_main_from_path(data['init_main_from_path'])\n", "step": null, "ts": 1735504169.2247128}, {"value": "  File \"/Users/erwan/miniconda3/envs/segmentation_env/lib/python3.10/multiprocessing/spawn.py\", line 287, in _fixup_main_from_path\n    main_content = runpy.run_path(main_path,\n", "step": null, "ts": 1735504169.2247128}, {"value": "  File \"/Users/erwan/miniconda3/envs/segmentation_env/lib/python3.10/runpy.py\", line 269, in run_path\n    return _run_module_code(code, init_globals, run_name,\n", "step": null, "ts": 1735504169.2247128}, {"value": "  File \"/Users/erwan/miniconda3/envs/segmentation_env/lib/python3.10/runpy.py\", line 96, in _run_module_code\n    _run_code(code, mod_globals, init_globals,\n", "step": null, "ts": 1735504169.2247128}]}, "version": 28, "at": 1735504169.22482}
{"obj": {"type": "LogStrings", "path": ["monitoring", "784f3b07", "traceback"], "values": [{"value": "  File \"/Users/erwan/miniconda3/envs/segmentation_env/lib/python3.10/runpy.py\", line 86, in _run_code\n    exec(code, run_globals)\n", "step": null, "ts": 1735504169.2247128}, {"value": "  File \"/Users/erwan/Workspace/WSS-UIC/train_vgg_resnet/train.py\", line 126, in <module>\n    train(\n", "step": null, "ts": 1735504169.2247128}, {"value": "  File \"/Users/erwan/Workspace/WSS-UIC/train_vgg_resnet/train.py\", line 64, in train\n    for batch in train_dl:\n", "step": null, "ts": 1735504169.2247128}, {"value": "  File \"/Users/erwan/miniconda3/envs/segmentation_env/lib/python3.10/site-packages/torch/utils/data/dataloader.py\", line 439, in __iter__\n    return self._get_iterator()\n", "step": null, "ts": 1735504169.2247128}, {"value": "  File \"/Users/erwan/miniconda3/envs/segmentation_env/lib/python3.10/site-packages/torch/utils/data/dataloader.py\", line 387, in _get_iterator\n    return _MultiProcessingDataLoaderIter(self)\n", "step": null, "ts": 1735504169.2247128}, {"value": "  File \"/Users/erwan/miniconda3/envs/segmentation_env/lib/python3.10/site-packages/torch/utils/data/dataloader.py\", line 1040, in __init__\n    w.start()\n", "step": null, "ts": 1735504169.2247128}, {"value": "  File \"/Users/erwan/miniconda3/envs/segmentation_env/lib/python3.10/multiprocessing/process.py\", line 121, in start\n    self._popen = self._Popen(self)\n", "step": null, "ts": 1735504169.2247128}, {"value": "  File \"/Users/erwan/miniconda3/envs/segmentation_env/lib/python3.10/multiprocessing/context.py\", line 224, in _Popen\n    return _default_context.get_context().Process._Popen(process_obj)\n", "step": null, "ts": 1735504169.2247128}, {"value": "  File \"/Users/erwan/miniconda3/envs/segmentation_env/lib/python3.10/multiprocessing/context.py\", line 284, in _Popen\n    return Popen(process_obj)\n", "step": null, "ts": 1735504169.2247128}, {"value": "  File \"/Users/erwan/miniconda3/envs/segmentation_env/lib/python3.10/multiprocessing/popen_spawn_posix.py\", line 32, in __init__\n    super().__init__(process_obj)\n", "step": null, "ts": 1735504169.2247128}]}, "version": 29, "at": 1735504169.224958}
{"obj": {"type": "LogStrings", "path": ["monitoring", "784f3b07", "traceback"], "values": [{"value": "  File \"/Users/erwan/miniconda3/envs/segmentation_env/lib/python3.10/multiprocessing/popen_fork.py\", line 19, in __init__\n    self._launch(process_obj)\n", "step": null, "ts": 1735504169.2247128}, {"value": "  File \"/Users/erwan/miniconda3/envs/segmentation_env/lib/python3.10/multiprocessing/popen_spawn_posix.py\", line 42, in _launch\n    prep_data = spawn.get_preparation_data(process_obj._name)\n", "step": null, "ts": 1735504169.2247128}, {"value": "  File \"/Users/erwan/miniconda3/envs/segmentation_env/lib/python3.10/multiprocessing/spawn.py\", line 154, in get_preparation_data\n    _check_not_importing_main()\n", "step": null, "ts": 1735504169.2247128}, {"value": "  File \"/Users/erwan/miniconda3/envs/segmentation_env/lib/python3.10/multiprocessing/spawn.py\", line 134, in _check_not_importing_main\n    raise RuntimeError('''\n", "step": null, "ts": 1735504169.2247128}, {"value": "", "step": null, "ts": 1735504169.2247128}, {"value": "        An attempt has been made to start a new process before the", "step": null, "ts": 1735504169.2247128}, {"value": "        current process has finished its bootstrapping phase.", "step": null, "ts": 1735504169.2247128}, {"value": "", "step": null, "ts": 1735504169.2247128}, {"value": "        This probably means that you are not using fork to start your", "step": null, "ts": 1735504169.2247128}, {"value": "        child processes and you have forgotten to use the proper idiom", "step": null, "ts": 1735504169.2247128}]}, "version": 30, "at": 1735504169.225146}
{"obj": {"type": "LogStrings", "path": ["monitoring", "784f3b07", "traceback"], "values": [{"value": "        in the main module:", "step": null, "ts": 1735504169.2247128}, {"value": "", "step": null, "ts": 1735504169.2247128}, {"value": "            if __name__ == '__main__':", "step": null, "ts": 1735504169.2247128}, {"value": "                freeze_support()", "step": null, "ts": 1735504169.2247128}, {"value": "                ...", "step": null, "ts": 1735504169.2247128}, {"value": "", "step": null, "ts": 1735504169.2247128}, {"value": "        The \"freeze_support()\" line can be omitted if the program", "step": null, "ts": 1735504169.2247128}, {"value": "        is not going to be frozen to produce an executable.", "step": null, "ts": 1735504169.2247128}]}, "version": 31, "at": 1735504169.2252429}
{"obj": {"type": "AssignBool", "path": ["sys", "failed"], "value": true}, "version": 32, "at": 1735504169.225394}
{"obj": {"type": "LogStrings", "path": ["monitoring", "784f3b07", "stderr"], "values": [{"value": "Traceback (most recent call last):\n", "step": null, "ts": 1735504169.2292411}]}, "version": 33, "at": 1735504169.229325}
{"obj": {"type": "LogStrings", "path": ["monitoring", "784f3b07", "stderr"], "values": [{"value": "  File \"<string>\", line 1, in <module>\n", "step": null, "ts": 1735504169.22961}]}, "version": 34, "at": 1735504169.2296598}
{"obj": {"type": "LogStrings", "path": ["monitoring", "784f3b07", "stderr"], "values": [{"value": "  File \"/Users/erwan/miniconda3/envs/segmentation_env/lib/python3.10/multiprocessing/spawn.py\", line 116, in spawn_main\n", "step": null, "ts": 1735504169.229863}]}, "version": 35, "at": 1735504169.229901}
{"obj": {"type": "LogStrings", "path": ["monitoring", "784f3b07", "stderr"], "values": [{"value": "    ", "step": null, "ts": 1735504169.230112}]}, "version": 36, "at": 1735504169.23015}
{"obj": {"type": "LogStrings", "path": ["monitoring", "784f3b07", "stderr"], "values": [{"value": "exitcode = _main(fd, parent_sentinel)", "step": null, "ts": 1735504169.230458}]}, "version": 37, "at": 1735504169.23056}
{"obj": {"type": "LogStrings", "path": ["monitoring", "784f3b07", "stderr"], "values": [{"value": "\n", "step": null, "ts": 1735504169.232863}]}, "version": 38, "at": 1735504169.232946}
{"obj": {"type": "LogStrings", "path": ["monitoring", "784f3b07", "stderr"], "values": [{"value": "  File \"/Users/erwan/miniconda3/envs/segmentation_env/lib/python3.10/multiprocessing/spawn.py\", line 125, in _main\n", "step": null, "ts": 1735504169.233233}]}, "version": 39, "at": 1735504169.233284}
{"obj": {"type": "LogStrings", "path": ["monitoring", "784f3b07", "stderr"], "values": [{"value": "    ", "step": null, "ts": 1735504169.233495}]}, "version": 40, "at": 1735504169.2335339}
{"obj": {"type": "LogStrings", "path": ["monitoring", "784f3b07", "stderr"], "values": [{"value": "prepare(preparation_data)", "step": null, "ts": 1735504169.233709}]}, "version": 41, "at": 1735504169.233744}
{"obj": {"type": "LogStrings", "path": ["monitoring", "784f3b07", "stderr"], "values": [{"value": "\n", "step": null, "ts": 1735504169.233902}]}, "version": 42, "at": 1735504169.233938}
{"obj": {"type": "LogStrings", "path": ["monitoring", "784f3b07", "stderr"], "values": [{"value": "  File \"/Users/erwan/miniconda3/envs/segmentation_env/lib/python3.10/multiprocessing/spawn.py\", line 236, in prepare\n", "step": null, "ts": 1735504169.235662}]}, "version": 43, "at": 1735504169.235701}
{"obj": {"type": "LogStrings", "path": ["monitoring", "784f3b07", "stderr"], "values": [{"value": "    ", "step": null, "ts": 1735504169.235832}]}, "version": 44, "at": 1735504169.235858}
{"obj": {"type": "LogStrings", "path": ["monitoring", "784f3b07", "stderr"], "values": [{"value": "_fixup_main_from_path(data['init_main_from_path'])", "step": null, "ts": 1735504169.2359948}]}, "version": 45, "at": 1735504169.2360241}
{"obj": {"type": "LogStrings", "path": ["monitoring", "784f3b07", "stderr"], "values": [{"value": "\n", "step": null, "ts": 1735504169.2361758}]}, "version": 46, "at": 1735504169.236222}
{"obj": {"type": "LogStrings", "path": ["monitoring", "784f3b07", "stderr"], "values": [{"value": "  File \"/Users/erwan/miniconda3/envs/segmentation_env/lib/python3.10/multiprocessing/spawn.py\", line 287, in _fixup_main_from_path\n", "step": null, "ts": 1735504169.2363782}]}, "version": 47, "at": 1735504169.236417}
{"obj": {"type": "LogStrings", "path": ["monitoring", "784f3b07", "stderr"], "values": [{"value": "    ", "step": null, "ts": 1735504169.236563}]}, "version": 48, "at": 1735504169.236588}
{"obj": {"type": "LogStrings", "path": ["monitoring", "784f3b07", "stderr"], "values": [{"value": "main_content = runpy.run_path(main_path,", "step": null, "ts": 1735504169.23746}]}, "version": 49, "at": 1735504169.237493}
{"obj": {"type": "LogStrings", "path": ["monitoring", "784f3b07", "stderr"], "values": [{"value": "\n", "step": null, "ts": 1735504169.23761}]}, "version": 50, "at": 1735504169.237633}
{"obj": {"type": "LogStrings", "path": ["monitoring", "784f3b07", "stderr"], "values": [{"value": "  File \"/Users/erwan/miniconda3/envs/segmentation_env/lib/python3.10/runpy.py\", line 269, in run_path\n", "step": null, "ts": 1735504169.237737}]}, "version": 51, "at": 1735504169.237758}
{"obj": {"type": "LogStrings", "path": ["monitoring", "784f3b07", "stderr"], "values": [{"value": "    ", "step": null, "ts": 1735504169.237849}]}, "version": 52, "at": 1735504169.2378712}
{"obj": {"type": "LogStrings", "path": ["monitoring", "784f3b07", "stderr"], "values": [{"value": "return _run_module_code(code, init_globals, run_name,", "step": null, "ts": 1735504169.237964}]}, "version": 53, "at": 1735504169.237984}
{"obj": {"type": "LogStrings", "path": ["monitoring", "784f3b07", "stderr"], "values": [{"value": "\n", "step": null, "ts": 1735504169.238253}]}, "version": 54, "at": 1735504169.2382789}
{"obj": {"type": "LogStrings", "path": ["monitoring", "784f3b07", "stderr"], "values": [{"value": "  File \"/Users/erwan/miniconda3/envs/segmentation_env/lib/python3.10/runpy.py\", line 96, in _run_module_code\n", "step": null, "ts": 1735504169.238389}]}, "version": 55, "at": 1735504169.238413}
{"obj": {"type": "LogStrings", "path": ["monitoring", "784f3b07", "stderr"], "values": [{"value": "    ", "step": null, "ts": 1735504169.238514}]}, "version": 56, "at": 1735504169.238534}
{"obj": {"type": "LogStrings", "path": ["monitoring", "784f3b07", "stderr"], "values": [{"value": "_run_code(code, mod_globals, init_globals,", "step": null, "ts": 1735504169.2386298}]}, "version": 57, "at": 1735504169.2386508}
{"obj": {"type": "LogStrings", "path": ["monitoring", "784f3b07", "stderr"], "values": [{"value": "\n", "step": null, "ts": 1735504169.238747}]}, "version": 58, "at": 1735504169.2387688}
{"obj": {"type": "LogStrings", "path": ["monitoring", "784f3b07", "stderr"], "values": [{"value": "  File \"/Users/erwan/miniconda3/envs/segmentation_env/lib/python3.10/runpy.py\", line 86, in _run_code\n", "step": null, "ts": 1735504169.238989}]}, "version": 59, "at": 1735504169.239014}
{"obj": {"type": "LogStrings", "path": ["monitoring", "784f3b07", "stderr"], "values": [{"value": "    ", "step": null, "ts": 1735504169.2391198}]}, "version": 60, "at": 1735504169.239142}
{"obj": {"type": "LogStrings", "path": ["monitoring", "784f3b07", "stderr"], "values": [{"value": "exec(code, run_globals)", "step": null, "ts": 1735504169.239243}]}, "version": 61, "at": 1735504169.2392662}
{"obj": {"type": "LogStrings", "path": ["monitoring", "784f3b07", "stderr"], "values": [{"value": "\n", "step": null, "ts": 1735504169.23936}]}, "version": 62, "at": 1735504169.23938}
{"obj": {"type": "LogStrings", "path": ["monitoring", "784f3b07", "stderr"], "values": [{"value": "  File \"/Users/erwan/Workspace/WSS-UIC/train_vgg_resnet/train.py\", line 126, in <module>\n", "step": null, "ts": 1735504169.239467}]}, "version": 63, "at": 1735504169.239487}
{"obj": {"type": "LogStrings", "path": ["monitoring", "784f3b07", "stderr"], "values": [{"value": "    ", "step": null, "ts": 1735504169.240726}]}, "version": 64, "at": 1735504169.2407591}
{"obj": {"type": "LogStrings", "path": ["monitoring", "784f3b07", "stderr"], "values": [{"value": "train(", "step": null, "ts": 1735504169.241567}]}, "version": 65, "at": 1735504169.2416}
{"obj": {"type": "LogStrings", "path": ["monitoring", "784f3b07", "stderr"], "values": [{"value": "\n", "step": null, "ts": 1735504169.241777}]}, "version": 66, "at": 1735504169.2418041}
{"obj": {"type": "LogStrings", "path": ["monitoring", "784f3b07", "stderr"], "values": [{"value": "  File \"/Users/erwan/Workspace/WSS-UIC/train_vgg_resnet/train.py\", line 64, in train\n", "step": null, "ts": 1735504169.242195}]}, "version": 67, "at": 1735504169.2422242}
{"obj": {"type": "LogStrings", "path": ["monitoring", "784f3b07", "stderr"], "values": [{"value": "    ", "step": null, "ts": 1735504169.242359}]}, "version": 68, "at": 1735504169.242387}
{"obj": {"type": "LogStrings", "path": ["monitoring", "784f3b07", "stderr"], "values": [{"value": "for batch in train_dl:", "step": null, "ts": 1735504169.242495}]}, "version": 69, "at": 1735504169.2425191}
{"obj": {"type": "LogStrings", "path": ["monitoring", "784f3b07", "stderr"], "values": [{"value": "\n", "step": null, "ts": 1735504169.242671}]}, "version": 70, "at": 1735504169.242694}
{"obj": {"type": "LogStrings", "path": ["monitoring", "784f3b07", "stderr"], "values": [{"value": "  File \"/Users/erwan/miniconda3/envs/segmentation_env/lib/python3.10/site-packages/torch/utils/data/dataloader.py\", line 439, in __iter__\n", "step": null, "ts": 1735504169.242792}]}, "version": 71, "at": 1735504169.242815}
{"obj": {"type": "LogStrings", "path": ["monitoring", "784f3b07", "stderr"], "values": [{"value": "    ", "step": null, "ts": 1735504169.2429178}]}, "version": 72, "at": 1735504169.242939}
{"obj": {"type": "LogStrings", "path": ["monitoring", "784f3b07", "stderr"], "values": [{"value": "return self._get_iterator()", "step": null, "ts": 1735504169.2433112}]}, "version": 73, "at": 1735504169.243339}
{"obj": {"type": "LogStrings", "path": ["monitoring", "784f3b07", "stderr"], "values": [{"value": "\n", "step": null, "ts": 1735504169.244493}]}, "version": 74, "at": 1735504169.244531}
{"obj": {"type": "LogStrings", "path": ["monitoring", "784f3b07", "stderr"], "values": [{"value": "  File \"/Users/erwan/miniconda3/envs/segmentation_env/lib/python3.10/site-packages/torch/utils/data/dataloader.py\", line 387, in _get_iterator\n", "step": null, "ts": 1735504169.245366}]}, "version": 75, "at": 1735504169.2454069}
{"obj": {"type": "LogStrings", "path": ["monitoring", "784f3b07", "stderr"], "values": [{"value": "    ", "step": null, "ts": 1735504169.245648}]}, "version": 76, "at": 1735504169.245685}
{"obj": {"type": "LogStrings", "path": ["monitoring", "784f3b07", "stderr"], "values": [{"value": "return _MultiProcessingDataLoaderIter(self)", "step": null, "ts": 1735504169.2458198}]}, "version": 77, "at": 1735504169.245847}
{"obj": {"type": "LogStrings", "path": ["monitoring", "784f3b07", "stderr"], "values": [{"value": "\n", "step": null, "ts": 1735504169.24597}]}, "version": 78, "at": 1735504169.246}
{"obj": {"type": "LogStrings", "path": ["monitoring", "784f3b07", "stderr"], "values": [{"value": "  File \"/Users/erwan/miniconda3/envs/segmentation_env/lib/python3.10/site-packages/torch/utils/data/dataloader.py\", line 1040, in __init__\n", "step": null, "ts": 1735504169.248152}]}, "version": 79, "at": 1735504169.248192}
{"obj": {"type": "LogStrings", "path": ["monitoring", "784f3b07", "stderr"], "values": [{"value": "    ", "step": null, "ts": 1735504169.2483258}]}, "version": 80, "at": 1735504169.248354}
{"obj": {"type": "LogStrings", "path": ["monitoring", "784f3b07", "stderr"], "values": [{"value": "w.start()", "step": null, "ts": 1735504169.248457}]}, "version": 81, "at": 1735504169.248478}
{"obj": {"type": "LogStrings", "path": ["monitoring", "784f3b07", "stderr"], "values": [{"value": "\n", "step": null, "ts": 1735504169.248652}]}, "version": 82, "at": 1735504169.248682}
{"obj": {"type": "LogStrings", "path": ["monitoring", "784f3b07", "stderr"], "values": [{"value": "  File \"/Users/erwan/miniconda3/envs/segmentation_env/lib/python3.10/multiprocessing/process.py\", line 121, in start\n", "step": null, "ts": 1735504169.248797}]}, "version": 83, "at": 1735504169.248821}
{"obj": {"type": "LogStrings", "path": ["monitoring", "784f3b07", "stderr"], "values": [{"value": "    ", "step": null, "ts": 1735504169.248966}]}, "version": 84, "at": 1735504169.24899}
{"obj": {"type": "LogStrings", "path": ["monitoring", "784f3b07", "stderr"], "values": [{"value": "self._popen = self._Popen(self)", "step": null, "ts": 1735504169.249088}]}, "version": 85, "at": 1735504169.24911}
{"obj": {"type": "LogStrings", "path": ["monitoring", "784f3b07", "stderr"], "values": [{"value": "\n", "step": null, "ts": 1735504169.2525928}]}, "version": 86, "at": 1735504169.252636}
{"obj": {"type": "LogStrings", "path": ["monitoring", "784f3b07", "stderr"], "values": [{"value": "  File \"/Users/erwan/miniconda3/envs/segmentation_env/lib/python3.10/multiprocessing/context.py\", line 224, in _Popen\n", "step": null, "ts": 1735504169.2537532}]}, "version": 87, "at": 1735504169.253789}
{"obj": {"type": "LogStrings", "path": ["monitoring", "784f3b07", "stderr"], "values": [{"value": "    ", "step": null, "ts": 1735504169.2539158}]}, "version": 88, "at": 1735504169.2539442}
{"obj": {"type": "LogStrings", "path": ["monitoring", "784f3b07", "stderr"], "values": [{"value": "return _default_context.get_context().Process._Popen(process_obj)", "step": null, "ts": 1735504169.254068}]}, "version": 89, "at": 1735504169.254117}
{"obj": {"type": "LogStrings", "path": ["monitoring", "784f3b07", "stderr"], "values": [{"value": "\n", "step": null, "ts": 1735504169.254217}]}, "version": 90, "at": 1735504169.254238}
{"obj": {"type": "LogStrings", "path": ["monitoring", "784f3b07", "stderr"], "values": [{"value": "  File \"/Users/erwan/miniconda3/envs/segmentation_env/lib/python3.10/multiprocessing/context.py\", line 284, in _Popen\n", "step": null, "ts": 1735504169.254354}]}, "version": 91, "at": 1735504169.254376}
{"obj": {"type": "LogStrings", "path": ["monitoring", "784f3b07", "stderr"], "values": [{"value": "    ", "step": null, "ts": 1735504169.2544699}]}, "version": 92, "at": 1735504169.2544901}
{"obj": {"type": "LogStrings", "path": ["monitoring", "784f3b07", "stderr"], "values": [{"value": "return Popen(process_obj)", "step": null, "ts": 1735504169.2545888}]}, "version": 93, "at": 1735504169.2546098}
{"obj": {"type": "LogStrings", "path": ["monitoring", "784f3b07", "stderr"], "values": [{"value": "\n", "step": null, "ts": 1735504169.2547042}]}, "version": 94, "at": 1735504169.2547252}
{"obj": {"type": "LogStrings", "path": ["monitoring", "784f3b07", "stderr"], "values": [{"value": "  File \"/Users/erwan/miniconda3/envs/segmentation_env/lib/python3.10/multiprocessing/popen_spawn_posix.py\", line 32, in __init__\n", "step": null, "ts": 1735504169.2548192}]}, "version": 95, "at": 1735504169.254839}
{"obj": {"type": "LogStrings", "path": ["monitoring", "784f3b07", "stderr"], "values": [{"value": "    ", "step": null, "ts": 1735504169.2549372}]}, "version": 96, "at": 1735504169.254957}
{"obj": {"type": "LogStrings", "path": ["monitoring", "784f3b07", "stderr"], "values": [{"value": "super().__init__(process_obj)", "step": null, "ts": 1735504169.2550468}]}, "version": 97, "at": 1735504169.2550662}
{"obj": {"type": "LogStrings", "path": ["monitoring", "784f3b07", "stderr"], "values": [{"value": "\n", "step": null, "ts": 1735504169.255158}]}, "version": 98, "at": 1735504169.255178}
{"obj": {"type": "LogStrings", "path": ["monitoring", "784f3b07", "stderr"], "values": [{"value": "  File \"/Users/erwan/miniconda3/envs/segmentation_env/lib/python3.10/multiprocessing/popen_fork.py\", line 19, in __init__\n", "step": null, "ts": 1735504169.2553291}]}, "version": 99, "at": 1735504169.2553558}
{"obj": {"type": "LogStrings", "path": ["monitoring", "784f3b07", "stderr"], "values": [{"value": "    ", "step": null, "ts": 1735504169.2558138}]}, "version": 100, "at": 1735504169.255842}
{"obj": {"type": "LogStrings", "path": ["monitoring", "784f3b07", "stderr"], "values": [{"value": "self._launch(process_obj)", "step": null, "ts": 1735504169.255994}]}, "version": 101, "at": 1735504169.256017}
{"obj": {"type": "LogStrings", "path": ["monitoring", "784f3b07", "stderr"], "values": [{"value": "\n", "step": null, "ts": 1735504169.25612}]}, "version": 102, "at": 1735504169.2561421}
{"obj": {"type": "LogStrings", "path": ["monitoring", "784f3b07", "stderr"], "values": [{"value": "  File \"/Users/erwan/miniconda3/envs/segmentation_env/lib/python3.10/multiprocessing/popen_spawn_posix.py\", line 42, in _launch\n", "step": null, "ts": 1735504169.256263}]}, "version": 103, "at": 1735504169.256286}
{"obj": {"type": "LogStrings", "path": ["monitoring", "784f3b07", "stderr"], "values": [{"value": "    ", "step": null, "ts": 1735504169.256566}]}, "version": 104, "at": 1735504169.2565901}
{"obj": {"type": "LogStrings", "path": ["monitoring", "784f3b07", "stderr"], "values": [{"value": "prep_data = spawn.get_preparation_data(process_obj._name)", "step": null, "ts": 1735504169.256706}]}, "version": 105, "at": 1735504169.2567291}
{"obj": {"type": "LogStrings", "path": ["monitoring", "784f3b07", "stderr"], "values": [{"value": "\n", "step": null, "ts": 1735504169.256833}]}, "version": 106, "at": 1735504169.256855}
{"obj": {"type": "LogStrings", "path": ["monitoring", "784f3b07", "stderr"], "values": [{"value": "  File \"/Users/erwan/miniconda3/envs/segmentation_env/lib/python3.10/multiprocessing/spawn.py\", line 154, in get_preparation_data\n", "step": null, "ts": 1735504169.2570298}]}, "version": 107, "at": 1735504169.25707}
{"obj": {"type": "LogStrings", "path": ["monitoring", "784f3b07", "stderr"], "values": [{"value": "    ", "step": null, "ts": 1735504169.257182}]}, "version": 108, "at": 1735504169.257205}
{"obj": {"type": "LogStrings", "path": ["monitoring", "784f3b07", "stderr"], "values": [{"value": "_check_not_importing_main()", "step": null, "ts": 1735504169.257341}]}, "version": 109, "at": 1735504169.2573671}
{"obj": {"type": "LogStrings", "path": ["monitoring", "784f3b07", "stderr"], "values": [{"value": "\n", "step": null, "ts": 1735504169.257476}]}, "version": 110, "at": 1735504169.257499}
{"obj": {"type": "LogStrings", "path": ["monitoring", "784f3b07", "stderr"], "values": [{"value": "  File \"/Users/erwan/miniconda3/envs/segmentation_env/lib/python3.10/multiprocessing/spawn.py\", line 134, in _check_not_importing_main\n", "step": null, "ts": 1735504169.25775}]}, "version": 111, "at": 1735504169.257776}
{"obj": {"type": "LogStrings", "path": ["monitoring", "784f3b07", "stderr"], "values": [{"value": "    ", "step": null, "ts": 1735504169.257965}]}, "version": 112, "at": 1735504169.25799}
{"obj": {"type": "LogStrings", "path": ["monitoring", "784f3b07", "stderr"], "values": [{"value": "raise RuntimeError('''", "step": null, "ts": 1735504169.2581692}]}, "version": 113, "at": 1735504169.258194}
{"obj": {"type": "LogStrings", "path": ["monitoring", "784f3b07", "stderr"], "values": [{"value": "\n", "step": null, "ts": 1735504169.258303}]}, "version": 114, "at": 1735504169.258326}
{"obj": {"type": "LogStrings", "path": ["monitoring", "784f3b07", "stderr"], "values": [{"value": "RuntimeError", "step": null, "ts": 1735504169.258518}]}, "version": 115, "at": 1735504169.258543}
{"obj": {"type": "LogStrings", "path": ["monitoring", "784f3b07", "stderr"], "values": [{"value": ": ", "step": null, "ts": 1735504169.2586792}]}, "version": 116, "at": 1735504169.258704}
{"obj": {"type": "LogStrings", "path": ["monitoring", "784f3b07", "stderr"], "values": [{"value": "\n        An attempt has been made to start a new process before the\n        current process has finished its bootstrapping phase.\n\n        This probably means that you are not using fork to start your\n        child processes and you have forgotten to use the proper idiom\n        in the main module:\n\n            if __name__ == '__main__':\n                freeze_support()\n                ...\n\n        The \"freeze_support()\" line can be omitted if the program\n        is not going to be frozen to produce an executable.", "step": null, "ts": 1735504169.2588139}]}, "version": 117, "at": 1735504169.258836}
{"obj": {"type": "LogStrings", "path": ["monitoring", "784f3b07", "stderr"], "values": [{"value": "\n", "step": null, "ts": 1735504169.258976}]}, "version": 118, "at": 1735504169.258998}
{"obj": {"type": "LogStrings", "path": ["monitoring", "784f3b07", "stdout"], "values": [{"value": "[neptune] [info   ] Shutting down background jobs, please wait a moment...\n", "step": null, "ts": 1735504169.259968}]}, "version": 119, "at": 1735504169.260003}
