{"obj": {"type": "AssignString", "path": ["sys", "name"], "value": "Untitled"}, "version": 1, "at": 1735503605.677974}
{"obj": {"type": "AssignString", "path": ["sys", "description"], "value": ""}, "version": 2, "at": 1735503605.678315}
{"obj": {"type": "AssignString", "path": ["monitoring", "f16d98af", "hostname"], "value": "Admins-MacBook-Pro.local"}, "version": 3, "at": 1735503605.678463}
{"obj": {"type": "AssignString", "path": ["sys", "hostname"], "value": "Admins-MacBook-Pro.local"}, "version": 4, "at": 1735503605.678575}
{"obj": {"type": "AssignString", "path": ["monitoring", "f16d98af", "pid"], "value": "22321"}, "version": 5, "at": 1735503605.6786869}
{"obj": {"type": "AssignString", "path": ["monitoring", "f16d98af", "tid"], "value": "4755996096"}, "version": 6, "at": 1735503605.678794}
{"obj": {"type": "AssignBool", "path": ["sys", "failed"], "value": false}, "version": 7, "at": 1735503605.678922}
{"obj": {"type": "ClearStringLog", "path": ["monitoring", "f16d98af", "stdout"]}, "version": 8, "at": 1735503605.679083}
{"obj": {"type": "ClearStringLog", "path": ["monitoring", "f16d98af", "stderr"]}, "version": 9, "at": 1735503605.679175}
{"obj": {"type": "AssignString", "path": ["source_code", "entrypoint"], "value": "train.py"}, "version": 10, "at": 1735503605.679967}
{"obj": {"type": "UploadFileSet", "path": ["source_code", "files"], "file_globs": ["/Users/erwan/Workspace/WSS-UIC/train_vgg_resnet/train.py"], "reset": "False"}, "version": 11, "at": 1735503605.680114}
{"obj": {"type": "UploadFile", "path": ["source_code", "diff"], "ext": "patch", "file_path": null, "tmp_file_name": "source_code_diff-1735503606.183281-2024-12-29_21.20.06.183281.patch", "clean_after_upload": false}, "version": 12, "at": 1735503606.1838899}
{"obj": {"type": "LogStrings", "path": ["monitoring", "f16d98af", "stderr"], "values": [{"value": "[neptune] [warning] /Users/erwan/Workspace/WSS-UIC/train_vgg_resnet/train.py:46: NeptuneWarning: Info (NVML): NVML Shared Library Not Found. GPU usage metrics may not be reported. For more information, see https://docs.neptune.ai/help/nvml_error/\n", "step": null, "ts": 1735503606.19246}]}, "version": 13, "at": 1735503606.192563}
{"obj": {"type": "ConfigFloatSeries", "path": ["monitoring", "f16d98af", "cpu"], "min": 0.0, "max": 100.0, "unit": "%"}, "version": 14, "at": 1735503606.192962}
{"obj": {"type": "ClearFloatLog", "path": ["monitoring", "f16d98af", "cpu"]}, "version": 15, "at": 1735503606.193034}
{"obj": {"type": "ConfigFloatSeries", "path": ["monitoring", "f16d98af", "memory"], "min": 0.0, "max": 16.0, "unit": "GB"}, "version": 16, "at": 1735503606.1931598}
{"obj": {"type": "ClearFloatLog", "path": ["monitoring", "f16d98af", "memory"]}, "version": 17, "at": 1735503606.1932092}
{"obj": {"type": "LogFloats", "path": ["monitoring", "f16d98af", "memory"], "values": [{"value": 9.852840423583984, "step": null, "ts": 1735503606.1934102}]}, "version": 18, "at": 1735503606.1936471}
{"obj": {"type": "AssignString", "path": ["config", "optimizer"], "value": "Adam"}, "version": 19, "at": 1735503606.194027}
{"obj": {"type": "LogStrings", "path": ["monitoring", "f16d98af", "stderr"], "values": [{"value": "\r  0%|                                                                                                                                                                                 | 0/2 [00:00<?, ?it/s]", "step": null, "ts": 1735503606.197491}]}, "version": 20, "at": 1735503606.197531}
{"obj": {"type": "LogStrings", "path": ["monitoring", "f16d98af", "stderr"], "values": [{"value": "", "step": null, "ts": 1735503606.203053}]}, "version": 21, "at": 1735503606.2030919}
{"obj": {"type": "LogStrings", "path": ["monitoring", "f16d98af", "stderr"], "values": [{"value": "\r  0%|                                                                                                                                                                                 | 0/2 [00:00<?, ?it/s]", "step": null, "ts": 1735503606.2034829}]}, "version": 22, "at": 1735503606.20351}
{"obj": {"type": "LogStrings", "path": ["monitoring", "f16d98af", "stderr"], "values": [{"value": "\n", "step": null, "ts": 1735503606.203674}]}, "version": 23, "at": 1735503606.203698}
{"obj": {"type": "LogStrings", "path": ["monitoring", "f16d98af", "traceback"], "values": [{"value": "An uncaught exception occurred while run was active on worker Admins-MacBook-Pro.local.", "step": null, "ts": 1735503606.207398}, {"value": "Marking run as failed", "step": null, "ts": 1735503606.207398}, {"value": "Traceback:", "step": null, "ts": 1735503606.207398}, {"value": "  File \"<string>\", line 1, in <module>\n", "step": null, "ts": 1735503606.207398}, {"value": "  File \"/Users/erwan/miniconda3/envs/segmentation_env/lib/python3.10/multiprocessing/spawn.py\", line 116, in spawn_main\n    exitcode = _main(fd, parent_sentinel)\n", "step": null, "ts": 1735503606.207398}, {"value": "  File \"/Users/erwan/miniconda3/envs/segmentation_env/lib/python3.10/multiprocessing/spawn.py\", line 125, in _main\n    prepare(preparation_data)\n", "step": null, "ts": 1735503606.207398}, {"value": "  File \"/Users/erwan/miniconda3/envs/segmentation_env/lib/python3.10/multiprocessing/spawn.py\", line 236, in prepare\n    _fixup_main_from_path(data['init_main_from_path'])\n", "step": null, "ts": 1735503606.207398}, {"value": "  File \"/Users/erwan/miniconda3/envs/segmentation_env/lib/python3.10/multiprocessing/spawn.py\", line 287, in _fixup_main_from_path\n    main_content = runpy.run_path(main_path,\n", "step": null, "ts": 1735503606.207398}, {"value": "  File \"/Users/erwan/miniconda3/envs/segmentation_env/lib/python3.10/runpy.py\", line 269, in run_path\n    return _run_module_code(code, init_globals, run_name,\n", "step": null, "ts": 1735503606.207398}, {"value": "  File \"/Users/erwan/miniconda3/envs/segmentation_env/lib/python3.10/runpy.py\", line 96, in _run_module_code\n    _run_code(code, mod_globals, init_globals,\n", "step": null, "ts": 1735503606.207398}]}, "version": 24, "at": 1735503606.207509}
{"obj": {"type": "LogStrings", "path": ["monitoring", "f16d98af", "traceback"], "values": [{"value": "  File \"/Users/erwan/miniconda3/envs/segmentation_env/lib/python3.10/runpy.py\", line 86, in _run_code\n    exec(code, run_globals)\n", "step": null, "ts": 1735503606.207398}, {"value": "  File \"/Users/erwan/Workspace/WSS-UIC/train_vgg_resnet/train.py\", line 122, in <module>\n    train(\n", "step": null, "ts": 1735503606.207398}, {"value": "  File \"/Users/erwan/Workspace/WSS-UIC/train_vgg_resnet/train.py\", line 61, in train\n    for batch in train_dl:\n", "step": null, "ts": 1735503606.207398}, {"value": "  File \"/Users/erwan/miniconda3/envs/segmentation_env/lib/python3.10/site-packages/torch/utils/data/dataloader.py\", line 439, in __iter__\n    return self._get_iterator()\n", "step": null, "ts": 1735503606.207398}, {"value": "  File \"/Users/erwan/miniconda3/envs/segmentation_env/lib/python3.10/site-packages/torch/utils/data/dataloader.py\", line 387, in _get_iterator\n    return _MultiProcessingDataLoaderIter(self)\n", "step": null, "ts": 1735503606.207398}, {"value": "  File \"/Users/erwan/miniconda3/envs/segmentation_env/lib/python3.10/site-packages/torch/utils/data/dataloader.py\", line 1040, in __init__\n    w.start()\n", "step": null, "ts": 1735503606.207398}, {"value": "  File \"/Users/erwan/miniconda3/envs/segmentation_env/lib/python3.10/multiprocessing/process.py\", line 121, in start\n    self._popen = self._Popen(self)\n", "step": null, "ts": 1735503606.207398}, {"value": "  File \"/Users/erwan/miniconda3/envs/segmentation_env/lib/python3.10/multiprocessing/context.py\", line 224, in _Popen\n    return _default_context.get_context().Process._Popen(process_obj)\n", "step": null, "ts": 1735503606.207398}, {"value": "  File \"/Users/erwan/miniconda3/envs/segmentation_env/lib/python3.10/multiprocessing/context.py\", line 284, in _Popen\n    return Popen(process_obj)\n", "step": null, "ts": 1735503606.207398}, {"value": "  File \"/Users/erwan/miniconda3/envs/segmentation_env/lib/python3.10/multiprocessing/popen_spawn_posix.py\", line 32, in __init__\n    super().__init__(process_obj)\n", "step": null, "ts": 1735503606.207398}]}, "version": 25, "at": 1735503606.2076359}
{"obj": {"type": "LogStrings", "path": ["monitoring", "f16d98af", "traceback"], "values": [{"value": "  File \"/Users/erwan/miniconda3/envs/segmentation_env/lib/python3.10/multiprocessing/popen_fork.py\", line 19, in __init__\n    self._launch(process_obj)\n", "step": null, "ts": 1735503606.207398}, {"value": "  File \"/Users/erwan/miniconda3/envs/segmentation_env/lib/python3.10/multiprocessing/popen_spawn_posix.py\", line 42, in _launch\n    prep_data = spawn.get_preparation_data(process_obj._name)\n", "step": null, "ts": 1735503606.207398}, {"value": "  File \"/Users/erwan/miniconda3/envs/segmentation_env/lib/python3.10/multiprocessing/spawn.py\", line 154, in get_preparation_data\n    _check_not_importing_main()\n", "step": null, "ts": 1735503606.207398}, {"value": "  File \"/Users/erwan/miniconda3/envs/segmentation_env/lib/python3.10/multiprocessing/spawn.py\", line 134, in _check_not_importing_main\n    raise RuntimeError('''\n", "step": null, "ts": 1735503606.207398}, {"value": "", "step": null, "ts": 1735503606.207398}, {"value": "        An attempt has been made to start a new process before the", "step": null, "ts": 1735503606.207398}, {"value": "        current process has finished its bootstrapping phase.", "step": null, "ts": 1735503606.207398}, {"value": "", "step": null, "ts": 1735503606.207398}, {"value": "        This probably means that you are not using fork to start your", "step": null, "ts": 1735503606.207398}, {"value": "        child processes and you have forgotten to use the proper idiom", "step": null, "ts": 1735503606.207398}]}, "version": 26, "at": 1735503606.207817}
{"obj": {"type": "LogStrings", "path": ["monitoring", "f16d98af", "traceback"], "values": [{"value": "        in the main module:", "step": null, "ts": 1735503606.207398}, {"value": "", "step": null, "ts": 1735503606.207398}, {"value": "            if __name__ == '__main__':", "step": null, "ts": 1735503606.207398}, {"value": "                freeze_support()", "step": null, "ts": 1735503606.207398}, {"value": "                ...", "step": null, "ts": 1735503606.207398}, {"value": "", "step": null, "ts": 1735503606.207398}, {"value": "        The \"freeze_support()\" line can be omitted if the program", "step": null, "ts": 1735503606.207398}, {"value": "        is not going to be frozen to produce an executable.", "step": null, "ts": 1735503606.207398}]}, "version": 27, "at": 1735503606.207903}
{"obj": {"type": "AssignBool", "path": ["sys", "failed"], "value": true}, "version": 28, "at": 1735503606.2080362}
{"obj": {"type": "LogStrings", "path": ["monitoring", "f16d98af", "stderr"], "values": [{"value": "Traceback (most recent call last):\n", "step": null, "ts": 1735503606.208257}]}, "version": 29, "at": 1735503606.208286}
{"obj": {"type": "LogStrings", "path": ["monitoring", "f16d98af", "stderr"], "values": [{"value": "  File \"<string>\", line 1, in <module>\n", "step": null, "ts": 1735503606.208425}]}, "version": 30, "at": 1735503606.208448}
{"obj": {"type": "LogStrings", "path": ["monitoring", "f16d98af", "stderr"], "values": [{"value": "  File \"/Users/erwan/miniconda3/envs/segmentation_env/lib/python3.10/multiprocessing/spawn.py\", line 116, in spawn_main\n", "step": null, "ts": 1735503606.208745}]}, "version": 31, "at": 1735503606.20877}
{"obj": {"type": "LogStrings", "path": ["monitoring", "f16d98af", "stderr"], "values": [{"value": "    ", "step": null, "ts": 1735503606.209116}]}, "version": 32, "at": 1735503606.209142}
{"obj": {"type": "LogStrings", "path": ["monitoring", "f16d98af", "stderr"], "values": [{"value": "exitcode = _main(fd, parent_sentinel)", "step": null, "ts": 1735503606.209381}]}, "version": 33, "at": 1735503606.209407}
{"obj": {"type": "LogStrings", "path": ["monitoring", "f16d98af", "stderr"], "values": [{"value": "\n", "step": null, "ts": 1735503606.209572}]}, "version": 34, "at": 1735503606.2095969}
{"obj": {"type": "LogStrings", "path": ["monitoring", "f16d98af", "stderr"], "values": [{"value": "  File \"/Users/erwan/miniconda3/envs/segmentation_env/lib/python3.10/multiprocessing/spawn.py\", line 125, in _main\n", "step": null, "ts": 1735503606.209898}]}, "version": 35, "at": 1735503606.209923}
{"obj": {"type": "LogStrings", "path": ["monitoring", "f16d98af", "stderr"], "values": [{"value": "    ", "step": null, "ts": 1735503606.210048}]}, "version": 36, "at": 1735503606.210072}
{"obj": {"type": "LogStrings", "path": ["monitoring", "f16d98af", "stderr"], "values": [{"value": "prepare(preparation_data)", "step": null, "ts": 1735503606.210176}]}, "version": 37, "at": 1735503606.210199}
{"obj": {"type": "LogStrings", "path": ["monitoring", "f16d98af", "stderr"], "values": [{"value": "\n", "step": null, "ts": 1735503606.210303}]}, "version": 38, "at": 1735503606.210325}
{"obj": {"type": "LogStrings", "path": ["monitoring", "f16d98af", "stderr"], "values": [{"value": "  File \"/Users/erwan/miniconda3/envs/segmentation_env/lib/python3.10/multiprocessing/spawn.py\", line 236, in prepare\n", "step": null, "ts": 1735503606.210418}]}, "version": 39, "at": 1735503606.210439}
{"obj": {"type": "LogStrings", "path": ["monitoring", "f16d98af", "stderr"], "values": [{"value": "    ", "step": null, "ts": 1735503606.210745}]}, "version": 40, "at": 1735503606.210773}
{"obj": {"type": "LogStrings", "path": ["monitoring", "f16d98af", "stderr"], "values": [{"value": "_fixup_main_from_path(data['init_main_from_path'])", "step": null, "ts": 1735503606.211036}]}, "version": 41, "at": 1735503606.211062}
{"obj": {"type": "LogStrings", "path": ["monitoring", "f16d98af", "stderr"], "values": [{"value": "\n", "step": null, "ts": 1735503606.2112079}]}, "version": 42, "at": 1735503606.211232}
{"obj": {"type": "LogStrings", "path": ["monitoring", "f16d98af", "stderr"], "values": [{"value": "  File \"/Users/erwan/miniconda3/envs/segmentation_env/lib/python3.10/multiprocessing/spawn.py\", line 287, in _fixup_main_from_path\n", "step": null, "ts": 1735503606.211515}]}, "version": 43, "at": 1735503606.211539}
{"obj": {"type": "LogStrings", "path": ["monitoring", "f16d98af", "stderr"], "values": [{"value": "    ", "step": null, "ts": 1735503606.211803}]}, "version": 44, "at": 1735503606.21183}
{"obj": {"type": "LogStrings", "path": ["monitoring", "f16d98af", "stderr"], "values": [{"value": "main_content = runpy.run_path(main_path,", "step": null, "ts": 1735503606.212047}]}, "version": 45, "at": 1735503606.212074}
{"obj": {"type": "LogStrings", "path": ["monitoring", "f16d98af", "stderr"], "values": [{"value": "\n", "step": null, "ts": 1735503606.2124102}]}, "version": 46, "at": 1735503606.212437}
{"obj": {"type": "LogStrings", "path": ["monitoring", "f16d98af", "stderr"], "values": [{"value": "  File \"/Users/erwan/miniconda3/envs/segmentation_env/lib/python3.10/runpy.py\", line 269, in run_path\n", "step": null, "ts": 1735503606.2125592}]}, "version": 47, "at": 1735503606.212584}
{"obj": {"type": "LogStrings", "path": ["monitoring", "f16d98af", "stderr"], "values": [{"value": "    ", "step": null, "ts": 1735503606.212726}]}, "version": 48, "at": 1735503606.212749}
{"obj": {"type": "LogStrings", "path": ["monitoring", "f16d98af", "stderr"], "values": [{"value": "return _run_module_code(code, init_globals, run_name,", "step": null, "ts": 1735503606.2129622}]}, "version": 49, "at": 1735503606.212984}
{"obj": {"type": "LogStrings", "path": ["monitoring", "f16d98af", "stderr"], "values": [{"value": "\n", "step": null, "ts": 1735503606.213225}]}, "version": 50, "at": 1735503606.213248}
{"obj": {"type": "LogStrings", "path": ["monitoring", "f16d98af", "stderr"], "values": [{"value": "  File \"/Users/erwan/miniconda3/envs/segmentation_env/lib/python3.10/runpy.py\", line 96, in _run_module_code\n", "step": null, "ts": 1735503606.213527}]}, "version": 51, "at": 1735503606.2135522}
{"obj": {"type": "LogStrings", "path": ["monitoring", "f16d98af", "stderr"], "values": [{"value": "    ", "step": null, "ts": 1735503606.214112}]}, "version": 52, "at": 1735503606.214143}
{"obj": {"type": "LogStrings", "path": ["monitoring", "f16d98af", "stderr"], "values": [{"value": "_run_code(code, mod_globals, init_globals,", "step": null, "ts": 1735503606.2143621}]}, "version": 53, "at": 1735503606.214401}
{"obj": {"type": "LogStrings", "path": ["monitoring", "f16d98af", "stderr"], "values": [{"value": "\n", "step": null, "ts": 1735503606.214954}]}, "version": 54, "at": 1735503606.2150102}
{"obj": {"type": "LogStrings", "path": ["monitoring", "f16d98af", "stderr"], "values": [{"value": "  File \"/Users/erwan/miniconda3/envs/segmentation_env/lib/python3.10/runpy.py\", line 86, in _run_code\n", "step": null, "ts": 1735503606.2152781}]}, "version": 55, "at": 1735503606.21532}
{"obj": {"type": "LogStrings", "path": ["monitoring", "f16d98af", "stderr"], "values": [{"value": "    ", "step": null, "ts": 1735503606.215536}]}, "version": 56, "at": 1735503606.215578}
{"obj": {"type": "LogStrings", "path": ["monitoring", "f16d98af", "stderr"], "values": [{"value": "exec(code, run_globals)", "step": null, "ts": 1735503606.215785}]}, "version": 57, "at": 1735503606.215861}
{"obj": {"type": "LogStrings", "path": ["monitoring", "f16d98af", "stderr"], "values": [{"value": "\n", "step": null, "ts": 1735503606.217016}]}, "version": 58, "at": 1735503606.217053}
{"obj": {"type": "LogStrings", "path": ["monitoring", "f16d98af", "stderr"], "values": [{"value": "  File \"/Users/erwan/Workspace/WSS-UIC/train_vgg_resnet/train.py\", line 122, in <module>\n", "step": null, "ts": 1735503606.217191}]}, "version": 59, "at": 1735503606.217217}
{"obj": {"type": "LogStrings", "path": ["monitoring", "f16d98af", "stderr"], "values": [{"value": "    ", "step": null, "ts": 1735503606.217315}]}, "version": 60, "at": 1735503606.2173371}
{"obj": {"type": "LogStrings", "path": ["monitoring", "f16d98af", "stderr"], "values": [{"value": "train(", "step": null, "ts": 1735503606.2174358}]}, "version": 61, "at": 1735503606.217458}
{"obj": {"type": "LogStrings", "path": ["monitoring", "f16d98af", "stderr"], "values": [{"value": "\n", "step": null, "ts": 1735503606.217612}]}, "version": 62, "at": 1735503606.2176352}
{"obj": {"type": "LogStrings", "path": ["monitoring", "f16d98af", "stderr"], "values": [{"value": "  File \"/Users/erwan/Workspace/WSS-UIC/train_vgg_resnet/train.py\", line 61, in train\n", "step": null, "ts": 1735503606.2177331}]}, "version": 63, "at": 1735503606.2177548}
{"obj": {"type": "LogStrings", "path": ["monitoring", "f16d98af", "stderr"], "values": [{"value": "    ", "step": null, "ts": 1735503606.2178519}]}, "version": 64, "at": 1735503606.2178729}
{"obj": {"type": "LogStrings", "path": ["monitoring", "f16d98af", "stderr"], "values": [{"value": "for batch in train_dl:", "step": null, "ts": 1735503606.217963}]}, "version": 65, "at": 1735503606.217983}
{"obj": {"type": "LogStrings", "path": ["monitoring", "f16d98af", "stderr"], "values": [{"value": "\n", "step": null, "ts": 1735503606.218071}]}, "version": 66, "at": 1735503606.218091}
{"obj": {"type": "LogStrings", "path": ["monitoring", "f16d98af", "stderr"], "values": [{"value": "  File \"/Users/erwan/miniconda3/envs/segmentation_env/lib/python3.10/site-packages/torch/utils/data/dataloader.py\", line 439, in __iter__\n", "step": null, "ts": 1735503606.218177}]}, "version": 67, "at": 1735503606.218196}
{"obj": {"type": "LogStrings", "path": ["monitoring", "f16d98af", "stderr"], "values": [{"value": "    ", "step": null, "ts": 1735503606.218282}]}, "version": 68, "at": 1735503606.2182999}
{"obj": {"type": "LogStrings", "path": ["monitoring", "f16d98af", "stderr"], "values": [{"value": "return self._get_iterator()", "step": null, "ts": 1735503606.2183838}]}, "version": 69, "at": 1735503606.218403}
{"obj": {"type": "LogStrings", "path": ["monitoring", "f16d98af", "stderr"], "values": [{"value": "\n", "step": null, "ts": 1735503606.218487}]}, "version": 70, "at": 1735503606.218506}
{"obj": {"type": "LogStrings", "path": ["monitoring", "f16d98af", "stderr"], "values": [{"value": "  File \"/Users/erwan/miniconda3/envs/segmentation_env/lib/python3.10/site-packages/torch/utils/data/dataloader.py\", line 387, in _get_iterator\n", "step": null, "ts": 1735503606.2185879}]}, "version": 71, "at": 1735503606.2186072}
{"obj": {"type": "LogStrings", "path": ["monitoring", "f16d98af", "stderr"], "values": [{"value": "    ", "step": null, "ts": 1735503606.218692}]}, "version": 72, "at": 1735503606.2187111}
{"obj": {"type": "LogStrings", "path": ["monitoring", "f16d98af", "stderr"], "values": [{"value": "return _MultiProcessingDataLoaderIter(self)", "step": null, "ts": 1735503606.218796}]}, "version": 73, "at": 1735503606.218816}
{"obj": {"type": "LogStrings", "path": ["monitoring", "f16d98af", "stderr"], "values": [{"value": "\n", "step": null, "ts": 1735503606.2189062}]}, "version": 74, "at": 1735503606.2189271}
{"obj": {"type": "LogStrings", "path": ["monitoring", "f16d98af", "stderr"], "values": [{"value": "  File \"/Users/erwan/miniconda3/envs/segmentation_env/lib/python3.10/site-packages/torch/utils/data/dataloader.py\", line 1040, in __init__\n", "step": null, "ts": 1735503606.2190259}]}, "version": 75, "at": 1735503606.219049}
{"obj": {"type": "LogStrings", "path": ["monitoring", "f16d98af", "stderr"], "values": [{"value": "    ", "step": null, "ts": 1735503606.2191439}]}, "version": 76, "at": 1735503606.2191648}
{"obj": {"type": "LogStrings", "path": ["monitoring", "f16d98af", "stderr"], "values": [{"value": "w.start()", "step": null, "ts": 1735503606.21925}]}, "version": 77, "at": 1735503606.219271}
{"obj": {"type": "LogStrings", "path": ["monitoring", "f16d98af", "stderr"], "values": [{"value": "\n", "step": null, "ts": 1735503606.2196229}]}, "version": 78, "at": 1735503606.219651}
{"obj": {"type": "LogStrings", "path": ["monitoring", "f16d98af", "stderr"], "values": [{"value": "  File \"/Users/erwan/miniconda3/envs/segmentation_env/lib/python3.10/multiprocessing/process.py\", line 121, in start\n", "step": null, "ts": 1735503606.2201622}]}, "version": 79, "at": 1735503606.220184}
{"obj": {"type": "LogStrings", "path": ["monitoring", "f16d98af", "stderr"], "values": [{"value": "    ", "step": null, "ts": 1735503606.220753}]}, "version": 80, "at": 1735503606.220787}
{"obj": {"type": "LogStrings", "path": ["monitoring", "f16d98af", "stdout"], "values": [{"value": "[neptune] [info   ] Shutting down background jobs, please wait a moment...\n", "step": null, "ts": 1735503606.2209868}]}, "version": 81, "at": 1735503606.221075}
{"obj": {"type": "LogStrings", "path": ["monitoring", "f16d98af", "stderr"], "values": [{"value": "self._popen = self._Popen(self)", "step": null, "ts": 1735503606.221432}]}, "version": 82, "at": 1735503606.221519}
{"obj": {"type": "LogStrings", "path": ["monitoring", "f16d98af", "stderr"], "values": [{"value": "\n", "step": null, "ts": 1735503606.222155}]}, "version": 83, "at": 1735503606.222219}
{"obj": {"type": "LogStrings", "path": ["monitoring", "f16d98af", "stderr"], "values": [{"value": "  File \"/Users/erwan/miniconda3/envs/segmentation_env/lib/python3.10/multiprocessing/context.py\", line 224, in _Popen\n", "step": null, "ts": 1735503606.222466}]}, "version": 84, "at": 1735503606.22252}
{"obj": {"type": "LogStrings", "path": ["monitoring", "f16d98af", "stderr"], "values": [{"value": "    ", "step": null, "ts": 1735503606.2227058}]}, "version": 85, "at": 1735503606.222741}
{"obj": {"type": "LogStrings", "path": ["monitoring", "f16d98af", "stderr"], "values": [{"value": "return _default_context.get_context().Process._Popen(process_obj)", "step": null, "ts": 1735503606.2228632}]}, "version": 86, "at": 1735503606.222889}
{"obj": {"type": "LogStrings", "path": ["monitoring", "f16d98af", "stderr"], "values": [{"value": "\n", "step": null, "ts": 1735503606.2230122}]}, "version": 87, "at": 1735503606.22304}
{"obj": {"type": "LogStrings", "path": ["monitoring", "f16d98af", "stderr"], "values": [{"value": "  File \"/Users/erwan/miniconda3/envs/segmentation_env/lib/python3.10/multiprocessing/context.py\", line 284, in _Popen\n", "step": null, "ts": 1735503606.223156}]}, "version": 88, "at": 1735503606.2231832}
{"obj": {"type": "LogStrings", "path": ["monitoring", "f16d98af", "stderr"], "values": [{"value": "    ", "step": null, "ts": 1735503606.223427}]}, "version": 89, "at": 1735503606.223472}
{"obj": {"type": "LogStrings", "path": ["monitoring", "f16d98af", "stderr"], "values": [{"value": "return Popen(process_obj)", "step": null, "ts": 1735503606.223586}]}, "version": 90, "at": 1735503606.2236109}
{"obj": {"type": "LogStrings", "path": ["monitoring", "f16d98af", "stderr"], "values": [{"value": "\n", "step": null, "ts": 1735503606.223712}]}, "version": 91, "at": 1735503606.223735}
{"obj": {"type": "LogStrings", "path": ["monitoring", "f16d98af", "stderr"], "values": [{"value": "  File \"/Users/erwan/miniconda3/envs/segmentation_env/lib/python3.10/multiprocessing/popen_spawn_posix.py\", line 32, in __init__\n", "step": null, "ts": 1735503606.223833}]}, "version": 92, "at": 1735503606.2238562}
{"obj": {"type": "LogStrings", "path": ["monitoring", "f16d98af", "stderr"], "values": [{"value": "    ", "step": null, "ts": 1735503606.223954}]}, "version": 93, "at": 1735503606.223975}
{"obj": {"type": "LogStrings", "path": ["monitoring", "f16d98af", "stderr"], "values": [{"value": "super().__init__(process_obj)", "step": null, "ts": 1735503606.2240698}]}, "version": 94, "at": 1735503606.2240908}
{"obj": {"type": "LogStrings", "path": ["monitoring", "f16d98af", "stderr"], "values": [{"value": "\n", "step": null, "ts": 1735503606.224181}]}, "version": 95, "at": 1735503606.224202}
{"obj": {"type": "LogStrings", "path": ["monitoring", "f16d98af", "stderr"], "values": [{"value": "  File \"/Users/erwan/miniconda3/envs/segmentation_env/lib/python3.10/multiprocessing/popen_fork.py\", line 19, in __init__\n", "step": null, "ts": 1735503606.224284}]}, "version": 96, "at": 1735503606.2243042}
{"obj": {"type": "LogStrings", "path": ["monitoring", "f16d98af", "stderr"], "values": [{"value": "    ", "step": null, "ts": 1735503606.2243881}]}, "version": 97, "at": 1735503606.224407}
{"obj": {"type": "LogStrings", "path": ["monitoring", "f16d98af", "stderr"], "values": [{"value": "self._launch(process_obj)", "step": null, "ts": 1735503606.224488}]}, "version": 98, "at": 1735503606.2245069}
{"obj": {"type": "LogStrings", "path": ["monitoring", "f16d98af", "stderr"], "values": [{"value": "\n", "step": null, "ts": 1735503606.224585}]}, "version": 99, "at": 1735503606.224603}
{"obj": {"type": "LogStrings", "path": ["monitoring", "f16d98af", "stderr"], "values": [{"value": "  File \"/Users/erwan/miniconda3/envs/segmentation_env/lib/python3.10/multiprocessing/popen_spawn_posix.py\", line 42, in _launch\n", "step": null, "ts": 1735503606.224682}]}, "version": 100, "at": 1735503606.2247}
{"obj": {"type": "LogStrings", "path": ["monitoring", "f16d98af", "stderr"], "values": [{"value": "    ", "step": null, "ts": 1735503606.224798}]}, "version": 101, "at": 1735503606.2248168}
{"obj": {"type": "LogStrings", "path": ["monitoring", "f16d98af", "stderr"], "values": [{"value": "prep_data = spawn.get_preparation_data(process_obj._name)", "step": null, "ts": 1735503606.224896}]}, "version": 102, "at": 1735503606.2249138}
{"obj": {"type": "LogStrings", "path": ["monitoring", "f16d98af", "stderr"], "values": [{"value": "\n", "step": null, "ts": 1735503606.224993}]}, "version": 103, "at": 1735503606.2250109}
{"obj": {"type": "LogStrings", "path": ["monitoring", "f16d98af", "stderr"], "values": [{"value": "  File \"/Users/erwan/miniconda3/envs/segmentation_env/lib/python3.10/multiprocessing/spawn.py\", line 154, in get_preparation_data\n", "step": null, "ts": 1735503606.225089}]}, "version": 104, "at": 1735503606.225107}
{"obj": {"type": "LogStrings", "path": ["monitoring", "f16d98af", "stderr"], "values": [{"value": "    ", "step": null, "ts": 1735503606.22519}]}, "version": 105, "at": 1735503606.225208}
{"obj": {"type": "LogStrings", "path": ["monitoring", "f16d98af", "stderr"], "values": [{"value": "_check_not_importing_main()", "step": null, "ts": 1735503606.225285}]}, "version": 106, "at": 1735503606.225303}
{"obj": {"type": "LogStrings", "path": ["monitoring", "f16d98af", "stderr"], "values": [{"value": "\n", "step": null, "ts": 1735503606.2253811}]}, "version": 107, "at": 1735503606.225399}
{"obj": {"type": "LogStrings", "path": ["monitoring", "f16d98af", "stderr"], "values": [{"value": "  File \"/Users/erwan/miniconda3/envs/segmentation_env/lib/python3.10/multiprocessing/spawn.py\", line 134, in _check_not_importing_main\n", "step": null, "ts": 1735503606.2254772}]}, "version": 108, "at": 1735503606.225494}
{"obj": {"type": "LogStrings", "path": ["monitoring", "f16d98af", "stderr"], "values": [{"value": "    ", "step": null, "ts": 1735503606.225573}]}, "version": 109, "at": 1735503606.2255921}
{"obj": {"type": "LogStrings", "path": ["monitoring", "f16d98af", "stderr"], "values": [{"value": "raise RuntimeError('''", "step": null, "ts": 1735503606.2256699}]}, "version": 110, "at": 1735503606.225688}
{"obj": {"type": "LogStrings", "path": ["monitoring", "f16d98af", "stderr"], "values": [{"value": "\n", "step": null, "ts": 1735503606.22577}]}, "version": 111, "at": 1735503606.22579}
{"obj": {"type": "LogStrings", "path": ["monitoring", "f16d98af", "stderr"], "values": [{"value": "RuntimeError", "step": null, "ts": 1735503606.2259252}]}, "version": 112, "at": 1735503606.225945}
{"obj": {"type": "LogStrings", "path": ["monitoring", "f16d98af", "stderr"], "values": [{"value": ": ", "step": null, "ts": 1735503606.226026}]}, "version": 113, "at": 1735503606.226044}
{"obj": {"type": "LogStrings", "path": ["monitoring", "f16d98af", "stderr"], "values": [{"value": "\n        An attempt has been made to start a new process before the\n        current process has finished its bootstrapping phase.\n\n        This probably means that you are not using fork to start your\n        child processes and you have forgotten to use the proper idiom\n        in the main module:\n\n            if __name__ == '__main__':\n                freeze_support()\n                ...\n\n        The \"freeze_support()\" line can be omitted if the program\n        is not going to be frozen to produce an executable.", "step": null, "ts": 1735503606.226124}]}, "version": 114, "at": 1735503606.226263}
{"obj": {"type": "LogStrings", "path": ["monitoring", "f16d98af", "stderr"], "values": [{"value": "\n", "step": null, "ts": 1735503606.2264252}]}, "version": 115, "at": 1735503606.22645}
