{"obj": {"type": "AssignString", "path": ["sys", "name"], "value": "Untitled"}, "version": 1, "at": 1735504024.567244}
{"obj": {"type": "AssignString", "path": ["sys", "description"], "value": ""}, "version": 2, "at": 1735504024.5675}
{"obj": {"type": "AssignString", "path": ["monitoring", "11c73f97", "hostname"], "value": "Admins-MacBook-Pro.local"}, "version": 3, "at": 1735504024.567631}
{"obj": {"type": "AssignString", "path": ["sys", "hostname"], "value": "Admins-MacBook-Pro.local"}, "version": 4, "at": 1735504024.567737}
{"obj": {"type": "AssignString", "path": ["monitoring", "11c73f97", "pid"], "value": "22743"}, "version": 5, "at": 1735504024.567843}
{"obj": {"type": "AssignString", "path": ["monitoring", "11c73f97", "tid"], "value": "4704075200"}, "version": 6, "at": 1735504024.5679529}
{"obj": {"type": "AssignBool", "path": ["sys", "failed"], "value": false}, "version": 7, "at": 1735504024.568081}
{"obj": {"type": "ClearStringLog", "path": ["monitoring", "11c73f97", "stdout"]}, "version": 8, "at": 1735504024.568289}
{"obj": {"type": "ClearStringLog", "path": ["monitoring", "11c73f97", "stderr"]}, "version": 9, "at": 1735504024.568394}
{"obj": {"type": "AssignString", "path": ["source_code", "entrypoint"], "value": "train.py"}, "version": 10, "at": 1735504024.569265}
{"obj": {"type": "UploadFileSet", "path": ["source_code", "files"], "file_globs": ["/Users/erwan/Workspace/WSS-UIC/train_vgg_resnet/train.py"], "reset": "False"}, "version": 11, "at": 1735504024.569414}
{"obj": {"type": "UploadFile", "path": ["source_code", "diff"], "ext": "patch", "file_path": null, "tmp_file_name": "source_code_diff-1735504024.884973-2024-12-29_21.27.04.884973.patch", "clean_after_upload": false}, "version": 12, "at": 1735504024.8854752}
{"obj": {"type": "ConfigFloatSeries", "path": ["monitoring", "11c73f97", "cpu"], "min": 0.0, "max": 100.0, "unit": "%"}, "version": 13, "at": 1735504024.891694}
{"obj": {"type": "ClearFloatLog", "path": ["monitoring", "11c73f97", "cpu"]}, "version": 14, "at": 1735504024.891856}
{"obj": {"type": "LogStrings", "path": ["monitoring", "11c73f97", "stderr"], "values": [{"value": "[neptune] [warning] /Users/erwan/Workspace/WSS-UIC/train_vgg_resnet/train.py:46: NeptuneWarning: Info (NVML): NVML Shared Library Not Found. GPU usage metrics may not be reported. For more information, see https://docs.neptune.ai/help/nvml_error/\n", "step": null, "ts": 1735504024.892001}]}, "version": 15, "at": 1735504024.892077}
{"obj": {"type": "ConfigFloatSeries", "path": ["monitoring", "11c73f97", "memory"], "min": 0.0, "max": 16.0, "unit": "GB"}, "version": 16, "at": 1735504024.89225}
{"obj": {"type": "ClearFloatLog", "path": ["monitoring", "11c73f97", "memory"]}, "version": 17, "at": 1735504024.8923059}
{"obj": {"type": "LogFloats", "path": ["monitoring", "11c73f97", "memory"], "values": [{"value": 10.078060150146484, "step": null, "ts": 1735504024.8924968}]}, "version": 18, "at": 1735504024.89274}
{"obj": {"type": "AssignString", "path": ["config", "optimizer"], "value": "Adam"}, "version": 19, "at": 1735504024.8931992}
{"obj": {"type": "LogStrings", "path": ["monitoring", "11c73f97", "stdout"], "values": [{"value": "ici la ", "step": null, "ts": 1735504024.89359}]}, "version": 20, "at": 1735504024.893627}
{"obj": {"type": "LogStrings", "path": ["monitoring", "11c73f97", "stdout"], "values": [{"value": "\n", "step": null, "ts": 1735504024.8940082}]}, "version": 21, "at": 1735504024.894037}
{"obj": {"type": "LogStrings", "path": ["monitoring", "11c73f97", "stderr"], "values": [{"value": "\r  0%|                                                                                                                                                                                 | 0/2 [00:00<?, ?it/s]", "step": null, "ts": 1735504024.897313}]}, "version": 22, "at": 1735504024.897356}
{"obj": {"type": "LogStrings", "path": ["monitoring", "11c73f97", "stdout"], "values": [{"value": "dqsdqs", "step": null, "ts": 1735504024.90028}]}, "version": 23, "at": 1735504024.9003148}
{"obj": {"type": "LogStrings", "path": ["monitoring", "11c73f97", "stdout"], "values": [{"value": "\n", "step": null, "ts": 1735504024.900854}]}, "version": 24, "at": 1735504024.900883}
{"obj": {"type": "LogStrings", "path": ["monitoring", "11c73f97", "stderr"], "values": [{"value": "", "step": null, "ts": 1735504024.90452}]}, "version": 25, "at": 1735504024.904563}
{"obj": {"type": "LogStrings", "path": ["monitoring", "11c73f97", "stderr"], "values": [{"value": "\r  0%|                                                                                                                                                                                 | 0/2 [00:00<?, ?it/s]", "step": null, "ts": 1735504024.9048069}]}, "version": 26, "at": 1735504024.9048362}
{"obj": {"type": "LogStrings", "path": ["monitoring", "11c73f97", "stderr"], "values": [{"value": "\n", "step": null, "ts": 1735504024.9051971}]}, "version": 27, "at": 1735504024.905223}
{"obj": {"type": "LogStrings", "path": ["monitoring", "11c73f97", "traceback"], "values": [{"value": "An uncaught exception occurred while run was active on worker Admins-MacBook-Pro.local.", "step": null, "ts": 1735504024.911402}, {"value": "Marking run as failed", "step": null, "ts": 1735504024.911402}, {"value": "Traceback:", "step": null, "ts": 1735504024.911402}, {"value": "  File \"<string>\", line 1, in <module>\n", "step": null, "ts": 1735504024.911402}, {"value": "  File \"/Users/erwan/miniconda3/envs/segmentation_env/lib/python3.10/multiprocessing/spawn.py\", line 116, in spawn_main\n    exitcode = _main(fd, parent_sentinel)\n", "step": null, "ts": 1735504024.911402}, {"value": "  File \"/Users/erwan/miniconda3/envs/segmentation_env/lib/python3.10/multiprocessing/spawn.py\", line 125, in _main\n    prepare(preparation_data)\n", "step": null, "ts": 1735504024.911402}, {"value": "  File \"/Users/erwan/miniconda3/envs/segmentation_env/lib/python3.10/multiprocessing/spawn.py\", line 236, in prepare\n    _fixup_main_from_path(data['init_main_from_path'])\n", "step": null, "ts": 1735504024.911402}, {"value": "  File \"/Users/erwan/miniconda3/envs/segmentation_env/lib/python3.10/multiprocessing/spawn.py\", line 287, in _fixup_main_from_path\n    main_content = runpy.run_path(main_path,\n", "step": null, "ts": 1735504024.911402}, {"value": "  File \"/Users/erwan/miniconda3/envs/segmentation_env/lib/python3.10/runpy.py\", line 269, in run_path\n    return _run_module_code(code, init_globals, run_name,\n", "step": null, "ts": 1735504024.911402}, {"value": "  File \"/Users/erwan/miniconda3/envs/segmentation_env/lib/python3.10/runpy.py\", line 96, in _run_module_code\n    _run_code(code, mod_globals, init_globals,\n", "step": null, "ts": 1735504024.911402}]}, "version": 28, "at": 1735504024.911511}
{"obj": {"type": "LogStrings", "path": ["monitoring", "11c73f97", "traceback"], "values": [{"value": "  File \"/Users/erwan/miniconda3/envs/segmentation_env/lib/python3.10/runpy.py\", line 86, in _run_code\n    exec(code, run_globals)\n", "step": null, "ts": 1735504024.911402}, {"value": "  File \"/Users/erwan/Workspace/WSS-UIC/train_vgg_resnet/train.py\", line 126, in <module>\n    train(\n", "step": null, "ts": 1735504024.911402}, {"value": "  File \"/Users/erwan/Workspace/WSS-UIC/train_vgg_resnet/train.py\", line 64, in train\n    for batch in train_dl:\n", "step": null, "ts": 1735504024.911402}, {"value": "  File \"/Users/erwan/miniconda3/envs/segmentation_env/lib/python3.10/site-packages/torch/utils/data/dataloader.py\", line 439, in __iter__\n    return self._get_iterator()\n", "step": null, "ts": 1735504024.911402}, {"value": "  File \"/Users/erwan/miniconda3/envs/segmentation_env/lib/python3.10/site-packages/torch/utils/data/dataloader.py\", line 387, in _get_iterator\n    return _MultiProcessingDataLoaderIter(self)\n", "step": null, "ts": 1735504024.911402}, {"value": "  File \"/Users/erwan/miniconda3/envs/segmentation_env/lib/python3.10/site-packages/torch/utils/data/dataloader.py\", line 1040, in __init__\n    w.start()\n", "step": null, "ts": 1735504024.911402}, {"value": "  File \"/Users/erwan/miniconda3/envs/segmentation_env/lib/python3.10/multiprocessing/process.py\", line 121, in start\n    self._popen = self._Popen(self)\n", "step": null, "ts": 1735504024.911402}, {"value": "  File \"/Users/erwan/miniconda3/envs/segmentation_env/lib/python3.10/multiprocessing/context.py\", line 224, in _Popen\n    return _default_context.get_context().Process._Popen(process_obj)\n", "step": null, "ts": 1735504024.911402}, {"value": "  File \"/Users/erwan/miniconda3/envs/segmentation_env/lib/python3.10/multiprocessing/context.py\", line 284, in _Popen\n    return Popen(process_obj)\n", "step": null, "ts": 1735504024.911402}, {"value": "  File \"/Users/erwan/miniconda3/envs/segmentation_env/lib/python3.10/multiprocessing/popen_spawn_posix.py\", line 32, in __init__\n    super().__init__(process_obj)\n", "step": null, "ts": 1735504024.911402}]}, "version": 29, "at": 1735504024.911672}
{"obj": {"type": "LogStrings", "path": ["monitoring", "11c73f97", "traceback"], "values": [{"value": "  File \"/Users/erwan/miniconda3/envs/segmentation_env/lib/python3.10/multiprocessing/popen_fork.py\", line 19, in __init__\n    self._launch(process_obj)\n", "step": null, "ts": 1735504024.911402}, {"value": "  File \"/Users/erwan/miniconda3/envs/segmentation_env/lib/python3.10/multiprocessing/popen_spawn_posix.py\", line 42, in _launch\n    prep_data = spawn.get_preparation_data(process_obj._name)\n", "step": null, "ts": 1735504024.911402}, {"value": "  File \"/Users/erwan/miniconda3/envs/segmentation_env/lib/python3.10/multiprocessing/spawn.py\", line 154, in get_preparation_data\n    _check_not_importing_main()\n", "step": null, "ts": 1735504024.911402}, {"value": "  File \"/Users/erwan/miniconda3/envs/segmentation_env/lib/python3.10/multiprocessing/spawn.py\", line 134, in _check_not_importing_main\n    raise RuntimeError('''\n", "step": null, "ts": 1735504024.911402}, {"value": "", "step": null, "ts": 1735504024.911402}, {"value": "        An attempt has been made to start a new process before the", "step": null, "ts": 1735504024.911402}, {"value": "        current process has finished its bootstrapping phase.", "step": null, "ts": 1735504024.911402}, {"value": "", "step": null, "ts": 1735504024.911402}, {"value": "        This probably means that you are not using fork to start your", "step": null, "ts": 1735504024.911402}, {"value": "        child processes and you have forgotten to use the proper idiom", "step": null, "ts": 1735504024.911402}]}, "version": 30, "at": 1735504024.911843}
{"obj": {"type": "LogStrings", "path": ["monitoring", "11c73f97", "traceback"], "values": [{"value": "        in the main module:", "step": null, "ts": 1735504024.911402}, {"value": "", "step": null, "ts": 1735504024.911402}, {"value": "            if __name__ == '__main__':", "step": null, "ts": 1735504024.911402}, {"value": "                freeze_support()", "step": null, "ts": 1735504024.911402}, {"value": "                ...", "step": null, "ts": 1735504024.911402}, {"value": "", "step": null, "ts": 1735504024.911402}, {"value": "        The \"freeze_support()\" line can be omitted if the program", "step": null, "ts": 1735504024.911402}, {"value": "        is not going to be frozen to produce an executable.", "step": null, "ts": 1735504024.911402}]}, "version": 31, "at": 1735504024.911933}
{"obj": {"type": "AssignBool", "path": ["sys", "failed"], "value": true}, "version": 32, "at": 1735504024.912082}
{"obj": {"type": "LogStrings", "path": ["monitoring", "11c73f97", "stderr"], "values": [{"value": "Traceback (most recent call last):\n", "step": null, "ts": 1735504024.912291}]}, "version": 33, "at": 1735504024.912322}
{"obj": {"type": "LogStrings", "path": ["monitoring", "11c73f97", "stderr"], "values": [{"value": "  File \"<string>\", line 1, in <module>\n", "step": null, "ts": 1735504024.9124448}]}, "version": 34, "at": 1735504024.912469}
{"obj": {"type": "LogStrings", "path": ["monitoring", "11c73f97", "stderr"], "values": [{"value": "  File \"/Users/erwan/miniconda3/envs/segmentation_env/lib/python3.10/multiprocessing/spawn.py\", line 116, in spawn_main\n", "step": null, "ts": 1735504024.912718}]}, "version": 35, "at": 1735504024.9127429}
{"obj": {"type": "LogStrings", "path": ["monitoring", "11c73f97", "stderr"], "values": [{"value": "    ", "step": null, "ts": 1735504024.913067}]}, "version": 36, "at": 1735504024.913093}
{"obj": {"type": "LogStrings", "path": ["monitoring", "11c73f97", "stderr"], "values": [{"value": "exitcode = _main(fd, parent_sentinel)", "step": null, "ts": 1735504024.9132001}]}, "version": 37, "at": 1735504024.9132218}
{"obj": {"type": "LogStrings", "path": ["monitoring", "11c73f97", "stderr"], "values": [{"value": "\n", "step": null, "ts": 1735504024.9133818}]}, "version": 38, "at": 1735504024.913404}
{"obj": {"type": "LogStrings", "path": ["monitoring", "11c73f97", "stderr"], "values": [{"value": "  File \"/Users/erwan/miniconda3/envs/segmentation_env/lib/python3.10/multiprocessing/spawn.py\", line 125, in _main\n", "step": null, "ts": 1735504024.913543}]}, "version": 39, "at": 1735504024.913569}
{"obj": {"type": "LogStrings", "path": ["monitoring", "11c73f97", "stderr"], "values": [{"value": "    ", "step": null, "ts": 1735504024.913801}]}, "version": 40, "at": 1735504024.913824}
{"obj": {"type": "LogStrings", "path": ["monitoring", "11c73f97", "stderr"], "values": [{"value": "prepare(preparation_data)", "step": null, "ts": 1735504024.9139452}]}, "version": 41, "at": 1735504024.9139662}
{"obj": {"type": "LogStrings", "path": ["monitoring", "11c73f97", "stderr"], "values": [{"value": "\n", "step": null, "ts": 1735504024.914064}]}, "version": 42, "at": 1735504024.914083}
{"obj": {"type": "LogStrings", "path": ["monitoring", "11c73f97", "stderr"], "values": [{"value": "  File \"/Users/erwan/miniconda3/envs/segmentation_env/lib/python3.10/multiprocessing/spawn.py\", line 236, in prepare\n", "step": null, "ts": 1735504024.914222}]}, "version": 43, "at": 1735504024.9142468}
{"obj": {"type": "LogStrings", "path": ["monitoring", "11c73f97", "stderr"], "values": [{"value": "    ", "step": null, "ts": 1735504024.91454}]}, "version": 44, "at": 1735504024.9145658}
{"obj": {"type": "LogStrings", "path": ["monitoring", "11c73f97", "stderr"], "values": [{"value": "_fixup_main_from_path(data['init_main_from_path'])", "step": null, "ts": 1735504024.914678}]}, "version": 45, "at": 1735504024.9147022}
{"obj": {"type": "LogStrings", "path": ["monitoring", "11c73f97", "stderr"], "values": [{"value": "\n", "step": null, "ts": 1735504024.914881}]}, "version": 46, "at": 1735504024.914907}
{"obj": {"type": "LogStrings", "path": ["monitoring", "11c73f97", "stderr"], "values": [{"value": "  File \"/Users/erwan/miniconda3/envs/segmentation_env/lib/python3.10/multiprocessing/spawn.py\", line 287, in _fixup_main_from_path\n", "step": null, "ts": 1735504024.915057}]}, "version": 47, "at": 1735504024.915082}
{"obj": {"type": "LogStrings", "path": ["monitoring", "11c73f97", "stderr"], "values": [{"value": "    ", "step": null, "ts": 1735504024.915412}]}, "version": 48, "at": 1735504024.915435}
{"obj": {"type": "LogStrings", "path": ["monitoring", "11c73f97", "stderr"], "values": [{"value": "main_content = runpy.run_path(main_path,", "step": null, "ts": 1735504024.9155672}]}, "version": 49, "at": 1735504024.915594}
{"obj": {"type": "LogStrings", "path": ["monitoring", "11c73f97", "stderr"], "values": [{"value": "\n", "step": null, "ts": 1735504024.9159958}]}, "version": 50, "at": 1735504024.916024}
{"obj": {"type": "LogStrings", "path": ["monitoring", "11c73f97", "stderr"], "values": [{"value": "  File \"/Users/erwan/miniconda3/envs/segmentation_env/lib/python3.10/runpy.py\", line 269, in run_path\n", "step": null, "ts": 1735504024.9162922}]}, "version": 51, "at": 1735504024.916322}
{"obj": {"type": "LogStrings", "path": ["monitoring", "11c73f97", "stderr"], "values": [{"value": "    ", "step": null, "ts": 1735504024.916967}]}, "version": 52, "at": 1735504024.9170492}
{"obj": {"type": "LogStrings", "path": ["monitoring", "11c73f97", "stderr"], "values": [{"value": "return _run_module_code(code, init_globals, run_name,", "step": null, "ts": 1735504024.91792}]}, "version": 53, "at": 1735504024.917969}
{"obj": {"type": "LogStrings", "path": ["monitoring", "11c73f97", "stderr"], "values": [{"value": "\n", "step": null, "ts": 1735504024.9181519}]}, "version": 54, "at": 1735504024.9181828}
{"obj": {"type": "LogStrings", "path": ["monitoring", "11c73f97", "stderr"], "values": [{"value": "  File \"/Users/erwan/miniconda3/envs/segmentation_env/lib/python3.10/runpy.py\", line 96, in _run_module_code\n", "step": null, "ts": 1735504024.918328}]}, "version": 55, "at": 1735504024.91836}
{"obj": {"type": "LogStrings", "path": ["monitoring", "11c73f97", "stderr"], "values": [{"value": "    ", "step": null, "ts": 1735504024.9186492}]}, "version": 56, "at": 1735504024.918731}
{"obj": {"type": "LogStrings", "path": ["monitoring", "11c73f97", "stderr"], "values": [{"value": "_run_code(code, mod_globals, init_globals,", "step": null, "ts": 1735504024.919159}]}, "version": 57, "at": 1735504024.9192479}
{"obj": {"type": "LogStrings", "path": ["monitoring", "11c73f97", "stderr"], "values": [{"value": "\n", "step": null, "ts": 1735504024.92006}]}, "version": 58, "at": 1735504024.9201448}
{"obj": {"type": "LogStrings", "path": ["monitoring", "11c73f97", "stderr"], "values": [{"value": "  File \"/Users/erwan/miniconda3/envs/segmentation_env/lib/python3.10/runpy.py\", line 86, in _run_code\n", "step": null, "ts": 1735504024.920841}]}, "version": 59, "at": 1735504024.920921}
{"obj": {"type": "LogStrings", "path": ["monitoring", "11c73f97", "stderr"], "values": [{"value": "    ", "step": null, "ts": 1735504024.921758}]}, "version": 60, "at": 1735504024.921817}
{"obj": {"type": "LogStrings", "path": ["monitoring", "11c73f97", "stderr"], "values": [{"value": "exec(code, run_globals)", "step": null, "ts": 1735504024.922111}]}, "version": 61, "at": 1735504024.922215}
{"obj": {"type": "LogStrings", "path": ["monitoring", "11c73f97", "stderr"], "values": [{"value": "\n", "step": null, "ts": 1735504024.922509}]}, "version": 62, "at": 1735504024.922554}
{"obj": {"type": "LogStrings", "path": ["monitoring", "11c73f97", "stderr"], "values": [{"value": "  File \"/Users/erwan/Workspace/WSS-UIC/train_vgg_resnet/train.py\", line 126, in <module>\n", "step": null, "ts": 1735504024.922931}]}, "version": 63, "at": 1735504024.922957}
{"obj": {"type": "LogStrings", "path": ["monitoring", "11c73f97", "stderr"], "values": [{"value": "    ", "step": null, "ts": 1735504024.923249}]}, "version": 64, "at": 1735504024.9232771}
{"obj": {"type": "LogStrings", "path": ["monitoring", "11c73f97", "stderr"], "values": [{"value": "train(", "step": null, "ts": 1735504024.9233978}]}, "version": 65, "at": 1735504024.923424}
{"obj": {"type": "LogStrings", "path": ["monitoring", "11c73f97", "stderr"], "values": [{"value": "\n", "step": null, "ts": 1735504024.923598}]}, "version": 66, "at": 1735504024.923626}
{"obj": {"type": "LogStrings", "path": ["monitoring", "11c73f97", "stderr"], "values": [{"value": "  File \"/Users/erwan/Workspace/WSS-UIC/train_vgg_resnet/train.py\", line 64, in train\n", "step": null, "ts": 1735504024.923787}]}, "version": 67, "at": 1735504024.923811}
{"obj": {"type": "LogStrings", "path": ["monitoring", "11c73f97", "stderr"], "values": [{"value": "    ", "step": null, "ts": 1735504024.924043}]}, "version": 68, "at": 1735504024.9240692}
{"obj": {"type": "LogStrings", "path": ["monitoring", "11c73f97", "stderr"], "values": [{"value": "for batch in train_dl:", "step": null, "ts": 1735504024.92419}]}, "version": 69, "at": 1735504024.924215}
{"obj": {"type": "LogStrings", "path": ["monitoring", "11c73f97", "stderr"], "values": [{"value": "\n", "step": null, "ts": 1735504024.9244092}]}, "version": 70, "at": 1735504024.924433}
{"obj": {"type": "LogStrings", "path": ["monitoring", "11c73f97", "stderr"], "values": [{"value": "  File \"/Users/erwan/miniconda3/envs/segmentation_env/lib/python3.10/site-packages/torch/utils/data/dataloader.py\", line 439, in __iter__\n", "step": null, "ts": 1735504024.9246101}]}, "version": 71, "at": 1735504024.9246342}
{"obj": {"type": "LogStrings", "path": ["monitoring", "11c73f97", "stderr"], "values": [{"value": "    ", "step": null, "ts": 1735504024.92508}]}, "version": 72, "at": 1735504024.925107}
{"obj": {"type": "LogStrings", "path": ["monitoring", "11c73f97", "stderr"], "values": [{"value": "return self._get_iterator()", "step": null, "ts": 1735504024.925219}]}, "version": 73, "at": 1735504024.925241}
{"obj": {"type": "LogStrings", "path": ["monitoring", "11c73f97", "stderr"], "values": [{"value": "\n", "step": null, "ts": 1735504024.9254148}]}, "version": 74, "at": 1735504024.925437}
{"obj": {"type": "LogStrings", "path": ["monitoring", "11c73f97", "stderr"], "values": [{"value": "  File \"/Users/erwan/miniconda3/envs/segmentation_env/lib/python3.10/site-packages/torch/utils/data/dataloader.py\", line 387, in _get_iterator\n", "step": null, "ts": 1735504024.925592}]}, "version": 75, "at": 1735504024.925616}
{"obj": {"type": "LogStrings", "path": ["monitoring", "11c73f97", "stderr"], "values": [{"value": "    ", "step": null, "ts": 1735504024.925968}]}, "version": 76, "at": 1735504024.925992}
{"obj": {"type": "LogStrings", "path": ["monitoring", "11c73f97", "stderr"], "values": [{"value": "return _MultiProcessingDataLoaderIter(self)", "step": null, "ts": 1735504024.926096}]}, "version": 77, "at": 1735504024.926118}
{"obj": {"type": "LogStrings", "path": ["monitoring", "11c73f97", "stderr"], "values": [{"value": "\n", "step": null, "ts": 1735504024.926312}]}, "version": 78, "at": 1735504024.9263349}
{"obj": {"type": "LogStrings", "path": ["monitoring", "11c73f97", "stderr"], "values": [{"value": "  File \"/Users/erwan/miniconda3/envs/segmentation_env/lib/python3.10/site-packages/torch/utils/data/dataloader.py\", line 1040, in __init__\n", "step": null, "ts": 1735504024.9264839}]}, "version": 79, "at": 1735504024.926508}
{"obj": {"type": "LogStrings", "path": ["monitoring", "11c73f97", "stderr"], "values": [{"value": "    ", "step": null, "ts": 1735504024.927022}]}, "version": 80, "at": 1735504024.927051}
{"obj": {"type": "LogStrings", "path": ["monitoring", "11c73f97", "stderr"], "values": [{"value": "w.start()", "step": null, "ts": 1735504024.927171}]}, "version": 81, "at": 1735504024.9271948}
{"obj": {"type": "LogStrings", "path": ["monitoring", "11c73f97", "stderr"], "values": [{"value": "\n", "step": null, "ts": 1735504024.9273548}]}, "version": 82, "at": 1735504024.927382}
{"obj": {"type": "LogStrings", "path": ["monitoring", "11c73f97", "stderr"], "values": [{"value": "  File \"/Users/erwan/miniconda3/envs/segmentation_env/lib/python3.10/multiprocessing/process.py\", line 121, in start\n", "step": null, "ts": 1735504024.927535}]}, "version": 83, "at": 1735504024.9275599}
{"obj": {"type": "LogStrings", "path": ["monitoring", "11c73f97", "stderr"], "values": [{"value": "    ", "step": null, "ts": 1735504024.9278889}]}, "version": 84, "at": 1735504024.927914}
{"obj": {"type": "LogStrings", "path": ["monitoring", "11c73f97", "stderr"], "values": [{"value": "self._popen = self._Popen(self)", "step": null, "ts": 1735504024.928016}]}, "version": 85, "at": 1735504024.9280372}
{"obj": {"type": "LogStrings", "path": ["monitoring", "11c73f97", "stderr"], "values": [{"value": "\n", "step": null, "ts": 1735504024.9282298}]}, "version": 86, "at": 1735504024.928252}
{"obj": {"type": "LogStrings", "path": ["monitoring", "11c73f97", "stderr"], "values": [{"value": "  File \"/Users/erwan/miniconda3/envs/segmentation_env/lib/python3.10/multiprocessing/context.py\", line 224, in _Popen\n", "step": null, "ts": 1735504024.9283688}]}, "version": 87, "at": 1735504024.928389}
{"obj": {"type": "LogStrings", "path": ["monitoring", "11c73f97", "stderr"], "values": [{"value": "    ", "step": null, "ts": 1735504024.928728}]}, "version": 88, "at": 1735504024.9287522}
{"obj": {"type": "LogStrings", "path": ["monitoring", "11c73f97", "stderr"], "values": [{"value": "return _default_context.get_context().Process._Popen(process_obj)", "step": null, "ts": 1735504024.928879}]}, "version": 89, "at": 1735504024.9289012}
{"obj": {"type": "LogStrings", "path": ["monitoring", "11c73f97", "stderr"], "values": [{"value": "\n", "step": null, "ts": 1735504024.929095}]}, "version": 90, "at": 1735504024.9291189}
{"obj": {"type": "LogStrings", "path": ["monitoring", "11c73f97", "stderr"], "values": [{"value": "  File \"/Users/erwan/miniconda3/envs/segmentation_env/lib/python3.10/multiprocessing/context.py\", line 284, in _Popen\n", "step": null, "ts": 1735504024.929228}]}, "version": 91, "at": 1735504024.92925}
{"obj": {"type": "LogStrings", "path": ["monitoring", "11c73f97", "stderr"], "values": [{"value": "    ", "step": null, "ts": 1735504024.929544}]}, "version": 92, "at": 1735504024.92957}
{"obj": {"type": "LogStrings", "path": ["monitoring", "11c73f97", "stderr"], "values": [{"value": "return Popen(process_obj)", "step": null, "ts": 1735504024.9296792}]}, "version": 93, "at": 1735504024.929701}
{"obj": {"type": "LogStrings", "path": ["monitoring", "11c73f97", "stderr"], "values": [{"value": "\n", "step": null, "ts": 1735504024.9298391}]}, "version": 94, "at": 1735504024.9298592}
{"obj": {"type": "LogStrings", "path": ["monitoring", "11c73f97", "stderr"], "values": [{"value": "  File \"/Users/erwan/miniconda3/envs/segmentation_env/lib/python3.10/multiprocessing/popen_spawn_posix.py\", line 32, in __init__\n", "step": null, "ts": 1735504024.93026}]}, "version": 95, "at": 1735504024.930285}
{"obj": {"type": "LogStrings", "path": ["monitoring", "11c73f97", "stderr"], "values": [{"value": "    ", "step": null, "ts": 1735504024.930523}]}, "version": 96, "at": 1735504024.930548}
{"obj": {"type": "LogStrings", "path": ["monitoring", "11c73f97", "stderr"], "values": [{"value": "super().__init__(process_obj)", "step": null, "ts": 1735504024.930798}]}, "version": 97, "at": 1735504024.9308228}
{"obj": {"type": "LogStrings", "path": ["monitoring", "11c73f97", "stderr"], "values": [{"value": "\n", "step": null, "ts": 1735504024.9309828}]}, "version": 98, "at": 1735504024.931008}
{"obj": {"type": "LogStrings", "path": ["monitoring", "11c73f97", "stderr"], "values": [{"value": "  File \"/Users/erwan/miniconda3/envs/segmentation_env/lib/python3.10/multiprocessing/popen_fork.py\", line 19, in __init__\n", "step": null, "ts": 1735504024.931113}]}, "version": 99, "at": 1735504024.931134}
{"obj": {"type": "LogStrings", "path": ["monitoring", "11c73f97", "stderr"], "values": [{"value": "    ", "step": null, "ts": 1735504024.9313679}]}, "version": 100, "at": 1735504024.931392}
{"obj": {"type": "LogStrings", "path": ["monitoring", "11c73f97", "stderr"], "values": [{"value": "self._launch(process_obj)", "step": null, "ts": 1735504024.931552}]}, "version": 101, "at": 1735504024.931575}
{"obj": {"type": "LogStrings", "path": ["monitoring", "11c73f97", "stderr"], "values": [{"value": "\n", "step": null, "ts": 1735504024.931721}]}, "version": 102, "at": 1735504024.931747}
{"obj": {"type": "LogStrings", "path": ["monitoring", "11c73f97", "stderr"], "values": [{"value": "  File \"/Users/erwan/miniconda3/envs/segmentation_env/lib/python3.10/multiprocessing/popen_spawn_posix.py\", line 42, in _launch\n", "step": null, "ts": 1735504024.931902}]}, "version": 103, "at": 1735504024.931926}
{"obj": {"type": "LogStrings", "path": ["monitoring", "11c73f97", "stderr"], "values": [{"value": "    ", "step": null, "ts": 1735504024.9323258}]}, "version": 104, "at": 1735504024.932354}
{"obj": {"type": "LogStrings", "path": ["monitoring", "11c73f97", "stderr"], "values": [{"value": "prep_data = spawn.get_preparation_data(process_obj._name)", "step": null, "ts": 1735504024.932467}]}, "version": 105, "at": 1735504024.932491}
{"obj": {"type": "LogStrings", "path": ["monitoring", "11c73f97", "stderr"], "values": [{"value": "\n", "step": null, "ts": 1735504024.9326668}]}, "version": 106, "at": 1735504024.9326909}
{"obj": {"type": "LogStrings", "path": ["monitoring", "11c73f97", "stderr"], "values": [{"value": "  File \"/Users/erwan/miniconda3/envs/segmentation_env/lib/python3.10/multiprocessing/spawn.py\", line 154, in get_preparation_data\n", "step": null, "ts": 1735504024.93291}]}, "version": 107, "at": 1735504024.932936}
{"obj": {"type": "LogStrings", "path": ["monitoring", "11c73f97", "stderr"], "values": [{"value": "    ", "step": null, "ts": 1735504024.933259}]}, "version": 108, "at": 1735504024.9332922}
{"obj": {"type": "LogStrings", "path": ["monitoring", "11c73f97", "stderr"], "values": [{"value": "_check_not_importing_main()", "step": null, "ts": 1735504024.93344}]}, "version": 109, "at": 1735504024.933465}
{"obj": {"type": "LogStrings", "path": ["monitoring", "11c73f97", "stderr"], "values": [{"value": "\n", "step": null, "ts": 1735504024.933577}]}, "version": 110, "at": 1735504024.9336}
{"obj": {"type": "LogStrings", "path": ["monitoring", "11c73f97", "stderr"], "values": [{"value": "  File \"/Users/erwan/miniconda3/envs/segmentation_env/lib/python3.10/multiprocessing/spawn.py\", line 134, in _check_not_importing_main\n", "step": null, "ts": 1735504024.933852}]}, "version": 111, "at": 1735504024.933877}
{"obj": {"type": "LogStrings", "path": ["monitoring", "11c73f97", "stderr"], "values": [{"value": "    ", "step": null, "ts": 1735504024.934266}]}, "version": 112, "at": 1735504024.93429}
{"obj": {"type": "LogStrings", "path": ["monitoring", "11c73f97", "stderr"], "values": [{"value": "raise RuntimeError('''", "step": null, "ts": 1735504024.934434}]}, "version": 113, "at": 1735504024.93446}
{"obj": {"type": "LogStrings", "path": ["monitoring", "11c73f97", "stderr"], "values": [{"value": "\n", "step": null, "ts": 1735504024.934634}]}, "version": 114, "at": 1735504024.934658}
{"obj": {"type": "LogStrings", "path": ["monitoring", "11c73f97", "stderr"], "values": [{"value": "RuntimeError", "step": null, "ts": 1735504024.934796}]}, "version": 115, "at": 1735504024.934818}
{"obj": {"type": "LogStrings", "path": ["monitoring", "11c73f97", "stderr"], "values": [{"value": ": ", "step": null, "ts": 1735504024.9349189}]}, "version": 116, "at": 1735504024.934942}
{"obj": {"type": "LogStrings", "path": ["monitoring", "11c73f97", "stderr"], "values": [{"value": "\n        An attempt has been made to start a new process before the\n        current process has finished its bootstrapping phase.\n\n        This probably means that you are not using fork to start your\n        child processes and you have forgotten to use the proper idiom\n        in the main module:\n\n            if __name__ == '__main__':\n                freeze_support()\n                ...\n\n        The \"freeze_support()\" line can be omitted if the program\n        is not going to be frozen to produce an executable.", "step": null, "ts": 1735504024.9351108}]}, "version": 117, "at": 1735504024.935137}
{"obj": {"type": "LogStrings", "path": ["monitoring", "11c73f97", "stderr"], "values": [{"value": "\n", "step": null, "ts": 1735504024.935404}]}, "version": 118, "at": 1735504024.935432}
{"obj": {"type": "LogStrings", "path": ["monitoring", "11c73f97", "stdout"], "values": [{"value": "[neptune] [info   ] Shutting down background jobs, please wait a moment...\n", "step": null, "ts": 1735504024.936097}]}, "version": 119, "at": 1735504024.936151}
