{"obj": {"type": "AssignString", "path": ["sys", "name"], "value": "Untitled"}, "version": 1, "at": 1735503733.641589}
{"obj": {"type": "AssignString", "path": ["sys", "description"], "value": ""}, "version": 2, "at": 1735503733.6418939}
{"obj": {"type": "AssignString", "path": ["monitoring", "02e51ea9", "hostname"], "value": "Admins-MacBook-Pro.local"}, "version": 3, "at": 1735503733.642037}
{"obj": {"type": "AssignString", "path": ["sys", "hostname"], "value": "Admins-MacBook-Pro.local"}, "version": 4, "at": 1735503733.642146}
{"obj": {"type": "AssignString", "path": ["monitoring", "02e51ea9", "pid"], "value": "22424"}, "version": 5, "at": 1735503733.642255}
{"obj": {"type": "AssignString", "path": ["monitoring", "02e51ea9", "tid"], "value": "4551646656"}, "version": 6, "at": 1735503733.6423628}
{"obj": {"type": "AssignBool", "path": ["sys", "failed"], "value": false}, "version": 7, "at": 1735503733.6424892}
{"obj": {"type": "ClearStringLog", "path": ["monitoring", "02e51ea9", "stdout"]}, "version": 8, "at": 1735503733.6426508}
{"obj": {"type": "ClearStringLog", "path": ["monitoring", "02e51ea9", "stderr"]}, "version": 9, "at": 1735503733.642742}
{"obj": {"type": "AssignString", "path": ["source_code", "entrypoint"], "value": "train.py"}, "version": 10, "at": 1735503733.6434822}
{"obj": {"type": "UploadFileSet", "path": ["source_code", "files"], "file_globs": ["/Users/erwan/Workspace/WSS-UIC/train_vgg_resnet/train.py"], "reset": "False"}, "version": 11, "at": 1735503733.643618}
{"obj": {"type": "UploadFile", "path": ["source_code", "diff"], "ext": "patch", "file_path": null, "tmp_file_name": "source_code_diff-1735503733.929525-2024-12-29_21.22.13.929525.patch", "clean_after_upload": false}, "version": 12, "at": 1735503733.9403179}
{"obj": {"type": "LogStrings", "path": ["monitoring", "02e51ea9", "stderr"], "values": [{"value": "[neptune] [warning] /Users/erwan/Workspace/WSS-UIC/train_vgg_resnet/train.py:46: NeptuneWarning: Info (NVML): NVML Shared Library Not Found. GPU usage metrics may not be reported. For more information, see https://docs.neptune.ai/help/nvml_error/\n", "step": null, "ts": 1735503733.956393}]}, "version": 13, "at": 1735503733.957332}
{"obj": {"type": "ConfigFloatSeries", "path": ["monitoring", "02e51ea9", "cpu"], "min": 0.0, "max": 100.0, "unit": "%"}, "version": 14, "at": 1735503733.964643}
{"obj": {"type": "ClearFloatLog", "path": ["monitoring", "02e51ea9", "cpu"]}, "version": 15, "at": 1735503733.964821}
{"obj": {"type": "ConfigFloatSeries", "path": ["monitoring", "02e51ea9", "memory"], "min": 0.0, "max": 16.0, "unit": "GB"}, "version": 16, "at": 1735503733.9650838}
{"obj": {"type": "ClearFloatLog", "path": ["monitoring", "02e51ea9", "memory"]}, "version": 17, "at": 1735503733.9652321}
{"obj": {"type": "LogFloats", "path": ["monitoring", "02e51ea9", "memory"], "values": [{"value": 9.992237091064453, "step": null, "ts": 1735503733.9656582}]}, "version": 18, "at": 1735503733.966132}
{"obj": {"type": "AssignString", "path": ["config", "optimizer"], "value": "Adam"}, "version": 19, "at": 1735503733.9761631}
{"obj": {"type": "LogStrings", "path": ["monitoring", "02e51ea9", "stdout"], "values": [{"value": "ici la ", "step": null, "ts": 1735503733.9774048}]}, "version": 20, "at": 1735503733.977503}
{"obj": {"type": "LogStrings", "path": ["monitoring", "02e51ea9", "stdout"], "values": [{"value": "\n", "step": null, "ts": 1735503733.978272}]}, "version": 21, "at": 1735503733.978315}
{"obj": {"type": "LogStrings", "path": ["monitoring", "02e51ea9", "stderr"], "values": [{"value": "\r  0%|                                                                                                                                                                                 | 0/2 [00:00<?, ?it/s]", "step": null, "ts": 1735503733.9900749}]}, "version": 22, "at": 1735503733.9901829}
{"obj": {"type": "LogStrings", "path": ["monitoring", "02e51ea9", "stderr"], "values": [{"value": "", "step": null, "ts": 1735503734.0011468}]}, "version": 23, "at": 1735503734.001201}
{"obj": {"type": "LogStrings", "path": ["monitoring", "02e51ea9", "stderr"], "values": [{"value": "\r  0%|                                                                                                                                                                                 | 0/2 [00:00<?, ?it/s]", "step": null, "ts": 1735503734.001565}]}, "version": 24, "at": 1735503734.001598}
{"obj": {"type": "LogStrings", "path": ["monitoring", "02e51ea9", "stderr"], "values": [{"value": "\n", "step": null, "ts": 1735503734.002028}]}, "version": 25, "at": 1735503734.0020611}
{"obj": {"type": "LogStrings", "path": ["monitoring", "02e51ea9", "traceback"], "values": [{"value": "An uncaught exception occurred while run was active on worker Admins-MacBook-Pro.local.", "step": null, "ts": 1735503734.0044851}, {"value": "Marking run as failed", "step": null, "ts": 1735503734.0044851}, {"value": "Traceback:", "step": null, "ts": 1735503734.0044851}, {"value": "  File \"<string>\", line 1, in <module>\n", "step": null, "ts": 1735503734.0044851}, {"value": "  File \"/Users/erwan/miniconda3/envs/segmentation_env/lib/python3.10/multiprocessing/spawn.py\", line 116, in spawn_main\n    exitcode = _main(fd, parent_sentinel)\n", "step": null, "ts": 1735503734.0044851}, {"value": "  File \"/Users/erwan/miniconda3/envs/segmentation_env/lib/python3.10/multiprocessing/spawn.py\", line 125, in _main\n    prepare(preparation_data)\n", "step": null, "ts": 1735503734.0044851}, {"value": "  File \"/Users/erwan/miniconda3/envs/segmentation_env/lib/python3.10/multiprocessing/spawn.py\", line 236, in prepare\n    _fixup_main_from_path(data['init_main_from_path'])\n", "step": null, "ts": 1735503734.0044851}, {"value": "  File \"/Users/erwan/miniconda3/envs/segmentation_env/lib/python3.10/multiprocessing/spawn.py\", line 287, in _fixup_main_from_path\n    main_content = runpy.run_path(main_path,\n", "step": null, "ts": 1735503734.0044851}, {"value": "  File \"/Users/erwan/miniconda3/envs/segmentation_env/lib/python3.10/runpy.py\", line 269, in run_path\n    return _run_module_code(code, init_globals, run_name,\n", "step": null, "ts": 1735503734.0044851}, {"value": "  File \"/Users/erwan/miniconda3/envs/segmentation_env/lib/python3.10/runpy.py\", line 96, in _run_module_code\n    _run_code(code, mod_globals, init_globals,\n", "step": null, "ts": 1735503734.0044851}]}, "version": 26, "at": 1735503734.0046148}
{"obj": {"type": "LogStrings", "path": ["monitoring", "02e51ea9", "traceback"], "values": [{"value": "  File \"/Users/erwan/miniconda3/envs/segmentation_env/lib/python3.10/runpy.py\", line 86, in _run_code\n    exec(code, run_globals)\n", "step": null, "ts": 1735503734.0044851}, {"value": "  File \"/Users/erwan/Workspace/WSS-UIC/train_vgg_resnet/train.py\", line 123, in <module>\n    train(\n", "step": null, "ts": 1735503734.0044851}, {"value": "  File \"/Users/erwan/Workspace/WSS-UIC/train_vgg_resnet/train.py\", line 62, in train\n    for batch in train_dl:\n", "step": null, "ts": 1735503734.0044851}, {"value": "  File \"/Users/erwan/miniconda3/envs/segmentation_env/lib/python3.10/site-packages/torch/utils/data/dataloader.py\", line 439, in __iter__\n    return self._get_iterator()\n", "step": null, "ts": 1735503734.0044851}, {"value": "  File \"/Users/erwan/miniconda3/envs/segmentation_env/lib/python3.10/site-packages/torch/utils/data/dataloader.py\", line 387, in _get_iterator\n    return _MultiProcessingDataLoaderIter(self)\n", "step": null, "ts": 1735503734.0044851}, {"value": "  File \"/Users/erwan/miniconda3/envs/segmentation_env/lib/python3.10/site-packages/torch/utils/data/dataloader.py\", line 1040, in __init__\n    w.start()\n", "step": null, "ts": 1735503734.0044851}, {"value": "  File \"/Users/erwan/miniconda3/envs/segmentation_env/lib/python3.10/multiprocessing/process.py\", line 121, in start\n    self._popen = self._Popen(self)\n", "step": null, "ts": 1735503734.0044851}, {"value": "  File \"/Users/erwan/miniconda3/envs/segmentation_env/lib/python3.10/multiprocessing/context.py\", line 224, in _Popen\n    return _default_context.get_context().Process._Popen(process_obj)\n", "step": null, "ts": 1735503734.0044851}, {"value": "  File \"/Users/erwan/miniconda3/envs/segmentation_env/lib/python3.10/multiprocessing/context.py\", line 284, in _Popen\n    return Popen(process_obj)\n", "step": null, "ts": 1735503734.0044851}, {"value": "  File \"/Users/erwan/miniconda3/envs/segmentation_env/lib/python3.10/multiprocessing/popen_spawn_posix.py\", line 32, in __init__\n    super().__init__(process_obj)\n", "step": null, "ts": 1735503734.0044851}]}, "version": 27, "at": 1735503734.0047638}
{"obj": {"type": "LogStrings", "path": ["monitoring", "02e51ea9", "traceback"], "values": [{"value": "  File \"/Users/erwan/miniconda3/envs/segmentation_env/lib/python3.10/multiprocessing/popen_fork.py\", line 19, in __init__\n    self._launch(process_obj)\n", "step": null, "ts": 1735503734.0044851}, {"value": "  File \"/Users/erwan/miniconda3/envs/segmentation_env/lib/python3.10/multiprocessing/popen_spawn_posix.py\", line 42, in _launch\n    prep_data = spawn.get_preparation_data(process_obj._name)\n", "step": null, "ts": 1735503734.0044851}, {"value": "  File \"/Users/erwan/miniconda3/envs/segmentation_env/lib/python3.10/multiprocessing/spawn.py\", line 154, in get_preparation_data\n    _check_not_importing_main()\n", "step": null, "ts": 1735503734.0044851}, {"value": "  File \"/Users/erwan/miniconda3/envs/segmentation_env/lib/python3.10/multiprocessing/spawn.py\", line 134, in _check_not_importing_main\n    raise RuntimeError('''\n", "step": null, "ts": 1735503734.0044851}, {"value": "", "step": null, "ts": 1735503734.0044851}, {"value": "        An attempt has been made to start a new process before the", "step": null, "ts": 1735503734.0044851}, {"value": "        current process has finished its bootstrapping phase.", "step": null, "ts": 1735503734.0044851}, {"value": "", "step": null, "ts": 1735503734.0044851}, {"value": "        This probably means that you are not using fork to start your", "step": null, "ts": 1735503734.0044851}, {"value": "        child processes and you have forgotten to use the proper idiom", "step": null, "ts": 1735503734.0044851}]}, "version": 28, "at": 1735503734.004941}
{"obj": {"type": "LogStrings", "path": ["monitoring", "02e51ea9", "traceback"], "values": [{"value": "        in the main module:", "step": null, "ts": 1735503734.0044851}, {"value": "", "step": null, "ts": 1735503734.0044851}, {"value": "            if __name__ == '__main__':", "step": null, "ts": 1735503734.0044851}, {"value": "                freeze_support()", "step": null, "ts": 1735503734.0044851}, {"value": "                ...", "step": null, "ts": 1735503734.0044851}, {"value": "", "step": null, "ts": 1735503734.0044851}, {"value": "        The \"freeze_support()\" line can be omitted if the program", "step": null, "ts": 1735503734.0044851}, {"value": "        is not going to be frozen to produce an executable.", "step": null, "ts": 1735503734.0044851}]}, "version": 29, "at": 1735503734.0050502}
{"obj": {"type": "AssignBool", "path": ["sys", "failed"], "value": true}, "version": 30, "at": 1735503734.005215}
{"obj": {"type": "LogStrings", "path": ["monitoring", "02e51ea9", "stderr"], "values": [{"value": "Traceback (most recent call last):\n", "step": null, "ts": 1735503734.005654}]}, "version": 31, "at": 1735503734.005727}
{"obj": {"type": "LogStrings", "path": ["monitoring", "02e51ea9", "stderr"], "values": [{"value": "  File \"<string>\", line 1, in <module>\n", "step": null, "ts": 1735503734.006166}]}, "version": 32, "at": 1735503734.006227}
{"obj": {"type": "LogStrings", "path": ["monitoring", "02e51ea9", "stderr"], "values": [{"value": "  File \"/Users/erwan/miniconda3/envs/segmentation_env/lib/python3.10/multiprocessing/spawn.py\", line 116, in spawn_main\n", "step": null, "ts": 1735503734.007126}]}, "version": 33, "at": 1735503734.0071738}
{"obj": {"type": "LogStrings", "path": ["monitoring", "02e51ea9", "stderr"], "values": [{"value": "    ", "step": null, "ts": 1735503734.0076108}]}, "version": 34, "at": 1735503734.007654}
{"obj": {"type": "LogStrings", "path": ["monitoring", "02e51ea9", "stderr"], "values": [{"value": "exitcode = _main(fd, parent_sentinel)", "step": null, "ts": 1735503734.007972}]}, "version": 35, "at": 1735503734.008009}
{"obj": {"type": "LogStrings", "path": ["monitoring", "02e51ea9", "stderr"], "values": [{"value": "\n", "step": null, "ts": 1735503734.008223}]}, "version": 36, "at": 1735503734.008258}
{"obj": {"type": "LogStrings", "path": ["monitoring", "02e51ea9", "stderr"], "values": [{"value": "  File \"/Users/erwan/miniconda3/envs/segmentation_env/lib/python3.10/multiprocessing/spawn.py\", line 125, in _main\n", "step": null, "ts": 1735503734.008461}]}, "version": 37, "at": 1735503734.008491}
{"obj": {"type": "LogStrings", "path": ["monitoring", "02e51ea9", "stderr"], "values": [{"value": "    ", "step": null, "ts": 1735503734.008827}]}, "version": 38, "at": 1735503734.008856}
{"obj": {"type": "LogStrings", "path": ["monitoring", "02e51ea9", "stderr"], "values": [{"value": "prepare(preparation_data)", "step": null, "ts": 1735503734.0090308}]}, "version": 39, "at": 1735503734.0090601}
{"obj": {"type": "LogStrings", "path": ["monitoring", "02e51ea9", "stderr"], "values": [{"value": "\n", "step": null, "ts": 1735503734.009363}]}, "version": 40, "at": 1735503734.009393}
{"obj": {"type": "LogStrings", "path": ["monitoring", "02e51ea9", "stderr"], "values": [{"value": "  File \"/Users/erwan/miniconda3/envs/segmentation_env/lib/python3.10/multiprocessing/spawn.py\", line 236, in prepare\n", "step": null, "ts": 1735503734.009641}]}, "version": 41, "at": 1735503734.009692}
{"obj": {"type": "LogStrings", "path": ["monitoring", "02e51ea9", "stderr"], "values": [{"value": "    ", "step": null, "ts": 1735503734.0100238}]}, "version": 42, "at": 1735503734.0100532}
{"obj": {"type": "LogStrings", "path": ["monitoring", "02e51ea9", "stderr"], "values": [{"value": "_fixup_main_from_path(data['init_main_from_path'])", "step": null, "ts": 1735503734.010166}]}, "version": 43, "at": 1735503734.010192}
{"obj": {"type": "LogStrings", "path": ["monitoring", "02e51ea9", "stderr"], "values": [{"value": "\n", "step": null, "ts": 1735503734.010556}]}, "version": 44, "at": 1735503734.010587}
{"obj": {"type": "LogStrings", "path": ["monitoring", "02e51ea9", "stderr"], "values": [{"value": "  File \"/Users/erwan/miniconda3/envs/segmentation_env/lib/python3.10/multiprocessing/spawn.py\", line 287, in _fixup_main_from_path\n", "step": null, "ts": 1735503734.01075}]}, "version": 45, "at": 1735503734.010777}
{"obj": {"type": "LogStrings", "path": ["monitoring", "02e51ea9", "stderr"], "values": [{"value": "    ", "step": null, "ts": 1735503734.011391}]}, "version": 46, "at": 1735503734.011424}
{"obj": {"type": "LogStrings", "path": ["monitoring", "02e51ea9", "stderr"], "values": [{"value": "main_content = runpy.run_path(main_path,", "step": null, "ts": 1735503734.011565}]}, "version": 47, "at": 1735503734.011594}
{"obj": {"type": "LogStrings", "path": ["monitoring", "02e51ea9", "stderr"], "values": [{"value": "\n", "step": null, "ts": 1735503734.011735}]}, "version": 48, "at": 1735503734.011762}
{"obj": {"type": "LogStrings", "path": ["monitoring", "02e51ea9", "stderr"], "values": [{"value": "  File \"/Users/erwan/miniconda3/envs/segmentation_env/lib/python3.10/runpy.py\", line 269, in run_path\n", "step": null, "ts": 1735503734.01188}]}, "version": 49, "at": 1735503734.011907}
{"obj": {"type": "LogStrings", "path": ["monitoring", "02e51ea9", "stderr"], "values": [{"value": "    ", "step": null, "ts": 1735503734.012265}]}, "version": 50, "at": 1735503734.012295}
{"obj": {"type": "LogStrings", "path": ["monitoring", "02e51ea9", "stderr"], "values": [{"value": "return _run_module_code(code, init_globals, run_name,", "step": null, "ts": 1735503734.012446}]}, "version": 51, "at": 1735503734.012476}
{"obj": {"type": "LogStrings", "path": ["monitoring", "02e51ea9", "stderr"], "values": [{"value": "\n", "step": null, "ts": 1735503734.012893}]}, "version": 52, "at": 1735503734.012953}
{"obj": {"type": "LogStrings", "path": ["monitoring", "02e51ea9", "stderr"], "values": [{"value": "  File \"/Users/erwan/miniconda3/envs/segmentation_env/lib/python3.10/runpy.py\", line 96, in _run_module_code\n", "step": null, "ts": 1735503734.0131042}]}, "version": 53, "at": 1735503734.013136}
{"obj": {"type": "LogStrings", "path": ["monitoring", "02e51ea9", "stderr"], "values": [{"value": "    ", "step": null, "ts": 1735503734.013427}]}, "version": 54, "at": 1735503734.013459}
{"obj": {"type": "LogStrings", "path": ["monitoring", "02e51ea9", "stderr"], "values": [{"value": "_run_code(code, mod_globals, init_globals,", "step": null, "ts": 1735503734.013623}]}, "version": 55, "at": 1735503734.01365}
{"obj": {"type": "LogStrings", "path": ["monitoring", "02e51ea9", "stderr"], "values": [{"value": "\n", "step": null, "ts": 1735503734.0137758}]}, "version": 56, "at": 1735503734.0138}
{"obj": {"type": "LogStrings", "path": ["monitoring", "02e51ea9", "stderr"], "values": [{"value": "  File \"/Users/erwan/miniconda3/envs/segmentation_env/lib/python3.10/runpy.py\", line 86, in _run_code\n", "step": null, "ts": 1735503734.0139651}]}, "version": 57, "at": 1735503734.013994}
{"obj": {"type": "LogStrings", "path": ["monitoring", "02e51ea9", "stderr"], "values": [{"value": "    ", "step": null, "ts": 1735503734.014406}]}, "version": 58, "at": 1735503734.014443}
{"obj": {"type": "LogStrings", "path": ["monitoring", "02e51ea9", "stderr"], "values": [{"value": "exec(code, run_globals)", "step": null, "ts": 1735503734.014712}]}, "version": 59, "at": 1735503734.014741}
{"obj": {"type": "LogStrings", "path": ["monitoring", "02e51ea9", "stderr"], "values": [{"value": "\n", "step": null, "ts": 1735503734.014859}]}, "version": 60, "at": 1735503734.014884}
{"obj": {"type": "LogStrings", "path": ["monitoring", "02e51ea9", "stderr"], "values": [{"value": "  File \"/Users/erwan/Workspace/WSS-UIC/train_vgg_resnet/train.py\", line 123, in <module>\n", "step": null, "ts": 1735503734.0149891}]}, "version": 61, "at": 1735503734.0150132}
{"obj": {"type": "LogStrings", "path": ["monitoring", "02e51ea9", "stderr"], "values": [{"value": "    ", "step": null, "ts": 1735503734.015276}]}, "version": 62, "at": 1735503734.015302}
{"obj": {"type": "LogStrings", "path": ["monitoring", "02e51ea9", "stderr"], "values": [{"value": "train(", "step": null, "ts": 1735503734.015518}]}, "version": 63, "at": 1735503734.015551}
{"obj": {"type": "LogStrings", "path": ["monitoring", "02e51ea9", "stderr"], "values": [{"value": "\n", "step": null, "ts": 1735503734.015902}]}, "version": 64, "at": 1735503734.015981}
{"obj": {"type": "LogStrings", "path": ["monitoring", "02e51ea9", "stderr"], "values": [{"value": "  File \"/Users/erwan/Workspace/WSS-UIC/train_vgg_resnet/train.py\", line 62, in train\n", "step": null, "ts": 1735503734.016259}]}, "version": 65, "at": 1735503734.01629}
{"obj": {"type": "LogStrings", "path": ["monitoring", "02e51ea9", "stderr"], "values": [{"value": "    ", "step": null, "ts": 1735503734.016705}]}, "version": 66, "at": 1735503734.0167449}
{"obj": {"type": "LogStrings", "path": ["monitoring", "02e51ea9", "stderr"], "values": [{"value": "for batch in train_dl:", "step": null, "ts": 1735503734.016897}]}, "version": 67, "at": 1735503734.016926}
{"obj": {"type": "LogStrings", "path": ["monitoring", "02e51ea9", "stderr"], "values": [{"value": "\n", "step": null, "ts": 1735503734.017173}]}, "version": 68, "at": 1735503734.01721}
{"obj": {"type": "LogStrings", "path": ["monitoring", "02e51ea9", "stderr"], "values": [{"value": "  File \"/Users/erwan/miniconda3/envs/segmentation_env/lib/python3.10/site-packages/torch/utils/data/dataloader.py\", line 439, in __iter__\n", "step": null, "ts": 1735503734.017399}]}, "version": 69, "at": 1735503734.017432}
{"obj": {"type": "LogStrings", "path": ["monitoring", "02e51ea9", "stderr"], "values": [{"value": "    ", "step": null, "ts": 1735503734.0178509}]}, "version": 70, "at": 1735503734.017927}
{"obj": {"type": "LogStrings", "path": ["monitoring", "02e51ea9", "stderr"], "values": [{"value": "return self._get_iterator()", "step": null, "ts": 1735503734.018071}]}, "version": 71, "at": 1735503734.018101}
{"obj": {"type": "LogStrings", "path": ["monitoring", "02e51ea9", "stderr"], "values": [{"value": "\n", "step": null, "ts": 1735503734.018385}]}, "version": 72, "at": 1735503734.01842}
{"obj": {"type": "LogStrings", "path": ["monitoring", "02e51ea9", "stderr"], "values": [{"value": "  File \"/Users/erwan/miniconda3/envs/segmentation_env/lib/python3.10/site-packages/torch/utils/data/dataloader.py\", line 387, in _get_iterator\n", "step": null, "ts": 1735503734.0186298}]}, "version": 73, "at": 1735503734.018664}
{"obj": {"type": "LogStrings", "path": ["monitoring", "02e51ea9", "stderr"], "values": [{"value": "    ", "step": null, "ts": 1735503734.01918}]}, "version": 74, "at": 1735503734.019222}
{"obj": {"type": "LogStrings", "path": ["monitoring", "02e51ea9", "stderr"], "values": [{"value": "return _MultiProcessingDataLoaderIter(self)", "step": null, "ts": 1735503734.019371}]}, "version": 75, "at": 1735503734.019402}
{"obj": {"type": "LogStrings", "path": ["monitoring", "02e51ea9", "stderr"], "values": [{"value": "\n", "step": null, "ts": 1735503734.0197}]}, "version": 76, "at": 1735503734.019736}
{"obj": {"type": "LogStrings", "path": ["monitoring", "02e51ea9", "stderr"], "values": [{"value": "  File \"/Users/erwan/miniconda3/envs/segmentation_env/lib/python3.10/site-packages/torch/utils/data/dataloader.py\", line 1040, in __init__\n", "step": null, "ts": 1735503734.020027}]}, "version": 77, "at": 1735503734.020064}
{"obj": {"type": "LogStrings", "path": ["monitoring", "02e51ea9", "stderr"], "values": [{"value": "    ", "step": null, "ts": 1735503734.0213819}]}, "version": 78, "at": 1735503734.021426}
{"obj": {"type": "LogStrings", "path": ["monitoring", "02e51ea9", "stderr"], "values": [{"value": "w.start()", "step": null, "ts": 1735503734.021589}]}, "version": 79, "at": 1735503734.02162}
{"obj": {"type": "LogStrings", "path": ["monitoring", "02e51ea9", "stderr"], "values": [{"value": "\n", "step": null, "ts": 1735503734.0218072}]}, "version": 80, "at": 1735503734.021836}
{"obj": {"type": "LogStrings", "path": ["monitoring", "02e51ea9", "stderr"], "values": [{"value": "  File \"/Users/erwan/miniconda3/envs/segmentation_env/lib/python3.10/multiprocessing/process.py\", line 121, in start\n", "step": null, "ts": 1735503734.022014}]}, "version": 81, "at": 1735503734.022042}
{"obj": {"type": "LogStrings", "path": ["monitoring", "02e51ea9", "stderr"], "values": [{"value": "    ", "step": null, "ts": 1735503734.022482}]}, "version": 82, "at": 1735503734.02252}
{"obj": {"type": "LogStrings", "path": ["monitoring", "02e51ea9", "stderr"], "values": [{"value": "self._popen = self._Popen(self)", "step": null, "ts": 1735503734.022662}]}, "version": 83, "at": 1735503734.022691}
{"obj": {"type": "LogStrings", "path": ["monitoring", "02e51ea9", "stderr"], "values": [{"value": "\n", "step": null, "ts": 1735503734.022861}]}, "version": 84, "at": 1735503734.0228841}
{"obj": {"type": "LogStrings", "path": ["monitoring", "02e51ea9", "stderr"], "values": [{"value": "  File \"/Users/erwan/miniconda3/envs/segmentation_env/lib/python3.10/multiprocessing/context.py\", line 224, in _Popen\n", "step": null, "ts": 1735503734.023138}]}, "version": 85, "at": 1735503734.023168}
{"obj": {"type": "LogStrings", "path": ["monitoring", "02e51ea9", "stderr"], "values": [{"value": "    ", "step": null, "ts": 1735503734.0235362}]}, "version": 86, "at": 1735503734.023568}
{"obj": {"type": "LogStrings", "path": ["monitoring", "02e51ea9", "stderr"], "values": [{"value": "return _default_context.get_context().Process._Popen(process_obj)", "step": null, "ts": 1735503734.023704}]}, "version": 87, "at": 1735503734.023732}
{"obj": {"type": "LogStrings", "path": ["monitoring", "02e51ea9", "stderr"], "values": [{"value": "\n", "step": null, "ts": 1735503734.023904}]}, "version": 88, "at": 1735503734.023935}
{"obj": {"type": "LogStrings", "path": ["monitoring", "02e51ea9", "stderr"], "values": [{"value": "  File \"/Users/erwan/miniconda3/envs/segmentation_env/lib/python3.10/multiprocessing/context.py\", line 284, in _Popen\n", "step": null, "ts": 1735503734.024101}]}, "version": 89, "at": 1735503734.024129}
{"obj": {"type": "LogStrings", "path": ["monitoring", "02e51ea9", "stderr"], "values": [{"value": "    ", "step": null, "ts": 1735503734.0244439}]}, "version": 90, "at": 1735503734.024472}
{"obj": {"type": "LogStrings", "path": ["monitoring", "02e51ea9", "stderr"], "values": [{"value": "return Popen(process_obj)", "step": null, "ts": 1735503734.024587}]}, "version": 91, "at": 1735503734.024611}
{"obj": {"type": "LogStrings", "path": ["monitoring", "02e51ea9", "stderr"], "values": [{"value": "\n", "step": null, "ts": 1735503734.0247629}]}, "version": 92, "at": 1735503734.024791}
{"obj": {"type": "LogStrings", "path": ["monitoring", "02e51ea9", "stderr"], "values": [{"value": "  File \"/Users/erwan/miniconda3/envs/segmentation_env/lib/python3.10/multiprocessing/popen_spawn_posix.py\", line 32, in __init__\n", "step": null, "ts": 1735503734.024949}]}, "version": 93, "at": 1735503734.024975}
{"obj": {"type": "LogStrings", "path": ["monitoring", "02e51ea9", "stderr"], "values": [{"value": "    ", "step": null, "ts": 1735503734.0253062}]}, "version": 94, "at": 1735503734.025336}
{"obj": {"type": "LogStrings", "path": ["monitoring", "02e51ea9", "stderr"], "values": [{"value": "super().__init__(process_obj)", "step": null, "ts": 1735503734.025455}]}, "version": 95, "at": 1735503734.025482}
{"obj": {"type": "LogStrings", "path": ["monitoring", "02e51ea9", "stderr"], "values": [{"value": "\n", "step": null, "ts": 1735503734.025732}]}, "version": 96, "at": 1735503734.025762}
{"obj": {"type": "LogStrings", "path": ["monitoring", "02e51ea9", "stderr"], "values": [{"value": "  File \"/Users/erwan/miniconda3/envs/segmentation_env/lib/python3.10/multiprocessing/popen_fork.py\", line 19, in __init__\n", "step": null, "ts": 1735503734.0259578}]}, "version": 97, "at": 1735503734.0259871}
{"obj": {"type": "LogStrings", "path": ["monitoring", "02e51ea9", "stderr"], "values": [{"value": "    ", "step": null, "ts": 1735503734.02764}]}, "version": 98, "at": 1735503734.0276859}
{"obj": {"type": "LogStrings", "path": ["monitoring", "02e51ea9", "stderr"], "values": [{"value": "self._launch(process_obj)", "step": null, "ts": 1735503734.02793}]}, "version": 99, "at": 1735503734.0279639}
{"obj": {"type": "LogStrings", "path": ["monitoring", "02e51ea9", "stderr"], "values": [{"value": "\n", "step": null, "ts": 1735503734.0281}]}, "version": 100, "at": 1735503734.028128}
{"obj": {"type": "LogStrings", "path": ["monitoring", "02e51ea9", "stderr"], "values": [{"value": "  File \"/Users/erwan/miniconda3/envs/segmentation_env/lib/python3.10/multiprocessing/popen_spawn_posix.py\", line 42, in _launch\n", "step": null, "ts": 1735503734.028246}]}, "version": 101, "at": 1735503734.02827}
{"obj": {"type": "LogStrings", "path": ["monitoring", "02e51ea9", "stderr"], "values": [{"value": "    ", "step": null, "ts": 1735503734.0283751}]}, "version": 102, "at": 1735503734.028398}
{"obj": {"type": "LogStrings", "path": ["monitoring", "02e51ea9", "stderr"], "values": [{"value": "prep_data = spawn.get_preparation_data(process_obj._name)", "step": null, "ts": 1735503734.028495}]}, "version": 103, "at": 1735503734.028517}
{"obj": {"type": "LogStrings", "path": ["monitoring", "02e51ea9", "stderr"], "values": [{"value": "\n", "step": null, "ts": 1735503734.028905}]}, "version": 104, "at": 1735503734.02898}
{"obj": {"type": "LogStrings", "path": ["monitoring", "02e51ea9", "stderr"], "values": [{"value": "  File \"/Users/erwan/miniconda3/envs/segmentation_env/lib/python3.10/multiprocessing/spawn.py\", line 154, in get_preparation_data\n", "step": null, "ts": 1735503734.0294862}]}, "version": 105, "at": 1735503734.029561}
{"obj": {"type": "LogStrings", "path": ["monitoring", "02e51ea9", "stderr"], "values": [{"value": "    ", "step": null, "ts": 1735503734.0298991}]}, "version": 106, "at": 1735503734.0299442}
{"obj": {"type": "LogStrings", "path": ["monitoring", "02e51ea9", "stderr"], "values": [{"value": "_check_not_importing_main()", "step": null, "ts": 1735503734.0304298}]}, "version": 107, "at": 1735503734.030499}
{"obj": {"type": "LogStrings", "path": ["monitoring", "02e51ea9", "stderr"], "values": [{"value": "\n", "step": null, "ts": 1735503734.030803}]}, "version": 108, "at": 1735503734.03087}
{"obj": {"type": "LogStrings", "path": ["monitoring", "02e51ea9", "stderr"], "values": [{"value": "  File \"/Users/erwan/miniconda3/envs/segmentation_env/lib/python3.10/multiprocessing/spawn.py\", line 134, in _check_not_importing_main\n", "step": null, "ts": 1735503734.0311942}]}, "version": 109, "at": 1735503734.031279}
{"obj": {"type": "LogStrings", "path": ["monitoring", "02e51ea9", "stderr"], "values": [{"value": "    ", "step": null, "ts": 1735503734.031618}]}, "version": 110, "at": 1735503734.0316968}
{"obj": {"type": "LogStrings", "path": ["monitoring", "02e51ea9", "stderr"], "values": [{"value": "raise RuntimeError('''", "step": null, "ts": 1735503734.0320508}]}, "version": 111, "at": 1735503734.0321321}
{"obj": {"type": "LogStrings", "path": ["monitoring", "02e51ea9", "stderr"], "values": [{"value": "\n", "step": null, "ts": 1735503734.03247}]}, "version": 112, "at": 1735503734.032547}
{"obj": {"type": "LogStrings", "path": ["monitoring", "02e51ea9", "stderr"], "values": [{"value": "RuntimeError", "step": null, "ts": 1735503734.032864}]}, "version": 113, "at": 1735503734.032934}
{"obj": {"type": "LogStrings", "path": ["monitoring", "02e51ea9", "stdout"], "values": [{"value": "[neptune] [info   ] Shutting down background jobs, please wait a moment...\n", "step": null, "ts": 1735503734.044318}]}, "version": 114, "at": 1735503734.044416}
{"obj": {"type": "LogStrings", "path": ["monitoring", "02e51ea9", "stderr"], "values": [{"value": ": ", "step": null, "ts": 1735503734.045305}]}, "version": 115, "at": 1735503734.045385}
{"obj": {"type": "LogStrings", "path": ["monitoring", "02e51ea9", "stderr"], "values": [{"value": "\n        An attempt has been made to start a new process before the\n        current process has finished its bootstrapping phase.\n\n        This probably means that you are not using fork to start your\n        child processes and you have forgotten to use the proper idiom\n        in the main module:\n\n            if __name__ == '__main__':\n                freeze_support()\n                ...\n\n        The \"freeze_support()\" line can be omitted if the program\n        is not going to be frozen to produce an executable.", "step": null, "ts": 1735503734.045724}]}, "version": 116, "at": 1735503734.045772}
{"obj": {"type": "LogStrings", "path": ["monitoring", "02e51ea9", "stderr"], "values": [{"value": "\n", "step": null, "ts": 1735503734.0461671}]}, "version": 117, "at": 1735503734.046207}
