{"obj": {"type": "AssignString", "path": ["sys", "name"], "value": "Untitled"}, "version": 1, "at": 1735504256.135558}
{"obj": {"type": "AssignString", "path": ["sys", "description"], "value": ""}, "version": 2, "at": 1735504256.135744}
{"obj": {"type": "AssignString", "path": ["monitoring", "4e3ca69b", "hostname"], "value": "Admins-MacBook-Pro.local"}, "version": 3, "at": 1735504256.13583}
{"obj": {"type": "AssignString", "path": ["sys", "hostname"], "value": "Admins-MacBook-Pro.local"}, "version": 4, "at": 1735504256.135898}
{"obj": {"type": "AssignString", "path": ["monitoring", "4e3ca69b", "pid"], "value": "22914"}, "version": 5, "at": 1735504256.1359649}
{"obj": {"type": "AssignString", "path": ["monitoring", "4e3ca69b", "tid"], "value": "4520529344"}, "version": 6, "at": 1735504256.136029}
{"obj": {"type": "AssignBool", "path": ["sys", "failed"], "value": false}, "version": 7, "at": 1735504256.136118}
{"obj": {"type": "ClearStringLog", "path": ["monitoring", "4e3ca69b", "stdout"]}, "version": 8, "at": 1735504256.136225}
{"obj": {"type": "ClearStringLog", "path": ["monitoring", "4e3ca69b", "stderr"]}, "version": 9, "at": 1735504256.1362848}
{"obj": {"type": "AssignString", "path": ["source_code", "entrypoint"], "value": "train.py"}, "version": 10, "at": 1735504256.136786}
{"obj": {"type": "UploadFileSet", "path": ["source_code", "files"], "file_globs": ["/Users/erwan/Workspace/WSS-UIC/train_vgg_resnet/train.py"], "reset": "False"}, "version": 11, "at": 1735504256.136875}
{"obj": {"type": "UploadFile", "path": ["source_code", "diff"], "ext": "patch", "file_path": null, "tmp_file_name": "source_code_diff-1735504256.345333-2024-12-29_21.30.56.345333.patch", "clean_after_upload": false}, "version": 12, "at": 1735504256.3457658}
{"obj": {"type": "ConfigFloatSeries", "path": ["monitoring", "4e3ca69b", "cpu"], "min": 0.0, "max": 100.0, "unit": "%"}, "version": 13, "at": 1735504256.351765}
{"obj": {"type": "ClearFloatLog", "path": ["monitoring", "4e3ca69b", "cpu"]}, "version": 14, "at": 1735504256.3519092}
{"obj": {"type": "LogStrings", "path": ["monitoring", "4e3ca69b", "stderr"], "values": [{"value": "[neptune] [warning] /Users/erwan/Workspace/WSS-UIC/train_vgg_resnet/train.py:46: NeptuneWarning: Info (NVML): NVML Shared Library Not Found. GPU usage metrics may not be reported. For more information, see https://docs.neptune.ai/help/nvml_error/\n", "step": null, "ts": 1735504256.3519979}]}, "version": 15, "at": 1735504256.352057}
{"obj": {"type": "ConfigFloatSeries", "path": ["monitoring", "4e3ca69b", "memory"], "min": 0.0, "max": 16.0, "unit": "GB"}, "version": 16, "at": 1735504256.352181}
{"obj": {"type": "ClearFloatLog", "path": ["monitoring", "4e3ca69b", "memory"]}, "version": 17, "at": 1735504256.352223}
{"obj": {"type": "LogFloats", "path": ["monitoring", "4e3ca69b", "cpu"], "values": [{"value": 100.0, "step": null, "ts": 1735504256.352368}]}, "version": 18, "at": 1735504256.352661}
{"obj": {"type": "AssignString", "path": ["config", "optimizer"], "value": "Adam"}, "version": 19, "at": 1735504256.3529248}
{"obj": {"type": "LogFloats", "path": ["monitoring", "4e3ca69b", "memory"], "values": [{"value": 7.90777587890625, "step": null, "ts": 1735504256.352368}]}, "version": 20, "at": 1735504256.3530922}
{"obj": {"type": "LogStrings", "path": ["monitoring", "4e3ca69b", "stdout"], "values": [{"value": "ici la ", "step": null, "ts": 1735504256.353343}]}, "version": 21, "at": 1735504256.3534179}
{"obj": {"type": "LogStrings", "path": ["monitoring", "4e3ca69b", "stdout"], "values": [{"value": "\n", "step": null, "ts": 1735504256.3536901}]}, "version": 22, "at": 1735504256.353708}
{"obj": {"type": "LogStrings", "path": ["monitoring", "4e3ca69b", "stderr"], "values": [{"value": "\r  0%|                                                                                                                                                                                 | 0/2 [00:00<?, ?it/s]", "step": null, "ts": 1735504256.355444}]}, "version": 23, "at": 1735504256.355576}
{"obj": {"type": "LogStrings", "path": ["monitoring", "4e3ca69b", "stdout"], "values": [{"value": "dqsdqs", "step": null, "ts": 1735504256.35641}]}, "version": 24, "at": 1735504256.3564448}
{"obj": {"type": "LogStrings", "path": ["monitoring", "4e3ca69b", "stdout"], "values": [{"value": "\n", "step": null, "ts": 1735504256.3568482}]}, "version": 25, "at": 1735504256.3568692}
{"obj": {"type": "LogStrings", "path": ["monitoring", "4e3ca69b", "stderr"], "values": [{"value": "", "step": null, "ts": 1735504256.3592}]}, "version": 26, "at": 1735504256.3592389}
{"obj": {"type": "LogStrings", "path": ["monitoring", "4e3ca69b", "stderr"], "values": [{"value": "\r  0%|                                                                                                                                                                                 | 0/2 [00:00<?, ?it/s]", "step": null, "ts": 1735504256.359606}]}, "version": 27, "at": 1735504256.359627}
{"obj": {"type": "LogStrings", "path": ["monitoring", "4e3ca69b", "stderr"], "values": [{"value": "\n", "step": null, "ts": 1735504256.359732}]}, "version": 28, "at": 1735504256.3597481}
{"obj": {"type": "LogStrings", "path": ["monitoring", "4e3ca69b", "traceback"], "values": [{"value": "An uncaught exception occurred while run was active on worker Admins-MacBook-Pro.local.", "step": null, "ts": 1735504256.36063}, {"value": "Marking run as failed", "step": null, "ts": 1735504256.36063}, {"value": "Traceback:", "step": null, "ts": 1735504256.36063}, {"value": "  File \"<string>\", line 1, in <module>\n", "step": null, "ts": 1735504256.36063}, {"value": "  File \"/Users/erwan/miniconda3/envs/segmentation_env/lib/python3.10/multiprocessing/spawn.py\", line 116, in spawn_main\n    exitcode = _main(fd, parent_sentinel)\n", "step": null, "ts": 1735504256.36063}, {"value": "  File \"/Users/erwan/miniconda3/envs/segmentation_env/lib/python3.10/multiprocessing/spawn.py\", line 125, in _main\n    prepare(preparation_data)\n", "step": null, "ts": 1735504256.36063}, {"value": "  File \"/Users/erwan/miniconda3/envs/segmentation_env/lib/python3.10/multiprocessing/spawn.py\", line 236, in prepare\n    _fixup_main_from_path(data['init_main_from_path'])\n", "step": null, "ts": 1735504256.36063}, {"value": "  File \"/Users/erwan/miniconda3/envs/segmentation_env/lib/python3.10/multiprocessing/spawn.py\", line 287, in _fixup_main_from_path\n    main_content = runpy.run_path(main_path,\n", "step": null, "ts": 1735504256.36063}, {"value": "  File \"/Users/erwan/miniconda3/envs/segmentation_env/lib/python3.10/runpy.py\", line 269, in run_path\n    return _run_module_code(code, init_globals, run_name,\n", "step": null, "ts": 1735504256.36063}, {"value": "  File \"/Users/erwan/miniconda3/envs/segmentation_env/lib/python3.10/runpy.py\", line 96, in _run_module_code\n    _run_code(code, mod_globals, init_globals,\n", "step": null, "ts": 1735504256.36063}]}, "version": 29, "at": 1735504256.3606882}
{"obj": {"type": "LogStrings", "path": ["monitoring", "4e3ca69b", "traceback"], "values": [{"value": "  File \"/Users/erwan/miniconda3/envs/segmentation_env/lib/python3.10/runpy.py\", line 86, in _run_code\n    exec(code, run_globals)\n", "step": null, "ts": 1735504256.36063}, {"value": "  File \"/Users/erwan/Workspace/WSS-UIC/train_vgg_resnet/train.py\", line 126, in <module>\n    train(\n", "step": null, "ts": 1735504256.36063}, {"value": "  File \"/Users/erwan/Workspace/WSS-UIC/train_vgg_resnet/train.py\", line 64, in train\n    for batch in train_dl:\n", "step": null, "ts": 1735504256.36063}, {"value": "  File \"/Users/erwan/miniconda3/envs/segmentation_env/lib/python3.10/site-packages/torch/utils/data/dataloader.py\", line 439, in __iter__\n    return self._get_iterator()\n", "step": null, "ts": 1735504256.36063}, {"value": "  File \"/Users/erwan/miniconda3/envs/segmentation_env/lib/python3.10/site-packages/torch/utils/data/dataloader.py\", line 387, in _get_iterator\n    return _MultiProcessingDataLoaderIter(self)\n", "step": null, "ts": 1735504256.36063}, {"value": "  File \"/Users/erwan/miniconda3/envs/segmentation_env/lib/python3.10/site-packages/torch/utils/data/dataloader.py\", line 1040, in __init__\n    w.start()\n", "step": null, "ts": 1735504256.36063}, {"value": "  File \"/Users/erwan/miniconda3/envs/segmentation_env/lib/python3.10/multiprocessing/process.py\", line 121, in start\n    self._popen = self._Popen(self)\n", "step": null, "ts": 1735504256.36063}, {"value": "  File \"/Users/erwan/miniconda3/envs/segmentation_env/lib/python3.10/multiprocessing/context.py\", line 224, in _Popen\n    return _default_context.get_context().Process._Popen(process_obj)\n", "step": null, "ts": 1735504256.36063}, {"value": "  File \"/Users/erwan/miniconda3/envs/segmentation_env/lib/python3.10/multiprocessing/context.py\", line 284, in _Popen\n    return Popen(process_obj)\n", "step": null, "ts": 1735504256.36063}, {"value": "  File \"/Users/erwan/miniconda3/envs/segmentation_env/lib/python3.10/multiprocessing/popen_spawn_posix.py\", line 32, in __init__\n    super().__init__(process_obj)\n", "step": null, "ts": 1735504256.36063}]}, "version": 30, "at": 1735504256.36076}
{"obj": {"type": "LogStrings", "path": ["monitoring", "4e3ca69b", "traceback"], "values": [{"value": "  File \"/Users/erwan/miniconda3/envs/segmentation_env/lib/python3.10/multiprocessing/popen_fork.py\", line 19, in __init__\n    self._launch(process_obj)\n", "step": null, "ts": 1735504256.36063}, {"value": "  File \"/Users/erwan/miniconda3/envs/segmentation_env/lib/python3.10/multiprocessing/popen_spawn_posix.py\", line 42, in _launch\n    prep_data = spawn.get_preparation_data(process_obj._name)\n", "step": null, "ts": 1735504256.36063}, {"value": "  File \"/Users/erwan/miniconda3/envs/segmentation_env/lib/python3.10/multiprocessing/spawn.py\", line 154, in get_preparation_data\n    _check_not_importing_main()\n", "step": null, "ts": 1735504256.36063}, {"value": "  File \"/Users/erwan/miniconda3/envs/segmentation_env/lib/python3.10/multiprocessing/spawn.py\", line 134, in _check_not_importing_main\n    raise RuntimeError('''\n", "step": null, "ts": 1735504256.36063}, {"value": "", "step": null, "ts": 1735504256.36063}, {"value": "        An attempt has been made to start a new process before the", "step": null, "ts": 1735504256.36063}, {"value": "        current process has finished its bootstrapping phase.", "step": null, "ts": 1735504256.36063}, {"value": "", "step": null, "ts": 1735504256.36063}, {"value": "        This probably means that you are not using fork to start your", "step": null, "ts": 1735504256.36063}, {"value": "        child processes and you have forgotten to use the proper idiom", "step": null, "ts": 1735504256.36063}]}, "version": 31, "at": 1735504256.3608599}
{"obj": {"type": "LogStrings", "path": ["monitoring", "4e3ca69b", "traceback"], "values": [{"value": "        in the main module:", "step": null, "ts": 1735504256.36063}, {"value": "", "step": null, "ts": 1735504256.36063}, {"value": "            if __name__ == '__main__':", "step": null, "ts": 1735504256.36063}, {"value": "                freeze_support()", "step": null, "ts": 1735504256.36063}, {"value": "                ...", "step": null, "ts": 1735504256.36063}, {"value": "", "step": null, "ts": 1735504256.36063}, {"value": "        The \"freeze_support()\" line can be omitted if the program", "step": null, "ts": 1735504256.36063}, {"value": "        is not going to be frozen to produce an executable.", "step": null, "ts": 1735504256.36063}]}, "version": 32, "at": 1735504256.3609111}
{"obj": {"type": "AssignBool", "path": ["sys", "failed"], "value": true}, "version": 33, "at": 1735504256.3609972}
{"obj": {"type": "LogStrings", "path": ["monitoring", "4e3ca69b", "stderr"], "values": [{"value": "Traceback (most recent call last):\n", "step": null, "ts": 1735504256.3611898}]}, "version": 34, "at": 1735504256.361216}
{"obj": {"type": "LogStrings", "path": ["monitoring", "4e3ca69b", "stderr"], "values": [{"value": "  File \"<string>\", line 1, in <module>\n", "step": null, "ts": 1735504256.361356}]}, "version": 35, "at": 1735504256.361373}
{"obj": {"type": "LogStrings", "path": ["monitoring", "4e3ca69b", "stderr"], "values": [{"value": "  File \"/Users/erwan/miniconda3/envs/segmentation_env/lib/python3.10/multiprocessing/spawn.py\", line 116, in spawn_main\n", "step": null, "ts": 1735504256.361645}]}, "version": 36, "at": 1735504256.361662}
{"obj": {"type": "LogStrings", "path": ["monitoring", "4e3ca69b", "stderr"], "values": [{"value": "    ", "step": null, "ts": 1735504256.3619342}]}, "version": 37, "at": 1735504256.361957}
{"obj": {"type": "LogStrings", "path": ["monitoring", "4e3ca69b", "stderr"], "values": [{"value": "exitcode = _main(fd, parent_sentinel)", "step": null, "ts": 1735504256.362098}]}, "version": 38, "at": 1735504256.362123}
{"obj": {"type": "LogStrings", "path": ["monitoring", "4e3ca69b", "stderr"], "values": [{"value": "\n", "step": null, "ts": 1735504256.3622139}]}, "version": 39, "at": 1735504256.36223}
{"obj": {"type": "LogStrings", "path": ["monitoring", "4e3ca69b", "stderr"], "values": [{"value": "  File \"/Users/erwan/miniconda3/envs/segmentation_env/lib/python3.10/multiprocessing/spawn.py\", line 125, in _main\n", "step": null, "ts": 1735504256.362389}]}, "version": 40, "at": 1735504256.362405}
{"obj": {"type": "LogStrings", "path": ["monitoring", "4e3ca69b", "stderr"], "values": [{"value": "    ", "step": null, "ts": 1735504256.362554}]}, "version": 41, "at": 1735504256.362574}
{"obj": {"type": "LogStrings", "path": ["monitoring", "4e3ca69b", "stderr"], "values": [{"value": "prepare(preparation_data)", "step": null, "ts": 1735504256.362724}]}, "version": 42, "at": 1735504256.362746}
{"obj": {"type": "LogStrings", "path": ["monitoring", "4e3ca69b", "stderr"], "values": [{"value": "\n", "step": null, "ts": 1735504256.362859}]}, "version": 43, "at": 1735504256.362875}
{"obj": {"type": "LogStrings", "path": ["monitoring", "4e3ca69b", "stderr"], "values": [{"value": "  File \"/Users/erwan/miniconda3/envs/segmentation_env/lib/python3.10/multiprocessing/spawn.py\", line 236, in prepare\n", "step": null, "ts": 1735504256.363331}]}, "version": 44, "at": 1735504256.363351}
{"obj": {"type": "LogStrings", "path": ["monitoring", "4e3ca69b", "stderr"], "values": [{"value": "    ", "step": null, "ts": 1735504256.3634949}]}, "version": 45, "at": 1735504256.363519}
{"obj": {"type": "LogStrings", "path": ["monitoring", "4e3ca69b", "stderr"], "values": [{"value": "_fixup_main_from_path(data['init_main_from_path'])", "step": null, "ts": 1735504256.363613}]}, "version": 46, "at": 1735504256.3636281}
{"obj": {"type": "LogStrings", "path": ["monitoring", "4e3ca69b", "stderr"], "values": [{"value": "\n", "step": null, "ts": 1735504256.363876}]}, "version": 47, "at": 1735504256.363897}
{"obj": {"type": "LogStrings", "path": ["monitoring", "4e3ca69b", "stderr"], "values": [{"value": "  File \"/Users/erwan/miniconda3/envs/segmentation_env/lib/python3.10/multiprocessing/spawn.py\", line 287, in _fixup_main_from_path\n", "step": null, "ts": 1735504256.364038}]}, "version": 48, "at": 1735504256.3640609}
{"obj": {"type": "LogStrings", "path": ["monitoring", "4e3ca69b", "stderr"], "values": [{"value": "    ", "step": null, "ts": 1735504256.364347}]}, "version": 49, "at": 1735504256.364374}
{"obj": {"type": "LogStrings", "path": ["monitoring", "4e3ca69b", "stderr"], "values": [{"value": "main_content = runpy.run_path(main_path,", "step": null, "ts": 1735504256.364485}]}, "version": 50, "at": 1735504256.3645089}
{"obj": {"type": "LogStrings", "path": ["monitoring", "4e3ca69b", "stderr"], "values": [{"value": "\n", "step": null, "ts": 1735504256.364613}]}, "version": 51, "at": 1735504256.364637}
{"obj": {"type": "LogStrings", "path": ["monitoring", "4e3ca69b", "stderr"], "values": [{"value": "  File \"/Users/erwan/miniconda3/envs/segmentation_env/lib/python3.10/runpy.py\", line 269, in run_path\n", "step": null, "ts": 1735504256.3647301}]}, "version": 52, "at": 1735504256.3647501}
{"obj": {"type": "LogStrings", "path": ["monitoring", "4e3ca69b", "stderr"], "values": [{"value": "    ", "step": null, "ts": 1735504256.36484}]}, "version": 53, "at": 1735504256.36489}
{"obj": {"type": "LogStrings", "path": ["monitoring", "4e3ca69b", "stderr"], "values": [{"value": "return _run_module_code(code, init_globals, run_name,", "step": null, "ts": 1735504256.365216}]}, "version": 54, "at": 1735504256.365269}
{"obj": {"type": "LogStrings", "path": ["monitoring", "4e3ca69b", "stderr"], "values": [{"value": "\n", "step": null, "ts": 1735504256.365489}]}, "version": 55, "at": 1735504256.3655381}
{"obj": {"type": "LogStrings", "path": ["monitoring", "4e3ca69b", "stderr"], "values": [{"value": "  File \"/Users/erwan/miniconda3/envs/segmentation_env/lib/python3.10/runpy.py\", line 96, in _run_module_code\n", "step": null, "ts": 1735504256.365749}]}, "version": 56, "at": 1735504256.365799}
{"obj": {"type": "LogStrings", "path": ["monitoring", "4e3ca69b", "stderr"], "values": [{"value": "    ", "step": null, "ts": 1735504256.366009}]}, "version": 57, "at": 1735504256.366057}
{"obj": {"type": "LogStrings", "path": ["monitoring", "4e3ca69b", "stderr"], "values": [{"value": "_run_code(code, mod_globals, init_globals,", "step": null, "ts": 1735504256.3662632}]}, "version": 58, "at": 1735504256.3663082}
{"obj": {"type": "LogStrings", "path": ["monitoring", "4e3ca69b", "stderr"], "values": [{"value": "\n", "step": null, "ts": 1735504256.3689}]}, "version": 59, "at": 1735504256.36894}
{"obj": {"type": "LogStrings", "path": ["monitoring", "4e3ca69b", "stderr"], "values": [{"value": "  File \"/Users/erwan/miniconda3/envs/segmentation_env/lib/python3.10/runpy.py\", line 86, in _run_code\n", "step": null, "ts": 1735504256.369087}]}, "version": 60, "at": 1735504256.3691132}
{"obj": {"type": "LogStrings", "path": ["monitoring", "4e3ca69b", "stderr"], "values": [{"value": "    ", "step": null, "ts": 1735504256.369216}]}, "version": 61, "at": 1735504256.369237}
{"obj": {"type": "LogStrings", "path": ["monitoring", "4e3ca69b", "stderr"], "values": [{"value": "exec(code, run_globals)", "step": null, "ts": 1735504256.369327}]}, "version": 62, "at": 1735504256.369347}
{"obj": {"type": "LogStrings", "path": ["monitoring", "4e3ca69b", "stderr"], "values": [{"value": "\n", "step": null, "ts": 1735504256.3694358}]}, "version": 63, "at": 1735504256.369458}
{"obj": {"type": "LogStrings", "path": ["monitoring", "4e3ca69b", "stderr"], "values": [{"value": "  File \"/Users/erwan/Workspace/WSS-UIC/train_vgg_resnet/train.py\", line 126, in <module>\n", "step": null, "ts": 1735504256.369552}]}, "version": 64, "at": 1735504256.3695738}
{"obj": {"type": "LogStrings", "path": ["monitoring", "4e3ca69b", "stderr"], "values": [{"value": "    ", "step": null, "ts": 1735504256.369674}]}, "version": 65, "at": 1735504256.369696}
{"obj": {"type": "LogStrings", "path": ["monitoring", "4e3ca69b", "stderr"], "values": [{"value": "train(", "step": null, "ts": 1735504256.369869}]}, "version": 66, "at": 1735504256.369907}
{"obj": {"type": "LogStrings", "path": ["monitoring", "4e3ca69b", "stderr"], "values": [{"value": "\n", "step": null, "ts": 1735504256.370035}]}, "version": 67, "at": 1735504256.370055}
{"obj": {"type": "LogStrings", "path": ["monitoring", "4e3ca69b", "stderr"], "values": [{"value": "  File \"/Users/erwan/Workspace/WSS-UIC/train_vgg_resnet/train.py\", line 64, in train\n", "step": null, "ts": 1735504256.370177}]}, "version": 68, "at": 1735504256.3702028}
{"obj": {"type": "LogStrings", "path": ["monitoring", "4e3ca69b", "stderr"], "values": [{"value": "    ", "step": null, "ts": 1735504256.370316}]}, "version": 69, "at": 1735504256.370338}
{"obj": {"type": "LogStrings", "path": ["monitoring", "4e3ca69b", "stderr"], "values": [{"value": "for batch in train_dl:", "step": null, "ts": 1735504256.370433}]}, "version": 70, "at": 1735504256.370454}
{"obj": {"type": "LogStrings", "path": ["monitoring", "4e3ca69b", "stderr"], "values": [{"value": "\n", "step": null, "ts": 1735504256.3705668}]}, "version": 71, "at": 1735504256.370589}
{"obj": {"type": "LogStrings", "path": ["monitoring", "4e3ca69b", "stderr"], "values": [{"value": "  File \"/Users/erwan/miniconda3/envs/segmentation_env/lib/python3.10/site-packages/torch/utils/data/dataloader.py\", line 439, in __iter__\n", "step": null, "ts": 1735504256.370681}]}, "version": 72, "at": 1735504256.370702}
{"obj": {"type": "LogStrings", "path": ["monitoring", "4e3ca69b", "stderr"], "values": [{"value": "    ", "step": null, "ts": 1735504256.3707929}]}, "version": 73, "at": 1735504256.370812}
{"obj": {"type": "LogStrings", "path": ["monitoring", "4e3ca69b", "stderr"], "values": [{"value": "return self._get_iterator()", "step": null, "ts": 1735504256.370893}]}, "version": 74, "at": 1735504256.370913}
{"obj": {"type": "LogStrings", "path": ["monitoring", "4e3ca69b", "stderr"], "values": [{"value": "\n", "step": null, "ts": 1735504256.371229}]}, "version": 75, "at": 1735504256.3712661}
{"obj": {"type": "LogStrings", "path": ["monitoring", "4e3ca69b", "stderr"], "values": [{"value": "  File \"/Users/erwan/miniconda3/envs/segmentation_env/lib/python3.10/site-packages/torch/utils/data/dataloader.py\", line 387, in _get_iterator\n", "step": null, "ts": 1735504256.371563}]}, "version": 76, "at": 1735504256.371605}
{"obj": {"type": "LogStrings", "path": ["monitoring", "4e3ca69b", "stderr"], "values": [{"value": "    ", "step": null, "ts": 1735504256.371926}]}, "version": 77, "at": 1735504256.371983}
{"obj": {"type": "LogStrings", "path": ["monitoring", "4e3ca69b", "stderr"], "values": [{"value": "return _MultiProcessingDataLoaderIter(self)", "step": null, "ts": 1735504256.372208}]}, "version": 78, "at": 1735504256.372244}
{"obj": {"type": "LogStrings", "path": ["monitoring", "4e3ca69b", "stderr"], "values": [{"value": "\n", "step": null, "ts": 1735504256.372745}]}, "version": 79, "at": 1735504256.372801}
{"obj": {"type": "LogStrings", "path": ["monitoring", "4e3ca69b", "stderr"], "values": [{"value": "  File \"/Users/erwan/miniconda3/envs/segmentation_env/lib/python3.10/site-packages/torch/utils/data/dataloader.py\", line 1040, in __init__\n", "step": null, "ts": 1735504256.373139}]}, "version": 80, "at": 1735504256.373197}
{"obj": {"type": "LogStrings", "path": ["monitoring", "4e3ca69b", "stderr"], "values": [{"value": "    ", "step": null, "ts": 1735504256.3733802}]}, "version": 81, "at": 1735504256.373407}
{"obj": {"type": "LogStrings", "path": ["monitoring", "4e3ca69b", "stderr"], "values": [{"value": "w.start()", "step": null, "ts": 1735504256.3739}]}, "version": 82, "at": 1735504256.3739321}
{"obj": {"type": "LogStrings", "path": ["monitoring", "4e3ca69b", "stderr"], "values": [{"value": "\n", "step": null, "ts": 1735504256.3755882}]}, "version": 83, "at": 1735504256.3756218}
{"obj": {"type": "LogStrings", "path": ["monitoring", "4e3ca69b", "stderr"], "values": [{"value": "  File \"/Users/erwan/miniconda3/envs/segmentation_env/lib/python3.10/multiprocessing/process.py\", line 121, in start\n", "step": null, "ts": 1735504256.375734}]}, "version": 84, "at": 1735504256.3757582}
{"obj": {"type": "LogStrings", "path": ["monitoring", "4e3ca69b", "stderr"], "values": [{"value": "    ", "step": null, "ts": 1735504256.375886}]}, "version": 85, "at": 1735504256.375901}
{"obj": {"type": "LogStrings", "path": ["monitoring", "4e3ca69b", "stderr"], "values": [{"value": "self._popen = self._Popen(self)", "step": null, "ts": 1735504256.37605}]}, "version": 86, "at": 1735504256.376074}
{"obj": {"type": "LogStrings", "path": ["monitoring", "4e3ca69b", "stderr"], "values": [{"value": "\n", "step": null, "ts": 1735504256.376199}]}, "version": 87, "at": 1735504256.3762188}
{"obj": {"type": "LogStrings", "path": ["monitoring", "4e3ca69b", "stderr"], "values": [{"value": "  File \"/Users/erwan/miniconda3/envs/segmentation_env/lib/python3.10/multiprocessing/context.py\", line 224, in _Popen\n", "step": null, "ts": 1735504256.376502}]}, "version": 88, "at": 1735504256.37652}
{"obj": {"type": "LogStrings", "path": ["monitoring", "4e3ca69b", "stderr"], "values": [{"value": "    ", "step": null, "ts": 1735504256.37669}]}, "version": 89, "at": 1735504256.376707}
{"obj": {"type": "LogStrings", "path": ["monitoring", "4e3ca69b", "stderr"], "values": [{"value": "return _default_context.get_context().Process._Popen(process_obj)", "step": null, "ts": 1735504256.376854}]}, "version": 90, "at": 1735504256.376873}
{"obj": {"type": "LogStrings", "path": ["monitoring", "4e3ca69b", "stderr"], "values": [{"value": "\n", "step": null, "ts": 1735504256.377014}]}, "version": 91, "at": 1735504256.377038}
{"obj": {"type": "LogStrings", "path": ["monitoring", "4e3ca69b", "stderr"], "values": [{"value": "  File \"/Users/erwan/miniconda3/envs/segmentation_env/lib/python3.10/multiprocessing/context.py\", line 284, in _Popen\n", "step": null, "ts": 1735504256.377129}]}, "version": 92, "at": 1735504256.377145}
{"obj": {"type": "LogStrings", "path": ["monitoring", "4e3ca69b", "stderr"], "values": [{"value": "    ", "step": null, "ts": 1735504256.377402}]}, "version": 93, "at": 1735504256.377426}
{"obj": {"type": "LogStrings", "path": ["monitoring", "4e3ca69b", "stderr"], "values": [{"value": "return Popen(process_obj)", "step": null, "ts": 1735504256.377568}]}, "version": 94, "at": 1735504256.377592}
{"obj": {"type": "LogStrings", "path": ["monitoring", "4e3ca69b", "stderr"], "values": [{"value": "\n", "step": null, "ts": 1735504256.377805}]}, "version": 95, "at": 1735504256.377822}
{"obj": {"type": "LogStrings", "path": ["monitoring", "4e3ca69b", "stderr"], "values": [{"value": "  File \"/Users/erwan/miniconda3/envs/segmentation_env/lib/python3.10/multiprocessing/popen_spawn_posix.py\", line 32, in __init__\n", "step": null, "ts": 1735504256.3779259}]}, "version": 96, "at": 1735504256.377942}
{"obj": {"type": "LogStrings", "path": ["monitoring", "4e3ca69b", "stderr"], "values": [{"value": "    ", "step": null, "ts": 1735504256.37825}]}, "version": 97, "at": 1735504256.378266}
{"obj": {"type": "LogStrings", "path": ["monitoring", "4e3ca69b", "stdout"], "values": [{"value": "[neptune] [info   ] Shutting down background jobs, please wait a moment...\n", "step": null, "ts": 1735504256.3784199}]}, "version": 98, "at": 1735504256.378436}
{"obj": {"type": "LogStrings", "path": ["monitoring", "4e3ca69b", "stderr"], "values": [{"value": "super().__init__(process_obj)", "step": null, "ts": 1735504256.378525}]}, "version": 99, "at": 1735504256.378541}
{"obj": {"type": "LogStrings", "path": ["monitoring", "4e3ca69b", "stderr"], "values": [{"value": "\n", "step": null, "ts": 1735504256.378647}]}, "version": 100, "at": 1735504256.3786619}
{"obj": {"type": "LogStrings", "path": ["monitoring", "4e3ca69b", "stderr"], "values": [{"value": "  File \"/Users/erwan/miniconda3/envs/segmentation_env/lib/python3.10/multiprocessing/popen_fork.py\", line 19, in __init__\n", "step": null, "ts": 1735504256.3787289}]}, "version": 101, "at": 1735504256.378742}
{"obj": {"type": "LogStrings", "path": ["monitoring", "4e3ca69b", "stderr"], "values": [{"value": "    ", "step": null, "ts": 1735504256.3787992}]}, "version": 102, "at": 1735504256.378811}
{"obj": {"type": "LogStrings", "path": ["monitoring", "4e3ca69b", "stderr"], "values": [{"value": "self._launch(process_obj)", "step": null, "ts": 1735504256.378865}]}, "version": 103, "at": 1735504256.378877}
{"obj": {"type": "LogStrings", "path": ["monitoring", "4e3ca69b", "stderr"], "values": [{"value": "\n", "step": null, "ts": 1735504256.378929}]}, "version": 104, "at": 1735504256.3789408}
{"obj": {"type": "LogStrings", "path": ["monitoring", "4e3ca69b", "stderr"], "values": [{"value": "  File \"/Users/erwan/miniconda3/envs/segmentation_env/lib/python3.10/multiprocessing/popen_spawn_posix.py\", line 42, in _launch\n", "step": null, "ts": 1735504256.378992}]}, "version": 105, "at": 1735504256.379004}
{"obj": {"type": "LogStrings", "path": ["monitoring", "4e3ca69b", "stderr"], "values": [{"value": "    ", "step": null, "ts": 1735504256.3790562}]}, "version": 106, "at": 1735504256.379068}
{"obj": {"type": "LogStrings", "path": ["monitoring", "4e3ca69b", "stderr"], "values": [{"value": "prep_data = spawn.get_preparation_data(process_obj._name)", "step": null, "ts": 1735504256.3791192}]}, "version": 107, "at": 1735504256.3791301}
{"obj": {"type": "LogStrings", "path": ["monitoring", "4e3ca69b", "stderr"], "values": [{"value": "\n", "step": null, "ts": 1735504256.379183}]}, "version": 108, "at": 1735504256.379194}
{"obj": {"type": "LogStrings", "path": ["monitoring", "4e3ca69b", "stderr"], "values": [{"value": "  File \"/Users/erwan/miniconda3/envs/segmentation_env/lib/python3.10/multiprocessing/spawn.py\", line 154, in get_preparation_data\n", "step": null, "ts": 1735504256.379245}]}, "version": 109, "at": 1735504256.379256}
{"obj": {"type": "LogStrings", "path": ["monitoring", "4e3ca69b", "stderr"], "values": [{"value": "    ", "step": null, "ts": 1735504256.379308}]}, "version": 110, "at": 1735504256.379319}
{"obj": {"type": "LogStrings", "path": ["monitoring", "4e3ca69b", "stderr"], "values": [{"value": "_check_not_importing_main()", "step": null, "ts": 1735504256.37937}]}, "version": 111, "at": 1735504256.379381}
{"obj": {"type": "LogStrings", "path": ["monitoring", "4e3ca69b", "stderr"], "values": [{"value": "\n", "step": null, "ts": 1735504256.379432}]}, "version": 112, "at": 1735504256.379443}
{"obj": {"type": "LogStrings", "path": ["monitoring", "4e3ca69b", "stderr"], "values": [{"value": "  File \"/Users/erwan/miniconda3/envs/segmentation_env/lib/python3.10/multiprocessing/spawn.py\", line 134, in _check_not_importing_main\n", "step": null, "ts": 1735504256.379494}]}, "version": 113, "at": 1735504256.379505}
{"obj": {"type": "LogStrings", "path": ["monitoring", "4e3ca69b", "stderr"], "values": [{"value": "    ", "step": null, "ts": 1735504256.3795562}]}, "version": 114, "at": 1735504256.3795671}
{"obj": {"type": "LogStrings", "path": ["monitoring", "4e3ca69b", "stderr"], "values": [{"value": "raise RuntimeError('''", "step": null, "ts": 1735504256.379618}]}, "version": 115, "at": 1735504256.3796291}
{"obj": {"type": "LogStrings", "path": ["monitoring", "4e3ca69b", "stderr"], "values": [{"value": "\n", "step": null, "ts": 1735504256.37968}]}, "version": 116, "at": 1735504256.3796911}
{"obj": {"type": "LogStrings", "path": ["monitoring", "4e3ca69b", "stderr"], "values": [{"value": "RuntimeError", "step": null, "ts": 1735504256.379742}]}, "version": 117, "at": 1735504256.3797529}
{"obj": {"type": "LogStrings", "path": ["monitoring", "4e3ca69b", "stderr"], "values": [{"value": ": ", "step": null, "ts": 1735504256.3798048}]}, "version": 118, "at": 1735504256.3798158}
{"obj": {"type": "LogStrings", "path": ["monitoring", "4e3ca69b", "stderr"], "values": [{"value": "\n        An attempt has been made to start a new process before the\n        current process has finished its bootstrapping phase.\n\n        This probably means that you are not using fork to start your\n        child processes and you have forgotten to use the proper idiom\n        in the main module:\n\n            if __name__ == '__main__':\n                freeze_support()\n                ...\n\n        The \"freeze_support()\" line can be omitted if the program\n        is not going to be frozen to produce an executable.", "step": null, "ts": 1735504256.3798661}]}, "version": 119, "at": 1735504256.379877}
{"obj": {"type": "LogStrings", "path": ["monitoring", "4e3ca69b", "stderr"], "values": [{"value": "\n", "step": null, "ts": 1735504256.379959}]}, "version": 120, "at": 1735504256.379971}
