{"obj": {"type": "AssignString", "path": ["sys", "name"], "value": "Untitled"}, "version": 1, "at": 1735504331.126941}
{"obj": {"type": "AssignString", "path": ["sys", "description"], "value": ""}, "version": 2, "at": 1735504331.127161}
{"obj": {"type": "AssignString", "path": ["monitoring", "48a1c25b", "hostname"], "value": "Admins-MacBook-Pro.local"}, "version": 3, "at": 1735504331.12725}
{"obj": {"type": "AssignString", "path": ["sys", "hostname"], "value": "Admins-MacBook-Pro.local"}, "version": 4, "at": 1735504331.127319}
{"obj": {"type": "AssignString", "path": ["monitoring", "48a1c25b", "pid"], "value": "22967"}, "version": 5, "at": 1735504331.1273868}
{"obj": {"type": "AssignString", "path": ["monitoring", "48a1c25b", "tid"], "value": "4540218816"}, "version": 6, "at": 1735504331.127452}
{"obj": {"type": "AssignBool", "path": ["sys", "failed"], "value": false}, "version": 7, "at": 1735504331.127542}
{"obj": {"type": "ClearStringLog", "path": ["monitoring", "48a1c25b", "stdout"]}, "version": 8, "at": 1735504331.128414}
{"obj": {"type": "ClearStringLog", "path": ["monitoring", "48a1c25b", "stderr"]}, "version": 9, "at": 1735504331.128497}
{"obj": {"type": "AssignString", "path": ["source_code", "entrypoint"], "value": "train.py"}, "version": 10, "at": 1735504331.129002}
{"obj": {"type": "UploadFileSet", "path": ["source_code", "files"], "file_globs": ["/Users/erwan/Workspace/WSS-UIC/train_vgg_resnet/train.py"], "reset": "False"}, "version": 11, "at": 1735504331.129099}
{"obj": {"type": "UploadFile", "path": ["source_code", "diff"], "ext": "patch", "file_path": null, "tmp_file_name": "source_code_diff-1735504331.303902-2024-12-29_21.32.11.303902.patch", "clean_after_upload": false}, "version": 12, "at": 1735504331.304257}
{"obj": {"type": "ConfigFloatSeries", "path": ["monitoring", "48a1c25b", "cpu"], "min": 0.0, "max": 100.0, "unit": "%"}, "version": 13, "at": 1735504331.3081138}
{"obj": {"type": "ClearFloatLog", "path": ["monitoring", "48a1c25b", "cpu"]}, "version": 14, "at": 1735504331.308191}
{"obj": {"type": "ConfigFloatSeries", "path": ["monitoring", "48a1c25b", "memory"], "min": 0.0, "max": 16.0, "unit": "GB"}, "version": 15, "at": 1735504331.308286}
{"obj": {"type": "ClearFloatLog", "path": ["monitoring", "48a1c25b", "memory"]}, "version": 16, "at": 1735504331.3083231}
{"obj": {"type": "LogStrings", "path": ["monitoring", "48a1c25b", "stderr"], "values": [{"value": "[neptune] [warning] /Users/erwan/Workspace/WSS-UIC/train_vgg_resnet/train.py:46: NeptuneWarning: Info (NVML): NVML Shared Library Not Found. GPU usage metrics may not be reported. For more information, see https://docs.neptune.ai/help/nvml_error/\n", "step": null, "ts": 1735504331.308682}]}, "version": 17, "at": 1735504331.309164}
{"obj": {"type": "LogFloats", "path": ["monitoring", "48a1c25b", "memory"], "values": [{"value": 7.526134490966797, "step": null, "ts": 1735504331.3085282}]}, "version": 18, "at": 1735504331.3093429}
{"obj": {"type": "AssignString", "path": ["config", "optimizer"], "value": "Adam"}, "version": 19, "at": 1735504331.3094988}
{"obj": {"type": "LogStrings", "path": ["monitoring", "48a1c25b", "stdout"], "values": [{"value": "ici la ", "step": null, "ts": 1735504331.309956}]}, "version": 20, "at": 1735504331.3099809}
{"obj": {"type": "LogStrings", "path": ["monitoring", "48a1c25b", "stdout"], "values": [{"value": "\n", "step": null, "ts": 1735504331.3102741}]}, "version": 21, "at": 1735504331.310294}
{"obj": {"type": "LogStrings", "path": ["monitoring", "48a1c25b", "stderr"], "values": [{"value": "\r  0%|                                                                                                                                                                                 | 0/2 [00:00<?, ?it/s]", "step": null, "ts": 1735504331.317881}]}, "version": 22, "at": 1735504331.3188071}
{"obj": {"type": "LogStrings", "path": ["monitoring", "48a1c25b", "stdout"], "values": [{"value": "dqsdqs", "step": null, "ts": 1735504331.3206441}]}, "version": 23, "at": 1735504331.32069}
{"obj": {"type": "LogStrings", "path": ["monitoring", "48a1c25b", "stdout"], "values": [{"value": "\n", "step": null, "ts": 1735504331.321741}]}, "version": 24, "at": 1735504331.3217762}
{"obj": {"type": "LogStrings", "path": ["monitoring", "48a1c25b", "stderr"], "values": [{"value": "", "step": null, "ts": 1735504331.442824}]}, "version": 25, "at": 1735504331.442883}
{"obj": {"type": "LogStrings", "path": ["monitoring", "48a1c25b", "stderr"], "values": [{"value": "\r  0%|                                                                                                                                                                                 | 0/2 [00:00<?, ?it/s]", "step": null, "ts": 1735504331.44325}]}, "version": 26, "at": 1735504331.443274}
{"obj": {"type": "LogStrings", "path": ["monitoring", "48a1c25b", "stderr"], "values": [{"value": "\n", "step": null, "ts": 1735504331.443397}]}, "version": 27, "at": 1735504331.443413}
{"obj": {"type": "LogStrings", "path": ["monitoring", "48a1c25b", "traceback"], "values": [{"value": "An uncaught exception occurred while run was active on worker Admins-MacBook-Pro.local.", "step": null, "ts": 1735504331.447977}, {"value": "Marking run as failed", "step": null, "ts": 1735504331.447977}, {"value": "Traceback:", "step": null, "ts": 1735504331.447977}, {"value": "  File \"/Users/erwan/Workspace/WSS-UIC/train_vgg_resnet/train.py\", line 126, in <module>\n    train(\n", "step": null, "ts": 1735504331.447977}, {"value": "  File \"/Users/erwan/Workspace/WSS-UIC/train_vgg_resnet/train.py\", line 66, in train\n    images = normalize(batch[0].float().to(device))\n", "step": null, "ts": 1735504331.447977}, {"value": "  File \"/Users/erwan/miniconda3/envs/segmentation_env/lib/python3.10/site-packages/torch/nn/modules/module.py\", line 1511, in _wrapped_call_impl\n    return self._call_impl(*args, **kwargs)\n", "step": null, "ts": 1735504331.447977}, {"value": "  File \"/Users/erwan/miniconda3/envs/segmentation_env/lib/python3.10/site-packages/torch/nn/modules/module.py\", line 1520, in _call_impl\n    return forward_call(*args, **kwargs)\n", "step": null, "ts": 1735504331.447977}, {"value": "  File \"/Users/erwan/miniconda3/envs/segmentation_env/lib/python3.10/site-packages/torchvision/transforms/transforms.py\", line 277, in forward\n    return F.normalize(tensor, self.mean, self.std, self.inplace)\n", "step": null, "ts": 1735504331.447977}, {"value": "  File \"/Users/erwan/miniconda3/envs/segmentation_env/lib/python3.10/site-packages/torchvision/transforms/functional.py\", line 349, in normalize\n    return F_t.normalize(tensor, mean=mean, std=std, inplace=inplace)\n", "step": null, "ts": 1735504331.447977}, {"value": "  File \"/Users/erwan/miniconda3/envs/segmentation_env/lib/python3.10/site-packages/torchvision/transforms/_functional_tensor.py\", line 926, in normalize\n    return tensor.sub_(mean).div_(std)\n", "step": null, "ts": 1735504331.447977}]}, "version": 28, "at": 1735504331.448011}
{"obj": {"type": "LogStrings", "path": ["monitoring", "48a1c25b", "traceback"], "values": [{"value": "The size of tensor a (4) must match the size of tensor b (3) at non-singleton dimension 1", "step": null, "ts": 1735504331.447977}]}, "version": 29, "at": 1735504331.448093}
{"obj": {"type": "AssignBool", "path": ["sys", "failed"], "value": true}, "version": 30, "at": 1735504331.448182}
{"obj": {"type": "LogStrings", "path": ["monitoring", "48a1c25b", "stderr"], "values": [{"value": "Traceback (most recent call last):\n", "step": null, "ts": 1735504331.448349}]}, "version": 31, "at": 1735504331.4483771}
{"obj": {"type": "LogStrings", "path": ["monitoring", "48a1c25b", "stderr"], "values": [{"value": "  File \"/Users/erwan/Workspace/WSS-UIC/train_vgg_resnet/train.py\", line 126, in <module>\n", "step": null, "ts": 1735504331.44864}]}, "version": 32, "at": 1735504331.448661}
{"obj": {"type": "LogStrings", "path": ["monitoring", "48a1c25b", "stderr"], "values": [{"value": "    ", "step": null, "ts": 1735504331.448852}]}, "version": 33, "at": 1735504331.4488719}
{"obj": {"type": "LogStrings", "path": ["monitoring", "48a1c25b", "stderr"], "values": [{"value": "train(", "step": null, "ts": 1735504331.449195}]}, "version": 34, "at": 1735504331.4492202}
{"obj": {"type": "LogStrings", "path": ["monitoring", "48a1c25b", "stderr"], "values": [{"value": "\n", "step": null, "ts": 1735504331.4496908}]}, "version": 35, "at": 1735504331.449714}
{"obj": {"type": "LogStrings", "path": ["monitoring", "48a1c25b", "stderr"], "values": [{"value": "  File \"/Users/erwan/Workspace/WSS-UIC/train_vgg_resnet/train.py\", line 66, in train\n", "step": null, "ts": 1735504331.449911}]}, "version": 36, "at": 1735504331.4499352}
{"obj": {"type": "LogStrings", "path": ["monitoring", "48a1c25b", "stderr"], "values": [{"value": "    ", "step": null, "ts": 1735504331.450148}]}, "version": 37, "at": 1735504331.450166}
{"obj": {"type": "LogStrings", "path": ["monitoring", "48a1c25b", "stderr"], "values": [{"value": "images = normalize(batch[0].float().to(device))", "step": null, "ts": 1735504331.4503381}]}, "version": 38, "at": 1735504331.450353}
{"obj": {"type": "LogStrings", "path": ["monitoring", "48a1c25b", "stderr"], "values": [{"value": "\n", "step": null, "ts": 1735504331.450619}]}, "version": 39, "at": 1735504331.450634}
{"obj": {"type": "LogStrings", "path": ["monitoring", "48a1c25b", "stderr"], "values": [{"value": "  File \"/Users/erwan/miniconda3/envs/segmentation_env/lib/python3.10/site-packages/torch/nn/modules/module.py\", line 1511, in _wrapped_call_impl\n", "step": null, "ts": 1735504331.450816}]}, "version": 40, "at": 1735504331.450839}
{"obj": {"type": "LogStrings", "path": ["monitoring", "48a1c25b", "stderr"], "values": [{"value": "    ", "step": null, "ts": 1735504331.451068}]}, "version": 41, "at": 1735504331.451092}
{"obj": {"type": "LogStrings", "path": ["monitoring", "48a1c25b", "stderr"], "values": [{"value": "return self._call_impl(*args, **kwargs)", "step": null, "ts": 1735504331.451233}]}, "version": 42, "at": 1735504331.4512498}
{"obj": {"type": "LogStrings", "path": ["monitoring", "48a1c25b", "stderr"], "values": [{"value": "\n", "step": null, "ts": 1735504331.451435}]}, "version": 43, "at": 1735504331.4514508}
{"obj": {"type": "LogStrings", "path": ["monitoring", "48a1c25b", "stderr"], "values": [{"value": "  File \"/Users/erwan/miniconda3/envs/segmentation_env/lib/python3.10/site-packages/torch/nn/modules/module.py\", line 1520, in _call_impl\n", "step": null, "ts": 1735504331.451634}]}, "version": 44, "at": 1735504331.451651}
{"obj": {"type": "LogStrings", "path": ["monitoring", "48a1c25b", "stderr"], "values": [{"value": "    ", "step": null, "ts": 1735504331.4519029}]}, "version": 45, "at": 1735504331.451919}
{"obj": {"type": "LogStrings", "path": ["monitoring", "48a1c25b", "stderr"], "values": [{"value": "return forward_call(*args, **kwargs)", "step": null, "ts": 1735504331.45209}]}, "version": 46, "at": 1735504331.452113}
{"obj": {"type": "LogStrings", "path": ["monitoring", "48a1c25b", "stdout"], "values": [{"value": "[neptune] [info   ] Shutting down background jobs, please wait a moment...\n", "step": null, "ts": 1735504331.4526389}]}, "version": 47, "at": 1735504331.452657}
{"obj": {"type": "LogStrings", "path": ["monitoring", "48a1c25b", "stderr"], "values": [{"value": "\n", "step": null, "ts": 1735504331.452778}]}, "version": 48, "at": 1735504331.4527948}
{"obj": {"type": "LogStrings", "path": ["monitoring", "48a1c25b", "stderr"], "values": [{"value": "  File \"/Users/erwan/miniconda3/envs/segmentation_env/lib/python3.10/site-packages/torchvision/transforms/transforms.py\", line 277, in forward\n", "step": null, "ts": 1735504331.4528651}]}, "version": 49, "at": 1735504331.4528792}
{"obj": {"type": "LogStrings", "path": ["monitoring", "48a1c25b", "stderr"], "values": [{"value": "    ", "step": null, "ts": 1735504331.45294}]}, "version": 50, "at": 1735504331.452953}
{"obj": {"type": "LogStrings", "path": ["monitoring", "48a1c25b", "stderr"], "values": [{"value": "return F.normalize(tensor, self.mean, self.std, self.inplace)", "step": null, "ts": 1735504331.4530098}]}, "version": 51, "at": 1735504331.453022}
{"obj": {"type": "LogStrings", "path": ["monitoring", "48a1c25b", "stderr"], "values": [{"value": "\n", "step": null, "ts": 1735504331.453161}]}, "version": 52, "at": 1735504331.453187}
{"obj": {"type": "LogStrings", "path": ["monitoring", "48a1c25b", "stderr"], "values": [{"value": "  File \"/Users/erwan/miniconda3/envs/segmentation_env/lib/python3.10/site-packages/torchvision/transforms/functional.py\", line 349, in normalize\n", "step": null, "ts": 1735504331.4532852}]}, "version": 53, "at": 1735504331.453307}
{"obj": {"type": "LogStrings", "path": ["monitoring", "48a1c25b", "stderr"], "values": [{"value": "    ", "step": null, "ts": 1735504331.45338}]}, "version": 54, "at": 1735504331.453394}
{"obj": {"type": "LogStrings", "path": ["monitoring", "48a1c25b", "stderr"], "values": [{"value": "return F_t.normalize(tensor, mean=mean, std=std, inplace=inplace)", "step": null, "ts": 1735504331.453454}]}, "version": 55, "at": 1735504331.453467}
{"obj": {"type": "LogStrings", "path": ["monitoring", "48a1c25b", "stderr"], "values": [{"value": "\n", "step": null, "ts": 1735504331.453523}]}, "version": 56, "at": 1735504331.453535}
{"obj": {"type": "LogStrings", "path": ["monitoring", "48a1c25b", "stderr"], "values": [{"value": "  File \"/Users/erwan/miniconda3/envs/segmentation_env/lib/python3.10/site-packages/torchvision/transforms/_functional_tensor.py\", line 926, in normalize\n", "step": null, "ts": 1735504331.45359}]}, "version": 57, "at": 1735504331.453602}
{"obj": {"type": "LogStrings", "path": ["monitoring", "48a1c25b", "stderr"], "values": [{"value": "    ", "step": null, "ts": 1735504331.453661}]}, "version": 58, "at": 1735504331.453672}
{"obj": {"type": "LogStrings", "path": ["monitoring", "48a1c25b", "stderr"], "values": [{"value": "return tensor.sub_(mean).div_(std)", "step": null, "ts": 1735504331.453726}]}, "version": 59, "at": 1735504331.453737}
{"obj": {"type": "LogStrings", "path": ["monitoring", "48a1c25b", "stderr"], "values": [{"value": "\n", "step": null, "ts": 1735504331.453789}]}, "version": 60, "at": 1735504331.4538}
{"obj": {"type": "LogStrings", "path": ["monitoring", "48a1c25b", "stderr"], "values": [{"value": "RuntimeError", "step": null, "ts": 1735504331.453853}]}, "version": 61, "at": 1735504331.4538639}
{"obj": {"type": "LogStrings", "path": ["monitoring", "48a1c25b", "stderr"], "values": [{"value": ": ", "step": null, "ts": 1735504331.4539158}]}, "version": 62, "at": 1735504331.4539268}
{"obj": {"type": "LogStrings", "path": ["monitoring", "48a1c25b", "stderr"], "values": [{"value": "The size of tensor a (4) must match the size of tensor b (3) at non-singleton dimension 1", "step": null, "ts": 1735504331.4539788}]}, "version": 63, "at": 1735504331.45399}
{"obj": {"type": "LogStrings", "path": ["monitoring", "48a1c25b", "stderr"], "values": [{"value": "\n", "step": null, "ts": 1735504331.4540422}]}, "version": 64, "at": 1735504331.4540532}
