{"obj": {"type": "AssignString", "path": ["sys", "name"], "value": "Untitled"}, "version": 1, "at": 1735504168.882185}
{"obj": {"type": "AssignString", "path": ["sys", "description"], "value": ""}, "version": 2, "at": 1735504168.882483}
{"obj": {"type": "AssignString", "path": ["monitoring", "cff006fa", "hostname"], "value": "Admins-MacBook-Pro.local"}, "version": 3, "at": 1735504168.8826492}
{"obj": {"type": "AssignString", "path": ["sys", "hostname"], "value": "Admins-MacBook-Pro.local"}, "version": 4, "at": 1735504168.882783}
{"obj": {"type": "AssignString", "path": ["monitoring", "cff006fa", "pid"], "value": "22825"}, "version": 5, "at": 1735504168.882924}
{"obj": {"type": "AssignString", "path": ["monitoring", "cff006fa", "tid"], "value": "4356087232"}, "version": 6, "at": 1735504168.883063}
{"obj": {"type": "AssignBool", "path": ["sys", "failed"], "value": false}, "version": 7, "at": 1735504168.88323}
{"obj": {"type": "ClearStringLog", "path": ["monitoring", "cff006fa", "stdout"]}, "version": 8, "at": 1735504168.883428}
{"obj": {"type": "ClearStringLog", "path": ["monitoring", "cff006fa", "stderr"]}, "version": 9, "at": 1735504168.883551}
{"obj": {"type": "AssignString", "path": ["source_code", "entrypoint"], "value": "train.py"}, "version": 10, "at": 1735504168.884537}
{"obj": {"type": "UploadFileSet", "path": ["source_code", "files"], "file_globs": ["/Users/erwan/Workspace/WSS-UIC/train_vgg_resnet/train.py"], "reset": "False"}, "version": 11, "at": 1735504168.8846972}
{"obj": {"type": "UploadFile", "path": ["source_code", "diff"], "ext": "patch", "file_path": null, "tmp_file_name": "source_code_diff-1735504169.191198-2024-12-29_21.29.29.191198.patch", "clean_after_upload": false}, "version": 12, "at": 1735504169.1917849}
{"obj": {"type": "ConfigFloatSeries", "path": ["monitoring", "cff006fa", "cpu"], "min": 0.0, "max": 100.0, "unit": "%"}, "version": 13, "at": 1735504169.2028348}
{"obj": {"type": "ClearFloatLog", "path": ["monitoring", "cff006fa", "cpu"]}, "version": 14, "at": 1735504169.202928}
{"obj": {"type": "ConfigFloatSeries", "path": ["monitoring", "cff006fa", "memory"], "min": 0.0, "max": 16.0, "unit": "GB"}, "version": 15, "at": 1735504169.203083}
{"obj": {"type": "ClearFloatLog", "path": ["monitoring", "cff006fa", "memory"]}, "version": 16, "at": 1735504169.203146}
{"obj": {"type": "LogStrings", "path": ["monitoring", "cff006fa", "stderr"], "values": [{"value": "[neptune] [warning] /Users/erwan/Workspace/WSS-UIC/train_vgg_resnet/train.py:46: NeptuneWarning: Info (NVML): NVML Shared Library Not Found. GPU usage metrics may not be reported. For more information, see https://docs.neptune.ai/help/nvml_error/\n", "step": null, "ts": 1735504169.203625}]}, "version": 17, "at": 1735504169.203712}
{"obj": {"type": "LogFloats", "path": ["monitoring", "cff006fa", "memory"], "values": [{"value": 9.578876495361328, "step": null, "ts": 1735504169.20339}]}, "version": 18, "at": 1735504169.2040262}
{"obj": {"type": "AssignString", "path": ["config", "optimizer"], "value": "Adam"}, "version": 19, "at": 1735504169.2054489}
{"obj": {"type": "LogStrings", "path": ["monitoring", "cff006fa", "stdout"], "values": [{"value": "ici la ", "step": null, "ts": 1735504169.208161}]}, "version": 20, "at": 1735504169.2082062}
{"obj": {"type": "LogStrings", "path": ["monitoring", "cff006fa", "stdout"], "values": [{"value": "\n", "step": null, "ts": 1735504169.2101939}]}, "version": 21, "at": 1735504169.210232}
{"obj": {"type": "LogStrings", "path": ["monitoring", "cff006fa", "stderr"], "values": [{"value": "\r  0%|                                                                                                                                                                                 | 0/2 [00:00<?, ?it/s]", "step": null, "ts": 1735504169.2103732}]}, "version": 22, "at": 1735504169.210424}
{"obj": {"type": "LogStrings", "path": ["monitoring", "cff006fa", "stdout"], "values": [{"value": "dqsdqs", "step": null, "ts": 1735504169.2173781}]}, "version": 23, "at": 1735504169.2174451}
{"obj": {"type": "LogStrings", "path": ["monitoring", "cff006fa", "stdout"], "values": [{"value": "\n", "step": null, "ts": 1735504169.217741}]}, "version": 24, "at": 1735504169.2178009}
{"obj": {"type": "LogStrings", "path": ["monitoring", "cff006fa", "stderr"], "values": [{"value": "", "step": null, "ts": 1735504169.221279}]}, "version": 25, "at": 1735504169.221319}
{"obj": {"type": "LogStrings", "path": ["monitoring", "cff006fa", "stderr"], "values": [{"value": "\r  0%|                                                                                                                                                                                 | 0/2 [00:00<?, ?it/s]", "step": null, "ts": 1735504169.2216299}]}, "version": 26, "at": 1735504169.2216582}
{"obj": {"type": "LogStrings", "path": ["monitoring", "cff006fa", "stderr"], "values": [{"value": "\n", "step": null, "ts": 1735504169.221768}]}, "version": 27, "at": 1735504169.221791}
{"obj": {"type": "LogStrings", "path": ["monitoring", "cff006fa", "traceback"], "values": [{"value": "An uncaught exception occurred while run was active on worker Admins-MacBook-Pro.local.", "step": null, "ts": 1735504169.224734}, {"value": "Marking run as failed", "step": null, "ts": 1735504169.224734}, {"value": "Traceback:", "step": null, "ts": 1735504169.224734}, {"value": "  File \"<string>\", line 1, in <module>\n", "step": null, "ts": 1735504169.224734}, {"value": "  File \"/Users/erwan/miniconda3/envs/segmentation_env/lib/python3.10/multiprocessing/spawn.py\", line 116, in spawn_main\n    exitcode = _main(fd, parent_sentinel)\n", "step": null, "ts": 1735504169.224734}, {"value": "  File \"/Users/erwan/miniconda3/envs/segmentation_env/lib/python3.10/multiprocessing/spawn.py\", line 125, in _main\n    prepare(preparation_data)\n", "step": null, "ts": 1735504169.224734}, {"value": "  File \"/Users/erwan/miniconda3/envs/segmentation_env/lib/python3.10/multiprocessing/spawn.py\", line 236, in prepare\n    _fixup_main_from_path(data['init_main_from_path'])\n", "step": null, "ts": 1735504169.224734}, {"value": "  File \"/Users/erwan/miniconda3/envs/segmentation_env/lib/python3.10/multiprocessing/spawn.py\", line 287, in _fixup_main_from_path\n    main_content = runpy.run_path(main_path,\n", "step": null, "ts": 1735504169.224734}, {"value": "  File \"/Users/erwan/miniconda3/envs/segmentation_env/lib/python3.10/runpy.py\", line 269, in run_path\n    return _run_module_code(code, init_globals, run_name,\n", "step": null, "ts": 1735504169.224734}, {"value": "  File \"/Users/erwan/miniconda3/envs/segmentation_env/lib/python3.10/runpy.py\", line 96, in _run_module_code\n    _run_code(code, mod_globals, init_globals,\n", "step": null, "ts": 1735504169.224734}]}, "version": 28, "at": 1735504169.22484}
{"obj": {"type": "LogStrings", "path": ["monitoring", "cff006fa", "traceback"], "values": [{"value": "  File \"/Users/erwan/miniconda3/envs/segmentation_env/lib/python3.10/runpy.py\", line 86, in _run_code\n    exec(code, run_globals)\n", "step": null, "ts": 1735504169.224734}, {"value": "  File \"/Users/erwan/Workspace/WSS-UIC/train_vgg_resnet/train.py\", line 126, in <module>\n    train(\n", "step": null, "ts": 1735504169.224734}, {"value": "  File \"/Users/erwan/Workspace/WSS-UIC/train_vgg_resnet/train.py\", line 64, in train\n    for batch in train_dl:\n", "step": null, "ts": 1735504169.224734}, {"value": "  File \"/Users/erwan/miniconda3/envs/segmentation_env/lib/python3.10/site-packages/torch/utils/data/dataloader.py\", line 439, in __iter__\n    return self._get_iterator()\n", "step": null, "ts": 1735504169.224734}, {"value": "  File \"/Users/erwan/miniconda3/envs/segmentation_env/lib/python3.10/site-packages/torch/utils/data/dataloader.py\", line 387, in _get_iterator\n    return _MultiProcessingDataLoaderIter(self)\n", "step": null, "ts": 1735504169.224734}, {"value": "  File \"/Users/erwan/miniconda3/envs/segmentation_env/lib/python3.10/site-packages/torch/utils/data/dataloader.py\", line 1040, in __init__\n    w.start()\n", "step": null, "ts": 1735504169.224734}, {"value": "  File \"/Users/erwan/miniconda3/envs/segmentation_env/lib/python3.10/multiprocessing/process.py\", line 121, in start\n    self._popen = self._Popen(self)\n", "step": null, "ts": 1735504169.224734}, {"value": "  File \"/Users/erwan/miniconda3/envs/segmentation_env/lib/python3.10/multiprocessing/context.py\", line 224, in _Popen\n    return _default_context.get_context().Process._Popen(process_obj)\n", "step": null, "ts": 1735504169.224734}, {"value": "  File \"/Users/erwan/miniconda3/envs/segmentation_env/lib/python3.10/multiprocessing/context.py\", line 284, in _Popen\n    return Popen(process_obj)\n", "step": null, "ts": 1735504169.224734}, {"value": "  File \"/Users/erwan/miniconda3/envs/segmentation_env/lib/python3.10/multiprocessing/popen_spawn_posix.py\", line 32, in __init__\n    super().__init__(process_obj)\n", "step": null, "ts": 1735504169.224734}]}, "version": 29, "at": 1735504169.224972}
{"obj": {"type": "LogStrings", "path": ["monitoring", "cff006fa", "traceback"], "values": [{"value": "  File \"/Users/erwan/miniconda3/envs/segmentation_env/lib/python3.10/multiprocessing/popen_fork.py\", line 19, in __init__\n    self._launch(process_obj)\n", "step": null, "ts": 1735504169.224734}, {"value": "  File \"/Users/erwan/miniconda3/envs/segmentation_env/lib/python3.10/multiprocessing/popen_spawn_posix.py\", line 42, in _launch\n    prep_data = spawn.get_preparation_data(process_obj._name)\n", "step": null, "ts": 1735504169.224734}, {"value": "  File \"/Users/erwan/miniconda3/envs/segmentation_env/lib/python3.10/multiprocessing/spawn.py\", line 154, in get_preparation_data\n    _check_not_importing_main()\n", "step": null, "ts": 1735504169.224734}, {"value": "  File \"/Users/erwan/miniconda3/envs/segmentation_env/lib/python3.10/multiprocessing/spawn.py\", line 134, in _check_not_importing_main\n    raise RuntimeError('''\n", "step": null, "ts": 1735504169.224734}, {"value": "", "step": null, "ts": 1735504169.224734}, {"value": "        An attempt has been made to start a new process before the", "step": null, "ts": 1735504169.224734}, {"value": "        current process has finished its bootstrapping phase.", "step": null, "ts": 1735504169.224734}, {"value": "", "step": null, "ts": 1735504169.224734}, {"value": "        This probably means that you are not using fork to start your", "step": null, "ts": 1735504169.224734}, {"value": "        child processes and you have forgotten to use the proper idiom", "step": null, "ts": 1735504169.224734}]}, "version": 30, "at": 1735504169.225164}
{"obj": {"type": "LogStrings", "path": ["monitoring", "cff006fa", "traceback"], "values": [{"value": "        in the main module:", "step": null, "ts": 1735504169.224734}, {"value": "", "step": null, "ts": 1735504169.224734}, {"value": "            if __name__ == '__main__':", "step": null, "ts": 1735504169.224734}, {"value": "                freeze_support()", "step": null, "ts": 1735504169.224734}, {"value": "                ...", "step": null, "ts": 1735504169.224734}, {"value": "", "step": null, "ts": 1735504169.224734}, {"value": "        The \"freeze_support()\" line can be omitted if the program", "step": null, "ts": 1735504169.224734}, {"value": "        is not going to be frozen to produce an executable.", "step": null, "ts": 1735504169.224734}]}, "version": 31, "at": 1735504169.225268}
{"obj": {"type": "AssignBool", "path": ["sys", "failed"], "value": true}, "version": 32, "at": 1735504169.225413}
{"obj": {"type": "LogStrings", "path": ["monitoring", "cff006fa", "stderr"], "values": [{"value": "Traceback (most recent call last):\n", "step": null, "ts": 1735504169.2259681}]}, "version": 33, "at": 1735504169.226003}
{"obj": {"type": "LogStrings", "path": ["monitoring", "cff006fa", "stderr"], "values": [{"value": "  File \"<string>\", line 1, in <module>\n", "step": null, "ts": 1735504169.226221}]}, "version": 34, "at": 1735504169.22625}
{"obj": {"type": "LogStrings", "path": ["monitoring", "cff006fa", "stderr"], "values": [{"value": "  File \"/Users/erwan/miniconda3/envs/segmentation_env/lib/python3.10/multiprocessing/spawn.py\", line 116, in spawn_main\n", "step": null, "ts": 1735504169.2264981}]}, "version": 35, "at": 1735504169.2267892}
{"obj": {"type": "LogStrings", "path": ["monitoring", "cff006fa", "stderr"], "values": [{"value": "    ", "step": null, "ts": 1735504169.229363}]}, "version": 36, "at": 1735504169.2294269}
{"obj": {"type": "LogStrings", "path": ["monitoring", "cff006fa", "stderr"], "values": [{"value": "exitcode = _main(fd, parent_sentinel)", "step": null, "ts": 1735504169.229676}]}, "version": 37, "at": 1735504169.2297149}
{"obj": {"type": "LogStrings", "path": ["monitoring", "cff006fa", "stderr"], "values": [{"value": "\n", "step": null, "ts": 1735504169.229883}]}, "version": 38, "at": 1735504169.2299268}
{"obj": {"type": "LogStrings", "path": ["monitoring", "cff006fa", "stderr"], "values": [{"value": "  File \"/Users/erwan/miniconda3/envs/segmentation_env/lib/python3.10/multiprocessing/spawn.py\", line 125, in _main\n", "step": null, "ts": 1735504169.232369}]}, "version": 39, "at": 1735504169.232516}
{"obj": {"type": "LogStrings", "path": ["monitoring", "cff006fa", "stderr"], "values": [{"value": "    ", "step": null, "ts": 1735504169.232844}]}, "version": 40, "at": 1735504169.232904}
{"obj": {"type": "LogStrings", "path": ["monitoring", "cff006fa", "stderr"], "values": [{"value": "prepare(preparation_data)", "step": null, "ts": 1735504169.2331278}]}, "version": 41, "at": 1735504169.2331772}
{"obj": {"type": "LogStrings", "path": ["monitoring", "cff006fa", "stderr"], "values": [{"value": "\n", "step": null, "ts": 1735504169.233387}]}, "version": 42, "at": 1735504169.233429}
{"obj": {"type": "LogStrings", "path": ["monitoring", "cff006fa", "stderr"], "values": [{"value": "  File \"/Users/erwan/miniconda3/envs/segmentation_env/lib/python3.10/multiprocessing/spawn.py\", line 236, in prepare\n", "step": null, "ts": 1735504169.233597}]}, "version": 43, "at": 1735504169.233639}
{"obj": {"type": "LogStrings", "path": ["monitoring", "cff006fa", "stderr"], "values": [{"value": "    ", "step": null, "ts": 1735504169.2338078}]}, "version": 44, "at": 1735504169.233846}
{"obj": {"type": "LogStrings", "path": ["monitoring", "cff006fa", "stderr"], "values": [{"value": "_fixup_main_from_path(data['init_main_from_path'])", "step": null, "ts": 1735504169.233996}]}, "version": 45, "at": 1735504169.234095}
{"obj": {"type": "LogStrings", "path": ["monitoring", "cff006fa", "stderr"], "values": [{"value": "\n", "step": null, "ts": 1735504169.234267}]}, "version": 46, "at": 1735504169.2342982}
{"obj": {"type": "LogStrings", "path": ["monitoring", "cff006fa", "stderr"], "values": [{"value": "  File \"/Users/erwan/miniconda3/envs/segmentation_env/lib/python3.10/multiprocessing/spawn.py\", line 287, in _fixup_main_from_path\n", "step": null, "ts": 1735504169.234412}]}, "version": 47, "at": 1735504169.234436}
{"obj": {"type": "LogStrings", "path": ["monitoring", "cff006fa", "stderr"], "values": [{"value": "    ", "step": null, "ts": 1735504169.234602}]}, "version": 48, "at": 1735504169.234627}
{"obj": {"type": "LogStrings", "path": ["monitoring", "cff006fa", "stderr"], "values": [{"value": "main_content = runpy.run_path(main_path,", "step": null, "ts": 1735504169.23474}]}, "version": 49, "at": 1735504169.234765}
{"obj": {"type": "LogStrings", "path": ["monitoring", "cff006fa", "stderr"], "values": [{"value": "\n", "step": null, "ts": 1735504169.23487}]}, "version": 50, "at": 1735504169.234893}
{"obj": {"type": "LogStrings", "path": ["monitoring", "cff006fa", "stderr"], "values": [{"value": "  File \"/Users/erwan/miniconda3/envs/segmentation_env/lib/python3.10/runpy.py\", line 269, in run_path\n", "step": null, "ts": 1735504169.234995}]}, "version": 51, "at": 1735504169.23502}
{"obj": {"type": "LogStrings", "path": ["monitoring", "cff006fa", "stderr"], "values": [{"value": "    ", "step": null, "ts": 1735504169.2351239}]}, "version": 52, "at": 1735504169.235148}
{"obj": {"type": "LogStrings", "path": ["monitoring", "cff006fa", "stderr"], "values": [{"value": "return _run_module_code(code, init_globals, run_name,", "step": null, "ts": 1735504169.235252}]}, "version": 53, "at": 1735504169.235275}
{"obj": {"type": "LogStrings", "path": ["monitoring", "cff006fa", "stderr"], "values": [{"value": "\n", "step": null, "ts": 1735504169.235465}]}, "version": 54, "at": 1735504169.235491}
{"obj": {"type": "LogStrings", "path": ["monitoring", "cff006fa", "stderr"], "values": [{"value": "  File \"/Users/erwan/miniconda3/envs/segmentation_env/lib/python3.10/runpy.py\", line 96, in _run_module_code\n", "step": null, "ts": 1735504169.2373278}]}, "version": 55, "at": 1735504169.237385}
{"obj": {"type": "LogStrings", "path": ["monitoring", "cff006fa", "stderr"], "values": [{"value": "    ", "step": null, "ts": 1735504169.237518}]}, "version": 56, "at": 1735504169.2375438}
{"obj": {"type": "LogStrings", "path": ["monitoring", "cff006fa", "stderr"], "values": [{"value": "_run_code(code, mod_globals, init_globals,", "step": null, "ts": 1735504169.237653}]}, "version": 57, "at": 1735504169.2376761}
{"obj": {"type": "LogStrings", "path": ["monitoring", "cff006fa", "stderr"], "values": [{"value": "\n", "step": null, "ts": 1735504169.240288}]}, "version": 58, "at": 1735504169.240324}
{"obj": {"type": "LogStrings", "path": ["monitoring", "cff006fa", "stderr"], "values": [{"value": "  File \"/Users/erwan/miniconda3/envs/segmentation_env/lib/python3.10/runpy.py\", line 86, in _run_code\n", "step": null, "ts": 1735504169.240458}]}, "version": 59, "at": 1735504169.240483}
{"obj": {"type": "LogStrings", "path": ["monitoring", "cff006fa", "stderr"], "values": [{"value": "    ", "step": null, "ts": 1735504169.240587}]}, "version": 60, "at": 1735504169.24063}
{"obj": {"type": "LogStrings", "path": ["monitoring", "cff006fa", "stderr"], "values": [{"value": "exec(code, run_globals)", "step": null, "ts": 1735504169.2407942}]}, "version": 61, "at": 1735504169.24082}
{"obj": {"type": "LogStrings", "path": ["monitoring", "cff006fa", "stderr"], "values": [{"value": "\n", "step": null, "ts": 1735504169.240981}]}, "version": 62, "at": 1735504169.241007}
{"obj": {"type": "LogStrings", "path": ["monitoring", "cff006fa", "stderr"], "values": [{"value": "  File \"/Users/erwan/Workspace/WSS-UIC/train_vgg_resnet/train.py\", line 126, in <module>\n", "step": null, "ts": 1735504169.2411158}]}, "version": 63, "at": 1735504169.241139}
{"obj": {"type": "LogStrings", "path": ["monitoring", "cff006fa", "stderr"], "values": [{"value": "    ", "step": null, "ts": 1735504169.241245}]}, "version": 64, "at": 1735504169.241268}
{"obj": {"type": "LogStrings", "path": ["monitoring", "cff006fa", "stderr"], "values": [{"value": "train(", "step": null, "ts": 1735504169.2413702}]}, "version": 65, "at": 1735504169.2413929}
{"obj": {"type": "LogStrings", "path": ["monitoring", "cff006fa", "stderr"], "values": [{"value": "\n", "step": null, "ts": 1735504169.241494}]}, "version": 66, "at": 1735504169.241516}
{"obj": {"type": "LogStrings", "path": ["monitoring", "cff006fa", "stderr"], "values": [{"value": "  File \"/Users/erwan/Workspace/WSS-UIC/train_vgg_resnet/train.py\", line 64, in train\n", "step": null, "ts": 1735504169.241698}]}, "version": 67, "at": 1735504169.241729}
{"obj": {"type": "LogStrings", "path": ["monitoring", "cff006fa", "stderr"], "values": [{"value": "    ", "step": null, "ts": 1735504169.2418292}]}, "version": 68, "at": 1735504169.2418518}
{"obj": {"type": "LogStrings", "path": ["monitoring", "cff006fa", "stderr"], "values": [{"value": "for batch in train_dl:", "step": null, "ts": 1735504169.24195}]}, "version": 69, "at": 1735504169.241972}
{"obj": {"type": "LogStrings", "path": ["monitoring", "cff006fa", "stderr"], "values": [{"value": "\n", "step": null, "ts": 1735504169.242075}]}, "version": 70, "at": 1735504169.2420962}
{"obj": {"type": "LogStrings", "path": ["monitoring", "cff006fa", "stderr"], "values": [{"value": "  File \"/Users/erwan/miniconda3/envs/segmentation_env/lib/python3.10/site-packages/torch/utils/data/dataloader.py\", line 439, in __iter__\n", "step": null, "ts": 1735504169.242187}]}, "version": 71, "at": 1735504169.2422059}
{"obj": {"type": "LogStrings", "path": ["monitoring", "cff006fa", "stderr"], "values": [{"value": "    ", "step": null, "ts": 1735504169.2423098}]}, "version": 72, "at": 1735504169.2423308}
{"obj": {"type": "LogStrings", "path": ["monitoring", "cff006fa", "stderr"], "values": [{"value": "return self._get_iterator()", "step": null, "ts": 1735504169.24243}]}, "version": 73, "at": 1735504169.242453}
{"obj": {"type": "LogStrings", "path": ["monitoring", "cff006fa", "stderr"], "values": [{"value": "\n", "step": null, "ts": 1735504169.2425542}]}, "version": 74, "at": 1735504169.2425752}
{"obj": {"type": "LogStrings", "path": ["monitoring", "cff006fa", "stderr"], "values": [{"value": "  File \"/Users/erwan/miniconda3/envs/segmentation_env/lib/python3.10/site-packages/torch/utils/data/dataloader.py\", line 387, in _get_iterator\n", "step": null, "ts": 1735504169.2426722}]}, "version": 75, "at": 1735504169.242694}
{"obj": {"type": "LogStrings", "path": ["monitoring", "cff006fa", "stderr"], "values": [{"value": "    ", "step": null, "ts": 1735504169.242792}]}, "version": 76, "at": 1735504169.242814}
{"obj": {"type": "LogStrings", "path": ["monitoring", "cff006fa", "stderr"], "values": [{"value": "return _MultiProcessingDataLoaderIter(self)", "step": null, "ts": 1735504169.242916}]}, "version": 77, "at": 1735504169.242937}
{"obj": {"type": "LogStrings", "path": ["monitoring", "cff006fa", "stderr"], "values": [{"value": "\n", "step": null, "ts": 1735504169.243042}]}, "version": 78, "at": 1735504169.243063}
{"obj": {"type": "LogStrings", "path": ["monitoring", "cff006fa", "stderr"], "values": [{"value": "  File \"/Users/erwan/miniconda3/envs/segmentation_env/lib/python3.10/site-packages/torch/utils/data/dataloader.py\", line 1040, in __init__\n", "step": null, "ts": 1735504169.2444649}]}, "version": 79, "at": 1735504169.2444968}
{"obj": {"type": "LogStrings", "path": ["monitoring", "cff006fa", "stderr"], "values": [{"value": "    ", "step": null, "ts": 1735504169.244618}]}, "version": 80, "at": 1735504169.244642}
{"obj": {"type": "LogStrings", "path": ["monitoring", "cff006fa", "stderr"], "values": [{"value": "w.start()", "step": null, "ts": 1735504169.244791}]}, "version": 81, "at": 1735504169.2448158}
{"obj": {"type": "LogStrings", "path": ["monitoring", "cff006fa", "stderr"], "values": [{"value": "\n", "step": null, "ts": 1735504169.2465081}]}, "version": 82, "at": 1735504169.246742}
{"obj": {"type": "LogStrings", "path": ["monitoring", "cff006fa", "stderr"], "values": [{"value": "  File \"/Users/erwan/miniconda3/envs/segmentation_env/lib/python3.10/multiprocessing/process.py\", line 121, in start\n", "step": null, "ts": 1735504169.246916}]}, "version": 83, "at": 1735504169.247025}
{"obj": {"type": "LogStrings", "path": ["monitoring", "cff006fa", "stderr"], "values": [{"value": "    ", "step": null, "ts": 1735504169.247191}]}, "version": 84, "at": 1735504169.2472188}
{"obj": {"type": "LogStrings", "path": ["monitoring", "cff006fa", "stderr"], "values": [{"value": "self._popen = self._Popen(self)", "step": null, "ts": 1735504169.24733}]}, "version": 85, "at": 1735504169.2474098}
{"obj": {"type": "LogStrings", "path": ["monitoring", "cff006fa", "stderr"], "values": [{"value": "\n", "step": null, "ts": 1735504169.249134}]}, "version": 86, "at": 1735504169.249171}
{"obj": {"type": "LogStrings", "path": ["monitoring", "cff006fa", "stderr"], "values": [{"value": "  File \"/Users/erwan/miniconda3/envs/segmentation_env/lib/python3.10/multiprocessing/context.py\", line 224, in _Popen\n", "step": null, "ts": 1735504169.249296}]}, "version": 87, "at": 1735504169.249318}
{"obj": {"type": "LogStrings", "path": ["monitoring", "cff006fa", "stderr"], "values": [{"value": "    ", "step": null, "ts": 1735504169.2494159}]}, "version": 88, "at": 1735504169.249435}
{"obj": {"type": "LogStrings", "path": ["monitoring", "cff006fa", "stderr"], "values": [{"value": "return _default_context.get_context().Process._Popen(process_obj)", "step": null, "ts": 1735504169.249526}]}, "version": 89, "at": 1735504169.249546}
{"obj": {"type": "LogStrings", "path": ["monitoring", "cff006fa", "stderr"], "values": [{"value": "\n", "step": null, "ts": 1735504169.249641}]}, "version": 90, "at": 1735504169.24966}
{"obj": {"type": "LogStrings", "path": ["monitoring", "cff006fa", "stderr"], "values": [{"value": "  File \"/Users/erwan/miniconda3/envs/segmentation_env/lib/python3.10/multiprocessing/context.py\", line 284, in _Popen\n", "step": null, "ts": 1735504169.249849}]}, "version": 91, "at": 1735504169.249871}
{"obj": {"type": "LogStrings", "path": ["monitoring", "cff006fa", "stderr"], "values": [{"value": "    ", "step": null, "ts": 1735504169.2499719}]}, "version": 92, "at": 1735504169.2500072}
{"obj": {"type": "LogStrings", "path": ["monitoring", "cff006fa", "stderr"], "values": [{"value": "return Popen(process_obj)", "step": null, "ts": 1735504169.250101}]}, "version": 93, "at": 1735504169.25012}
{"obj": {"type": "LogStrings", "path": ["monitoring", "cff006fa", "stderr"], "values": [{"value": "\n", "step": null, "ts": 1735504169.250324}]}, "version": 94, "at": 1735504169.250369}
{"obj": {"type": "LogStrings", "path": ["monitoring", "cff006fa", "stderr"], "values": [{"value": "  File \"/Users/erwan/miniconda3/envs/segmentation_env/lib/python3.10/multiprocessing/popen_spawn_posix.py\", line 32, in __init__\n", "step": null, "ts": 1735504169.251157}]}, "version": 95, "at": 1735504169.251211}
{"obj": {"type": "LogStrings", "path": ["monitoring", "cff006fa", "stderr"], "values": [{"value": "    ", "step": null, "ts": 1735504169.251411}]}, "version": 96, "at": 1735504169.251464}
{"obj": {"type": "LogStrings", "path": ["monitoring", "cff006fa", "stderr"], "values": [{"value": "super().__init__(process_obj)", "step": null, "ts": 1735504169.251722}]}, "version": 97, "at": 1735504169.251776}
{"obj": {"type": "LogStrings", "path": ["monitoring", "cff006fa", "stderr"], "values": [{"value": "\n", "step": null, "ts": 1735504169.25205}]}, "version": 98, "at": 1735504169.252104}
{"obj": {"type": "LogStrings", "path": ["monitoring", "cff006fa", "stderr"], "values": [{"value": "  File \"/Users/erwan/miniconda3/envs/segmentation_env/lib/python3.10/multiprocessing/popen_fork.py\", line 19, in __init__\n", "step": null, "ts": 1735504169.2523441}]}, "version": 99, "at": 1735504169.252383}
{"obj": {"type": "LogStrings", "path": ["monitoring", "cff006fa", "stderr"], "values": [{"value": "    ", "step": null, "ts": 1735504169.2525282}]}, "version": 100, "at": 1735504169.252556}
{"obj": {"type": "LogStrings", "path": ["monitoring", "cff006fa", "stderr"], "values": [{"value": "self._launch(process_obj)", "step": null, "ts": 1735504169.252705}]}, "version": 101, "at": 1735504169.2527318}
{"obj": {"type": "LogStrings", "path": ["monitoring", "cff006fa", "stderr"], "values": [{"value": "\n", "step": null, "ts": 1735504169.252915}]}, "version": 102, "at": 1735504169.252942}
{"obj": {"type": "LogStrings", "path": ["monitoring", "cff006fa", "stderr"], "values": [{"value": "  File \"/Users/erwan/miniconda3/envs/segmentation_env/lib/python3.10/multiprocessing/popen_spawn_posix.py\", line 42, in _launch\n", "step": null, "ts": 1735504169.253067}]}, "version": 103, "at": 1735504169.253088}
{"obj": {"type": "LogStrings", "path": ["monitoring", "cff006fa", "stderr"], "values": [{"value": "    ", "step": null, "ts": 1735504169.253186}]}, "version": 104, "at": 1735504169.2532082}
{"obj": {"type": "LogStrings", "path": ["monitoring", "cff006fa", "stderr"], "values": [{"value": "prep_data = spawn.get_preparation_data(process_obj._name)", "step": null, "ts": 1735504169.253335}]}, "version": 105, "at": 1735504169.2533581}
{"obj": {"type": "LogStrings", "path": ["monitoring", "cff006fa", "stderr"], "values": [{"value": "\n", "step": null, "ts": 1735504169.253628}]}, "version": 106, "at": 1735504169.25365}
{"obj": {"type": "LogStrings", "path": ["monitoring", "cff006fa", "stderr"], "values": [{"value": "  File \"/Users/erwan/miniconda3/envs/segmentation_env/lib/python3.10/multiprocessing/spawn.py\", line 154, in get_preparation_data\n", "step": null, "ts": 1735504169.253751}]}, "version": 107, "at": 1735504169.253772}
{"obj": {"type": "LogStrings", "path": ["monitoring", "cff006fa", "stderr"], "values": [{"value": "    ", "step": null, "ts": 1735504169.25391}]}, "version": 108, "at": 1735504169.2539341}
{"obj": {"type": "LogStrings", "path": ["monitoring", "cff006fa", "stderr"], "values": [{"value": "_check_not_importing_main()", "step": null, "ts": 1735504169.254571}]}, "version": 109, "at": 1735504169.254602}
{"obj": {"type": "LogStrings", "path": ["monitoring", "cff006fa", "stderr"], "values": [{"value": "\n", "step": null, "ts": 1735504169.254892}]}, "version": 110, "at": 1735504169.25492}
{"obj": {"type": "LogStrings", "path": ["monitoring", "cff006fa", "stderr"], "values": [{"value": "  File \"/Users/erwan/miniconda3/envs/segmentation_env/lib/python3.10/multiprocessing/spawn.py\", line 134, in _check_not_importing_main\n", "step": null, "ts": 1735504169.255032}]}, "version": 111, "at": 1735504169.2550552}
{"obj": {"type": "LogStrings", "path": ["monitoring", "cff006fa", "stderr"], "values": [{"value": "    ", "step": null, "ts": 1735504169.25516}]}, "version": 112, "at": 1735504169.255182}
{"obj": {"type": "LogStrings", "path": ["monitoring", "cff006fa", "stderr"], "values": [{"value": "raise RuntimeError('''", "step": null, "ts": 1735504169.2552829}]}, "version": 113, "at": 1735504169.255305}
{"obj": {"type": "LogStrings", "path": ["monitoring", "cff006fa", "stderr"], "values": [{"value": "\n", "step": null, "ts": 1735504169.2556531}]}, "version": 114, "at": 1735504169.255679}
{"obj": {"type": "LogStrings", "path": ["monitoring", "cff006fa", "stderr"], "values": [{"value": "RuntimeError", "step": null, "ts": 1735504169.255952}]}, "version": 115, "at": 1735504169.255979}
{"obj": {"type": "LogStrings", "path": ["monitoring", "cff006fa", "stderr"], "values": [{"value": ": ", "step": null, "ts": 1735504169.256094}]}, "version": 116, "at": 1735504169.256118}
{"obj": {"type": "LogStrings", "path": ["monitoring", "cff006fa", "stderr"], "values": [{"value": "\n        An attempt has been made to start a new process before the\n        current process has finished its bootstrapping phase.\n\n        This probably means that you are not using fork to start your\n        child processes and you have forgotten to use the proper idiom\n        in the main module:\n\n            if __name__ == '__main__':\n                freeze_support()\n                ...\n\n        The \"freeze_support()\" line can be omitted if the program\n        is not going to be frozen to produce an executable.", "step": null, "ts": 1735504169.256223}]}, "version": 117, "at": 1735504169.256246}
{"obj": {"type": "LogStrings", "path": ["monitoring", "cff006fa", "stderr"], "values": [{"value": "\n", "step": null, "ts": 1735504169.257066}]}, "version": 118, "at": 1735504169.2570949}
{"obj": {"type": "LogStrings", "path": ["monitoring", "cff006fa", "stdout"], "values": [{"value": "[neptune] [info   ] Shutting down background jobs, please wait a moment...\n", "step": null, "ts": 1735504169.2575731}]}, "version": 119, "at": 1735504169.25764}
