{"obj": {"type": "AssignString", "path": ["sys", "name"], "value": "Untitled"}, "version": 1, "at": 1735503813.9460711}
{"obj": {"type": "AssignString", "path": ["sys", "description"], "value": ""}, "version": 2, "at": 1735503813.94639}
{"obj": {"type": "AssignString", "path": ["monitoring", "3f6eaa31", "hostname"], "value": "Admins-MacBook-Pro.local"}, "version": 3, "at": 1735503813.9465249}
{"obj": {"type": "AssignString", "path": ["sys", "hostname"], "value": "Admins-MacBook-Pro.local"}, "version": 4, "at": 1735503813.946868}
{"obj": {"type": "AssignString", "path": ["monitoring", "3f6eaa31", "pid"], "value": "22571"}, "version": 5, "at": 1735503813.9469938}
{"obj": {"type": "AssignString", "path": ["monitoring", "3f6eaa31", "tid"], "value": "4693511616"}, "version": 6, "at": 1735503813.947107}
{"obj": {"type": "AssignBool", "path": ["sys", "failed"], "value": false}, "version": 7, "at": 1735503813.947238}
{"obj": {"type": "ClearStringLog", "path": ["monitoring", "3f6eaa31", "stdout"]}, "version": 8, "at": 1735503813.947402}
{"obj": {"type": "ClearStringLog", "path": ["monitoring", "3f6eaa31", "stderr"]}, "version": 9, "at": 1735503813.947493}
{"obj": {"type": "AssignString", "path": ["source_code", "entrypoint"], "value": "train.py"}, "version": 10, "at": 1735503813.948973}
{"obj": {"type": "UploadFileSet", "path": ["source_code", "files"], "file_globs": ["/Users/erwan/Workspace/WSS-UIC/train_vgg_resnet/train.py"], "reset": "False"}, "version": 11, "at": 1735503813.949121}
{"obj": {"type": "UploadFile", "path": ["source_code", "diff"], "ext": "patch", "file_path": null, "tmp_file_name": "source_code_diff-1735503814.250255-2024-12-29_21.23.34.250255.patch", "clean_after_upload": false}, "version": 12, "at": 1735503814.250643}
{"obj": {"type": "ConfigFloatSeries", "path": ["monitoring", "3f6eaa31", "cpu"], "min": 0.0, "max": 100.0, "unit": "%"}, "version": 13, "at": 1735503814.256661}
{"obj": {"type": "ClearFloatLog", "path": ["monitoring", "3f6eaa31", "cpu"]}, "version": 14, "at": 1735503814.2569668}
{"obj": {"type": "LogStrings", "path": ["monitoring", "3f6eaa31", "stderr"], "values": [{"value": "[neptune] [warning] /Users/erwan/Workspace/WSS-UIC/train_vgg_resnet/train.py:46: NeptuneWarning: Info (NVML): NVML Shared Library Not Found. GPU usage metrics may not be reported. For more information, see https://docs.neptune.ai/help/nvml_error/\n", "step": null, "ts": 1735503814.2571058}]}, "version": 15, "at": 1735503814.257182}
{"obj": {"type": "ConfigFloatSeries", "path": ["monitoring", "3f6eaa31", "memory"], "min": 0.0, "max": 16.0, "unit": "GB"}, "version": 16, "at": 1735503814.257361}
{"obj": {"type": "ClearFloatLog", "path": ["monitoring", "3f6eaa31", "memory"]}, "version": 17, "at": 1735503814.25742}
{"obj": {"type": "LogFloats", "path": ["monitoring", "3f6eaa31", "memory"], "values": [{"value": 9.881000518798828, "step": null, "ts": 1735503814.257615}]}, "version": 18, "at": 1735503814.25795}
{"obj": {"type": "AssignString", "path": ["config", "optimizer"], "value": "Adam"}, "version": 19, "at": 1735503814.2582881}
{"obj": {"type": "LogStrings", "path": ["monitoring", "3f6eaa31", "stdout"], "values": [{"value": "ici la ", "step": null, "ts": 1735503814.258629}]}, "version": 20, "at": 1735503814.2586648}
{"obj": {"type": "LogStrings", "path": ["monitoring", "3f6eaa31", "stdout"], "values": [{"value": "\n", "step": null, "ts": 1735503814.259077}]}, "version": 21, "at": 1735503814.259107}
{"obj": {"type": "LogStrings", "path": ["monitoring", "3f6eaa31", "stderr"], "values": [{"value": "\r  0%|                                                                                                                                                                                 | 0/2 [00:00<?, ?it/s]", "step": null, "ts": 1735503814.2637901}]}, "version": 22, "at": 1735503814.263828}
{"obj": {"type": "LogStrings", "path": ["monitoring", "3f6eaa31", "stderr"], "values": [{"value": "", "step": null, "ts": 1735503814.270438}]}, "version": 23, "at": 1735503814.27048}
{"obj": {"type": "LogStrings", "path": ["monitoring", "3f6eaa31", "stderr"], "values": [{"value": "\r  0%|                                                                                                                                                                                 | 0/2 [00:00<?, ?it/s]", "step": null, "ts": 1735503814.270679}]}, "version": 24, "at": 1735503814.270708}
{"obj": {"type": "LogStrings", "path": ["monitoring", "3f6eaa31", "stderr"], "values": [{"value": "\n", "step": null, "ts": 1735503814.271019}]}, "version": 25, "at": 1735503814.271044}
{"obj": {"type": "LogStrings", "path": ["monitoring", "3f6eaa31", "traceback"], "values": [{"value": "An uncaught exception occurred while run was active on worker Admins-MacBook-Pro.local.", "step": null, "ts": 1735503814.272316}, {"value": "Marking run as failed", "step": null, "ts": 1735503814.272316}, {"value": "Traceback:", "step": null, "ts": 1735503814.272316}, {"value": "  File \"<string>\", line 1, in <module>\n", "step": null, "ts": 1735503814.272316}, {"value": "  File \"/Users/erwan/miniconda3/envs/segmentation_env/lib/python3.10/multiprocessing/spawn.py\", line 116, in spawn_main\n    exitcode = _main(fd, parent_sentinel)\n", "step": null, "ts": 1735503814.272316}, {"value": "  File \"/Users/erwan/miniconda3/envs/segmentation_env/lib/python3.10/multiprocessing/spawn.py\", line 125, in _main\n    prepare(preparation_data)\n", "step": null, "ts": 1735503814.272316}, {"value": "  File \"/Users/erwan/miniconda3/envs/segmentation_env/lib/python3.10/multiprocessing/spawn.py\", line 236, in prepare\n    _fixup_main_from_path(data['init_main_from_path'])\n", "step": null, "ts": 1735503814.272316}, {"value": "  File \"/Users/erwan/miniconda3/envs/segmentation_env/lib/python3.10/multiprocessing/spawn.py\", line 287, in _fixup_main_from_path\n    main_content = runpy.run_path(main_path,\n", "step": null, "ts": 1735503814.272316}, {"value": "  File \"/Users/erwan/miniconda3/envs/segmentation_env/lib/python3.10/runpy.py\", line 269, in run_path\n    return _run_module_code(code, init_globals, run_name,\n", "step": null, "ts": 1735503814.272316}, {"value": "  File \"/Users/erwan/miniconda3/envs/segmentation_env/lib/python3.10/runpy.py\", line 96, in _run_module_code\n    _run_code(code, mod_globals, init_globals,\n", "step": null, "ts": 1735503814.272316}]}, "version": 26, "at": 1735503814.272434}
{"obj": {"type": "LogStrings", "path": ["monitoring", "3f6eaa31", "traceback"], "values": [{"value": "  File \"/Users/erwan/miniconda3/envs/segmentation_env/lib/python3.10/runpy.py\", line 86, in _run_code\n    exec(code, run_globals)\n", "step": null, "ts": 1735503814.272316}, {"value": "  File \"/Users/erwan/Workspace/WSS-UIC/train_vgg_resnet/train.py\", line 123, in <module>\n    train(\n", "step": null, "ts": 1735503814.272316}, {"value": "  File \"/Users/erwan/Workspace/WSS-UIC/train_vgg_resnet/train.py\", line 62, in train\n    for batch in train_dl:\n", "step": null, "ts": 1735503814.272316}, {"value": "  File \"/Users/erwan/miniconda3/envs/segmentation_env/lib/python3.10/site-packages/torch/utils/data/dataloader.py\", line 439, in __iter__\n    return self._get_iterator()\n", "step": null, "ts": 1735503814.272316}, {"value": "  File \"/Users/erwan/miniconda3/envs/segmentation_env/lib/python3.10/site-packages/torch/utils/data/dataloader.py\", line 387, in _get_iterator\n    return _MultiProcessingDataLoaderIter(self)\n", "step": null, "ts": 1735503814.272316}, {"value": "  File \"/Users/erwan/miniconda3/envs/segmentation_env/lib/python3.10/site-packages/torch/utils/data/dataloader.py\", line 1040, in __init__\n    w.start()\n", "step": null, "ts": 1735503814.272316}, {"value": "  File \"/Users/erwan/miniconda3/envs/segmentation_env/lib/python3.10/multiprocessing/process.py\", line 121, in start\n    self._popen = self._Popen(self)\n", "step": null, "ts": 1735503814.272316}, {"value": "  File \"/Users/erwan/miniconda3/envs/segmentation_env/lib/python3.10/multiprocessing/context.py\", line 224, in _Popen\n    return _default_context.get_context().Process._Popen(process_obj)\n", "step": null, "ts": 1735503814.272316}, {"value": "  File \"/Users/erwan/miniconda3/envs/segmentation_env/lib/python3.10/multiprocessing/context.py\", line 284, in _Popen\n    return Popen(process_obj)\n", "step": null, "ts": 1735503814.272316}, {"value": "  File \"/Users/erwan/miniconda3/envs/segmentation_env/lib/python3.10/multiprocessing/popen_spawn_posix.py\", line 32, in __init__\n    super().__init__(process_obj)\n", "step": null, "ts": 1735503814.272316}]}, "version": 27, "at": 1735503814.272544}
{"obj": {"type": "LogStrings", "path": ["monitoring", "3f6eaa31", "traceback"], "values": [{"value": "  File \"/Users/erwan/miniconda3/envs/segmentation_env/lib/python3.10/multiprocessing/popen_fork.py\", line 19, in __init__\n    self._launch(process_obj)\n", "step": null, "ts": 1735503814.272316}, {"value": "  File \"/Users/erwan/miniconda3/envs/segmentation_env/lib/python3.10/multiprocessing/popen_spawn_posix.py\", line 42, in _launch\n    prep_data = spawn.get_preparation_data(process_obj._name)\n", "step": null, "ts": 1735503814.272316}, {"value": "  File \"/Users/erwan/miniconda3/envs/segmentation_env/lib/python3.10/multiprocessing/spawn.py\", line 154, in get_preparation_data\n    _check_not_importing_main()\n", "step": null, "ts": 1735503814.272316}, {"value": "  File \"/Users/erwan/miniconda3/envs/segmentation_env/lib/python3.10/multiprocessing/spawn.py\", line 134, in _check_not_importing_main\n    raise RuntimeError('''\n", "step": null, "ts": 1735503814.272316}, {"value": "", "step": null, "ts": 1735503814.272316}, {"value": "        An attempt has been made to start a new process before the", "step": null, "ts": 1735503814.272316}, {"value": "        current process has finished its bootstrapping phase.", "step": null, "ts": 1735503814.272316}, {"value": "", "step": null, "ts": 1735503814.272316}, {"value": "        This probably means that you are not using fork to start your", "step": null, "ts": 1735503814.272316}, {"value": "        child processes and you have forgotten to use the proper idiom", "step": null, "ts": 1735503814.272316}]}, "version": 28, "at": 1735503814.27273}
{"obj": {"type": "LogStrings", "path": ["monitoring", "3f6eaa31", "traceback"], "values": [{"value": "        in the main module:", "step": null, "ts": 1735503814.272316}, {"value": "", "step": null, "ts": 1735503814.272316}, {"value": "            if __name__ == '__main__':", "step": null, "ts": 1735503814.272316}, {"value": "                freeze_support()", "step": null, "ts": 1735503814.272316}, {"value": "                ...", "step": null, "ts": 1735503814.272316}, {"value": "", "step": null, "ts": 1735503814.272316}, {"value": "        The \"freeze_support()\" line can be omitted if the program", "step": null, "ts": 1735503814.272316}, {"value": "        is not going to be frozen to produce an executable.", "step": null, "ts": 1735503814.272316}]}, "version": 29, "at": 1735503814.272815}
{"obj": {"type": "AssignBool", "path": ["sys", "failed"], "value": true}, "version": 30, "at": 1735503814.2729442}
{"obj": {"type": "LogStrings", "path": ["monitoring", "3f6eaa31", "stderr"], "values": [{"value": "Traceback (most recent call last):\n", "step": null, "ts": 1735503814.273309}]}, "version": 31, "at": 1735503814.2733388}
{"obj": {"type": "LogStrings", "path": ["monitoring", "3f6eaa31", "stderr"], "values": [{"value": "  File \"<string>\", line 1, in <module>\n", "step": null, "ts": 1735503814.2735}]}, "version": 32, "at": 1735503814.273528}
{"obj": {"type": "LogStrings", "path": ["monitoring", "3f6eaa31", "stderr"], "values": [{"value": "  File \"/Users/erwan/miniconda3/envs/segmentation_env/lib/python3.10/multiprocessing/spawn.py\", line 116, in spawn_main\n", "step": null, "ts": 1735503814.2738628}]}, "version": 33, "at": 1735503814.273889}
{"obj": {"type": "LogStrings", "path": ["monitoring", "3f6eaa31", "stderr"], "values": [{"value": "    ", "step": null, "ts": 1735503814.2742138}]}, "version": 34, "at": 1735503814.274241}
{"obj": {"type": "LogStrings", "path": ["monitoring", "3f6eaa31", "stderr"], "values": [{"value": "exitcode = _main(fd, parent_sentinel)", "step": null, "ts": 1735503814.2743602}]}, "version": 35, "at": 1735503814.2743838}
{"obj": {"type": "LogStrings", "path": ["monitoring", "3f6eaa31", "stderr"], "values": [{"value": "\n", "step": null, "ts": 1735503814.274571}]}, "version": 36, "at": 1735503814.2745962}
{"obj": {"type": "LogStrings", "path": ["monitoring", "3f6eaa31", "stderr"], "values": [{"value": "  File \"/Users/erwan/miniconda3/envs/segmentation_env/lib/python3.10/multiprocessing/spawn.py\", line 125, in _main\n", "step": null, "ts": 1735503814.274827}]}, "version": 37, "at": 1735503814.274852}
{"obj": {"type": "LogStrings", "path": ["monitoring", "3f6eaa31", "stderr"], "values": [{"value": "    ", "step": null, "ts": 1735503814.275318}]}, "version": 38, "at": 1735503814.2753458}
{"obj": {"type": "LogStrings", "path": ["monitoring", "3f6eaa31", "stderr"], "values": [{"value": "prepare(preparation_data)", "step": null, "ts": 1735503814.275462}]}, "version": 39, "at": 1735503814.275486}
{"obj": {"type": "LogStrings", "path": ["monitoring", "3f6eaa31", "stderr"], "values": [{"value": "\n", "step": null, "ts": 1735503814.275583}]}, "version": 40, "at": 1735503814.275605}
{"obj": {"type": "LogStrings", "path": ["monitoring", "3f6eaa31", "stderr"], "values": [{"value": "  File \"/Users/erwan/miniconda3/envs/segmentation_env/lib/python3.10/multiprocessing/spawn.py\", line 236, in prepare\n", "step": null, "ts": 1735503814.2757099}]}, "version": 41, "at": 1735503814.275732}
{"obj": {"type": "LogStrings", "path": ["monitoring", "3f6eaa31", "stderr"], "values": [{"value": "    ", "step": null, "ts": 1735503814.276039}]}, "version": 42, "at": 1735503814.276065}
{"obj": {"type": "LogStrings", "path": ["monitoring", "3f6eaa31", "stderr"], "values": [{"value": "_fixup_main_from_path(data['init_main_from_path'])", "step": null, "ts": 1735503814.276303}]}, "version": 43, "at": 1735503814.276327}
{"obj": {"type": "LogStrings", "path": ["monitoring", "3f6eaa31", "stderr"], "values": [{"value": "\n", "step": null, "ts": 1735503814.276435}]}, "version": 44, "at": 1735503814.276457}
{"obj": {"type": "LogStrings", "path": ["monitoring", "3f6eaa31", "stderr"], "values": [{"value": "  File \"/Users/erwan/miniconda3/envs/segmentation_env/lib/python3.10/multiprocessing/spawn.py\", line 287, in _fixup_main_from_path\n", "step": null, "ts": 1735503814.2766469}]}, "version": 45, "at": 1735503814.276672}
{"obj": {"type": "LogStrings", "path": ["monitoring", "3f6eaa31", "stderr"], "values": [{"value": "    ", "step": null, "ts": 1735503814.277343}]}, "version": 46, "at": 1735503814.2773702}
{"obj": {"type": "LogStrings", "path": ["monitoring", "3f6eaa31", "stderr"], "values": [{"value": "main_content = runpy.run_path(main_path,", "step": null, "ts": 1735503814.277478}]}, "version": 47, "at": 1735503814.2775}
{"obj": {"type": "LogStrings", "path": ["monitoring", "3f6eaa31", "stderr"], "values": [{"value": "\n", "step": null, "ts": 1735503814.2780359}]}, "version": 48, "at": 1735503814.2780612}
{"obj": {"type": "LogStrings", "path": ["monitoring", "3f6eaa31", "stderr"], "values": [{"value": "  File \"/Users/erwan/miniconda3/envs/segmentation_env/lib/python3.10/runpy.py\", line 269, in run_path\n", "step": null, "ts": 1735503814.2785652}]}, "version": 49, "at": 1735503814.278593}
{"obj": {"type": "LogStrings", "path": ["monitoring", "3f6eaa31", "stderr"], "values": [{"value": "    ", "step": null, "ts": 1735503814.279247}]}, "version": 50, "at": 1735503814.279273}
{"obj": {"type": "LogStrings", "path": ["monitoring", "3f6eaa31", "stderr"], "values": [{"value": "return _run_module_code(code, init_globals, run_name,", "step": null, "ts": 1735503814.279426}]}, "version": 51, "at": 1735503814.279453}
{"obj": {"type": "LogStrings", "path": ["monitoring", "3f6eaa31", "stderr"], "values": [{"value": "\n", "step": null, "ts": 1735503814.279606}]}, "version": 52, "at": 1735503814.2796319}
{"obj": {"type": "LogStrings", "path": ["monitoring", "3f6eaa31", "stderr"], "values": [{"value": "  File \"/Users/erwan/miniconda3/envs/segmentation_env/lib/python3.10/runpy.py\", line 96, in _run_module_code\n", "step": null, "ts": 1735503814.279779}]}, "version": 53, "at": 1735503814.279813}
{"obj": {"type": "LogStrings", "path": ["monitoring", "3f6eaa31", "stderr"], "values": [{"value": "    ", "step": null, "ts": 1735503814.280093}]}, "version": 54, "at": 1735503814.280119}
{"obj": {"type": "LogStrings", "path": ["monitoring", "3f6eaa31", "stderr"], "values": [{"value": "_run_code(code, mod_globals, init_globals,", "step": null, "ts": 1735503814.280231}]}, "version": 55, "at": 1735503814.2802858}
{"obj": {"type": "LogStrings", "path": ["monitoring", "3f6eaa31", "stderr"], "values": [{"value": "\n", "step": null, "ts": 1735503814.280405}]}, "version": 56, "at": 1735503814.28043}
{"obj": {"type": "LogStrings", "path": ["monitoring", "3f6eaa31", "stderr"], "values": [{"value": "  File \"/Users/erwan/miniconda3/envs/segmentation_env/lib/python3.10/runpy.py\", line 86, in _run_code\n", "step": null, "ts": 1735503814.2806091}]}, "version": 57, "at": 1735503814.280632}
{"obj": {"type": "LogStrings", "path": ["monitoring", "3f6eaa31", "stderr"], "values": [{"value": "    ", "step": null, "ts": 1735503814.28091}]}, "version": 58, "at": 1735503814.2809348}
{"obj": {"type": "LogStrings", "path": ["monitoring", "3f6eaa31", "stderr"], "values": [{"value": "exec(code, run_globals)", "step": null, "ts": 1735503814.281041}]}, "version": 59, "at": 1735503814.281064}
{"obj": {"type": "LogStrings", "path": ["monitoring", "3f6eaa31", "stderr"], "values": [{"value": "\n", "step": null, "ts": 1735503814.281332}]}, "version": 60, "at": 1735503814.281357}
{"obj": {"type": "LogStrings", "path": ["monitoring", "3f6eaa31", "stderr"], "values": [{"value": "  File \"/Users/erwan/Workspace/WSS-UIC/train_vgg_resnet/train.py\", line 123, in <module>\n", "step": null, "ts": 1735503814.281687}]}, "version": 61, "at": 1735503814.2817159}
{"obj": {"type": "LogStrings", "path": ["monitoring", "3f6eaa31", "stderr"], "values": [{"value": "    ", "step": null, "ts": 1735503814.281993}]}, "version": 62, "at": 1735503814.282018}
{"obj": {"type": "LogStrings", "path": ["monitoring", "3f6eaa31", "stderr"], "values": [{"value": "train(", "step": null, "ts": 1735503814.2822862}]}, "version": 63, "at": 1735503814.282321}
{"obj": {"type": "LogStrings", "path": ["monitoring", "3f6eaa31", "stderr"], "values": [{"value": "\n", "step": null, "ts": 1735503814.282655}]}, "version": 64, "at": 1735503814.282696}
{"obj": {"type": "LogStrings", "path": ["monitoring", "3f6eaa31", "stderr"], "values": [{"value": "  File \"/Users/erwan/Workspace/WSS-UIC/train_vgg_resnet/train.py\", line 62, in train\n", "step": null, "ts": 1735503814.28296}]}, "version": 65, "at": 1735503814.282997}
{"obj": {"type": "LogStrings", "path": ["monitoring", "3f6eaa31", "stderr"], "values": [{"value": "    ", "step": null, "ts": 1735503814.2832792}]}, "version": 66, "at": 1735503814.283316}
{"obj": {"type": "LogStrings", "path": ["monitoring", "3f6eaa31", "stderr"], "values": [{"value": "for batch in train_dl:", "step": null, "ts": 1735503814.283455}]}, "version": 67, "at": 1735503814.283487}
{"obj": {"type": "LogStrings", "path": ["monitoring", "3f6eaa31", "stderr"], "values": [{"value": "\n", "step": null, "ts": 1735503814.2837021}]}, "version": 68, "at": 1735503814.283736}
{"obj": {"type": "LogStrings", "path": ["monitoring", "3f6eaa31", "stderr"], "values": [{"value": "  File \"/Users/erwan/miniconda3/envs/segmentation_env/lib/python3.10/site-packages/torch/utils/data/dataloader.py\", line 439, in __iter__\n", "step": null, "ts": 1735503814.283925}]}, "version": 69, "at": 1735503814.283956}
{"obj": {"type": "LogStrings", "path": ["monitoring", "3f6eaa31", "stderr"], "values": [{"value": "    ", "step": null, "ts": 1735503814.284375}]}, "version": 70, "at": 1735503814.284415}
{"obj": {"type": "LogStrings", "path": ["monitoring", "3f6eaa31", "stderr"], "values": [{"value": "return self._get_iterator()", "step": null, "ts": 1735503814.2848299}]}, "version": 71, "at": 1735503814.284867}
{"obj": {"type": "LogStrings", "path": ["monitoring", "3f6eaa31", "stderr"], "values": [{"value": "\n", "step": null, "ts": 1735503814.2850041}]}, "version": 72, "at": 1735503814.285033}
{"obj": {"type": "LogStrings", "path": ["monitoring", "3f6eaa31", "stderr"], "values": [{"value": "  File \"/Users/erwan/miniconda3/envs/segmentation_env/lib/python3.10/site-packages/torch/utils/data/dataloader.py\", line 387, in _get_iterator\n", "step": null, "ts": 1735503814.285195}]}, "version": 73, "at": 1735503814.285223}
{"obj": {"type": "LogStrings", "path": ["monitoring", "3f6eaa31", "stderr"], "values": [{"value": "    ", "step": null, "ts": 1735503814.285335}]}, "version": 74, "at": 1735503814.28536}
{"obj": {"type": "LogStrings", "path": ["monitoring", "3f6eaa31", "stderr"], "values": [{"value": "return _MultiProcessingDataLoaderIter(self)", "step": null, "ts": 1735503814.285467}]}, "version": 75, "at": 1735503814.2855208}
{"obj": {"type": "LogStrings", "path": ["monitoring", "3f6eaa31", "stderr"], "values": [{"value": "\n", "step": null, "ts": 1735503814.285664}]}, "version": 76, "at": 1735503814.285836}
{"obj": {"type": "LogStrings", "path": ["monitoring", "3f6eaa31", "stderr"], "values": [{"value": "  File \"/Users/erwan/miniconda3/envs/segmentation_env/lib/python3.10/site-packages/torch/utils/data/dataloader.py\", line 1040, in __init__\n", "step": null, "ts": 1735503814.2862232}]}, "version": 77, "at": 1735503814.286253}
{"obj": {"type": "LogStrings", "path": ["monitoring", "3f6eaa31", "stderr"], "values": [{"value": "    ", "step": null, "ts": 1735503814.28689}]}, "version": 78, "at": 1735503814.286925}
{"obj": {"type": "LogStrings", "path": ["monitoring", "3f6eaa31", "stderr"], "values": [{"value": "w.start()", "step": null, "ts": 1735503814.287055}]}, "version": 79, "at": 1735503814.28708}
{"obj": {"type": "LogStrings", "path": ["monitoring", "3f6eaa31", "stderr"], "values": [{"value": "\n", "step": null, "ts": 1735503814.287346}]}, "version": 80, "at": 1735503814.287373}
{"obj": {"type": "LogStrings", "path": ["monitoring", "3f6eaa31", "stderr"], "values": [{"value": "  File \"/Users/erwan/miniconda3/envs/segmentation_env/lib/python3.10/multiprocessing/process.py\", line 121, in start\n", "step": null, "ts": 1735503814.287549}]}, "version": 81, "at": 1735503814.287576}
{"obj": {"type": "LogStrings", "path": ["monitoring", "3f6eaa31", "stderr"], "values": [{"value": "    ", "step": null, "ts": 1735503814.2879272}]}, "version": 82, "at": 1735503814.287955}
{"obj": {"type": "LogStrings", "path": ["monitoring", "3f6eaa31", "stderr"], "values": [{"value": "self._popen = self._Popen(self)", "step": null, "ts": 1735503814.28807}]}, "version": 83, "at": 1735503814.2880929}
{"obj": {"type": "LogStrings", "path": ["monitoring", "3f6eaa31", "stderr"], "values": [{"value": "\n", "step": null, "ts": 1735503814.288318}]}, "version": 84, "at": 1735503814.288345}
{"obj": {"type": "LogStrings", "path": ["monitoring", "3f6eaa31", "stderr"], "values": [{"value": "  File \"/Users/erwan/miniconda3/envs/segmentation_env/lib/python3.10/multiprocessing/context.py\", line 224, in _Popen\n", "step": null, "ts": 1735503814.288512}]}, "version": 85, "at": 1735503814.288537}
{"obj": {"type": "LogStrings", "path": ["monitoring", "3f6eaa31", "stderr"], "values": [{"value": "    ", "step": null, "ts": 1735503814.288788}]}, "version": 86, "at": 1735503814.2888162}
{"obj": {"type": "LogStrings", "path": ["monitoring", "3f6eaa31", "stderr"], "values": [{"value": "return _default_context.get_context().Process._Popen(process_obj)", "step": null, "ts": 1735503814.288938}]}, "version": 87, "at": 1735503814.288963}
{"obj": {"type": "LogStrings", "path": ["monitoring", "3f6eaa31", "stderr"], "values": [{"value": "\n", "step": null, "ts": 1735503814.289338}]}, "version": 88, "at": 1735503814.289369}
{"obj": {"type": "LogStrings", "path": ["monitoring", "3f6eaa31", "stderr"], "values": [{"value": "  File \"/Users/erwan/miniconda3/envs/segmentation_env/lib/python3.10/multiprocessing/context.py\", line 284, in _Popen\n", "step": null, "ts": 1735503814.289529}]}, "version": 89, "at": 1735503814.2895548}
{"obj": {"type": "LogStrings", "path": ["monitoring", "3f6eaa31", "stderr"], "values": [{"value": "    ", "step": null, "ts": 1735503814.290024}]}, "version": 90, "at": 1735503814.2900531}
{"obj": {"type": "LogStrings", "path": ["monitoring", "3f6eaa31", "stderr"], "values": [{"value": "return Popen(process_obj)", "step": null, "ts": 1735503814.2902029}]}, "version": 91, "at": 1735503814.29023}
{"obj": {"type": "LogStrings", "path": ["monitoring", "3f6eaa31", "stderr"], "values": [{"value": "\n", "step": null, "ts": 1735503814.290665}]}, "version": 92, "at": 1735503814.290694}
{"obj": {"type": "LogStrings", "path": ["monitoring", "3f6eaa31", "stderr"], "values": [{"value": "  File \"/Users/erwan/miniconda3/envs/segmentation_env/lib/python3.10/multiprocessing/popen_spawn_posix.py\", line 32, in __init__\n", "step": null, "ts": 1735503814.290859}]}, "version": 93, "at": 1735503814.290889}
{"obj": {"type": "LogStrings", "path": ["monitoring", "3f6eaa31", "stderr"], "values": [{"value": "    ", "step": null, "ts": 1735503814.291467}]}, "version": 94, "at": 1735503814.291528}
{"obj": {"type": "LogStrings", "path": ["monitoring", "3f6eaa31", "stderr"], "values": [{"value": "super().__init__(process_obj)", "step": null, "ts": 1735503814.2918231}]}, "version": 95, "at": 1735503814.291889}
{"obj": {"type": "LogStrings", "path": ["monitoring", "3f6eaa31", "stderr"], "values": [{"value": "\n", "step": null, "ts": 1735503814.292272}]}, "version": 96, "at": 1735503814.292337}
{"obj": {"type": "LogStrings", "path": ["monitoring", "3f6eaa31", "stderr"], "values": [{"value": "  File \"/Users/erwan/miniconda3/envs/segmentation_env/lib/python3.10/multiprocessing/popen_fork.py\", line 19, in __init__\n", "step": null, "ts": 1735503814.2928}]}, "version": 97, "at": 1735503814.29284}
{"obj": {"type": "LogStrings", "path": ["monitoring", "3f6eaa31", "stderr"], "values": [{"value": "    ", "step": null, "ts": 1735503814.2932532}]}, "version": 98, "at": 1735503814.2932942}
{"obj": {"type": "LogStrings", "path": ["monitoring", "3f6eaa31", "stderr"], "values": [{"value": "self._launch(process_obj)", "step": null, "ts": 1735503814.2934542}]}, "version": 99, "at": 1735503814.29348}
{"obj": {"type": "LogStrings", "path": ["monitoring", "3f6eaa31", "stderr"], "values": [{"value": "\n", "step": null, "ts": 1735503814.2936268}]}, "version": 100, "at": 1735503814.2936552}
{"obj": {"type": "LogStrings", "path": ["monitoring", "3f6eaa31", "stderr"], "values": [{"value": "  File \"/Users/erwan/miniconda3/envs/segmentation_env/lib/python3.10/multiprocessing/popen_spawn_posix.py\", line 42, in _launch\n", "step": null, "ts": 1735503814.293835}]}, "version": 101, "at": 1735503814.2938612}
{"obj": {"type": "LogStrings", "path": ["monitoring", "3f6eaa31", "stderr"], "values": [{"value": "    ", "step": null, "ts": 1735503814.294089}]}, "version": 102, "at": 1735503814.294113}
{"obj": {"type": "LogStrings", "path": ["monitoring", "3f6eaa31", "stderr"], "values": [{"value": "prep_data = spawn.get_preparation_data(process_obj._name)", "step": null, "ts": 1735503814.294413}]}, "version": 103, "at": 1735503814.294441}
{"obj": {"type": "LogStrings", "path": ["monitoring", "3f6eaa31", "stderr"], "values": [{"value": "\n", "step": null, "ts": 1735503814.294558}]}, "version": 104, "at": 1735503814.2945821}
{"obj": {"type": "LogStrings", "path": ["monitoring", "3f6eaa31", "stderr"], "values": [{"value": "  File \"/Users/erwan/miniconda3/envs/segmentation_env/lib/python3.10/multiprocessing/spawn.py\", line 154, in get_preparation_data\n", "step": null, "ts": 1735503814.294726}]}, "version": 105, "at": 1735503814.294751}
{"obj": {"type": "LogStrings", "path": ["monitoring", "3f6eaa31", "stderr"], "values": [{"value": "    ", "step": null, "ts": 1735503814.294921}]}, "version": 106, "at": 1735503814.294945}
{"obj": {"type": "LogStrings", "path": ["monitoring", "3f6eaa31", "stderr"], "values": [{"value": "_check_not_importing_main()", "step": null, "ts": 1735503814.2950451}]}, "version": 107, "at": 1735503814.2950652}
{"obj": {"type": "LogStrings", "path": ["monitoring", "3f6eaa31", "stderr"], "values": [{"value": "\n", "step": null, "ts": 1735503814.295321}]}, "version": 108, "at": 1735503814.295349}
{"obj": {"type": "LogStrings", "path": ["monitoring", "3f6eaa31", "stderr"], "values": [{"value": "  File \"/Users/erwan/miniconda3/envs/segmentation_env/lib/python3.10/multiprocessing/spawn.py\", line 134, in _check_not_importing_main\n", "step": null, "ts": 1735503814.295518}]}, "version": 109, "at": 1735503814.29557}
{"obj": {"type": "LogStrings", "path": ["monitoring", "3f6eaa31", "stderr"], "values": [{"value": "    ", "step": null, "ts": 1735503814.296022}]}, "version": 110, "at": 1735503814.2960498}
{"obj": {"type": "LogStrings", "path": ["monitoring", "3f6eaa31", "stderr"], "values": [{"value": "raise RuntimeError('''", "step": null, "ts": 1735503814.2961621}]}, "version": 111, "at": 1735503814.2961862}
{"obj": {"type": "LogStrings", "path": ["monitoring", "3f6eaa31", "stderr"], "values": [{"value": "\n", "step": null, "ts": 1735503814.2964292}]}, "version": 112, "at": 1735503814.296452}
{"obj": {"type": "LogStrings", "path": ["monitoring", "3f6eaa31", "stderr"], "values": [{"value": "RuntimeError", "step": null, "ts": 1735503814.296682}]}, "version": 113, "at": 1735503814.296706}
{"obj": {"type": "LogStrings", "path": ["monitoring", "3f6eaa31", "stderr"], "values": [{"value": ": ", "step": null, "ts": 1735503814.296802}]}, "version": 114, "at": 1735503814.296824}
{"obj": {"type": "LogStrings", "path": ["monitoring", "3f6eaa31", "stderr"], "values": [{"value": "\n        An attempt has been made to start a new process before the\n        current process has finished its bootstrapping phase.\n\n        This probably means that you are not using fork to start your\n        child processes and you have forgotten to use the proper idiom\n        in the main module:\n\n            if __name__ == '__main__':\n                freeze_support()\n                ...\n\n        The \"freeze_support()\" line can be omitted if the program\n        is not going to be frozen to produce an executable.", "step": null, "ts": 1735503814.29701}]}, "version": 115, "at": 1735503814.297035}
{"obj": {"type": "LogStrings", "path": ["monitoring", "3f6eaa31", "stderr"], "values": [{"value": "\n", "step": null, "ts": 1735503814.297185}]}, "version": 116, "at": 1735503814.297209}
{"obj": {"type": "LogStrings", "path": ["monitoring", "3f6eaa31", "stdout"], "values": [{"value": "[neptune] [info   ] Shutting down background jobs, please wait a moment...\n", "step": null, "ts": 1735503814.297675}]}, "version": 117, "at": 1735503814.297703}
