{"obj": {"type": "AssignString", "path": ["sys", "name"], "value": "Untitled"}, "version": 1, "at": 1735504155.134893}
{"obj": {"type": "AssignString", "path": ["sys", "description"], "value": ""}, "version": 2, "at": 1735504155.1350908}
{"obj": {"type": "AssignString", "path": ["monitoring", "39b37810", "hostname"], "value": "Admins-MacBook-Pro.local"}, "version": 3, "at": 1735504155.135962}
{"obj": {"type": "AssignString", "path": ["sys", "hostname"], "value": "Admins-MacBook-Pro.local"}, "version": 4, "at": 1735504155.136064}
{"obj": {"type": "AssignString", "path": ["monitoring", "39b37810", "pid"], "value": "22810"}, "version": 5, "at": 1735504155.1361432}
{"obj": {"type": "AssignString", "path": ["monitoring", "39b37810", "tid"], "value": "4616199616"}, "version": 6, "at": 1735504155.136215}
{"obj": {"type": "AssignBool", "path": ["sys", "failed"], "value": false}, "version": 7, "at": 1735504155.136308}
{"obj": {"type": "ClearStringLog", "path": ["monitoring", "39b37810", "stdout"]}, "version": 8, "at": 1735504155.136417}
{"obj": {"type": "ClearStringLog", "path": ["monitoring", "39b37810", "stderr"]}, "version": 9, "at": 1735504155.136478}
{"obj": {"type": "AssignString", "path": ["source_code", "entrypoint"], "value": "train.py"}, "version": 10, "at": 1735504155.1369731}
{"obj": {"type": "UploadFileSet", "path": ["source_code", "files"], "file_globs": ["/Users/erwan/Workspace/WSS-UIC/train_vgg_resnet/train.py"], "reset": "False"}, "version": 11, "at": 1735504155.137069}
{"obj": {"type": "UploadFile", "path": ["source_code", "diff"], "ext": "patch", "file_path": null, "tmp_file_name": "source_code_diff-1735504155.311698-2024-12-29_21.29.15.311698.patch", "clean_after_upload": false}, "version": 12, "at": 1735504155.312041}
{"obj": {"type": "ConfigFloatSeries", "path": ["monitoring", "39b37810", "cpu"], "min": 0.0, "max": 100.0, "unit": "%"}, "version": 13, "at": 1735504155.315806}
{"obj": {"type": "ClearFloatLog", "path": ["monitoring", "39b37810", "cpu"]}, "version": 14, "at": 1735504155.31602}
{"obj": {"type": "ConfigFloatSeries", "path": ["monitoring", "39b37810", "memory"], "min": 0.0, "max": 16.0, "unit": "GB"}, "version": 15, "at": 1735504155.3161569}
{"obj": {"type": "ClearFloatLog", "path": ["monitoring", "39b37810", "memory"]}, "version": 16, "at": 1735504155.316212}
{"obj": {"type": "LogStrings", "path": ["monitoring", "39b37810", "stderr"], "values": [{"value": "[neptune] [warning] /Users/erwan/Workspace/WSS-UIC/train_vgg_resnet/train.py:46: NeptuneWarning: Info (NVML): NVML Shared Library Not Found. GPU usage metrics may not be reported. For more information, see https://docs.neptune.ai/help/nvml_error/\n", "step": null, "ts": 1735504155.316444}]}, "version": 17, "at": 1735504155.317033}
{"obj": {"type": "LogFloats", "path": ["monitoring", "39b37810", "memory"], "values": [{"value": 9.3226318359375, "step": null, "ts": 1735504155.31667}]}, "version": 18, "at": 1735504155.317203}
{"obj": {"type": "AssignString", "path": ["config", "optimizer"], "value": "Adam"}, "version": 19, "at": 1735504155.317389}
{"obj": {"type": "LogStrings", "path": ["monitoring", "39b37810", "stdout"], "values": [{"value": "ici la ", "step": null, "ts": 1735504155.317975}]}, "version": 20, "at": 1735504155.318004}
{"obj": {"type": "LogStrings", "path": ["monitoring", "39b37810", "stderr"], "values": [{"value": "\r  0%|                                                                                                                                                                                 | 0/2 [00:00<?, ?it/s]", "step": null, "ts": 1735504155.318911}]}, "version": 21, "at": 1735504155.318936}
{"obj": {"type": "LogStrings", "path": ["monitoring", "39b37810", "stdout"], "values": [{"value": "\n", "step": null, "ts": 1735504155.319124}]}, "version": 22, "at": 1735504155.3191411}
{"obj": {"type": "LogStrings", "path": ["monitoring", "39b37810", "stdout"], "values": [{"value": "dqsdqs", "step": null, "ts": 1735504155.319604}]}, "version": 23, "at": 1735504155.3196402}
{"obj": {"type": "LogStrings", "path": ["monitoring", "39b37810", "stdout"], "values": [{"value": "\n", "step": null, "ts": 1735504155.3200588}]}, "version": 24, "at": 1735504155.320077}
{"obj": {"type": "LogFloats", "path": ["monitoring", "39b37810", "cpu"], "values": [{"value": 82.3, "step": null, "ts": 1735504165.328745}]}, "version": 25, "at": 1735504165.338198}
{"obj": {"type": "LogFloats", "path": ["monitoring", "39b37810", "memory"], "values": [{"value": 11.770214080810547, "step": null, "ts": 1735504165.328745}]}, "version": 26, "at": 1735504165.34128}
{"obj": {"type": "LogStrings", "path": ["monitoring", "39b37810", "stderr"], "values": [{"value": "", "step": null, "ts": 1735504170.8089228}]}, "version": 27, "at": 1735504170.809242}
{"obj": {"type": "LogStrings", "path": ["monitoring", "39b37810", "stderr"], "values": [{"value": "\r  0%|                                                                                                                                                                                 | 0/2 [00:15<?, ?it/s]", "step": null, "ts": 1735504170.810858}]}, "version": 28, "at": 1735504170.810889}
{"obj": {"type": "LogStrings", "path": ["monitoring", "39b37810", "stderr"], "values": [{"value": "\n", "step": null, "ts": 1735504170.811062}]}, "version": 29, "at": 1735504170.8110888}
{"obj": {"type": "LogStrings", "path": ["monitoring", "39b37810", "traceback"], "values": [{"value": "An uncaught exception occurred while run was active on worker Admins-MacBook-Pro.local.", "step": null, "ts": 1735504170.812004}, {"value": "Marking run as failed", "step": null, "ts": 1735504170.812004}, {"value": "Traceback:", "step": null, "ts": 1735504170.812004}, {"value": "  File \"/Users/erwan/Workspace/WSS-UIC/train_vgg_resnet/train.py\", line 126, in <module>\n    train(\n", "step": null, "ts": 1735504170.812004}, {"value": "  File \"/Users/erwan/Workspace/WSS-UIC/train_vgg_resnet/train.py\", line 64, in train\n    for batch in train_dl:\n", "step": null, "ts": 1735504170.812004}, {"value": "  File \"/Users/erwan/miniconda3/envs/segmentation_env/lib/python3.10/site-packages/torch/utils/data/dataloader.py\", line 631, in __next__\n    data = self._next_data()\n", "step": null, "ts": 1735504170.812004}, {"value": "  File \"/Users/erwan/miniconda3/envs/segmentation_env/lib/python3.10/site-packages/torch/utils/data/dataloader.py\", line 1329, in _next_data\n    idx, data = self._get_data()\n", "step": null, "ts": 1735504170.812004}, {"value": "  File \"/Users/erwan/miniconda3/envs/segmentation_env/lib/python3.10/site-packages/torch/utils/data/dataloader.py\", line 1295, in _get_data\n    success, data = self._try_get_data()\n", "step": null, "ts": 1735504170.812004}, {"value": "  File \"/Users/erwan/miniconda3/envs/segmentation_env/lib/python3.10/site-packages/torch/utils/data/dataloader.py\", line 1146, in _try_get_data\n    raise RuntimeError(f'DataLoader worker (pid(s) {pids_str}) exited unexpectedly') from e\n", "step": null, "ts": 1735504170.812004}, {"value": "DataLoader worker (pid(s) 22822, 22823) exited unexpectedly", "step": null, "ts": 1735504170.812004}]}, "version": 30, "at": 1735504170.812039}
{"obj": {"type": "AssignBool", "path": ["sys", "failed"], "value": true}, "version": 31, "at": 1735504170.8123899}
{"obj": {"type": "LogStrings", "path": ["monitoring", "39b37810", "stderr"], "values": [{"value": "Traceback (most recent call last):\n", "step": null, "ts": 1735504170.8126311}]}, "version": 32, "at": 1735504170.8126578}
{"obj": {"type": "LogStrings", "path": ["monitoring", "39b37810", "stderr"], "values": [{"value": "  File \"/Users/erwan/miniconda3/envs/segmentation_env/lib/python3.10/site-packages/torch/utils/data/dataloader.py\", line 1133, in _try_get_data\n", "step": null, "ts": 1735504170.812835}]}, "version": 33, "at": 1735504170.812855}
{"obj": {"type": "LogStrings", "path": ["monitoring", "39b37810", "stderr"], "values": [{"value": "    ", "step": null, "ts": 1735504170.813331}]}, "version": 34, "at": 1735504170.813376}
{"obj": {"type": "LogStrings", "path": ["monitoring", "39b37810", "stderr"], "values": [{"value": "data = self._data_queue.get(timeout=timeout)", "step": null, "ts": 1735504170.813565}]}, "version": 35, "at": 1735504170.813586}
{"obj": {"type": "LogStrings", "path": ["monitoring", "39b37810", "stderr"], "values": [{"value": "\n", "step": null, "ts": 1735504170.815419}]}, "version": 36, "at": 1735504170.815443}
{"obj": {"type": "LogStrings", "path": ["monitoring", "39b37810", "stderr"], "values": [{"value": "  File \"/Users/erwan/miniconda3/envs/segmentation_env/lib/python3.10/multiprocessing/queues.py\", line 113, in get\n", "step": null, "ts": 1735504170.815658}]}, "version": 37, "at": 1735504170.815686}
{"obj": {"type": "LogStrings", "path": ["monitoring", "39b37810", "stderr"], "values": [{"value": "    ", "step": null, "ts": 1735504170.815871}]}, "version": 38, "at": 1735504170.815897}
{"obj": {"type": "LogStrings", "path": ["monitoring", "39b37810", "stderr"], "values": [{"value": "if not self._poll(timeout):", "step": null, "ts": 1735504170.815982}]}, "version": 39, "at": 1735504170.8159978}
{"obj": {"type": "LogStrings", "path": ["monitoring", "39b37810", "stderr"], "values": [{"value": "\n", "step": null, "ts": 1735504170.8160691}]}, "version": 40, "at": 1735504170.816084}
{"obj": {"type": "LogStrings", "path": ["monitoring", "39b37810", "stderr"], "values": [{"value": "  File \"/Users/erwan/miniconda3/envs/segmentation_env/lib/python3.10/multiprocessing/connection.py\", line 262, in poll\n", "step": null, "ts": 1735504170.8161511}]}, "version": 41, "at": 1735504170.8161652}
{"obj": {"type": "LogStrings", "path": ["monitoring", "39b37810", "stderr"], "values": [{"value": "    ", "step": null, "ts": 1735504170.8168802}]}, "version": 42, "at": 1735504170.8169138}
{"obj": {"type": "LogStrings", "path": ["monitoring", "39b37810", "stderr"], "values": [{"value": "return self._poll(timeout)", "step": null, "ts": 1735504170.817182}]}, "version": 43, "at": 1735504170.8172128}
{"obj": {"type": "LogStrings", "path": ["monitoring", "39b37810", "stderr"], "values": [{"value": "\n", "step": null, "ts": 1735504170.8174}]}, "version": 44, "at": 1735504170.81743}
{"obj": {"type": "LogStrings", "path": ["monitoring", "39b37810", "stderr"], "values": [{"value": "  File \"/Users/erwan/miniconda3/envs/segmentation_env/lib/python3.10/multiprocessing/connection.py\", line 429, in _poll\n", "step": null, "ts": 1735504170.817763}]}, "version": 45, "at": 1735504170.817787}
{"obj": {"type": "LogStrings", "path": ["monitoring", "39b37810", "stderr"], "values": [{"value": "    ", "step": null, "ts": 1735504170.818008}]}, "version": 46, "at": 1735504170.818037}
{"obj": {"type": "LogStrings", "path": ["monitoring", "39b37810", "stderr"], "values": [{"value": "r = wait([self], timeout)", "step": null, "ts": 1735504170.818305}]}, "version": 47, "at": 1735504170.8183239}
{"obj": {"type": "LogStrings", "path": ["monitoring", "39b37810", "stderr"], "values": [{"value": "\n", "step": null, "ts": 1735504170.818569}]}, "version": 48, "at": 1735504170.8185909}
{"obj": {"type": "LogStrings", "path": ["monitoring", "39b37810", "stderr"], "values": [{"value": "  File \"/Users/erwan/miniconda3/envs/segmentation_env/lib/python3.10/multiprocessing/connection.py\", line 936, in wait\n", "step": null, "ts": 1735504170.818764}]}, "version": 49, "at": 1735504170.81879}
{"obj": {"type": "LogStrings", "path": ["monitoring", "39b37810", "stderr"], "values": [{"value": "    ", "step": null, "ts": 1735504170.81921}]}, "version": 50, "at": 1735504170.819228}
{"obj": {"type": "LogStrings", "path": ["monitoring", "39b37810", "stderr"], "values": [{"value": "ready = selector.select(timeout)", "step": null, "ts": 1735504170.819305}]}, "version": 51, "at": 1735504170.8193212}
{"obj": {"type": "LogStrings", "path": ["monitoring", "39b37810", "stderr"], "values": [{"value": "\n", "step": null, "ts": 1735504170.81939}]}, "version": 52, "at": 1735504170.819405}
{"obj": {"type": "LogStrings", "path": ["monitoring", "39b37810", "stderr"], "values": [{"value": "  File \"/Users/erwan/miniconda3/envs/segmentation_env/lib/python3.10/selectors.py\", line 416, in select\n", "step": null, "ts": 1735504170.819499}]}, "version": 53, "at": 1735504170.81952}
{"obj": {"type": "LogStrings", "path": ["monitoring", "39b37810", "stderr"], "values": [{"value": "    ", "step": null, "ts": 1735504170.820035}]}, "version": 54, "at": 1735504170.820064}
{"obj": {"type": "LogStrings", "path": ["monitoring", "39b37810", "stderr"], "values": [{"value": "fd_event_list = self._selector.poll(timeout)", "step": null, "ts": 1735504170.820255}]}, "version": 55, "at": 1735504170.820276}
{"obj": {"type": "LogStrings", "path": ["monitoring", "39b37810", "stderr"], "values": [{"value": "\n", "step": null, "ts": 1735504170.82076}]}, "version": 56, "at": 1735504170.82078}
{"obj": {"type": "LogStrings", "path": ["monitoring", "39b37810", "stderr"], "values": [{"value": "  File \"/Users/erwan/miniconda3/envs/segmentation_env/lib/python3.10/site-packages/torch/utils/data/_utils/signal_handling.py\", line 66, in handler\n", "step": null, "ts": 1735504170.821297}]}, "version": 57, "at": 1735504170.8213198}
{"obj": {"type": "LogStrings", "path": ["monitoring", "39b37810", "stderr"], "values": [{"value": "    ", "step": null, "ts": 1735504170.8215392}]}, "version": 58, "at": 1735504170.8215811}
{"obj": {"type": "LogStrings", "path": ["monitoring", "39b37810", "stderr"], "values": [{"value": "_error_if_any_worker_fails()", "step": null, "ts": 1735504170.821706}]}, "version": 59, "at": 1735504170.821725}
{"obj": {"type": "LogStrings", "path": ["monitoring", "39b37810", "stderr"], "values": [{"value": "\n", "step": null, "ts": 1735504170.821803}]}, "version": 60, "at": 1735504170.82182}
{"obj": {"type": "LogStrings", "path": ["monitoring", "39b37810", "stderr"], "values": [{"value": "RuntimeError", "step": null, "ts": 1735504170.82189}]}, "version": 61, "at": 1735504170.821905}
{"obj": {"type": "LogStrings", "path": ["monitoring", "39b37810", "stderr"], "values": [{"value": ": ", "step": null, "ts": 1735504170.821972}]}, "version": 62, "at": 1735504170.821986}
{"obj": {"type": "LogStrings", "path": ["monitoring", "39b37810", "stderr"], "values": [{"value": "DataLoader worker (pid 22822) exited unexpectedly with exit code 1. Details are lost due to multiprocessing. Rerunning with num_workers=0 may give better error trace.", "step": null, "ts": 1735504170.8220632}]}, "version": 63, "at": 1735504170.8220851}
{"obj": {"type": "LogStrings", "path": ["monitoring", "39b37810", "stderr"], "values": [{"value": "\n", "step": null, "ts": 1735504170.8222778}]}, "version": 64, "at": 1735504170.822295}
{"obj": {"type": "LogStrings", "path": ["monitoring", "39b37810", "stderr"], "values": [{"value": "\nThe above exception was the direct cause of the following exception:\n\n", "step": null, "ts": 1735504170.822454}]}, "version": 65, "at": 1735504170.82248}
{"obj": {"type": "LogStrings", "path": ["monitoring", "39b37810", "stderr"], "values": [{"value": "Traceback (most recent call last):\n", "step": null, "ts": 1735504170.822731}]}, "version": 66, "at": 1735504170.822774}
{"obj": {"type": "LogStrings", "path": ["monitoring", "39b37810", "stderr"], "values": [{"value": "  File \"/Users/erwan/Workspace/WSS-UIC/train_vgg_resnet/train.py\", line 126, in <module>\n", "step": null, "ts": 1735504170.8231628}]}, "version": 67, "at": 1735504170.8231869}
{"obj": {"type": "LogStrings", "path": ["monitoring", "39b37810", "stderr"], "values": [{"value": "    ", "step": null, "ts": 1735504170.823391}]}, "version": 68, "at": 1735504170.823413}
{"obj": {"type": "LogStrings", "path": ["monitoring", "39b37810", "stderr"], "values": [{"value": "train(", "step": null, "ts": 1735504170.823508}]}, "version": 69, "at": 1735504170.823526}
{"obj": {"type": "LogStrings", "path": ["monitoring", "39b37810", "stderr"], "values": [{"value": "\n", "step": null, "ts": 1735504170.8235981}]}, "version": 70, "at": 1735504170.823613}
{"obj": {"type": "LogStrings", "path": ["monitoring", "39b37810", "stderr"], "values": [{"value": "  File \"/Users/erwan/Workspace/WSS-UIC/train_vgg_resnet/train.py\", line 64, in train\n", "step": null, "ts": 1735504170.823681}]}, "version": 71, "at": 1735504170.823696}
{"obj": {"type": "LogStrings", "path": ["monitoring", "39b37810", "stderr"], "values": [{"value": "    ", "step": null, "ts": 1735504170.823818}]}, "version": 72, "at": 1735504170.8238342}
{"obj": {"type": "LogStrings", "path": ["monitoring", "39b37810", "stderr"], "values": [{"value": "for batch in train_dl:", "step": null, "ts": 1735504170.823902}]}, "version": 73, "at": 1735504170.8239172}
{"obj": {"type": "LogStrings", "path": ["monitoring", "39b37810", "stderr"], "values": [{"value": "\n", "step": null, "ts": 1735504170.823989}]}, "version": 74, "at": 1735504170.824003}
{"obj": {"type": "LogStrings", "path": ["monitoring", "39b37810", "stderr"], "values": [{"value": "  File \"/Users/erwan/miniconda3/envs/segmentation_env/lib/python3.10/site-packages/torch/utils/data/dataloader.py\", line 631, in __next__\n", "step": null, "ts": 1735504170.824068}]}, "version": 75, "at": 1735504170.824082}
{"obj": {"type": "LogStrings", "path": ["monitoring", "39b37810", "stderr"], "values": [{"value": "    ", "step": null, "ts": 1735504170.8241549}]}, "version": 76, "at": 1735504170.824169}
{"obj": {"type": "LogStrings", "path": ["monitoring", "39b37810", "stderr"], "values": [{"value": "data = self._next_data()", "step": null, "ts": 1735504170.824235}]}, "version": 77, "at": 1735504170.824249}
{"obj": {"type": "LogStrings", "path": ["monitoring", "39b37810", "stderr"], "values": [{"value": "\n", "step": null, "ts": 1735504170.82432}]}, "version": 78, "at": 1735504170.8243341}
{"obj": {"type": "LogStrings", "path": ["monitoring", "39b37810", "stderr"], "values": [{"value": "  File \"/Users/erwan/miniconda3/envs/segmentation_env/lib/python3.10/site-packages/torch/utils/data/dataloader.py\", line 1329, in _next_data\n", "step": null, "ts": 1735504170.8244019}]}, "version": 79, "at": 1735504170.824416}
{"obj": {"type": "LogStrings", "path": ["monitoring", "39b37810", "stderr"], "values": [{"value": "    ", "step": null, "ts": 1735504170.825185}]}, "version": 80, "at": 1735504170.825213}
{"obj": {"type": "LogStrings", "path": ["monitoring", "39b37810", "stderr"], "values": [{"value": "idx, data = self._get_data()", "step": null, "ts": 1735504170.8256269}]}, "version": 81, "at": 1735504170.825652}
{"obj": {"type": "LogStrings", "path": ["monitoring", "39b37810", "stderr"], "values": [{"value": "\n", "step": null, "ts": 1735504170.8260028}]}, "version": 82, "at": 1735504170.8260238}
{"obj": {"type": "LogStrings", "path": ["monitoring", "39b37810", "stderr"], "values": [{"value": "  File \"/Users/erwan/miniconda3/envs/segmentation_env/lib/python3.10/site-packages/torch/utils/data/dataloader.py\", line 1295, in _get_data\n", "step": null, "ts": 1735504170.82625}]}, "version": 83, "at": 1735504170.8262851}
{"obj": {"type": "LogStrings", "path": ["monitoring", "39b37810", "stderr"], "values": [{"value": "    ", "step": null, "ts": 1735504170.827701}]}, "version": 84, "at": 1735504170.827741}
{"obj": {"type": "LogStrings", "path": ["monitoring", "39b37810", "stdout"], "values": [{"value": "[neptune] [info   ] Shutting down background jobs, please wait a moment...\n", "step": null, "ts": 1735504170.8283231}]}, "version": 85, "at": 1735504170.828374}
{"obj": {"type": "LogStrings", "path": ["monitoring", "39b37810", "stderr"], "values": [{"value": "success, data = self._try_get_data()", "step": null, "ts": 1735504170.8285801}]}, "version": 86, "at": 1735504170.82861}
{"obj": {"type": "LogStrings", "path": ["monitoring", "39b37810", "stderr"], "values": [{"value": "\n", "step": null, "ts": 1735504170.8288178}]}, "version": 87, "at": 1735504170.828843}
{"obj": {"type": "LogStrings", "path": ["monitoring", "39b37810", "stderr"], "values": [{"value": "  File \"/Users/erwan/miniconda3/envs/segmentation_env/lib/python3.10/site-packages/torch/utils/data/dataloader.py\", line 1146, in _try_get_data\n", "step": null, "ts": 1735504170.828949}]}, "version": 88, "at": 1735504170.828971}
{"obj": {"type": "LogStrings", "path": ["monitoring", "39b37810", "stderr"], "values": [{"value": "    ", "step": null, "ts": 1735504170.8290749}]}, "version": 89, "at": 1735504170.829098}
{"obj": {"type": "LogStrings", "path": ["monitoring", "39b37810", "stderr"], "values": [{"value": "raise RuntimeError(f'DataLoader worker (pid(s) {pids_str}) exited unexpectedly') from e", "step": null, "ts": 1735504170.8291929}]}, "version": 90, "at": 1735504170.8292139}
{"obj": {"type": "LogStrings", "path": ["monitoring", "39b37810", "stderr"], "values": [{"value": "\n", "step": null, "ts": 1735504170.8293161}]}, "version": 91, "at": 1735504170.829338}
{"obj": {"type": "LogStrings", "path": ["monitoring", "39b37810", "stderr"], "values": [{"value": "RuntimeError", "step": null, "ts": 1735504170.829432}]}, "version": 92, "at": 1735504170.829453}
{"obj": {"type": "LogStrings", "path": ["monitoring", "39b37810", "stderr"], "values": [{"value": ": ", "step": null, "ts": 1735504170.829545}]}, "version": 93, "at": 1735504170.829566}
{"obj": {"type": "LogStrings", "path": ["monitoring", "39b37810", "stderr"], "values": [{"value": "DataLoader worker (pid(s) 22822, 22823) exited unexpectedly", "step": null, "ts": 1735504170.829658}]}, "version": 94, "at": 1735504170.829678}
{"obj": {"type": "LogStrings", "path": ["monitoring", "39b37810", "stderr"], "values": [{"value": "\n", "step": null, "ts": 1735504170.82977}]}, "version": 95, "at": 1735504170.829791}
