{"obj": {"type": "AssignString", "path": ["sys", "name"], "value": "Untitled"}, "version": 1, "at": 1735504016.535459}
{"obj": {"type": "AssignString", "path": ["sys", "description"], "value": ""}, "version": 2, "at": 1735504016.5358348}
{"obj": {"type": "AssignString", "path": ["monitoring", "f39c9f77", "hostname"], "value": "Admins-MacBook-Pro.local"}, "version": 3, "at": 1735504016.536007}
{"obj": {"type": "AssignString", "path": ["sys", "hostname"], "value": "Admins-MacBook-Pro.local"}, "version": 4, "at": 1735504016.536132}
{"obj": {"type": "AssignString", "path": ["monitoring", "f39c9f77", "pid"], "value": "22728"}, "version": 5, "at": 1735504016.5362492}
{"obj": {"type": "AssignString", "path": ["monitoring", "f39c9f77", "tid"], "value": "4554550720"}, "version": 6, "at": 1735504016.536384}
{"obj": {"type": "AssignBool", "path": ["sys", "failed"], "value": false}, "version": 7, "at": 1735504016.536561}
{"obj": {"type": "ClearStringLog", "path": ["monitoring", "f39c9f77", "stdout"]}, "version": 8, "at": 1735504016.536737}
{"obj": {"type": "ClearStringLog", "path": ["monitoring", "f39c9f77", "stderr"]}, "version": 9, "at": 1735504016.5368478}
{"obj": {"type": "AssignString", "path": ["source_code", "entrypoint"], "value": "train.py"}, "version": 10, "at": 1735504016.5374458}
{"obj": {"type": "UploadFileSet", "path": ["source_code", "files"], "file_globs": ["/Users/erwan/Workspace/WSS-UIC/train_vgg_resnet/train.py"], "reset": "False"}, "version": 11, "at": 1735504016.5377111}
{"obj": {"type": "UploadFile", "path": ["source_code", "diff"], "ext": "patch", "file_path": null, "tmp_file_name": "source_code_diff-1735504016.749334-2024-12-29_21.26.56.749334.patch", "clean_after_upload": false}, "version": 12, "at": 1735504016.749731}
{"obj": {"type": "ConfigFloatSeries", "path": ["monitoring", "f39c9f77", "cpu"], "min": 0.0, "max": 100.0, "unit": "%"}, "version": 13, "at": 1735504016.754619}
{"obj": {"type": "ClearFloatLog", "path": ["monitoring", "f39c9f77", "cpu"]}, "version": 14, "at": 1735504016.7547488}
{"obj": {"type": "LogStrings", "path": ["monitoring", "f39c9f77", "stderr"], "values": [{"value": "[neptune] [warning] /Users/erwan/Workspace/WSS-UIC/train_vgg_resnet/train.py:46: NeptuneWarning: Info (NVML): NVML Shared Library Not Found. GPU usage metrics may not be reported. For more information, see https://docs.neptune.ai/help/nvml_error/\n", "step": null, "ts": 1735504016.754842}]}, "version": 15, "at": 1735504016.7548969}
{"obj": {"type": "ConfigFloatSeries", "path": ["monitoring", "f39c9f77", "memory"], "min": 0.0, "max": 16.0, "unit": "GB"}, "version": 16, "at": 1735504016.755017}
{"obj": {"type": "ClearFloatLog", "path": ["monitoring", "f39c9f77", "memory"]}, "version": 17, "at": 1735504016.7550569}
{"obj": {"type": "LogFloats", "path": ["monitoring", "f39c9f77", "memory"], "values": [{"value": 9.478927612304688, "step": null, "ts": 1735504016.755191}]}, "version": 18, "at": 1735504016.755357}
{"obj": {"type": "AssignString", "path": ["config", "optimizer"], "value": "Adam"}, "version": 19, "at": 1735504016.755585}
{"obj": {"type": "LogStrings", "path": ["monitoring", "f39c9f77", "stdout"], "values": [{"value": "ici la ", "step": null, "ts": 1735504016.755865}]}, "version": 20, "at": 1735504016.7559218}
{"obj": {"type": "LogStrings", "path": ["monitoring", "f39c9f77", "stdout"], "values": [{"value": "\n", "step": null, "ts": 1735504016.758754}]}, "version": 21, "at": 1735504016.758785}
{"obj": {"type": "LogStrings", "path": ["monitoring", "f39c9f77", "stderr"], "values": [{"value": "\r  0%|                                                                                                                                                                                 | 0/2 [00:00<?, ?it/s]", "step": null, "ts": 1735504016.7689312}]}, "version": 22, "at": 1735504016.769023}
{"obj": {"type": "LogStrings", "path": ["monitoring", "f39c9f77", "stdout"], "values": [{"value": "dqsdqs", "step": null, "ts": 1735504016.786606}]}, "version": 23, "at": 1735504016.786653}
{"obj": {"type": "LogStrings", "path": ["monitoring", "f39c9f77", "stdout"], "values": [{"value": "\n", "step": null, "ts": 1735504016.855802}]}, "version": 24, "at": 1735504016.8560278}
{"obj": {"type": "LogStrings", "path": ["monitoring", "f39c9f77", "stderr"], "values": [{"value": "", "step": null, "ts": 1735504026.2469718}]}, "version": 25, "at": 1735504026.247127}
{"obj": {"type": "LogStrings", "path": ["monitoring", "f39c9f77", "stderr"], "values": [{"value": "\r  0%|                                                                                                                                                                                 | 0/2 [00:09<?, ?it/s]", "step": null, "ts": 1735504026.2489479}]}, "version": 26, "at": 1735504026.248993}
{"obj": {"type": "LogStrings", "path": ["monitoring", "f39c9f77", "stderr"], "values": [{"value": "\n", "step": null, "ts": 1735504026.249225}]}, "version": 27, "at": 1735504026.249255}
{"obj": {"type": "LogStrings", "path": ["monitoring", "f39c9f77", "traceback"], "values": [{"value": "An uncaught exception occurred while run was active on worker Admins-MacBook-Pro.local.", "step": null, "ts": 1735504026.2498891}, {"value": "Marking run as failed", "step": null, "ts": 1735504026.2498891}, {"value": "Traceback:", "step": null, "ts": 1735504026.2498891}, {"value": "  File \"/Users/erwan/Workspace/WSS-UIC/train_vgg_resnet/train.py\", line 126, in <module>\n    train(\n", "step": null, "ts": 1735504026.2498891}, {"value": "  File \"/Users/erwan/Workspace/WSS-UIC/train_vgg_resnet/train.py\", line 64, in train\n    for batch in train_dl:\n", "step": null, "ts": 1735504026.2498891}, {"value": "  File \"/Users/erwan/miniconda3/envs/segmentation_env/lib/python3.10/site-packages/torch/utils/data/dataloader.py\", line 631, in __next__\n    data = self._next_data()\n", "step": null, "ts": 1735504026.2498891}, {"value": "  File \"/Users/erwan/miniconda3/envs/segmentation_env/lib/python3.10/site-packages/torch/utils/data/dataloader.py\", line 1329, in _next_data\n    idx, data = self._get_data()\n", "step": null, "ts": 1735504026.2498891}, {"value": "  File \"/Users/erwan/miniconda3/envs/segmentation_env/lib/python3.10/site-packages/torch/utils/data/dataloader.py\", line 1295, in _get_data\n    success, data = self._try_get_data()\n", "step": null, "ts": 1735504026.2498891}, {"value": "  File \"/Users/erwan/miniconda3/envs/segmentation_env/lib/python3.10/site-packages/torch/utils/data/dataloader.py\", line 1146, in _try_get_data\n    raise RuntimeError(f'DataLoader worker (pid(s) {pids_str}) exited unexpectedly') from e\n", "step": null, "ts": 1735504026.2498891}, {"value": "DataLoader worker (pid(s) 22743) exited unexpectedly", "step": null, "ts": 1735504026.2498891}]}, "version": 28, "at": 1735504026.2499359}
{"obj": {"type": "AssignBool", "path": ["sys", "failed"], "value": true}, "version": 29, "at": 1735504026.250151}
{"obj": {"type": "LogStrings", "path": ["monitoring", "f39c9f77", "stderr"], "values": [{"value": "Traceback (most recent call last):\n", "step": null, "ts": 1735504026.2509902}]}, "version": 30, "at": 1735504026.25103}
{"obj": {"type": "LogStrings", "path": ["monitoring", "f39c9f77", "stderr"], "values": [{"value": "  File \"/Users/erwan/miniconda3/envs/segmentation_env/lib/python3.10/site-packages/torch/utils/data/dataloader.py\", line 1133, in _try_get_data\n", "step": null, "ts": 1735504026.2513}]}, "version": 31, "at": 1735504026.2513301}
{"obj": {"type": "LogStrings", "path": ["monitoring", "f39c9f77", "stderr"], "values": [{"value": "    ", "step": null, "ts": 1735504026.25162}]}, "version": 32, "at": 1735504026.251668}
{"obj": {"type": "LogStrings", "path": ["monitoring", "f39c9f77", "stderr"], "values": [{"value": "data = self._data_queue.get(timeout=timeout)", "step": null, "ts": 1735504026.2518148}]}, "version": 33, "at": 1735504026.251843}
{"obj": {"type": "LogStrings", "path": ["monitoring", "f39c9f77", "stderr"], "values": [{"value": "\n", "step": null, "ts": 1735504026.253645}]}, "version": 34, "at": 1735504026.253723}
{"obj": {"type": "LogStrings", "path": ["monitoring", "f39c9f77", "stderr"], "values": [{"value": "  File \"/Users/erwan/miniconda3/envs/segmentation_env/lib/python3.10/multiprocessing/queues.py\", line 113, in get\n", "step": null, "ts": 1735504026.253953}]}, "version": 35, "at": 1735504026.253984}
{"obj": {"type": "LogStrings", "path": ["monitoring", "f39c9f77", "stderr"], "values": [{"value": "    ", "step": null, "ts": 1735504026.254265}]}, "version": 36, "at": 1735504026.254292}
{"obj": {"type": "LogStrings", "path": ["monitoring", "f39c9f77", "stderr"], "values": [{"value": "if not self._poll(timeout):", "step": null, "ts": 1735504026.2544582}]}, "version": 37, "at": 1735504026.254488}
{"obj": {"type": "LogStrings", "path": ["monitoring", "f39c9f77", "stderr"], "values": [{"value": "\n", "step": null, "ts": 1735504026.2549388}]}, "version": 38, "at": 1735504026.254982}
{"obj": {"type": "LogStrings", "path": ["monitoring", "f39c9f77", "stderr"], "values": [{"value": "  File \"/Users/erwan/miniconda3/envs/segmentation_env/lib/python3.10/multiprocessing/connection.py\", line 262, in poll\n", "step": null, "ts": 1735504026.2552571}]}, "version": 39, "at": 1735504026.255286}
{"obj": {"type": "LogStrings", "path": ["monitoring", "f39c9f77", "stderr"], "values": [{"value": "    ", "step": null, "ts": 1735504026.2555861}]}, "version": 40, "at": 1735504026.255612}
{"obj": {"type": "LogStrings", "path": ["monitoring", "f39c9f77", "stderr"], "values": [{"value": "return self._poll(timeout)", "step": null, "ts": 1735504026.255873}]}, "version": 41, "at": 1735504026.2559}
{"obj": {"type": "LogStrings", "path": ["monitoring", "f39c9f77", "stderr"], "values": [{"value": "\n", "step": null, "ts": 1735504026.256043}]}, "version": 42, "at": 1735504026.256066}
{"obj": {"type": "LogStrings", "path": ["monitoring", "f39c9f77", "stderr"], "values": [{"value": "  File \"/Users/erwan/miniconda3/envs/segmentation_env/lib/python3.10/multiprocessing/connection.py\", line 429, in _poll\n", "step": null, "ts": 1735504026.2563798}]}, "version": 43, "at": 1735504026.256403}
{"obj": {"type": "LogStrings", "path": ["monitoring", "f39c9f77", "stderr"], "values": [{"value": "    ", "step": null, "ts": 1735504026.256683}]}, "version": 44, "at": 1735504026.256709}
{"obj": {"type": "LogStrings", "path": ["monitoring", "f39c9f77", "stderr"], "values": [{"value": "r = wait([self], timeout)", "step": null, "ts": 1735504026.2569091}]}, "version": 45, "at": 1735504026.2569358}
{"obj": {"type": "LogStrings", "path": ["monitoring", "f39c9f77", "stderr"], "values": [{"value": "\n", "step": null, "ts": 1735504026.257416}]}, "version": 46, "at": 1735504026.2574458}
{"obj": {"type": "LogStrings", "path": ["monitoring", "f39c9f77", "stderr"], "values": [{"value": "  File \"/Users/erwan/miniconda3/envs/segmentation_env/lib/python3.10/multiprocessing/connection.py\", line 936, in wait\n", "step": null, "ts": 1735504026.2575638}]}, "version": 47, "at": 1735504026.257588}
{"obj": {"type": "LogStrings", "path": ["monitoring", "f39c9f77", "stderr"], "values": [{"value": "    ", "step": null, "ts": 1735504026.257799}]}, "version": 48, "at": 1735504026.257827}
{"obj": {"type": "LogStrings", "path": ["monitoring", "f39c9f77", "stderr"], "values": [{"value": "ready = selector.select(timeout)", "step": null, "ts": 1735504026.257937}]}, "version": 49, "at": 1735504026.257961}
{"obj": {"type": "LogStrings", "path": ["monitoring", "f39c9f77", "stderr"], "values": [{"value": "\n", "step": null, "ts": 1735504026.258083}]}, "version": 50, "at": 1735504026.258108}
{"obj": {"type": "LogStrings", "path": ["monitoring", "f39c9f77", "stderr"], "values": [{"value": "  File \"/Users/erwan/miniconda3/envs/segmentation_env/lib/python3.10/selectors.py\", line 416, in select\n", "step": null, "ts": 1735504026.258402}]}, "version": 51, "at": 1735504026.258432}
{"obj": {"type": "LogStrings", "path": ["monitoring", "f39c9f77", "stderr"], "values": [{"value": "    ", "step": null, "ts": 1735504026.259491}]}, "version": 52, "at": 1735504026.2595358}
{"obj": {"type": "LogStrings", "path": ["monitoring", "f39c9f77", "stderr"], "values": [{"value": "fd_event_list = self._selector.poll(timeout)", "step": null, "ts": 1735504026.259704}]}, "version": 53, "at": 1735504026.259736}
{"obj": {"type": "LogStrings", "path": ["monitoring", "f39c9f77", "stderr"], "values": [{"value": "\n", "step": null, "ts": 1735504026.2598588}]}, "version": 54, "at": 1735504026.259883}
{"obj": {"type": "LogStrings", "path": ["monitoring", "f39c9f77", "stderr"], "values": [{"value": "  File \"/Users/erwan/miniconda3/envs/segmentation_env/lib/python3.10/site-packages/torch/utils/data/_utils/signal_handling.py\", line 66, in handler\n", "step": null, "ts": 1735504026.259988}]}, "version": 55, "at": 1735504026.260011}
{"obj": {"type": "LogStrings", "path": ["monitoring", "f39c9f77", "stderr"], "values": [{"value": "    ", "step": null, "ts": 1735504026.2604852}]}, "version": 56, "at": 1735504026.2605162}
{"obj": {"type": "LogStrings", "path": ["monitoring", "f39c9f77", "stderr"], "values": [{"value": "_error_if_any_worker_fails()", "step": null, "ts": 1735504026.2606988}]}, "version": 57, "at": 1735504026.260726}
{"obj": {"type": "LogStrings", "path": ["monitoring", "f39c9f77", "stderr"], "values": [{"value": "\n", "step": null, "ts": 1735504026.2610528}]}, "version": 58, "at": 1735504026.261079}
{"obj": {"type": "LogStrings", "path": ["monitoring", "f39c9f77", "stderr"], "values": [{"value": "RuntimeError", "step": null, "ts": 1735504026.261329}]}, "version": 59, "at": 1735504026.261354}
{"obj": {"type": "LogStrings", "path": ["monitoring", "f39c9f77", "stderr"], "values": [{"value": ": ", "step": null, "ts": 1735504026.261594}]}, "version": 60, "at": 1735504026.26162}
{"obj": {"type": "LogStrings", "path": ["monitoring", "f39c9f77", "stderr"], "values": [{"value": "DataLoader worker (pid 22743) exited unexpectedly with exit code 1. Details are lost due to multiprocessing. Rerunning with num_workers=0 may give better error trace.", "step": null, "ts": 1735504026.261724}]}, "version": 61, "at": 1735504026.261746}
{"obj": {"type": "LogStrings", "path": ["monitoring", "f39c9f77", "stderr"], "values": [{"value": "\n", "step": null, "ts": 1735504026.26185}]}, "version": 62, "at": 1735504026.261872}
{"obj": {"type": "LogStrings", "path": ["monitoring", "f39c9f77", "stderr"], "values": [{"value": "\nThe above exception was the direct cause of the following exception:\n\n", "step": null, "ts": 1735504026.262053}]}, "version": 63, "at": 1735504026.262076}
{"obj": {"type": "LogStrings", "path": ["monitoring", "f39c9f77", "stderr"], "values": [{"value": "Traceback (most recent call last):\n", "step": null, "ts": 1735504026.262224}]}, "version": 64, "at": 1735504026.262246}
{"obj": {"type": "LogStrings", "path": ["monitoring", "f39c9f77", "stderr"], "values": [{"value": "  File \"/Users/erwan/Workspace/WSS-UIC/train_vgg_resnet/train.py\", line 126, in <module>\n", "step": null, "ts": 1735504026.262513}]}, "version": 65, "at": 1735504026.2625349}
{"obj": {"type": "LogStrings", "path": ["monitoring", "f39c9f77", "stderr"], "values": [{"value": "    ", "step": null, "ts": 1735504026.262939}]}, "version": 66, "at": 1735504026.2629619}
{"obj": {"type": "LogStrings", "path": ["monitoring", "f39c9f77", "stderr"], "values": [{"value": "train(", "step": null, "ts": 1735504026.263063}]}, "version": 67, "at": 1735504026.2630851}
{"obj": {"type": "LogStrings", "path": ["monitoring", "f39c9f77", "stderr"], "values": [{"value": "\n", "step": null, "ts": 1735504026.263264}]}, "version": 68, "at": 1735504026.263286}
{"obj": {"type": "LogStrings", "path": ["monitoring", "f39c9f77", "stderr"], "values": [{"value": "  File \"/Users/erwan/Workspace/WSS-UIC/train_vgg_resnet/train.py\", line 64, in train\n", "step": null, "ts": 1735504026.2634182}]}, "version": 69, "at": 1735504026.2634392}
{"obj": {"type": "LogStrings", "path": ["monitoring", "f39c9f77", "stderr"], "values": [{"value": "    ", "step": null, "ts": 1735504026.26403}]}, "version": 70, "at": 1735504026.2640588}
{"obj": {"type": "LogStrings", "path": ["monitoring", "f39c9f77", "stderr"], "values": [{"value": "for batch in train_dl:", "step": null, "ts": 1735504026.264235}]}, "version": 71, "at": 1735504026.264263}
{"obj": {"type": "LogStrings", "path": ["monitoring", "f39c9f77", "stderr"], "values": [{"value": "\n", "step": null, "ts": 1735504026.264452}]}, "version": 72, "at": 1735504026.264477}
{"obj": {"type": "LogStrings", "path": ["monitoring", "f39c9f77", "stderr"], "values": [{"value": "  File \"/Users/erwan/miniconda3/envs/segmentation_env/lib/python3.10/site-packages/torch/utils/data/dataloader.py\", line 631, in __next__\n", "step": null, "ts": 1735504026.264577}]}, "version": 73, "at": 1735504026.264599}
{"obj": {"type": "LogStrings", "path": ["monitoring", "f39c9f77", "stderr"], "values": [{"value": "    ", "step": null, "ts": 1735504026.2646961}]}, "version": 74, "at": 1735504026.264718}
{"obj": {"type": "LogStrings", "path": ["monitoring", "f39c9f77", "stderr"], "values": [{"value": "data = self._next_data()", "step": null, "ts": 1735504026.264849}]}, "version": 75, "at": 1735504026.264871}
{"obj": {"type": "LogStrings", "path": ["monitoring", "f39c9f77", "stderr"], "values": [{"value": "\n", "step": null, "ts": 1735504026.265023}]}, "version": 76, "at": 1735504026.2650502}
{"obj": {"type": "LogStrings", "path": ["monitoring", "f39c9f77", "stderr"], "values": [{"value": "  File \"/Users/erwan/miniconda3/envs/segmentation_env/lib/python3.10/site-packages/torch/utils/data/dataloader.py\", line 1329, in _next_data\n", "step": null, "ts": 1735504026.265186}]}, "version": 77, "at": 1735504026.265215}
{"obj": {"type": "LogStrings", "path": ["monitoring", "f39c9f77", "stderr"], "values": [{"value": "    ", "step": null, "ts": 1735504026.265363}]}, "version": 78, "at": 1735504026.2653959}
{"obj": {"type": "LogStrings", "path": ["monitoring", "f39c9f77", "stderr"], "values": [{"value": "idx, data = self._get_data()", "step": null, "ts": 1735504026.265547}]}, "version": 79, "at": 1735504026.265582}
{"obj": {"type": "LogStrings", "path": ["monitoring", "f39c9f77", "stderr"], "values": [{"value": "\n", "step": null, "ts": 1735504026.26576}]}, "version": 80, "at": 1735504026.265795}
{"obj": {"type": "LogStrings", "path": ["monitoring", "f39c9f77", "stderr"], "values": [{"value": "  File \"/Users/erwan/miniconda3/envs/segmentation_env/lib/python3.10/site-packages/torch/utils/data/dataloader.py\", line 1295, in _get_data\n", "step": null, "ts": 1735504026.265974}]}, "version": 81, "at": 1735504026.266009}
{"obj": {"type": "LogStrings", "path": ["monitoring", "f39c9f77", "stderr"], "values": [{"value": "    ", "step": null, "ts": 1735504026.266175}]}, "version": 82, "at": 1735504026.26621}
{"obj": {"type": "LogStrings", "path": ["monitoring", "f39c9f77", "stderr"], "values": [{"value": "success, data = self._try_get_data()", "step": null, "ts": 1735504026.266379}]}, "version": 83, "at": 1735504026.266418}
{"obj": {"type": "LogStrings", "path": ["monitoring", "f39c9f77", "stderr"], "values": [{"value": "\n", "step": null, "ts": 1735504026.267806}]}, "version": 84, "at": 1735504026.267851}
{"obj": {"type": "LogStrings", "path": ["monitoring", "f39c9f77", "stderr"], "values": [{"value": "  File \"/Users/erwan/miniconda3/envs/segmentation_env/lib/python3.10/site-packages/torch/utils/data/dataloader.py\", line 1146, in _try_get_data\n", "step": null, "ts": 1735504026.268013}]}, "version": 85, "at": 1735504026.26804}
{"obj": {"type": "LogStrings", "path": ["monitoring", "f39c9f77", "stderr"], "values": [{"value": "    ", "step": null, "ts": 1735504026.268984}]}, "version": 86, "at": 1735504026.269023}
{"obj": {"type": "LogStrings", "path": ["monitoring", "f39c9f77", "stderr"], "values": [{"value": "raise RuntimeError(f'DataLoader worker (pid(s) {pids_str}) exited unexpectedly') from e", "step": null, "ts": 1735504026.2691689}]}, "version": 87, "at": 1735504026.269197}
{"obj": {"type": "LogStrings", "path": ["monitoring", "f39c9f77", "stderr"], "values": [{"value": "\n", "step": null, "ts": 1735504026.269314}]}, "version": 88, "at": 1735504026.2693388}
{"obj": {"type": "LogStrings", "path": ["monitoring", "f39c9f77", "stderr"], "values": [{"value": "RuntimeError", "step": null, "ts": 1735504026.269448}]}, "version": 89, "at": 1735504026.269472}
{"obj": {"type": "LogStrings", "path": ["monitoring", "f39c9f77", "stderr"], "values": [{"value": ": ", "step": null, "ts": 1735504026.2699058}]}, "version": 90, "at": 1735504026.269936}
{"obj": {"type": "LogStrings", "path": ["monitoring", "f39c9f77", "stderr"], "values": [{"value": "DataLoader worker (pid(s) 22743) exited unexpectedly", "step": null, "ts": 1735504026.270068}]}, "version": 91, "at": 1735504026.270095}
{"obj": {"type": "LogStrings", "path": ["monitoring", "f39c9f77", "stderr"], "values": [{"value": "\n", "step": null, "ts": 1735504026.2702148}]}, "version": 92, "at": 1735504026.2702441}
{"obj": {"type": "LogStrings", "path": ["monitoring", "f39c9f77", "stdout"], "values": [{"value": "[neptune] [info   ] Shutting down background jobs, please wait a moment...\n", "step": null, "ts": 1735504026.270957}]}, "version": 93, "at": 1735504026.270995}
