{"obj": {"type": "AssignString", "path": ["sys", "name"], "value": "Untitled"}, "version": 1, "at": 1735503813.9933171}
{"obj": {"type": "AssignString", "path": ["sys", "description"], "value": ""}, "version": 2, "at": 1735503813.993568}
{"obj": {"type": "AssignString", "path": ["monitoring", "aea15823", "hostname"], "value": "Admins-MacBook-Pro.local"}, "version": 3, "at": 1735503813.9937}
{"obj": {"type": "AssignString", "path": ["sys", "hostname"], "value": "Admins-MacBook-Pro.local"}, "version": 4, "at": 1735503813.993812}
{"obj": {"type": "AssignString", "path": ["monitoring", "aea15823", "pid"], "value": "22574"}, "version": 5, "at": 1735503813.993921}
{"obj": {"type": "AssignString", "path": ["monitoring", "aea15823", "tid"], "value": "4669156800"}, "version": 6, "at": 1735503813.994027}
{"obj": {"type": "AssignBool", "path": ["sys", "failed"], "value": false}, "version": 7, "at": 1735503813.994155}
{"obj": {"type": "ClearStringLog", "path": ["monitoring", "aea15823", "stdout"]}, "version": 8, "at": 1735503813.994306}
{"obj": {"type": "ClearStringLog", "path": ["monitoring", "aea15823", "stderr"]}, "version": 9, "at": 1735503813.9943948}
{"obj": {"type": "AssignString", "path": ["source_code", "entrypoint"], "value": "train.py"}, "version": 10, "at": 1735503813.9980428}
{"obj": {"type": "UploadFileSet", "path": ["source_code", "files"], "file_globs": ["/Users/erwan/Workspace/WSS-UIC/train_vgg_resnet/train.py"], "reset": "False"}, "version": 11, "at": 1735503813.998215}
{"obj": {"type": "UploadFile", "path": ["source_code", "diff"], "ext": "patch", "file_path": null, "tmp_file_name": "source_code_diff-1735503814.339648-2024-12-29_21.23.34.339648.patch", "clean_after_upload": false}, "version": 12, "at": 1735503814.340226}
{"obj": {"type": "ConfigFloatSeries", "path": ["monitoring", "aea15823", "cpu"], "min": 0.0, "max": 100.0, "unit": "%"}, "version": 13, "at": 1735503814.347121}
{"obj": {"type": "ClearFloatLog", "path": ["monitoring", "aea15823", "cpu"]}, "version": 14, "at": 1735503814.34731}
{"obj": {"type": "LogStrings", "path": ["monitoring", "aea15823", "stderr"], "values": [{"value": "[neptune] [warning] /Users/erwan/Workspace/WSS-UIC/train_vgg_resnet/train.py:46: NeptuneWarning: Info (NVML): NVML Shared Library Not Found. GPU usage metrics may not be reported. For more information, see https://docs.neptune.ai/help/nvml_error/\n", "step": null, "ts": 1735503814.347478}]}, "version": 15, "at": 1735503814.347564}
{"obj": {"type": "ConfigFloatSeries", "path": ["monitoring", "aea15823", "memory"], "min": 0.0, "max": 16.0, "unit": "GB"}, "version": 16, "at": 1735503814.347772}
{"obj": {"type": "ClearFloatLog", "path": ["monitoring", "aea15823", "memory"]}, "version": 17, "at": 1735503814.34784}
{"obj": {"type": "LogFloats", "path": ["monitoring", "aea15823", "memory"], "values": [{"value": 9.879013061523438, "step": null, "ts": 1735503814.348064}]}, "version": 18, "at": 1735503814.348329}
{"obj": {"type": "AssignString", "path": ["config", "optimizer"], "value": "Adam"}, "version": 19, "at": 1735503814.3487082}
{"obj": {"type": "LogStrings", "path": ["monitoring", "aea15823", "stdout"], "values": [{"value": "ici la ", "step": null, "ts": 1735503814.34916}]}, "version": 20, "at": 1735503814.3492029}
{"obj": {"type": "LogStrings", "path": ["monitoring", "aea15823", "stdout"], "values": [{"value": "\n", "step": null, "ts": 1735503814.349854}]}, "version": 21, "at": 1735503814.3499122}
{"obj": {"type": "LogStrings", "path": ["monitoring", "aea15823", "stderr"], "values": [{"value": "\r  0%|                                                                                                                                                                                 | 0/2 [00:00<?, ?it/s]", "step": null, "ts": 1735503814.3541481}]}, "version": 22, "at": 1735503814.354201}
{"obj": {"type": "LogStrings", "path": ["monitoring", "aea15823", "stderr"], "values": [{"value": "", "step": null, "ts": 1735503814.3684149}]}, "version": 23, "at": 1735503814.368493}
{"obj": {"type": "LogStrings", "path": ["monitoring", "aea15823", "stderr"], "values": [{"value": "\r  0%|                                                                                                                                                                                 | 0/2 [00:00<?, ?it/s]", "step": null, "ts": 1735503814.3687282}]}, "version": 24, "at": 1735503814.368783}
{"obj": {"type": "LogStrings", "path": ["monitoring", "aea15823", "stderr"], "values": [{"value": "\n", "step": null, "ts": 1735503814.368957}]}, "version": 25, "at": 1735503814.368991}
{"obj": {"type": "LogStrings", "path": ["monitoring", "aea15823", "traceback"], "values": [{"value": "An uncaught exception occurred while run was active on worker Admins-MacBook-Pro.local.", "step": null, "ts": 1735503814.3709052}, {"value": "Marking run as failed", "step": null, "ts": 1735503814.3709052}, {"value": "Traceback:", "step": null, "ts": 1735503814.3709052}, {"value": "  File \"<string>\", line 1, in <module>\n", "step": null, "ts": 1735503814.3709052}, {"value": "  File \"/Users/erwan/miniconda3/envs/segmentation_env/lib/python3.10/multiprocessing/spawn.py\", line 116, in spawn_main\n    exitcode = _main(fd, parent_sentinel)\n", "step": null, "ts": 1735503814.3709052}, {"value": "  File \"/Users/erwan/miniconda3/envs/segmentation_env/lib/python3.10/multiprocessing/spawn.py\", line 125, in _main\n    prepare(preparation_data)\n", "step": null, "ts": 1735503814.3709052}, {"value": "  File \"/Users/erwan/miniconda3/envs/segmentation_env/lib/python3.10/multiprocessing/spawn.py\", line 236, in prepare\n    _fixup_main_from_path(data['init_main_from_path'])\n", "step": null, "ts": 1735503814.3709052}, {"value": "  File \"/Users/erwan/miniconda3/envs/segmentation_env/lib/python3.10/multiprocessing/spawn.py\", line 287, in _fixup_main_from_path\n    main_content = runpy.run_path(main_path,\n", "step": null, "ts": 1735503814.3709052}, {"value": "  File \"/Users/erwan/miniconda3/envs/segmentation_env/lib/python3.10/runpy.py\", line 269, in run_path\n    return _run_module_code(code, init_globals, run_name,\n", "step": null, "ts": 1735503814.3709052}, {"value": "  File \"/Users/erwan/miniconda3/envs/segmentation_env/lib/python3.10/runpy.py\", line 96, in _run_module_code\n    _run_code(code, mod_globals, init_globals,\n", "step": null, "ts": 1735503814.3709052}]}, "version": 26, "at": 1735503814.3710232}
{"obj": {"type": "LogStrings", "path": ["monitoring", "aea15823", "traceback"], "values": [{"value": "  File \"/Users/erwan/miniconda3/envs/segmentation_env/lib/python3.10/runpy.py\", line 86, in _run_code\n    exec(code, run_globals)\n", "step": null, "ts": 1735503814.3709052}, {"value": "  File \"/Users/erwan/Workspace/WSS-UIC/train_vgg_resnet/train.py\", line 123, in <module>\n    train(\n", "step": null, "ts": 1735503814.3709052}, {"value": "  File \"/Users/erwan/Workspace/WSS-UIC/train_vgg_resnet/train.py\", line 62, in train\n    for batch in train_dl:\n", "step": null, "ts": 1735503814.3709052}, {"value": "  File \"/Users/erwan/miniconda3/envs/segmentation_env/lib/python3.10/site-packages/torch/utils/data/dataloader.py\", line 439, in __iter__\n    return self._get_iterator()\n", "step": null, "ts": 1735503814.3709052}, {"value": "  File \"/Users/erwan/miniconda3/envs/segmentation_env/lib/python3.10/site-packages/torch/utils/data/dataloader.py\", line 387, in _get_iterator\n    return _MultiProcessingDataLoaderIter(self)\n", "step": null, "ts": 1735503814.3709052}, {"value": "  File \"/Users/erwan/miniconda3/envs/segmentation_env/lib/python3.10/site-packages/torch/utils/data/dataloader.py\", line 1040, in __init__\n    w.start()\n", "step": null, "ts": 1735503814.3709052}, {"value": "  File \"/Users/erwan/miniconda3/envs/segmentation_env/lib/python3.10/multiprocessing/process.py\", line 121, in start\n    self._popen = self._Popen(self)\n", "step": null, "ts": 1735503814.3709052}, {"value": "  File \"/Users/erwan/miniconda3/envs/segmentation_env/lib/python3.10/multiprocessing/context.py\", line 224, in _Popen\n    return _default_context.get_context().Process._Popen(process_obj)\n", "step": null, "ts": 1735503814.3709052}, {"value": "  File \"/Users/erwan/miniconda3/envs/segmentation_env/lib/python3.10/multiprocessing/context.py\", line 284, in _Popen\n    return Popen(process_obj)\n", "step": null, "ts": 1735503814.3709052}, {"value": "  File \"/Users/erwan/miniconda3/envs/segmentation_env/lib/python3.10/multiprocessing/popen_spawn_posix.py\", line 32, in __init__\n    super().__init__(process_obj)\n", "step": null, "ts": 1735503814.3709052}]}, "version": 27, "at": 1735503814.371168}
{"obj": {"type": "LogStrings", "path": ["monitoring", "aea15823", "traceback"], "values": [{"value": "  File \"/Users/erwan/miniconda3/envs/segmentation_env/lib/python3.10/multiprocessing/popen_fork.py\", line 19, in __init__\n    self._launch(process_obj)\n", "step": null, "ts": 1735503814.3709052}, {"value": "  File \"/Users/erwan/miniconda3/envs/segmentation_env/lib/python3.10/multiprocessing/popen_spawn_posix.py\", line 42, in _launch\n    prep_data = spawn.get_preparation_data(process_obj._name)\n", "step": null, "ts": 1735503814.3709052}, {"value": "  File \"/Users/erwan/miniconda3/envs/segmentation_env/lib/python3.10/multiprocessing/spawn.py\", line 154, in get_preparation_data\n    _check_not_importing_main()\n", "step": null, "ts": 1735503814.3709052}, {"value": "  File \"/Users/erwan/miniconda3/envs/segmentation_env/lib/python3.10/multiprocessing/spawn.py\", line 134, in _check_not_importing_main\n    raise RuntimeError('''\n", "step": null, "ts": 1735503814.3709052}, {"value": "", "step": null, "ts": 1735503814.3709052}, {"value": "        An attempt has been made to start a new process before the", "step": null, "ts": 1735503814.3709052}, {"value": "        current process has finished its bootstrapping phase.", "step": null, "ts": 1735503814.3709052}, {"value": "", "step": null, "ts": 1735503814.3709052}, {"value": "        This probably means that you are not using fork to start your", "step": null, "ts": 1735503814.3709052}, {"value": "        child processes and you have forgotten to use the proper idiom", "step": null, "ts": 1735503814.3709052}]}, "version": 28, "at": 1735503814.371356}
{"obj": {"type": "LogStrings", "path": ["monitoring", "aea15823", "traceback"], "values": [{"value": "        in the main module:", "step": null, "ts": 1735503814.3709052}, {"value": "", "step": null, "ts": 1735503814.3709052}, {"value": "            if __name__ == '__main__':", "step": null, "ts": 1735503814.3709052}, {"value": "                freeze_support()", "step": null, "ts": 1735503814.3709052}, {"value": "                ...", "step": null, "ts": 1735503814.3709052}, {"value": "", "step": null, "ts": 1735503814.3709052}, {"value": "        The \"freeze_support()\" line can be omitted if the program", "step": null, "ts": 1735503814.3709052}, {"value": "        is not going to be frozen to produce an executable.", "step": null, "ts": 1735503814.3709052}]}, "version": 29, "at": 1735503814.3714612}
{"obj": {"type": "AssignBool", "path": ["sys", "failed"], "value": true}, "version": 30, "at": 1735503814.37185}
{"obj": {"type": "LogStrings", "path": ["monitoring", "aea15823", "stderr"], "values": [{"value": "Traceback (most recent call last):\n", "step": null, "ts": 1735503814.372176}]}, "version": 31, "at": 1735503814.372216}
{"obj": {"type": "LogStrings", "path": ["monitoring", "aea15823", "stderr"], "values": [{"value": "  File \"<string>\", line 1, in <module>\n", "step": null, "ts": 1735503814.3723662}]}, "version": 32, "at": 1735503814.3723981}
{"obj": {"type": "LogStrings", "path": ["monitoring", "aea15823", "stderr"], "values": [{"value": "  File \"/Users/erwan/miniconda3/envs/segmentation_env/lib/python3.10/multiprocessing/spawn.py\", line 116, in spawn_main\n", "step": null, "ts": 1735503814.372702}]}, "version": 33, "at": 1735503814.3727381}
{"obj": {"type": "LogStrings", "path": ["monitoring", "aea15823", "stderr"], "values": [{"value": "    ", "step": null, "ts": 1735503814.373109}]}, "version": 34, "at": 1735503814.3731441}
{"obj": {"type": "LogStrings", "path": ["monitoring", "aea15823", "stderr"], "values": [{"value": "exitcode = _main(fd, parent_sentinel)", "step": null, "ts": 1735503814.373274}]}, "version": 35, "at": 1735503814.3733041}
{"obj": {"type": "LogStrings", "path": ["monitoring", "aea15823", "stderr"], "values": [{"value": "\n", "step": null, "ts": 1735503814.373824}]}, "version": 36, "at": 1735503814.3738618}
{"obj": {"type": "LogStrings", "path": ["monitoring", "aea15823", "stderr"], "values": [{"value": "  File \"/Users/erwan/miniconda3/envs/segmentation_env/lib/python3.10/multiprocessing/spawn.py\", line 125, in _main\n", "step": null, "ts": 1735503814.374262}]}, "version": 37, "at": 1735503814.374298}
{"obj": {"type": "LogStrings", "path": ["monitoring", "aea15823", "stderr"], "values": [{"value": "    ", "step": null, "ts": 1735503814.3746681}]}, "version": 38, "at": 1735503814.3747032}
{"obj": {"type": "LogStrings", "path": ["monitoring", "aea15823", "stderr"], "values": [{"value": "prepare(preparation_data)", "step": null, "ts": 1735503814.374838}]}, "version": 39, "at": 1735503814.374867}
{"obj": {"type": "LogStrings", "path": ["monitoring", "aea15823", "stderr"], "values": [{"value": "\n", "step": null, "ts": 1735503814.3754618}]}, "version": 40, "at": 1735503814.37553}
{"obj": {"type": "LogStrings", "path": ["monitoring", "aea15823", "stderr"], "values": [{"value": "  File \"/Users/erwan/miniconda3/envs/segmentation_env/lib/python3.10/multiprocessing/spawn.py\", line 236, in prepare\n", "step": null, "ts": 1735503814.375764}]}, "version": 41, "at": 1735503814.375796}
{"obj": {"type": "LogStrings", "path": ["monitoring", "aea15823", "stderr"], "values": [{"value": "    ", "step": null, "ts": 1735503814.37618}]}, "version": 42, "at": 1735503814.376212}
{"obj": {"type": "LogStrings", "path": ["monitoring", "aea15823", "stderr"], "values": [{"value": "_fixup_main_from_path(data['init_main_from_path'])", "step": null, "ts": 1735503814.376371}]}, "version": 43, "at": 1735503814.376401}
{"obj": {"type": "LogStrings", "path": ["monitoring", "aea15823", "stderr"], "values": [{"value": "\n", "step": null, "ts": 1735503814.376627}]}, "version": 44, "at": 1735503814.376655}
{"obj": {"type": "LogStrings", "path": ["monitoring", "aea15823", "stderr"], "values": [{"value": "  File \"/Users/erwan/miniconda3/envs/segmentation_env/lib/python3.10/multiprocessing/spawn.py\", line 287, in _fixup_main_from_path\n", "step": null, "ts": 1735503814.377177}]}, "version": 45, "at": 1735503814.377214}
{"obj": {"type": "LogStrings", "path": ["monitoring", "aea15823", "stderr"], "values": [{"value": "    ", "step": null, "ts": 1735503814.377652}]}, "version": 46, "at": 1735503814.377686}
{"obj": {"type": "LogStrings", "path": ["monitoring", "aea15823", "stderr"], "values": [{"value": "main_content = runpy.run_path(main_path,", "step": null, "ts": 1735503814.378027}]}, "version": 47, "at": 1735503814.378072}
{"obj": {"type": "LogStrings", "path": ["monitoring", "aea15823", "stderr"], "values": [{"value": "\n", "step": null, "ts": 1735503814.378368}]}, "version": 48, "at": 1735503814.3784032}
{"obj": {"type": "LogStrings", "path": ["monitoring", "aea15823", "stderr"], "values": [{"value": "  File \"/Users/erwan/miniconda3/envs/segmentation_env/lib/python3.10/runpy.py\", line 269, in run_path\n", "step": null, "ts": 1735503814.3785741}]}, "version": 49, "at": 1735503814.3786051}
{"obj": {"type": "LogStrings", "path": ["monitoring", "aea15823", "stderr"], "values": [{"value": "    ", "step": null, "ts": 1735503814.37902}]}, "version": 50, "at": 1735503814.379053}
{"obj": {"type": "LogStrings", "path": ["monitoring", "aea15823", "stderr"], "values": [{"value": "return _run_module_code(code, init_globals, run_name,", "step": null, "ts": 1735503814.379196}]}, "version": 51, "at": 1735503814.379223}
{"obj": {"type": "LogStrings", "path": ["monitoring", "aea15823", "stderr"], "values": [{"value": "\n", "step": null, "ts": 1735503814.3793669}]}, "version": 52, "at": 1735503814.3793962}
{"obj": {"type": "LogStrings", "path": ["monitoring", "aea15823", "stderr"], "values": [{"value": "  File \"/Users/erwan/miniconda3/envs/segmentation_env/lib/python3.10/runpy.py\", line 96, in _run_module_code\n", "step": null, "ts": 1735503814.379528}]}, "version": 53, "at": 1735503814.379555}
{"obj": {"type": "LogStrings", "path": ["monitoring", "aea15823", "stderr"], "values": [{"value": "    ", "step": null, "ts": 1735503814.379806}]}, "version": 54, "at": 1735503814.379835}
{"obj": {"type": "LogStrings", "path": ["monitoring", "aea15823", "stderr"], "values": [{"value": "_run_code(code, mod_globals, init_globals,", "step": null, "ts": 1735503814.379956}]}, "version": 55, "at": 1735503814.379981}
{"obj": {"type": "LogStrings", "path": ["monitoring", "aea15823", "stderr"], "values": [{"value": "\n", "step": null, "ts": 1735503814.380279}]}, "version": 56, "at": 1735503814.38031}
{"obj": {"type": "LogStrings", "path": ["monitoring", "aea15823", "stderr"], "values": [{"value": "  File \"/Users/erwan/miniconda3/envs/segmentation_env/lib/python3.10/runpy.py\", line 86, in _run_code\n", "step": null, "ts": 1735503814.38044}]}, "version": 57, "at": 1735503814.380468}
{"obj": {"type": "LogStrings", "path": ["monitoring", "aea15823", "stderr"], "values": [{"value": "    ", "step": null, "ts": 1735503814.380748}]}, "version": 58, "at": 1735503814.38078}
{"obj": {"type": "LogStrings", "path": ["monitoring", "aea15823", "stderr"], "values": [{"value": "exec(code, run_globals)", "step": null, "ts": 1735503814.380915}]}, "version": 59, "at": 1735503814.380943}
{"obj": {"type": "LogStrings", "path": ["monitoring", "aea15823", "stderr"], "values": [{"value": "\n", "step": null, "ts": 1735503814.3811572}]}, "version": 60, "at": 1735503814.381187}
{"obj": {"type": "LogStrings", "path": ["monitoring", "aea15823", "stderr"], "values": [{"value": "  File \"/Users/erwan/Workspace/WSS-UIC/train_vgg_resnet/train.py\", line 123, in <module>\n", "step": null, "ts": 1735503814.381366}]}, "version": 61, "at": 1735503814.381397}
{"obj": {"type": "LogStrings", "path": ["monitoring", "aea15823", "stderr"], "values": [{"value": "    ", "step": null, "ts": 1735503814.381741}]}, "version": 62, "at": 1735503814.381773}
{"obj": {"type": "LogStrings", "path": ["monitoring", "aea15823", "stderr"], "values": [{"value": "train(", "step": null, "ts": 1735503814.3819258}]}, "version": 63, "at": 1735503814.381956}
{"obj": {"type": "LogStrings", "path": ["monitoring", "aea15823", "stderr"], "values": [{"value": "\n", "step": null, "ts": 1735503814.382354}]}, "version": 64, "at": 1735503814.38241}
{"obj": {"type": "LogStrings", "path": ["monitoring", "aea15823", "stderr"], "values": [{"value": "  File \"/Users/erwan/Workspace/WSS-UIC/train_vgg_resnet/train.py\", line 62, in train\n", "step": null, "ts": 1735503814.382734}]}, "version": 65, "at": 1735503814.382781}
{"obj": {"type": "LogStrings", "path": ["monitoring", "aea15823", "stderr"], "values": [{"value": "    ", "step": null, "ts": 1735503814.383577}]}, "version": 66, "at": 1735503814.383626}
{"obj": {"type": "LogStrings", "path": ["monitoring", "aea15823", "stderr"], "values": [{"value": "for batch in train_dl:", "step": null, "ts": 1735503814.3841128}]}, "version": 67, "at": 1735503814.384157}
{"obj": {"type": "LogStrings", "path": ["monitoring", "aea15823", "stderr"], "values": [{"value": "\n", "step": null, "ts": 1735503814.384313}]}, "version": 68, "at": 1735503814.384344}
{"obj": {"type": "LogStrings", "path": ["monitoring", "aea15823", "stderr"], "values": [{"value": "  File \"/Users/erwan/miniconda3/envs/segmentation_env/lib/python3.10/site-packages/torch/utils/data/dataloader.py\", line 439, in __iter__\n", "step": null, "ts": 1735503814.384584}]}, "version": 69, "at": 1735503814.384619}
{"obj": {"type": "LogStrings", "path": ["monitoring", "aea15823", "stderr"], "values": [{"value": "    ", "step": null, "ts": 1735503814.385355}]}, "version": 70, "at": 1735503814.385396}
{"obj": {"type": "LogStrings", "path": ["monitoring", "aea15823", "stderr"], "values": [{"value": "return self._get_iterator()", "step": null, "ts": 1735503814.385537}]}, "version": 71, "at": 1735503814.385566}
{"obj": {"type": "LogStrings", "path": ["monitoring", "aea15823", "stderr"], "values": [{"value": "\n", "step": null, "ts": 1735503814.38581}]}, "version": 72, "at": 1735503814.3858418}
{"obj": {"type": "LogStrings", "path": ["monitoring", "aea15823", "stderr"], "values": [{"value": "  File \"/Users/erwan/miniconda3/envs/segmentation_env/lib/python3.10/site-packages/torch/utils/data/dataloader.py\", line 387, in _get_iterator\n", "step": null, "ts": 1735503814.386029}]}, "version": 73, "at": 1735503814.386059}
{"obj": {"type": "LogStrings", "path": ["monitoring", "aea15823", "stderr"], "values": [{"value": "    ", "step": null, "ts": 1735503814.386435}]}, "version": 74, "at": 1735503814.386467}
{"obj": {"type": "LogStrings", "path": ["monitoring", "aea15823", "stderr"], "values": [{"value": "return _MultiProcessingDataLoaderIter(self)", "step": null, "ts": 1735503814.386594}]}, "version": 75, "at": 1735503814.3866198}
{"obj": {"type": "LogStrings", "path": ["monitoring", "aea15823", "stderr"], "values": [{"value": "\n", "step": null, "ts": 1735503814.386822}]}, "version": 76, "at": 1735503814.38685}
{"obj": {"type": "LogStrings", "path": ["monitoring", "aea15823", "stderr"], "values": [{"value": "  File \"/Users/erwan/miniconda3/envs/segmentation_env/lib/python3.10/site-packages/torch/utils/data/dataloader.py\", line 1040, in __init__\n", "step": null, "ts": 1735503814.387011}]}, "version": 77, "at": 1735503814.387039}
{"obj": {"type": "LogStrings", "path": ["monitoring", "aea15823", "stderr"], "values": [{"value": "    ", "step": null, "ts": 1735503814.387639}]}, "version": 78, "at": 1735503814.387676}
{"obj": {"type": "LogStrings", "path": ["monitoring", "aea15823", "stderr"], "values": [{"value": "w.start()", "step": null, "ts": 1735503814.3878741}]}, "version": 79, "at": 1735503814.387955}
{"obj": {"type": "LogStrings", "path": ["monitoring", "aea15823", "stderr"], "values": [{"value": "\n", "step": null, "ts": 1735503814.388514}]}, "version": 80, "at": 1735503814.388604}
{"obj": {"type": "LogStrings", "path": ["monitoring", "aea15823", "stderr"], "values": [{"value": "  File \"/Users/erwan/miniconda3/envs/segmentation_env/lib/python3.10/multiprocessing/process.py\", line 121, in start\n", "step": null, "ts": 1735503814.389167}]}, "version": 81, "at": 1735503814.3892639}
{"obj": {"type": "LogStrings", "path": ["monitoring", "aea15823", "stderr"], "values": [{"value": "    ", "step": null, "ts": 1735503814.389877}]}, "version": 82, "at": 1735503814.389923}
{"obj": {"type": "LogStrings", "path": ["monitoring", "aea15823", "stderr"], "values": [{"value": "self._popen = self._Popen(self)", "step": null, "ts": 1735503814.390281}]}, "version": 83, "at": 1735503814.390323}
{"obj": {"type": "LogStrings", "path": ["monitoring", "aea15823", "stderr"], "values": [{"value": "\n", "step": null, "ts": 1735503814.390495}]}, "version": 84, "at": 1735503814.3905249}
{"obj": {"type": "LogStrings", "path": ["monitoring", "aea15823", "stderr"], "values": [{"value": "  File \"/Users/erwan/miniconda3/envs/segmentation_env/lib/python3.10/multiprocessing/context.py\", line 224, in _Popen\n", "step": null, "ts": 1735503814.390645}]}, "version": 85, "at": 1735503814.390669}
{"obj": {"type": "LogStrings", "path": ["monitoring", "aea15823", "stderr"], "values": [{"value": "    ", "step": null, "ts": 1735503814.390957}]}, "version": 86, "at": 1735503814.390982}
{"obj": {"type": "LogStrings", "path": ["monitoring", "aea15823", "stderr"], "values": [{"value": "return _default_context.get_context().Process._Popen(process_obj)", "step": null, "ts": 1735503814.39109}]}, "version": 87, "at": 1735503814.391114}
{"obj": {"type": "LogStrings", "path": ["monitoring", "aea15823", "stderr"], "values": [{"value": "\n", "step": null, "ts": 1735503814.391493}]}, "version": 88, "at": 1735503814.391552}
{"obj": {"type": "LogStrings", "path": ["monitoring", "aea15823", "stderr"], "values": [{"value": "  File \"/Users/erwan/miniconda3/envs/segmentation_env/lib/python3.10/multiprocessing/context.py\", line 284, in _Popen\n", "step": null, "ts": 1735503814.391804}]}, "version": 89, "at": 1735503814.391833}
{"obj": {"type": "LogStrings", "path": ["monitoring", "aea15823", "stderr"], "values": [{"value": "    ", "step": null, "ts": 1735503814.3922}]}, "version": 90, "at": 1735503814.3922298}
{"obj": {"type": "LogStrings", "path": ["monitoring", "aea15823", "stderr"], "values": [{"value": "return Popen(process_obj)", "step": null, "ts": 1735503814.392357}]}, "version": 91, "at": 1735503814.392385}
{"obj": {"type": "LogStrings", "path": ["monitoring", "aea15823", "stderr"], "values": [{"value": "\n", "step": null, "ts": 1735503814.3927329}]}, "version": 92, "at": 1735503814.3927581}
{"obj": {"type": "LogStrings", "path": ["monitoring", "aea15823", "stderr"], "values": [{"value": "  File \"/Users/erwan/miniconda3/envs/segmentation_env/lib/python3.10/multiprocessing/popen_spawn_posix.py\", line 32, in __init__\n", "step": null, "ts": 1735503814.394149}]}, "version": 93, "at": 1735503814.3942668}
{"obj": {"type": "LogStrings", "path": ["monitoring", "aea15823", "stderr"], "values": [{"value": "    ", "step": null, "ts": 1735503814.39504}]}, "version": 94, "at": 1735503814.395102}
{"obj": {"type": "LogStrings", "path": ["monitoring", "aea15823", "stderr"], "values": [{"value": "super().__init__(process_obj)", "step": null, "ts": 1735503814.395312}]}, "version": 95, "at": 1735503814.395353}
{"obj": {"type": "LogStrings", "path": ["monitoring", "aea15823", "stderr"], "values": [{"value": "\n", "step": null, "ts": 1735503814.399775}]}, "version": 96, "at": 1735503814.399847}
{"obj": {"type": "LogStrings", "path": ["monitoring", "aea15823", "stderr"], "values": [{"value": "  File \"/Users/erwan/miniconda3/envs/segmentation_env/lib/python3.10/multiprocessing/popen_fork.py\", line 19, in __init__\n", "step": null, "ts": 1735503814.401674}]}, "version": 97, "at": 1735503814.401715}
{"obj": {"type": "LogStrings", "path": ["monitoring", "aea15823", "stderr"], "values": [{"value": "    ", "step": null, "ts": 1735503814.402096}]}, "version": 98, "at": 1735503814.40213}
{"obj": {"type": "LogStrings", "path": ["monitoring", "aea15823", "stderr"], "values": [{"value": "self._launch(process_obj)", "step": null, "ts": 1735503814.402251}]}, "version": 99, "at": 1735503814.4022772}
{"obj": {"type": "LogStrings", "path": ["monitoring", "aea15823", "stderr"], "values": [{"value": "\n", "step": null, "ts": 1735503814.402681}]}, "version": 100, "at": 1735503814.402714}
{"obj": {"type": "LogStrings", "path": ["monitoring", "aea15823", "stderr"], "values": [{"value": "  File \"/Users/erwan/miniconda3/envs/segmentation_env/lib/python3.10/multiprocessing/popen_spawn_posix.py\", line 42, in _launch\n", "step": null, "ts": 1735503814.403342}]}, "version": 101, "at": 1735503814.403381}
{"obj": {"type": "LogStrings", "path": ["monitoring", "aea15823", "stderr"], "values": [{"value": "    ", "step": null, "ts": 1735503814.403709}]}, "version": 102, "at": 1735503814.403743}
{"obj": {"type": "LogStrings", "path": ["monitoring", "aea15823", "stderr"], "values": [{"value": "prep_data = spawn.get_preparation_data(process_obj._name)", "step": null, "ts": 1735503814.403876}]}, "version": 103, "at": 1735503814.403903}
{"obj": {"type": "LogStrings", "path": ["monitoring", "aea15823", "stderr"], "values": [{"value": "\n", "step": null, "ts": 1735503814.404099}]}, "version": 104, "at": 1735503814.404126}
{"obj": {"type": "LogStrings", "path": ["monitoring", "aea15823", "stderr"], "values": [{"value": "  File \"/Users/erwan/miniconda3/envs/segmentation_env/lib/python3.10/multiprocessing/spawn.py\", line 154, in get_preparation_data\n", "step": null, "ts": 1735503814.404292}]}, "version": 105, "at": 1735503814.404323}
{"obj": {"type": "LogStrings", "path": ["monitoring", "aea15823", "stderr"], "values": [{"value": "    ", "step": null, "ts": 1735503814.404613}]}, "version": 106, "at": 1735503814.40464}
{"obj": {"type": "LogStrings", "path": ["monitoring", "aea15823", "stderr"], "values": [{"value": "_check_not_importing_main()", "step": null, "ts": 1735503814.404753}]}, "version": 107, "at": 1735503814.404777}
{"obj": {"type": "LogStrings", "path": ["monitoring", "aea15823", "stderr"], "values": [{"value": "\n", "step": null, "ts": 1735503814.4049642}]}, "version": 108, "at": 1735503814.4049878}
{"obj": {"type": "LogStrings", "path": ["monitoring", "aea15823", "stderr"], "values": [{"value": "  File \"/Users/erwan/miniconda3/envs/segmentation_env/lib/python3.10/multiprocessing/spawn.py\", line 134, in _check_not_importing_main\n", "step": null, "ts": 1735503814.4051452}]}, "version": 109, "at": 1735503814.405174}
{"obj": {"type": "LogStrings", "path": ["monitoring", "aea15823", "stderr"], "values": [{"value": "    ", "step": null, "ts": 1735503814.405449}]}, "version": 110, "at": 1735503814.405477}
{"obj": {"type": "LogStrings", "path": ["monitoring", "aea15823", "stderr"], "values": [{"value": "raise RuntimeError('''", "step": null, "ts": 1735503814.4055948}]}, "version": 111, "at": 1735503814.4056199}
{"obj": {"type": "LogStrings", "path": ["monitoring", "aea15823", "stderr"], "values": [{"value": "\n", "step": null, "ts": 1735503814.405836}]}, "version": 112, "at": 1735503814.4058628}
{"obj": {"type": "LogStrings", "path": ["monitoring", "aea15823", "stderr"], "values": [{"value": "RuntimeError", "step": null, "ts": 1735503814.405974}]}, "version": 113, "at": 1735503814.405997}
{"obj": {"type": "LogStrings", "path": ["monitoring", "aea15823", "stderr"], "values": [{"value": ": ", "step": null, "ts": 1735503814.406102}]}, "version": 114, "at": 1735503814.406126}
{"obj": {"type": "LogStrings", "path": ["monitoring", "aea15823", "stderr"], "values": [{"value": "\n        An attempt has been made to start a new process before the\n        current process has finished its bootstrapping phase.\n\n        This probably means that you are not using fork to start your\n        child processes and you have forgotten to use the proper idiom\n        in the main module:\n\n            if __name__ == '__main__':\n                freeze_support()\n                ...\n\n        The \"freeze_support()\" line can be omitted if the program\n        is not going to be frozen to produce an executable.", "step": null, "ts": 1735503814.406307}]}, "version": 115, "at": 1735503814.406333}
{"obj": {"type": "LogStrings", "path": ["monitoring", "aea15823", "stderr"], "values": [{"value": "\n", "step": null, "ts": 1735503814.4066088}]}, "version": 116, "at": 1735503814.406639}
{"obj": {"type": "LogStrings", "path": ["monitoring", "aea15823", "stdout"], "values": [{"value": "[neptune] [info   ] Shutting down background jobs, please wait a moment...\n", "step": null, "ts": 1735503814.40712}]}, "version": 117, "at": 1735503814.4071512}
