{"obj": {"type": "AssignString", "path": ["sys", "name"], "value": "Untitled"}, "version": 1, "at": 1735902507.674287}
{"obj": {"type": "AssignString", "path": ["sys", "description"], "value": ""}, "version": 2, "at": 1735902507.674481}
{"obj": {"type": "AssignString", "path": ["monitoring", "9ebde2f5", "hostname"], "value": "Admins-MacBook-Pro.local"}, "version": 3, "at": 1735902507.67461}
{"obj": {"type": "AssignString", "path": ["sys", "hostname"], "value": "Admins-MacBook-Pro.local"}, "version": 4, "at": 1735902507.67469}
{"obj": {"type": "AssignString", "path": ["monitoring", "9ebde2f5", "pid"], "value": "24626"}, "version": 5, "at": 1735902507.674763}
{"obj": {"type": "AssignString", "path": ["monitoring", "9ebde2f5", "tid"], "value": "4678757824"}, "version": 6, "at": 1735902507.674877}
{"obj": {"type": "AssignBool", "path": ["sys", "failed"], "value": false}, "version": 7, "at": 1735902507.674983}
{"obj": {"type": "ClearStringLog", "path": ["monitoring", "9ebde2f5", "stdout"]}, "version": 8, "at": 1735902507.675902}
{"obj": {"type": "ClearStringLog", "path": ["monitoring", "9ebde2f5", "stderr"]}, "version": 9, "at": 1735902507.676002}
{"obj": {"type": "AssignString", "path": ["source_code", "entrypoint"], "value": "train.py"}, "version": 10, "at": 1735902507.6765492}
{"obj": {"type": "UploadFileSet", "path": ["source_code", "files"], "file_globs": ["/Users/erwan/Workspace/WSS-UIC/train_vgg_resnet/train.py"], "reset": "False"}, "version": 11, "at": 1735902507.67665}
{"obj": {"type": "UploadFile", "path": ["source_code", "diff"], "ext": "patch", "file_path": null, "tmp_file_name": "source_code_diff-1735902507.861038-2025-01-03_12.08.27.861038.patch", "clean_after_upload": false}, "version": 12, "at": 1735902507.86147}
{"obj": {"type": "ConfigFloatSeries", "path": ["monitoring", "9ebde2f5", "cpu"], "min": 0.0, "max": 100.0, "unit": "%"}, "version": 13, "at": 1735902507.8663008}
{"obj": {"type": "ClearFloatLog", "path": ["monitoring", "9ebde2f5", "cpu"]}, "version": 14, "at": 1735902507.866441}
{"obj": {"type": "LogStrings", "path": ["monitoring", "9ebde2f5", "stderr"], "values": [{"value": "[neptune] [warning] /Users/erwan/Workspace/WSS-UIC/train_vgg_resnet/train.py:46: NeptuneWarning: Info (NVML): NVML Shared Library Not Found. GPU usage metrics may not be reported. For more information, see https://docs.neptune.ai/help/nvml_error/\n", "step": null, "ts": 1735902507.866614}]}, "version": 15, "at": 1735902507.866693}
{"obj": {"type": "ConfigFloatSeries", "path": ["monitoring", "9ebde2f5", "memory"], "min": 0.0, "max": 16.0, "unit": "GB"}, "version": 16, "at": 1735902507.866935}
{"obj": {"type": "ClearFloatLog", "path": ["monitoring", "9ebde2f5", "memory"]}, "version": 17, "at": 1735902507.867015}
{"obj": {"type": "LogFloats", "path": ["monitoring", "9ebde2f5", "memory"], "values": [{"value": 8.941707611083984, "step": null, "ts": 1735902507.867198}]}, "version": 18, "at": 1735902507.868074}
{"obj": {"type": "AssignString", "path": ["config", "optimizer"], "value": "Adam"}, "version": 19, "at": 1735902507.8683572}
{"obj": {"type": "LogStrings", "path": ["monitoring", "9ebde2f5", "stdout"], "values": [{"value": "ici la ", "step": null, "ts": 1735902507.8698628}]}, "version": 20, "at": 1735902507.8699079}
{"obj": {"type": "LogStrings", "path": ["monitoring", "9ebde2f5", "stdout"], "values": [{"value": "\n", "step": null, "ts": 1735902507.8701718}]}, "version": 21, "at": 1735902507.870218}
{"obj": {"type": "LogStrings", "path": ["monitoring", "9ebde2f5", "stderr"], "values": [{"value": "\r  0%|                                                                                                                                                                                 | 0/2 [00:00<?, ?it/s]", "step": null, "ts": 1735902507.8789601}]}, "version": 22, "at": 1735902507.879192}
{"obj": {"type": "LogStrings", "path": ["monitoring", "9ebde2f5", "stdout"], "values": [{"value": "dqsdqs", "step": null, "ts": 1735902507.8815}]}, "version": 23, "at": 1735902507.881613}
{"obj": {"type": "LogStrings", "path": ["monitoring", "9ebde2f5", "stdout"], "values": [{"value": "\n", "step": null, "ts": 1735902507.885163}]}, "version": 24, "at": 1735902507.885207}
{"obj": {"type": "LogStrings", "path": ["monitoring", "9ebde2f5", "stdout"], "values": [{"value": "2", "step": null, "ts": 1735902507.9540212}]}, "version": 25, "at": 1735902507.954091}
{"obj": {"type": "LogStrings", "path": ["monitoring", "9ebde2f5", "stdout"], "values": [{"value": "\n", "step": null, "ts": 1735902507.954428}]}, "version": 26, "at": 1735902507.954459}
{"obj": {"type": "LogStrings", "path": ["monitoring", "9ebde2f5", "stdout"], "values": [{"value": "torch.Size([16, 3, 128, 128])", "step": null, "ts": 1735902507.9546628}]}, "version": 27, "at": 1735902507.954693}
{"obj": {"type": "LogStrings", "path": ["monitoring", "9ebde2f5", "stdout"], "values": [{"value": "\n", "step": null, "ts": 1735902507.954819}]}, "version": 28, "at": 1735902507.9548469}
{"obj": {"type": "LogStrings", "path": ["monitoring", "9ebde2f5", "stdout"], "values": [{"value": "avant modele", "step": null, "ts": 1735902507.9612532}]}, "version": 29, "at": 1735902507.961301}
{"obj": {"type": "LogStrings", "path": ["monitoring", "9ebde2f5", "stdout"], "values": [{"value": "\n", "step": null, "ts": 1735902507.961628}]}, "version": 30, "at": 1735902507.9616551}
{"obj": {"type": "LogFloats", "path": ["train", "epoch", "loss_tot"], "values": [{"value": 0.6022037863731384, "step": null, "ts": 1735902513.5580611}]}, "version": 31, "at": 1735902513.558114}
{"obj": {"type": "LogFloats", "path": ["train", "epoch", "precision"], "values": [{"value": 0.7272727489471436, "step": null, "ts": 1735902513.5582788}]}, "version": 32, "at": 1735902513.5583029}
{"obj": {"type": "LogFloats", "path": ["train", "epoch", "recall"], "values": [{"value": 0.8888888955116272, "step": null, "ts": 1735902513.558392}]}, "version": 33, "at": 1735902513.5584111}
{"obj": {"type": "LogStrings", "path": ["monitoring", "9ebde2f5", "stdout"], "values": [{"value": "2", "step": null, "ts": 1735902513.623761}]}, "version": 34, "at": 1735902513.623806}
{"obj": {"type": "LogStrings", "path": ["monitoring", "9ebde2f5", "stdout"], "values": [{"value": "\n", "step": null, "ts": 1735902513.6241422}]}, "version": 35, "at": 1735902513.624178}
{"obj": {"type": "LogStrings", "path": ["monitoring", "9ebde2f5", "stdout"], "values": [{"value": "torch.Size([16, 3, 128, 128])", "step": null, "ts": 1735902513.624355}]}, "version": 36, "at": 1735902513.624385}
{"obj": {"type": "LogStrings", "path": ["monitoring", "9ebde2f5", "stdout"], "values": [{"value": "\n", "step": null, "ts": 1735902513.624557}]}, "version": 37, "at": 1735902513.6245928}
{"obj": {"type": "LogStrings", "path": ["monitoring", "9ebde2f5", "stdout"], "values": [{"value": "avant modele", "step": null, "ts": 1735902513.626039}]}, "version": 38, "at": 1735902513.626079}
{"obj": {"type": "LogStrings", "path": ["monitoring", "9ebde2f5", "stdout"], "values": [{"value": "\n", "step": null, "ts": 1735902513.6263192}]}, "version": 39, "at": 1735902513.626344}
{"obj": {"type": "LogFloats", "path": ["monitoring", "9ebde2f5", "cpu"], "values": [{"value": 62.1, "step": null, "ts": 1735902517.86919}]}, "version": 40, "at": 1735902517.869576}
{"obj": {"type": "LogFloats", "path": ["monitoring", "9ebde2f5", "memory"], "values": [{"value": 10.15518569946289, "step": null, "ts": 1735902517.86919}]}, "version": 41, "at": 1735902517.869801}
{"obj": {"type": "LogFloats", "path": ["train", "epoch", "loss_tot"], "values": [{"value": 0.7591719627380371, "step": null, "ts": 1735902518.1152651}]}, "version": 42, "at": 1735902518.1153102}
{"obj": {"type": "LogFloats", "path": ["train", "epoch", "precision"], "values": [{"value": 0.4166666567325592, "step": null, "ts": 1735902518.115444}]}, "version": 43, "at": 1735902518.115464}
{"obj": {"type": "LogFloats", "path": ["train", "epoch", "recall"], "values": [{"value": 1.0, "step": null, "ts": 1735902518.115529}]}, "version": 44, "at": 1735902518.1155462}
{"obj": {"type": "LogStrings", "path": ["monitoring", "9ebde2f5", "stdout"], "values": [{"value": "2", "step": null, "ts": 1735902518.2150679}]}, "version": 45, "at": 1735902518.2151082}
{"obj": {"type": "LogStrings", "path": ["monitoring", "9ebde2f5", "stdout"], "values": [{"value": "\n", "step": null, "ts": 1735902518.215373}]}, "version": 46, "at": 1735902518.215449}
{"obj": {"type": "LogStrings", "path": ["monitoring", "9ebde2f5", "stdout"], "values": [{"value": "torch.Size([16, 3, 128, 128])", "step": null, "ts": 1735902518.215602}]}, "version": 47, "at": 1735902518.215643}
{"obj": {"type": "LogStrings", "path": ["monitoring", "9ebde2f5", "stdout"], "values": [{"value": "\n", "step": null, "ts": 1735902518.215771}]}, "version": 48, "at": 1735902518.215799}
{"obj": {"type": "LogStrings", "path": ["monitoring", "9ebde2f5", "stdout"], "values": [{"value": "avant modele", "step": null, "ts": 1735902518.218529}]}, "version": 49, "at": 1735902518.21858}
{"obj": {"type": "LogStrings", "path": ["monitoring", "9ebde2f5", "stdout"], "values": [{"value": "\n", "step": null, "ts": 1735902518.218786}]}, "version": 50, "at": 1735902518.2188108}
{"obj": {"type": "LogStrings", "path": ["monitoring", "9ebde2f5", "stderr"], "values": [{"value": "", "step": null, "ts": 1735902519.300589}]}, "version": 51, "at": 1735902519.3006442}
{"obj": {"type": "LogStrings", "path": ["monitoring", "9ebde2f5", "stderr"], "values": [{"value": "\r  0%|                                                                                                                                                                                 | 0/2 [00:11<?, ?it/s]", "step": null, "ts": 1735902519.301053}]}, "version": 52, "at": 1735902519.301076}
{"obj": {"type": "LogStrings", "path": ["monitoring", "9ebde2f5", "stderr"], "values": [{"value": "\n", "step": null, "ts": 1735902519.301248}]}, "version": 53, "at": 1735902519.301265}
{"obj": {"type": "LogStrings", "path": ["monitoring", "9ebde2f5", "traceback"], "values": [{"value": "An uncaught exception occurred while run was active on worker Admins-MacBook-Pro.local.", "step": null, "ts": 1735902519.302537}, {"value": "Marking run as failed", "step": null, "ts": 1735902519.302537}, {"value": "Traceback:", "step": null, "ts": 1735902519.302537}, {"value": "  File \"/Users/erwan/Workspace/WSS-UIC/train_vgg_resnet/train.py\", line 129, in <module>\n    train(\n", "step": null, "ts": 1735902519.302537}, {"value": "  File \"/Users/erwan/Workspace/WSS-UIC/train_vgg_resnet/train.py\", line 71, in train\n    pred_ys = model(images)\n", "step": null, "ts": 1735902519.302537}, {"value": "  File \"/Users/erwan/miniconda3/envs/segmentation_env/lib/python3.10/site-packages/torch/nn/modules/module.py\", line 1511, in _wrapped_call_impl\n    return self._call_impl(*args, **kwargs)\n", "step": null, "ts": 1735902519.302537}, {"value": "  File \"/Users/erwan/miniconda3/envs/segmentation_env/lib/python3.10/site-packages/torch/nn/modules/module.py\", line 1520, in _call_impl\n    return forward_call(*args, **kwargs)\n", "step": null, "ts": 1735902519.302537}, {"value": "  File \"/Users/erwan/Workspace/WSS-UIC/models.py\", line 15, in forward\n    x0 = self.vgg16(x)\n", "step": null, "ts": 1735902519.302537}, {"value": "  File \"/Users/erwan/miniconda3/envs/segmentation_env/lib/python3.10/site-packages/torch/nn/modules/module.py\", line 1511, in _wrapped_call_impl\n    return self._call_impl(*args, **kwargs)\n", "step": null, "ts": 1735902519.302537}, {"value": "  File \"/Users/erwan/miniconda3/envs/segmentation_env/lib/python3.10/site-packages/torch/nn/modules/module.py\", line 1520, in _call_impl\n    return forward_call(*args, **kwargs)\n", "step": null, "ts": 1735902519.302537}]}, "version": 54, "at": 1735902519.3025768}
{"obj": {"type": "LogStrings", "path": ["monitoring", "9ebde2f5", "traceback"], "values": [{"value": "  File \"/Users/erwan/miniconda3/envs/segmentation_env/lib/python3.10/site-packages/torchvision/models/vgg.py\", line 66, in forward\n    x = self.features(x)\n", "step": null, "ts": 1735902519.302537}, {"value": "  File \"/Users/erwan/miniconda3/envs/segmentation_env/lib/python3.10/site-packages/torch/nn/modules/module.py\", line 1511, in _wrapped_call_impl\n    return self._call_impl(*args, **kwargs)\n", "step": null, "ts": 1735902519.302537}, {"value": "  File \"/Users/erwan/miniconda3/envs/segmentation_env/lib/python3.10/site-packages/torch/nn/modules/module.py\", line 1520, in _call_impl\n    return forward_call(*args, **kwargs)\n", "step": null, "ts": 1735902519.302537}, {"value": "  File \"/Users/erwan/miniconda3/envs/segmentation_env/lib/python3.10/site-packages/torch/nn/modules/container.py\", line 217, in forward\n    input = module(input)\n", "step": null, "ts": 1735902519.302537}, {"value": "  File \"/Users/erwan/miniconda3/envs/segmentation_env/lib/python3.10/site-packages/torch/nn/modules/module.py\", line 1511, in _wrapped_call_impl\n    return self._call_impl(*args, **kwargs)\n", "step": null, "ts": 1735902519.302537}, {"value": "  File \"/Users/erwan/miniconda3/envs/segmentation_env/lib/python3.10/site-packages/torch/nn/modules/module.py\", line 1520, in _call_impl\n    return forward_call(*args, **kwargs)\n", "step": null, "ts": 1735902519.302537}, {"value": "  File \"/Users/erwan/miniconda3/envs/segmentation_env/lib/python3.10/site-packages/torch/nn/modules/conv.py\", line 460, in forward\n    return self._conv_forward(input, self.weight, self.bias)\n", "step": null, "ts": 1735902519.302537}, {"value": "  File \"/Users/erwan/miniconda3/envs/segmentation_env/lib/python3.10/site-packages/torch/nn/modules/conv.py\", line 456, in _conv_forward\n    return F.conv2d(input, weight, bias, self.stride,\n", "step": null, "ts": 1735902519.302537}, {"value": "", "step": null, "ts": 1735902519.302537}]}, "version": 55, "at": 1735902519.302649}
{"obj": {"type": "AssignBool", "path": ["sys", "failed"], "value": true}, "version": 56, "at": 1735902519.3027499}
{"obj": {"type": "LogStrings", "path": ["monitoring", "9ebde2f5", "stderr"], "values": [{"value": "Traceback (most recent call last):\n", "step": null, "ts": 1735902519.3029041}]}, "version": 57, "at": 1735902519.302929}
{"obj": {"type": "LogStrings", "path": ["monitoring", "9ebde2f5", "stderr"], "values": [{"value": "  File \"/Users/erwan/Workspace/WSS-UIC/train_vgg_resnet/train.py\", line 129, in <module>\n", "step": null, "ts": 1735902519.303144}]}, "version": 58, "at": 1735902519.3031712}
{"obj": {"type": "LogStrings", "path": ["monitoring", "9ebde2f5", "stderr"], "values": [{"value": "    ", "step": null, "ts": 1735902519.303339}]}, "version": 59, "at": 1735902519.303357}
{"obj": {"type": "LogStrings", "path": ["monitoring", "9ebde2f5", "stderr"], "values": [{"value": "train(", "step": null, "ts": 1735902519.3035798}]}, "version": 60, "at": 1735902519.303599}
{"obj": {"type": "LogStrings", "path": ["monitoring", "9ebde2f5", "stderr"], "values": [{"value": "\n", "step": null, "ts": 1735902519.30398}]}, "version": 61, "at": 1735902519.3040051}
{"obj": {"type": "LogStrings", "path": ["monitoring", "9ebde2f5", "stderr"], "values": [{"value": "  File \"/Users/erwan/Workspace/WSS-UIC/train_vgg_resnet/train.py\", line 71, in train\n", "step": null, "ts": 1735902519.304144}]}, "version": 62, "at": 1735902519.304161}
{"obj": {"type": "LogStrings", "path": ["monitoring", "9ebde2f5", "stderr"], "values": [{"value": "    ", "step": null, "ts": 1735902519.30431}]}, "version": 63, "at": 1735902519.3043258}
{"obj": {"type": "LogStrings", "path": ["monitoring", "9ebde2f5", "stderr"], "values": [{"value": "pred_ys = model(images)", "step": null, "ts": 1735902519.304704}]}, "version": 64, "at": 1735902519.304728}
{"obj": {"type": "LogStrings", "path": ["monitoring", "9ebde2f5", "stderr"], "values": [{"value": "\n", "step": null, "ts": 1735902519.304886}]}, "version": 65, "at": 1735902519.304903}
{"obj": {"type": "LogStrings", "path": ["monitoring", "9ebde2f5", "stderr"], "values": [{"value": "  File \"/Users/erwan/miniconda3/envs/segmentation_env/lib/python3.10/site-packages/torch/nn/modules/module.py\", line 1511, in _wrapped_call_impl\n", "step": null, "ts": 1735902519.3051069}]}, "version": 66, "at": 1735902519.305126}
{"obj": {"type": "LogStrings", "path": ["monitoring", "9ebde2f5", "stderr"], "values": [{"value": "    ", "step": null, "ts": 1735902519.3055758}]}, "version": 67, "at": 1735902519.3055942}
{"obj": {"type": "LogStrings", "path": ["monitoring", "9ebde2f5", "stderr"], "values": [{"value": "return self._call_impl(*args, **kwargs)", "step": null, "ts": 1735902519.3059998}]}, "version": 68, "at": 1735902519.3060238}
{"obj": {"type": "LogStrings", "path": ["monitoring", "9ebde2f5", "stderr"], "values": [{"value": "\n", "step": null, "ts": 1735902519.306172}]}, "version": 69, "at": 1735902519.306187}
{"obj": {"type": "LogStrings", "path": ["monitoring", "9ebde2f5", "stderr"], "values": [{"value": "  File \"/Users/erwan/miniconda3/envs/segmentation_env/lib/python3.10/site-packages/torch/nn/modules/module.py\", line 1520, in _call_impl\n", "step": null, "ts": 1735902519.3063328}]}, "version": 70, "at": 1735902519.3063529}
{"obj": {"type": "LogStrings", "path": ["monitoring", "9ebde2f5", "stderr"], "values": [{"value": "    ", "step": null, "ts": 1735902519.30646}]}, "version": 71, "at": 1735902519.306476}
{"obj": {"type": "LogStrings", "path": ["monitoring", "9ebde2f5", "stderr"], "values": [{"value": "return forward_call(*args, **kwargs)", "step": null, "ts": 1735902519.306605}]}, "version": 72, "at": 1735902519.3066208}
{"obj": {"type": "LogStrings", "path": ["monitoring", "9ebde2f5", "stderr"], "values": [{"value": "\n", "step": null, "ts": 1735902519.306964}]}, "version": 73, "at": 1735902519.306981}
{"obj": {"type": "LogStrings", "path": ["monitoring", "9ebde2f5", "stderr"], "values": [{"value": "  File \"/Users/erwan/Workspace/WSS-UIC/models.py\", line 15, in forward\n", "step": null, "ts": 1735902519.307143}]}, "version": 74, "at": 1735902519.307168}
{"obj": {"type": "LogStrings", "path": ["monitoring", "9ebde2f5", "stderr"], "values": [{"value": "    ", "step": null, "ts": 1735902519.307292}]}, "version": 75, "at": 1735902519.307307}
{"obj": {"type": "LogStrings", "path": ["monitoring", "9ebde2f5", "stderr"], "values": [{"value": "x0 = self.vgg16(x)", "step": null, "ts": 1735902519.30773}]}, "version": 76, "at": 1735902519.307751}
{"obj": {"type": "LogStrings", "path": ["monitoring", "9ebde2f5", "stderr"], "values": [{"value": "\n", "step": null, "ts": 1735902519.3079832}]}, "version": 77, "at": 1735902519.308016}
{"obj": {"type": "LogStrings", "path": ["monitoring", "9ebde2f5", "stderr"], "values": [{"value": "  File \"/Users/erwan/miniconda3/envs/segmentation_env/lib/python3.10/site-packages/torch/nn/modules/module.py\", line 1511, in _wrapped_call_impl\n", "step": null, "ts": 1735902519.308439}]}, "version": 78, "at": 1735902519.308458}
{"obj": {"type": "LogStrings", "path": ["monitoring", "9ebde2f5", "stderr"], "values": [{"value": "    ", "step": null, "ts": 1735902519.3086112}]}, "version": 79, "at": 1735902519.3086479}
{"obj": {"type": "LogStrings", "path": ["monitoring", "9ebde2f5", "stderr"], "values": [{"value": "return self._call_impl(*args, **kwargs)", "step": null, "ts": 1735902519.3088691}]}, "version": 80, "at": 1735902519.308918}
{"obj": {"type": "LogStrings", "path": ["monitoring", "9ebde2f5", "stderr"], "values": [{"value": "\n", "step": null, "ts": 1735902519.3095942}]}, "version": 81, "at": 1735902519.309649}
{"obj": {"type": "LogStrings", "path": ["monitoring", "9ebde2f5", "stderr"], "values": [{"value": "  File \"/Users/erwan/miniconda3/envs/segmentation_env/lib/python3.10/site-packages/torch/nn/modules/module.py\", line 1520, in _call_impl\n", "step": null, "ts": 1735902519.3099232}]}, "version": 82, "at": 1735902519.309972}
{"obj": {"type": "LogStrings", "path": ["monitoring", "9ebde2f5", "stderr"], "values": [{"value": "    ", "step": null, "ts": 1735902519.310268}]}, "version": 83, "at": 1735902519.310299}
{"obj": {"type": "LogStrings", "path": ["monitoring", "9ebde2f5", "stderr"], "values": [{"value": "return forward_call(*args, **kwargs)", "step": null, "ts": 1735902519.3105578}]}, "version": 84, "at": 1735902519.31058}
{"obj": {"type": "LogStrings", "path": ["monitoring", "9ebde2f5", "stderr"], "values": [{"value": "\n", "step": null, "ts": 1735902519.3107378}]}, "version": 85, "at": 1735902519.3107572}
{"obj": {"type": "LogStrings", "path": ["monitoring", "9ebde2f5", "stderr"], "values": [{"value": "  File \"/Users/erwan/miniconda3/envs/segmentation_env/lib/python3.10/site-packages/torchvision/models/vgg.py\", line 66, in forward\n", "step": null, "ts": 1735902519.310841}]}, "version": 86, "at": 1735902519.310858}
{"obj": {"type": "LogStrings", "path": ["monitoring", "9ebde2f5", "stderr"], "values": [{"value": "    ", "step": null, "ts": 1735902519.311378}]}, "version": 87, "at": 1735902519.311407}
{"obj": {"type": "LogStrings", "path": ["monitoring", "9ebde2f5", "stderr"], "values": [{"value": "x = self.features(x)", "step": null, "ts": 1735902519.3119512}]}, "version": 88, "at": 1735902519.31198}
{"obj": {"type": "LogStrings", "path": ["monitoring", "9ebde2f5", "stdout"], "values": [{"value": "[neptune] [info   ] Shutting down background jobs, please wait a moment...\n", "step": null, "ts": 1735902519.312215}]}, "version": 89, "at": 1735902519.3122392}
{"obj": {"type": "LogStrings", "path": ["monitoring", "9ebde2f5", "stderr"], "values": [{"value": "\n", "step": null, "ts": 1735902519.312396}]}, "version": 90, "at": 1735902519.312421}
{"obj": {"type": "LogStrings", "path": ["monitoring", "9ebde2f5", "stderr"], "values": [{"value": "  File \"/Users/erwan/miniconda3/envs/segmentation_env/lib/python3.10/site-packages/torch/nn/modules/module.py\", line 1511, in _wrapped_call_impl\n", "step": null, "ts": 1735902519.312906}]}, "version": 91, "at": 1735902519.312932}
{"obj": {"type": "LogStrings", "path": ["monitoring", "9ebde2f5", "stderr"], "values": [{"value": "    ", "step": null, "ts": 1735902519.31303}]}, "version": 92, "at": 1735902519.313052}
{"obj": {"type": "LogStrings", "path": ["monitoring", "9ebde2f5", "stderr"], "values": [{"value": "return self._call_impl(*args, **kwargs)", "step": null, "ts": 1735902519.3131762}]}, "version": 93, "at": 1735902519.3131971}
{"obj": {"type": "LogStrings", "path": ["monitoring", "9ebde2f5", "stderr"], "values": [{"value": "\n", "step": null, "ts": 1735902519.313282}]}, "version": 94, "at": 1735902519.313298}
{"obj": {"type": "LogStrings", "path": ["monitoring", "9ebde2f5", "stderr"], "values": [{"value": "  File \"/Users/erwan/miniconda3/envs/segmentation_env/lib/python3.10/site-packages/torch/nn/modules/module.py\", line 1520, in _call_impl\n", "step": null, "ts": 1735902519.313365}]}, "version": 95, "at": 1735902519.31338}
{"obj": {"type": "LogStrings", "path": ["monitoring", "9ebde2f5", "stderr"], "values": [{"value": "    ", "step": null, "ts": 1735902519.3134458}]}, "version": 96, "at": 1735902519.313463}
{"obj": {"type": "LogStrings", "path": ["monitoring", "9ebde2f5", "stderr"], "values": [{"value": "return forward_call(*args, **kwargs)", "step": null, "ts": 1735902519.313545}]}, "version": 97, "at": 1735902519.313566}
{"obj": {"type": "LogStrings", "path": ["monitoring", "9ebde2f5", "stderr"], "values": [{"value": "\n", "step": null, "ts": 1735902519.313673}]}, "version": 98, "at": 1735902519.3137002}
{"obj": {"type": "LogStrings", "path": ["monitoring", "9ebde2f5", "stderr"], "values": [{"value": "  File \"/Users/erwan/miniconda3/envs/segmentation_env/lib/python3.10/site-packages/torch/nn/modules/container.py\", line 217, in forward\n", "step": null, "ts": 1735902519.313844}]}, "version": 99, "at": 1735902519.3138711}
{"obj": {"type": "LogStrings", "path": ["monitoring", "9ebde2f5", "stderr"], "values": [{"value": "    ", "step": null, "ts": 1735902519.313993}]}, "version": 100, "at": 1735902519.3140202}
{"obj": {"type": "LogStrings", "path": ["monitoring", "9ebde2f5", "stderr"], "values": [{"value": "input = module(input)", "step": null, "ts": 1735902519.314283}]}, "version": 101, "at": 1735902519.314313}
{"obj": {"type": "LogStrings", "path": ["monitoring", "9ebde2f5", "stderr"], "values": [{"value": "\n", "step": null, "ts": 1735902519.3144908}]}, "version": 102, "at": 1735902519.3145201}
{"obj": {"type": "LogStrings", "path": ["monitoring", "9ebde2f5", "stderr"], "values": [{"value": "  File \"/Users/erwan/miniconda3/envs/segmentation_env/lib/python3.10/site-packages/torch/nn/modules/module.py\", line 1511, in _wrapped_call_impl\n", "step": null, "ts": 1735902519.314642}]}, "version": 103, "at": 1735902519.314668}
{"obj": {"type": "LogStrings", "path": ["monitoring", "9ebde2f5", "stderr"], "values": [{"value": "    ", "step": null, "ts": 1735902519.314786}]}, "version": 104, "at": 1735902519.314811}
{"obj": {"type": "LogStrings", "path": ["monitoring", "9ebde2f5", "stderr"], "values": [{"value": "return self._call_impl(*args, **kwargs)", "step": null, "ts": 1735902519.314922}]}, "version": 105, "at": 1735902519.3149471}
{"obj": {"type": "LogStrings", "path": ["monitoring", "9ebde2f5", "stderr"], "values": [{"value": "\n", "step": null, "ts": 1735902519.315059}]}, "version": 106, "at": 1735902519.315084}
{"obj": {"type": "LogStrings", "path": ["monitoring", "9ebde2f5", "stderr"], "values": [{"value": "  File \"/Users/erwan/miniconda3/envs/segmentation_env/lib/python3.10/site-packages/torch/nn/modules/module.py\", line 1520, in _call_impl\n", "step": null, "ts": 1735902519.315186}]}, "version": 107, "at": 1735902519.3152041}
{"obj": {"type": "LogStrings", "path": ["monitoring", "9ebde2f5", "stderr"], "values": [{"value": "    ", "step": null, "ts": 1735902519.315274}]}, "version": 108, "at": 1735902519.315287}
{"obj": {"type": "LogStrings", "path": ["monitoring", "9ebde2f5", "stderr"], "values": [{"value": "return forward_call(*args, **kwargs)", "step": null, "ts": 1735902519.3153422}]}, "version": 109, "at": 1735902519.315354}
{"obj": {"type": "LogStrings", "path": ["monitoring", "9ebde2f5", "stderr"], "values": [{"value": "\n", "step": null, "ts": 1735902519.3154078}]}, "version": 110, "at": 1735902519.31542}
{"obj": {"type": "LogStrings", "path": ["monitoring", "9ebde2f5", "stderr"], "values": [{"value": "  File \"/Users/erwan/miniconda3/envs/segmentation_env/lib/python3.10/site-packages/torch/nn/modules/conv.py\", line 460, in forward\n", "step": null, "ts": 1735902519.3154728}]}, "version": 111, "at": 1735902519.315485}
{"obj": {"type": "LogStrings", "path": ["monitoring", "9ebde2f5", "stderr"], "values": [{"value": "    ", "step": null, "ts": 1735902519.315539}]}, "version": 112, "at": 1735902519.315551}
{"obj": {"type": "LogStrings", "path": ["monitoring", "9ebde2f5", "stderr"], "values": [{"value": "return self._conv_forward(input, self.weight, self.bias)", "step": null, "ts": 1735902519.315604}]}, "version": 113, "at": 1735902519.315616}
{"obj": {"type": "LogStrings", "path": ["monitoring", "9ebde2f5", "stderr"], "values": [{"value": "\n", "step": null, "ts": 1735902519.315669}]}, "version": 114, "at": 1735902519.31568}
{"obj": {"type": "LogStrings", "path": ["monitoring", "9ebde2f5", "stderr"], "values": [{"value": "  File \"/Users/erwan/miniconda3/envs/segmentation_env/lib/python3.10/site-packages/torch/nn/modules/conv.py\", line 456, in _conv_forward\n", "step": null, "ts": 1735902519.3157382}]}, "version": 115, "at": 1735902519.3157902}
{"obj": {"type": "LogStrings", "path": ["monitoring", "9ebde2f5", "stderr"], "values": [{"value": "    ", "step": null, "ts": 1735902519.315949}]}, "version": 116, "at": 1735902519.315973}
{"obj": {"type": "LogStrings", "path": ["monitoring", "9ebde2f5", "stderr"], "values": [{"value": "return F.conv2d(input, weight, bias, self.stride,", "step": null, "ts": 1735902519.3160708}]}, "version": 117, "at": 1735902519.31609}
{"obj": {"type": "LogStrings", "path": ["monitoring", "9ebde2f5", "stderr"], "values": [{"value": "\n", "step": null, "ts": 1735902519.3161652}]}, "version": 118, "at": 1735902519.316182}
{"obj": {"type": "LogStrings", "path": ["monitoring", "9ebde2f5", "stderr"], "values": [{"value": "KeyboardInterrupt", "step": null, "ts": 1735902519.316257}]}, "version": 119, "at": 1735902519.316274}
{"obj": {"type": "LogStrings", "path": ["monitoring", "9ebde2f5", "stderr"], "values": [{"value": "", "step": null, "ts": 1735902519.3163462}]}, "version": 120, "at": 1735902519.316362}
{"obj": {"type": "LogStrings", "path": ["monitoring", "9ebde2f5", "stderr"], "values": [{"value": "\n", "step": null, "ts": 1735902519.31643}]}, "version": 121, "at": 1735902519.316446}
