{"obj": {"type": "AssignString", "path": ["sys", "name"], "value": "Untitled"}, "version": 1, "at": 1735902400.603093}
{"obj": {"type": "AssignString", "path": ["sys", "description"], "value": ""}, "version": 2, "at": 1735902400.6032739}
{"obj": {"type": "AssignString", "path": ["monitoring", "e2a6370e", "hostname"], "value": "Admins-MacBook-Pro.local"}, "version": 3, "at": 1735902400.603363}
{"obj": {"type": "AssignString", "path": ["sys", "hostname"], "value": "Admins-MacBook-Pro.local"}, "version": 4, "at": 1735902400.603433}
{"obj": {"type": "AssignString", "path": ["monitoring", "e2a6370e", "pid"], "value": "24504"}, "version": 5, "at": 1735902400.603499}
{"obj": {"type": "AssignString", "path": ["monitoring", "e2a6370e", "tid"], "value": "4647407040"}, "version": 6, "at": 1735902400.603564}
{"obj": {"type": "AssignBool", "path": ["sys", "failed"], "value": false}, "version": 7, "at": 1735902400.60365}
{"obj": {"type": "ClearStringLog", "path": ["monitoring", "e2a6370e", "stdout"]}, "version": 8, "at": 1735902400.6045609}
{"obj": {"type": "ClearStringLog", "path": ["monitoring", "e2a6370e", "stderr"]}, "version": 9, "at": 1735902400.60466}
{"obj": {"type": "AssignString", "path": ["source_code", "entrypoint"], "value": "train.py"}, "version": 10, "at": 1735902400.605191}
{"obj": {"type": "UploadFileSet", "path": ["source_code", "files"], "file_globs": ["/Users/erwan/Workspace/WSS-UIC/train_vgg_resnet/train.py"], "reset": "False"}, "version": 11, "at": 1735902400.605289}
{"obj": {"type": "UploadFile", "path": ["source_code", "diff"], "ext": "patch", "file_path": null, "tmp_file_name": "source_code_diff-1735902400.783769-2025-01-03_12.06.40.783769.patch", "clean_after_upload": false}, "version": 12, "at": 1735902400.7841809}
{"obj": {"type": "ConfigFloatSeries", "path": ["monitoring", "e2a6370e", "cpu"], "min": 0.0, "max": 100.0, "unit": "%"}, "version": 13, "at": 1735902400.788044}
{"obj": {"type": "ClearFloatLog", "path": ["monitoring", "e2a6370e", "cpu"]}, "version": 14, "at": 1735902400.7881238}
{"obj": {"type": "ConfigFloatSeries", "path": ["monitoring", "e2a6370e", "memory"], "min": 0.0, "max": 16.0, "unit": "GB"}, "version": 15, "at": 1735902400.788214}
{"obj": {"type": "ClearFloatLog", "path": ["monitoring", "e2a6370e", "memory"]}, "version": 16, "at": 1735902400.7882502}
{"obj": {"type": "LogStrings", "path": ["monitoring", "e2a6370e", "stderr"], "values": [{"value": "[neptune] [warning] /Users/erwan/Workspace/WSS-UIC/train_vgg_resnet/train.py:46: NeptuneWarning: Info (NVML): NVML Shared Library Not Found. GPU usage metrics may not be reported. For more information, see https://docs.neptune.ai/help/nvml_error/\n", "step": null, "ts": 1735902400.7884622}]}, "version": 17, "at": 1735902400.788518}
{"obj": {"type": "LogFloats", "path": ["monitoring", "e2a6370e", "memory"], "values": [{"value": 9.436359405517578, "step": null, "ts": 1735902400.788619}]}, "version": 18, "at": 1735902400.789291}
{"obj": {"type": "AssignString", "path": ["config", "optimizer"], "value": "Adam"}, "version": 19, "at": 1735902400.7894468}
{"obj": {"type": "LogStrings", "path": ["monitoring", "e2a6370e", "stdout"], "values": [{"value": "ici la ", "step": null, "ts": 1735902400.789935}]}, "version": 20, "at": 1735902400.789963}
{"obj": {"type": "LogStrings", "path": ["monitoring", "e2a6370e", "stdout"], "values": [{"value": "\n", "step": null, "ts": 1735902400.790051}]}, "version": 21, "at": 1735902400.790066}
{"obj": {"type": "LogStrings", "path": ["monitoring", "e2a6370e", "stderr"], "values": [{"value": "\r  0%|                                                                                                                                                                                 | 0/2 [00:00<?, ?it/s]", "step": null, "ts": 1735902400.7979572}]}, "version": 22, "at": 1735902400.798243}
{"obj": {"type": "LogStrings", "path": ["monitoring", "e2a6370e", "stdout"], "values": [{"value": "dqsdqs", "step": null, "ts": 1735902400.8003762}]}, "version": 23, "at": 1735902400.8004239}
{"obj": {"type": "LogStrings", "path": ["monitoring", "e2a6370e", "stdout"], "values": [{"value": "\n", "step": null, "ts": 1735902400.801981}]}, "version": 24, "at": 1735902400.802021}
{"obj": {"type": "LogStrings", "path": ["monitoring", "e2a6370e", "stdout"], "values": [{"value": "(128, 128, 4)", "step": null, "ts": 1735902400.814141}]}, "version": 25, "at": 1735902400.814197}
{"obj": {"type": "LogStrings", "path": ["monitoring", "e2a6370e", "stdout"], "values": [{"value": "\n", "step": null, "ts": 1735902400.81674}]}, "version": 26, "at": 1735902400.816792}
{"obj": {"type": "LogStrings", "path": ["monitoring", "e2a6370e", "stdout"], "values": [{"value": "(128, 128, 4)", "step": null, "ts": 1735902400.8172889}]}, "version": 27, "at": 1735902400.81733}
{"obj": {"type": "LogStrings", "path": ["monitoring", "e2a6370e", "stdout"], "values": [{"value": "\n", "step": null, "ts": 1735902400.8176708}]}, "version": 28, "at": 1735902400.817703}
{"obj": {"type": "LogStrings", "path": ["monitoring", "e2a6370e", "stdout"], "values": [{"value": "(128, 128, 4)", "step": null, "ts": 1735902400.8221571}]}, "version": 29, "at": 1735902400.822285}
{"obj": {"type": "LogStrings", "path": ["monitoring", "e2a6370e", "stdout"], "values": [{"value": "\n", "step": null, "ts": 1735902400.822817}]}, "version": 30, "at": 1735902400.822882}
{"obj": {"type": "LogStrings", "path": ["monitoring", "e2a6370e", "stdout"], "values": [{"value": "(128, 128, 4)", "step": null, "ts": 1735902400.827646}]}, "version": 31, "at": 1735902400.827714}
{"obj": {"type": "LogStrings", "path": ["monitoring", "e2a6370e", "stdout"], "values": [{"value": "\n", "step": null, "ts": 1735902400.828191}]}, "version": 32, "at": 1735902400.828227}
{"obj": {"type": "LogStrings", "path": ["monitoring", "e2a6370e", "stdout"], "values": [{"value": "(128, 128, 4)", "step": null, "ts": 1735902400.830067}]}, "version": 33, "at": 1735902400.830107}
{"obj": {"type": "LogStrings", "path": ["monitoring", "e2a6370e", "stdout"], "values": [{"value": "\n", "step": null, "ts": 1735902400.8304482}]}, "version": 34, "at": 1735902400.8304791}
{"obj": {"type": "LogStrings", "path": ["monitoring", "e2a6370e", "stdout"], "values": [{"value": "(128, 128, 4)", "step": null, "ts": 1735902400.834978}]}, "version": 35, "at": 1735902400.8350341}
{"obj": {"type": "LogStrings", "path": ["monitoring", "e2a6370e", "stdout"], "values": [{"value": "\n", "step": null, "ts": 1735902400.835213}]}, "version": 36, "at": 1735902400.835243}
{"obj": {"type": "LogStrings", "path": ["monitoring", "e2a6370e", "stdout"], "values": [{"value": "(128, 128, 4)", "step": null, "ts": 1735902400.838196}]}, "version": 37, "at": 1735902400.8382962}
{"obj": {"type": "LogStrings", "path": ["monitoring", "e2a6370e", "stdout"], "values": [{"value": "\n", "step": null, "ts": 1735902400.839067}]}, "version": 38, "at": 1735902400.8391109}
{"obj": {"type": "LogStrings", "path": ["monitoring", "e2a6370e", "stdout"], "values": [{"value": "(128, 128, 4)", "step": null, "ts": 1735902400.8418639}]}, "version": 39, "at": 1735902400.841909}
{"obj": {"type": "LogStrings", "path": ["monitoring", "e2a6370e", "stdout"], "values": [{"value": "\n", "step": null, "ts": 1735902400.8422568}]}, "version": 40, "at": 1735902400.842287}
{"obj": {"type": "LogStrings", "path": ["monitoring", "e2a6370e", "stdout"], "values": [{"value": "(128, 128, 4)", "step": null, "ts": 1735902400.843831}]}, "version": 41, "at": 1735902400.843868}
{"obj": {"type": "LogStrings", "path": ["monitoring", "e2a6370e", "stdout"], "values": [{"value": "\n", "step": null, "ts": 1735902400.844192}]}, "version": 42, "at": 1735902400.8442209}
{"obj": {"type": "LogStrings", "path": ["monitoring", "e2a6370e", "stdout"], "values": [{"value": "(128, 128, 4)", "step": null, "ts": 1735902400.846411}]}, "version": 43, "at": 1735902400.846455}
{"obj": {"type": "LogStrings", "path": ["monitoring", "e2a6370e", "stdout"], "values": [{"value": "\n", "step": null, "ts": 1735902400.846758}]}, "version": 44, "at": 1735902400.8467898}
{"obj": {"type": "LogStrings", "path": ["monitoring", "e2a6370e", "stdout"], "values": [{"value": "(128, 128, 4)", "step": null, "ts": 1735902400.849816}]}, "version": 45, "at": 1735902400.8498712}
{"obj": {"type": "LogStrings", "path": ["monitoring", "e2a6370e", "stdout"], "values": [{"value": "\n", "step": null, "ts": 1735902400.851347}]}, "version": 46, "at": 1735902400.851392}
{"obj": {"type": "LogStrings", "path": ["monitoring", "e2a6370e", "stdout"], "values": [{"value": "(128, 128, 4)", "step": null, "ts": 1735902400.854304}]}, "version": 47, "at": 1735902400.854348}
{"obj": {"type": "LogStrings", "path": ["monitoring", "e2a6370e", "stdout"], "values": [{"value": "\n", "step": null, "ts": 1735902400.8556092}]}, "version": 48, "at": 1735902400.85577}
{"obj": {"type": "LogStrings", "path": ["monitoring", "e2a6370e", "stdout"], "values": [{"value": "(128, 128, 4)", "step": null, "ts": 1735902400.860223}]}, "version": 49, "at": 1735902400.8603258}
{"obj": {"type": "LogStrings", "path": ["monitoring", "e2a6370e", "stdout"], "values": [{"value": "\n", "step": null, "ts": 1735902400.861274}]}, "version": 50, "at": 1735902400.861312}
{"obj": {"type": "LogStrings", "path": ["monitoring", "e2a6370e", "stdout"], "values": [{"value": "(128, 128, 4)", "step": null, "ts": 1735902400.864102}]}, "version": 51, "at": 1735902400.8642108}
{"obj": {"type": "LogStrings", "path": ["monitoring", "e2a6370e", "stdout"], "values": [{"value": "\n", "step": null, "ts": 1735902400.8648572}]}, "version": 52, "at": 1735902400.8649049}
{"obj": {"type": "LogStrings", "path": ["monitoring", "e2a6370e", "stdout"], "values": [{"value": "(128, 128, 4)", "step": null, "ts": 1735902400.870065}]}, "version": 53, "at": 1735902400.870114}
{"obj": {"type": "LogStrings", "path": ["monitoring", "e2a6370e", "stdout"], "values": [{"value": "\n", "step": null, "ts": 1735902400.872103}]}, "version": 54, "at": 1735902400.8723688}
{"obj": {"type": "LogStrings", "path": ["monitoring", "e2a6370e", "stdout"], "values": [{"value": "(128, 128, 4)", "step": null, "ts": 1735902400.877252}]}, "version": 55, "at": 1735902400.87737}
{"obj": {"type": "LogStrings", "path": ["monitoring", "e2a6370e", "stdout"], "values": [{"value": "\n", "step": null, "ts": 1735902400.8780632}]}, "version": 56, "at": 1735902400.8781068}
{"obj": {"type": "LogStrings", "path": ["monitoring", "e2a6370e", "stdout"], "values": [{"value": "2", "step": null, "ts": 1735902400.90013}]}, "version": 57, "at": 1735902400.900193}
{"obj": {"type": "LogStrings", "path": ["monitoring", "e2a6370e", "stdout"], "values": [{"value": "\n", "step": null, "ts": 1735902400.9005911}]}, "version": 58, "at": 1735902400.900626}
{"obj": {"type": "LogStrings", "path": ["monitoring", "e2a6370e", "stdout"], "values": [{"value": "torch.Size([16, 4, 128, 128])", "step": null, "ts": 1735902400.900758}]}, "version": 59, "at": 1735902400.900783}
{"obj": {"type": "LogStrings", "path": ["monitoring", "e2a6370e", "stdout"], "values": [{"value": "\n", "step": null, "ts": 1735902400.900888}]}, "version": 60, "at": 1735902400.9009101}
{"obj": {"type": "LogStrings", "path": ["monitoring", "e2a6370e", "stderr"], "values": [{"value": "", "step": null, "ts": 1735902400.928021}]}, "version": 61, "at": 1735902400.928074}
{"obj": {"type": "LogStrings", "path": ["monitoring", "e2a6370e", "stderr"], "values": [{"value": "\r  0%|                                                                                                                                                                                 | 0/2 [00:00<?, ?it/s]", "step": null, "ts": 1735902400.928588}]}, "version": 62, "at": 1735902400.928618}
{"obj": {"type": "LogStrings", "path": ["monitoring", "e2a6370e", "stderr"], "values": [{"value": "\n", "step": null, "ts": 1735902400.928782}]}, "version": 63, "at": 1735902400.928807}
{"obj": {"type": "LogStrings", "path": ["monitoring", "e2a6370e", "traceback"], "values": [{"value": "An uncaught exception occurred while run was active on worker Admins-MacBook-Pro.local.", "step": null, "ts": 1735902400.930804}, {"value": "Marking run as failed", "step": null, "ts": 1735902400.930804}, {"value": "Traceback:", "step": null, "ts": 1735902400.930804}, {"value": "  File \"/Users/erwan/Workspace/WSS-UIC/train_vgg_resnet/train.py\", line 129, in <module>\n    train(\n", "step": null, "ts": 1735902400.930804}, {"value": "  File \"/Users/erwan/Workspace/WSS-UIC/train_vgg_resnet/train.py\", line 68, in train\n    images = normalize(batch[0].float().to(device))\n", "step": null, "ts": 1735902400.930804}, {"value": "  File \"/Users/erwan/miniconda3/envs/segmentation_env/lib/python3.10/site-packages/torch/nn/modules/module.py\", line 1511, in _wrapped_call_impl\n    return self._call_impl(*args, **kwargs)\n", "step": null, "ts": 1735902400.930804}, {"value": "  File \"/Users/erwan/miniconda3/envs/segmentation_env/lib/python3.10/site-packages/torch/nn/modules/module.py\", line 1520, in _call_impl\n    return forward_call(*args, **kwargs)\n", "step": null, "ts": 1735902400.930804}, {"value": "  File \"/Users/erwan/miniconda3/envs/segmentation_env/lib/python3.10/site-packages/torchvision/transforms/transforms.py\", line 277, in forward\n    return F.normalize(tensor, self.mean, self.std, self.inplace)\n", "step": null, "ts": 1735902400.930804}, {"value": "  File \"/Users/erwan/miniconda3/envs/segmentation_env/lib/python3.10/site-packages/torchvision/transforms/functional.py\", line 349, in normalize\n    return F_t.normalize(tensor, mean=mean, std=std, inplace=inplace)\n", "step": null, "ts": 1735902400.930804}, {"value": "  File \"/Users/erwan/miniconda3/envs/segmentation_env/lib/python3.10/site-packages/torchvision/transforms/_functional_tensor.py\", line 926, in normalize\n    return tensor.sub_(mean).div_(std)\n", "step": null, "ts": 1735902400.930804}]}, "version": 64, "at": 1735902400.9308622}
{"obj": {"type": "LogStrings", "path": ["monitoring", "e2a6370e", "traceback"], "values": [{"value": "The size of tensor a (4) must match the size of tensor b (3) at non-singleton dimension 1", "step": null, "ts": 1735902400.930804}]}, "version": 65, "at": 1735902400.931068}
{"obj": {"type": "AssignBool", "path": ["sys", "failed"], "value": true}, "version": 66, "at": 1735902400.931328}
{"obj": {"type": "LogStrings", "path": ["monitoring", "e2a6370e", "stderr"], "values": [{"value": "Traceback (most recent call last):\n", "step": null, "ts": 1735902400.932033}]}, "version": 67, "at": 1735902400.932089}
{"obj": {"type": "LogStrings", "path": ["monitoring", "e2a6370e", "stderr"], "values": [{"value": "  File \"/Users/erwan/Workspace/WSS-UIC/train_vgg_resnet/train.py\", line 129, in <module>\n", "step": null, "ts": 1735902400.9323468}]}, "version": 68, "at": 1735902400.932396}
{"obj": {"type": "LogStrings", "path": ["monitoring", "e2a6370e", "stderr"], "values": [{"value": "    ", "step": null, "ts": 1735902400.933635}]}, "version": 69, "at": 1735902400.9337301}
{"obj": {"type": "LogStrings", "path": ["monitoring", "e2a6370e", "stderr"], "values": [{"value": "train(", "step": null, "ts": 1735902400.933991}]}, "version": 70, "at": 1735902400.934017}
{"obj": {"type": "LogStrings", "path": ["monitoring", "e2a6370e", "stderr"], "values": [{"value": "\n", "step": null, "ts": 1735902400.9342442}]}, "version": 71, "at": 1735902400.9342642}
{"obj": {"type": "LogStrings", "path": ["monitoring", "e2a6370e", "stderr"], "values": [{"value": "  File \"/Users/erwan/Workspace/WSS-UIC/train_vgg_resnet/train.py\", line 68, in train\n", "step": null, "ts": 1735902400.934742}]}, "version": 72, "at": 1735902400.934769}
{"obj": {"type": "LogStrings", "path": ["monitoring", "e2a6370e", "stderr"], "values": [{"value": "    ", "step": null, "ts": 1735902400.934912}]}, "version": 73, "at": 1735902400.934945}
{"obj": {"type": "LogStrings", "path": ["monitoring", "e2a6370e", "stderr"], "values": [{"value": "images = normalize(batch[0].float().to(device))", "step": null, "ts": 1735902400.935238}]}, "version": 74, "at": 1735902400.935263}
{"obj": {"type": "LogStrings", "path": ["monitoring", "e2a6370e", "stderr"], "values": [{"value": "\n", "step": null, "ts": 1735902400.935415}]}, "version": 75, "at": 1735902400.935442}
{"obj": {"type": "LogStrings", "path": ["monitoring", "e2a6370e", "stderr"], "values": [{"value": "  File \"/Users/erwan/miniconda3/envs/segmentation_env/lib/python3.10/site-packages/torch/nn/modules/module.py\", line 1511, in _wrapped_call_impl\n", "step": null, "ts": 1735902400.935699}]}, "version": 76, "at": 1735902400.93572}
{"obj": {"type": "LogStrings", "path": ["monitoring", "e2a6370e", "stderr"], "values": [{"value": "    ", "step": null, "ts": 1735902400.935885}]}, "version": 77, "at": 1735902400.935909}
{"obj": {"type": "LogStrings", "path": ["monitoring", "e2a6370e", "stderr"], "values": [{"value": "return self._call_impl(*args, **kwargs)", "step": null, "ts": 1735902400.936051}]}, "version": 78, "at": 1735902400.936074}
{"obj": {"type": "LogStrings", "path": ["monitoring", "e2a6370e", "stderr"], "values": [{"value": "\n", "step": null, "ts": 1735902400.936395}]}, "version": 79, "at": 1735902400.9364128}
{"obj": {"type": "LogStrings", "path": ["monitoring", "e2a6370e", "stderr"], "values": [{"value": "  File \"/Users/erwan/miniconda3/envs/segmentation_env/lib/python3.10/site-packages/torch/nn/modules/module.py\", line 1520, in _call_impl\n", "step": null, "ts": 1735902400.9369311}]}, "version": 80, "at": 1735902400.936963}
{"obj": {"type": "LogStrings", "path": ["monitoring", "e2a6370e", "stdout"], "values": [{"value": "[neptune] [info   ] Shutting down background jobs, please wait a moment...\n", "step": null, "ts": 1735902400.93713}]}, "version": 81, "at": 1735902400.9371479}
{"obj": {"type": "LogStrings", "path": ["monitoring", "e2a6370e", "stderr"], "values": [{"value": "    ", "step": null, "ts": 1735902400.9372668}]}, "version": 82, "at": 1735902400.9372852}
{"obj": {"type": "LogStrings", "path": ["monitoring", "e2a6370e", "stderr"], "values": [{"value": "return forward_call(*args, **kwargs)", "step": null, "ts": 1735902400.937356}]}, "version": 83, "at": 1735902400.93737}
{"obj": {"type": "LogStrings", "path": ["monitoring", "e2a6370e", "stderr"], "values": [{"value": "\n", "step": null, "ts": 1735902400.9374459}]}, "version": 84, "at": 1735902400.93746}
{"obj": {"type": "LogStrings", "path": ["monitoring", "e2a6370e", "stderr"], "values": [{"value": "  File \"/Users/erwan/miniconda3/envs/segmentation_env/lib/python3.10/site-packages/torchvision/transforms/transforms.py\", line 277, in forward\n", "step": null, "ts": 1735902400.937523}]}, "version": 85, "at": 1735902400.937536}
{"obj": {"type": "LogStrings", "path": ["monitoring", "e2a6370e", "stderr"], "values": [{"value": "    ", "step": null, "ts": 1735902400.937593}]}, "version": 86, "at": 1735902400.9376051}
{"obj": {"type": "LogStrings", "path": ["monitoring", "e2a6370e", "stderr"], "values": [{"value": "return F.normalize(tensor, self.mean, self.std, self.inplace)", "step": null, "ts": 1735902400.937672}]}, "version": 87, "at": 1735902400.937688}
{"obj": {"type": "LogStrings", "path": ["monitoring", "e2a6370e", "stderr"], "values": [{"value": "\n", "step": null, "ts": 1735902400.937841}]}, "version": 88, "at": 1735902400.9378781}
{"obj": {"type": "LogStrings", "path": ["monitoring", "e2a6370e", "stderr"], "values": [{"value": "  File \"/Users/erwan/miniconda3/envs/segmentation_env/lib/python3.10/site-packages/torchvision/transforms/functional.py\", line 349, in normalize\n", "step": null, "ts": 1735902400.937956}]}, "version": 89, "at": 1735902400.93797}
{"obj": {"type": "LogStrings", "path": ["monitoring", "e2a6370e", "stderr"], "values": [{"value": "    ", "step": null, "ts": 1735902400.9380538}]}, "version": 90, "at": 1735902400.938093}
{"obj": {"type": "LogStrings", "path": ["monitoring", "e2a6370e", "stderr"], "values": [{"value": "return F_t.normalize(tensor, mean=mean, std=std, inplace=inplace)", "step": null, "ts": 1735902400.938441}]}, "version": 91, "at": 1735902400.938553}
{"obj": {"type": "LogStrings", "path": ["monitoring", "e2a6370e", "stderr"], "values": [{"value": "\n", "step": null, "ts": 1735902400.9389381}]}, "version": 92, "at": 1735902400.939003}
{"obj": {"type": "LogStrings", "path": ["monitoring", "e2a6370e", "stderr"], "values": [{"value": "  File \"/Users/erwan/miniconda3/envs/segmentation_env/lib/python3.10/site-packages/torchvision/transforms/_functional_tensor.py\", line 926, in normalize\n", "step": null, "ts": 1735902400.939189}]}, "version": 93, "at": 1735902400.939211}
{"obj": {"type": "LogStrings", "path": ["monitoring", "e2a6370e", "stderr"], "values": [{"value": "    ", "step": null, "ts": 1735902400.939507}]}, "version": 94, "at": 1735902400.939528}
{"obj": {"type": "LogStrings", "path": ["monitoring", "e2a6370e", "stderr"], "values": [{"value": "return tensor.sub_(mean).div_(std)", "step": null, "ts": 1735902400.939611}]}, "version": 95, "at": 1735902400.9396322}
{"obj": {"type": "LogStrings", "path": ["monitoring", "e2a6370e", "stderr"], "values": [{"value": "\n", "step": null, "ts": 1735902400.9397051}]}, "version": 96, "at": 1735902400.9397209}
{"obj": {"type": "LogStrings", "path": ["monitoring", "e2a6370e", "stderr"], "values": [{"value": "RuntimeError", "step": null, "ts": 1735902400.939796}]}, "version": 97, "at": 1735902400.9398148}
{"obj": {"type": "LogStrings", "path": ["monitoring", "e2a6370e", "stderr"], "values": [{"value": ": ", "step": null, "ts": 1735902400.939882}]}, "version": 98, "at": 1735902400.9399061}
{"obj": {"type": "LogStrings", "path": ["monitoring", "e2a6370e", "stderr"], "values": [{"value": "The size of tensor a (4) must match the size of tensor b (3) at non-singleton dimension 1", "step": null, "ts": 1735902400.9399822}]}, "version": 99, "at": 1735902400.9399989}
{"obj": {"type": "LogStrings", "path": ["monitoring", "e2a6370e", "stderr"], "values": [{"value": "\n", "step": null, "ts": 1735902400.9400709}]}, "version": 100, "at": 1735902400.940089}
