{"obj": {"type": "AssignString", "path": ["sys", "name"], "value": "Untitled"}, "version": 1, "at": 1735504168.882085}
{"obj": {"type": "AssignString", "path": ["sys", "description"], "value": ""}, "version": 2, "at": 1735504168.8823922}
{"obj": {"type": "AssignString", "path": ["monitoring", "d2ed5875", "hostname"], "value": "Admins-MacBook-Pro.local"}, "version": 3, "at": 1735504168.882564}
{"obj": {"type": "AssignString", "path": ["sys", "hostname"], "value": "Admins-MacBook-Pro.local"}, "version": 4, "at": 1735504168.882703}
{"obj": {"type": "AssignString", "path": ["monitoring", "d2ed5875", "pid"], "value": "22823"}, "version": 5, "at": 1735504168.882845}
{"obj": {"type": "AssignString", "path": ["monitoring", "d2ed5875", "tid"], "value": "4519902656"}, "version": 6, "at": 1735504168.8830369}
{"obj": {"type": "AssignBool", "path": ["sys", "failed"], "value": false}, "version": 7, "at": 1735504168.883222}
{"obj": {"type": "ClearStringLog", "path": ["monitoring", "d2ed5875", "stdout"]}, "version": 8, "at": 1735504168.883456}
{"obj": {"type": "ClearStringLog", "path": ["monitoring", "d2ed5875", "stderr"]}, "version": 9, "at": 1735504168.883608}
{"obj": {"type": "AssignString", "path": ["source_code", "entrypoint"], "value": "train.py"}, "version": 10, "at": 1735504168.8845341}
{"obj": {"type": "UploadFileSet", "path": ["source_code", "files"], "file_globs": ["/Users/erwan/Workspace/WSS-UIC/train_vgg_resnet/train.py"], "reset": "False"}, "version": 11, "at": 1735504168.8847082}
{"obj": {"type": "UploadFile", "path": ["source_code", "diff"], "ext": "patch", "file_path": null, "tmp_file_name": "source_code_diff-1735504169.199984-2024-12-29_21.29.29.199984.patch", "clean_after_upload": false}, "version": 12, "at": 1735504169.2004402}
{"obj": {"type": "ConfigFloatSeries", "path": ["monitoring", "d2ed5875", "cpu"], "min": 0.0, "max": 100.0, "unit": "%"}, "version": 13, "at": 1735504169.208868}
{"obj": {"type": "ClearFloatLog", "path": ["monitoring", "d2ed5875", "cpu"]}, "version": 14, "at": 1735504169.208961}
{"obj": {"type": "ConfigFloatSeries", "path": ["monitoring", "d2ed5875", "memory"], "min": 0.0, "max": 16.0, "unit": "GB"}, "version": 15, "at": 1735504169.209114}
{"obj": {"type": "ClearFloatLog", "path": ["monitoring", "d2ed5875", "memory"]}, "version": 16, "at": 1735504169.2091699}
{"obj": {"type": "LogStrings", "path": ["monitoring", "d2ed5875", "stderr"], "values": [{"value": "[neptune] [warning] /Users/erwan/Workspace/WSS-UIC/train_vgg_resnet/train.py:46: NeptuneWarning: Info (NVML): NVML Shared Library Not Found. GPU usage metrics may not be reported. For more information, see https://docs.neptune.ai/help/nvml_error/\n", "step": null, "ts": 1735504169.209528}]}, "version": 17, "at": 1735504169.209609}
{"obj": {"type": "LogFloats", "path": ["monitoring", "d2ed5875", "memory"], "values": [{"value": 9.57967758178711, "step": null, "ts": 1735504169.2097971}]}, "version": 18, "at": 1735504169.210281}
{"obj": {"type": "AssignString", "path": ["config", "optimizer"], "value": "Adam"}, "version": 19, "at": 1735504169.2114172}
{"obj": {"type": "LogStrings", "path": ["monitoring", "d2ed5875", "stdout"], "values": [{"value": "ici la ", "step": null, "ts": 1735504169.21634}]}, "version": 20, "at": 1735504169.2163782}
{"obj": {"type": "LogStrings", "path": ["monitoring", "d2ed5875", "stdout"], "values": [{"value": "\n", "step": null, "ts": 1735504169.216543}]}, "version": 21, "at": 1735504169.216568}
{"obj": {"type": "LogStrings", "path": ["monitoring", "d2ed5875", "stdout"], "values": [{"value": "dqsdqs", "step": null, "ts": 1735504169.221644}]}, "version": 22, "at": 1735504169.221687}
{"obj": {"type": "LogStrings", "path": ["monitoring", "d2ed5875", "stderr"], "values": [{"value": "\r  0%|                                                                                                                                                                                 | 0/2 [00:00<?, ?it/s]", "step": null, "ts": 1735504169.2219121}]}, "version": 23, "at": 1735504169.221945}
{"obj": {"type": "LogStrings", "path": ["monitoring", "d2ed5875", "stdout"], "values": [{"value": "\n", "step": null, "ts": 1735504169.222572}]}, "version": 24, "at": 1735504169.222595}
{"obj": {"type": "LogStrings", "path": ["monitoring", "d2ed5875", "stderr"], "values": [{"value": "", "step": null, "ts": 1735504169.2252438}]}, "version": 25, "at": 1735504169.225281}
{"obj": {"type": "LogStrings", "path": ["monitoring", "d2ed5875", "traceback"], "values": [{"value": "An uncaught exception occurred while run was active on worker Admins-MacBook-Pro.local.", "step": null, "ts": 1735504169.227085}, {"value": "Marking run as failed", "step": null, "ts": 1735504169.227085}, {"value": "Traceback:", "step": null, "ts": 1735504169.227085}, {"value": "  File \"<string>\", line 1, in <module>\n", "step": null, "ts": 1735504169.227085}, {"value": "  File \"/Users/erwan/miniconda3/envs/segmentation_env/lib/python3.10/multiprocessing/spawn.py\", line 116, in spawn_main\n    exitcode = _main(fd, parent_sentinel)\n", "step": null, "ts": 1735504169.227085}, {"value": "  File \"/Users/erwan/miniconda3/envs/segmentation_env/lib/python3.10/multiprocessing/spawn.py\", line 125, in _main\n    prepare(preparation_data)\n", "step": null, "ts": 1735504169.227085}, {"value": "  File \"/Users/erwan/miniconda3/envs/segmentation_env/lib/python3.10/multiprocessing/spawn.py\", line 236, in prepare\n    _fixup_main_from_path(data['init_main_from_path'])\n", "step": null, "ts": 1735504169.227085}, {"value": "  File \"/Users/erwan/miniconda3/envs/segmentation_env/lib/python3.10/multiprocessing/spawn.py\", line 287, in _fixup_main_from_path\n    main_content = runpy.run_path(main_path,\n", "step": null, "ts": 1735504169.227085}, {"value": "  File \"/Users/erwan/miniconda3/envs/segmentation_env/lib/python3.10/runpy.py\", line 269, in run_path\n    return _run_module_code(code, init_globals, run_name,\n", "step": null, "ts": 1735504169.227085}, {"value": "  File \"/Users/erwan/miniconda3/envs/segmentation_env/lib/python3.10/runpy.py\", line 96, in _run_module_code\n    _run_code(code, mod_globals, init_globals,\n", "step": null, "ts": 1735504169.227085}]}, "version": 26, "at": 1735504169.2273011}
{"obj": {"type": "LogStrings", "path": ["monitoring", "d2ed5875", "traceback"], "values": [{"value": "  File \"/Users/erwan/miniconda3/envs/segmentation_env/lib/python3.10/runpy.py\", line 86, in _run_code\n    exec(code, run_globals)\n", "step": null, "ts": 1735504169.227085}, {"value": "  File \"/Users/erwan/Workspace/WSS-UIC/train_vgg_resnet/train.py\", line 126, in <module>\n    train(\n", "step": null, "ts": 1735504169.227085}, {"value": "  File \"/Users/erwan/Workspace/WSS-UIC/train_vgg_resnet/train.py\", line 64, in train\n    for batch in train_dl:\n", "step": null, "ts": 1735504169.227085}, {"value": "  File \"/Users/erwan/miniconda3/envs/segmentation_env/lib/python3.10/site-packages/torch/utils/data/dataloader.py\", line 439, in __iter__\n    return self._get_iterator()\n", "step": null, "ts": 1735504169.227085}, {"value": "  File \"/Users/erwan/miniconda3/envs/segmentation_env/lib/python3.10/site-packages/torch/utils/data/dataloader.py\", line 387, in _get_iterator\n    return _MultiProcessingDataLoaderIter(self)\n", "step": null, "ts": 1735504169.227085}, {"value": "  File \"/Users/erwan/miniconda3/envs/segmentation_env/lib/python3.10/site-packages/torch/utils/data/dataloader.py\", line 1040, in __init__\n    w.start()\n", "step": null, "ts": 1735504169.227085}, {"value": "  File \"/Users/erwan/miniconda3/envs/segmentation_env/lib/python3.10/multiprocessing/process.py\", line 121, in start\n    self._popen = self._Popen(self)\n", "step": null, "ts": 1735504169.227085}, {"value": "  File \"/Users/erwan/miniconda3/envs/segmentation_env/lib/python3.10/multiprocessing/context.py\", line 224, in _Popen\n    return _default_context.get_context().Process._Popen(process_obj)\n", "step": null, "ts": 1735504169.227085}, {"value": "  File \"/Users/erwan/miniconda3/envs/segmentation_env/lib/python3.10/multiprocessing/context.py\", line 284, in _Popen\n    return Popen(process_obj)\n", "step": null, "ts": 1735504169.227085}, {"value": "  File \"/Users/erwan/miniconda3/envs/segmentation_env/lib/python3.10/multiprocessing/popen_spawn_posix.py\", line 32, in __init__\n    super().__init__(process_obj)\n", "step": null, "ts": 1735504169.227085}]}, "version": 27, "at": 1735504169.227492}
{"obj": {"type": "LogStrings", "path": ["monitoring", "d2ed5875", "traceback"], "values": [{"value": "  File \"/Users/erwan/miniconda3/envs/segmentation_env/lib/python3.10/multiprocessing/popen_fork.py\", line 19, in __init__\n    self._launch(process_obj)\n", "step": null, "ts": 1735504169.227085}, {"value": "  File \"/Users/erwan/miniconda3/envs/segmentation_env/lib/python3.10/multiprocessing/popen_spawn_posix.py\", line 42, in _launch\n    prep_data = spawn.get_preparation_data(process_obj._name)\n", "step": null, "ts": 1735504169.227085}, {"value": "  File \"/Users/erwan/miniconda3/envs/segmentation_env/lib/python3.10/multiprocessing/spawn.py\", line 154, in get_preparation_data\n    _check_not_importing_main()\n", "step": null, "ts": 1735504169.227085}, {"value": "  File \"/Users/erwan/miniconda3/envs/segmentation_env/lib/python3.10/multiprocessing/spawn.py\", line 134, in _check_not_importing_main\n    raise RuntimeError('''\n", "step": null, "ts": 1735504169.227085}, {"value": "", "step": null, "ts": 1735504169.227085}, {"value": "        An attempt has been made to start a new process before the", "step": null, "ts": 1735504169.227085}, {"value": "        current process has finished its bootstrapping phase.", "step": null, "ts": 1735504169.227085}, {"value": "", "step": null, "ts": 1735504169.227085}, {"value": "        This probably means that you are not using fork to start your", "step": null, "ts": 1735504169.227085}, {"value": "        child processes and you have forgotten to use the proper idiom", "step": null, "ts": 1735504169.227085}]}, "version": 28, "at": 1735504169.227654}
{"obj": {"type": "LogStrings", "path": ["monitoring", "d2ed5875", "traceback"], "values": [{"value": "        in the main module:", "step": null, "ts": 1735504169.227085}, {"value": "", "step": null, "ts": 1735504169.227085}, {"value": "            if __name__ == '__main__':", "step": null, "ts": 1735504169.227085}, {"value": "                freeze_support()", "step": null, "ts": 1735504169.227085}, {"value": "                ...", "step": null, "ts": 1735504169.227085}, {"value": "", "step": null, "ts": 1735504169.227085}, {"value": "        The \"freeze_support()\" line can be omitted if the program", "step": null, "ts": 1735504169.227085}, {"value": "        is not going to be frozen to produce an executable.", "step": null, "ts": 1735504169.227085}]}, "version": 29, "at": 1735504169.229292}
{"obj": {"type": "AssignBool", "path": ["sys", "failed"], "value": true}, "version": 30, "at": 1735504169.229831}
{"obj": {"type": "LogStrings", "path": ["monitoring", "d2ed5875", "stderr"], "values": [{"value": "\r  0%|                                                                                                                                                                                 | 0/2 [00:00<?, ?it/s]", "step": null, "ts": 1735504169.2319272}]}, "version": 31, "at": 1735504169.232021}
{"obj": {"type": "LogStrings", "path": ["monitoring", "d2ed5875", "stderr"], "values": [{"value": "\n", "step": null, "ts": 1735504169.232744}]}, "version": 32, "at": 1735504169.232946}
{"obj": {"type": "LogStrings", "path": ["monitoring", "d2ed5875", "stderr"], "values": [{"value": "Traceback (most recent call last):\n", "step": null, "ts": 1735504169.233192}]}, "version": 33, "at": 1735504169.233239}
{"obj": {"type": "LogStrings", "path": ["monitoring", "d2ed5875", "stderr"], "values": [{"value": "  File \"<string>\", line 1, in <module>\n", "step": null, "ts": 1735504169.233448}]}, "version": 34, "at": 1735504169.233485}
{"obj": {"type": "LogStrings", "path": ["monitoring", "d2ed5875", "stderr"], "values": [{"value": "  File \"/Users/erwan/miniconda3/envs/segmentation_env/lib/python3.10/multiprocessing/spawn.py\", line 116, in spawn_main\n", "step": null, "ts": 1735504169.233668}]}, "version": 35, "at": 1735504169.233706}
{"obj": {"type": "LogStrings", "path": ["monitoring", "d2ed5875", "stderr"], "values": [{"value": "    ", "step": null, "ts": 1735504169.23388}]}, "version": 36, "at": 1735504169.2339141}
{"obj": {"type": "LogStrings", "path": ["monitoring", "d2ed5875", "stderr"], "values": [{"value": "exitcode = _main(fd, parent_sentinel)", "step": null, "ts": 1735504169.234161}]}, "version": 37, "at": 1735504169.2342012}
{"obj": {"type": "LogStrings", "path": ["monitoring", "d2ed5875", "stderr"], "values": [{"value": "\n", "step": null, "ts": 1735504169.234447}]}, "version": 38, "at": 1735504169.234473}
{"obj": {"type": "LogStrings", "path": ["monitoring", "d2ed5875", "stderr"], "values": [{"value": "  File \"/Users/erwan/miniconda3/envs/segmentation_env/lib/python3.10/multiprocessing/spawn.py\", line 125, in _main\n", "step": null, "ts": 1735504169.234585}]}, "version": 39, "at": 1735504169.234609}
{"obj": {"type": "LogStrings", "path": ["monitoring", "d2ed5875", "stderr"], "values": [{"value": "    ", "step": null, "ts": 1735504169.234724}]}, "version": 40, "at": 1735504169.2347462}
{"obj": {"type": "LogStrings", "path": ["monitoring", "d2ed5875", "stderr"], "values": [{"value": "prepare(preparation_data)", "step": null, "ts": 1735504169.23534}]}, "version": 41, "at": 1735504169.235382}
{"obj": {"type": "LogStrings", "path": ["monitoring", "d2ed5875", "stderr"], "values": [{"value": "\n", "step": null, "ts": 1735504169.2355561}]}, "version": 42, "at": 1735504169.235581}
{"obj": {"type": "LogStrings", "path": ["monitoring", "d2ed5875", "stderr"], "values": [{"value": "  File \"/Users/erwan/miniconda3/envs/segmentation_env/lib/python3.10/multiprocessing/spawn.py\", line 236, in prepare\n", "step": null, "ts": 1735504169.235702}]}, "version": 43, "at": 1735504169.235726}
{"obj": {"type": "LogStrings", "path": ["monitoring", "d2ed5875", "stderr"], "values": [{"value": "    ", "step": null, "ts": 1735504169.235841}]}, "version": 44, "at": 1735504169.2358882}
{"obj": {"type": "LogStrings", "path": ["monitoring", "d2ed5875", "stderr"], "values": [{"value": "_fixup_main_from_path(data['init_main_from_path'])", "step": null, "ts": 1735504169.237099}]}, "version": 45, "at": 1735504169.237129}
{"obj": {"type": "LogStrings", "path": ["monitoring", "d2ed5875", "stderr"], "values": [{"value": "\n", "step": null, "ts": 1735504169.238538}]}, "version": 46, "at": 1735504169.2385721}
{"obj": {"type": "LogStrings", "path": ["monitoring", "d2ed5875", "stderr"], "values": [{"value": "  File \"/Users/erwan/miniconda3/envs/segmentation_env/lib/python3.10/multiprocessing/spawn.py\", line 287, in _fixup_main_from_path\n", "step": null, "ts": 1735504169.2388961}]}, "version": 47, "at": 1735504169.238942}
{"obj": {"type": "LogStrings", "path": ["monitoring", "d2ed5875", "stderr"], "values": [{"value": "    ", "step": null, "ts": 1735504169.239093}]}, "version": 48, "at": 1735504169.239119}
{"obj": {"type": "LogStrings", "path": ["monitoring", "d2ed5875", "stderr"], "values": [{"value": "main_content = runpy.run_path(main_path,", "step": null, "ts": 1735504169.23959}]}, "version": 49, "at": 1735504169.239616}
{"obj": {"type": "LogStrings", "path": ["monitoring", "d2ed5875", "stderr"], "values": [{"value": "\n", "step": null, "ts": 1735504169.2397802}]}, "version": 50, "at": 1735504169.239806}
{"obj": {"type": "LogStrings", "path": ["monitoring", "d2ed5875", "stderr"], "values": [{"value": "  File \"/Users/erwan/miniconda3/envs/segmentation_env/lib/python3.10/runpy.py\", line 269, in run_path\n", "step": null, "ts": 1735504169.239916}]}, "version": 51, "at": 1735504169.239938}
{"obj": {"type": "LogStrings", "path": ["monitoring", "d2ed5875", "stderr"], "values": [{"value": "    ", "step": null, "ts": 1735504169.2400389}]}, "version": 52, "at": 1735504169.240061}
{"obj": {"type": "LogStrings", "path": ["monitoring", "d2ed5875", "stderr"], "values": [{"value": "return _run_module_code(code, init_globals, run_name,", "step": null, "ts": 1735504169.240161}]}, "version": 53, "at": 1735504169.240182}
{"obj": {"type": "LogStrings", "path": ["monitoring", "d2ed5875", "stderr"], "values": [{"value": "\n", "step": null, "ts": 1735504169.2402759}]}, "version": 54, "at": 1735504169.240296}
{"obj": {"type": "LogStrings", "path": ["monitoring", "d2ed5875", "stderr"], "values": [{"value": "  File \"/Users/erwan/miniconda3/envs/segmentation_env/lib/python3.10/runpy.py\", line 96, in _run_module_code\n", "step": null, "ts": 1735504169.2404191}]}, "version": 55, "at": 1735504169.240442}
{"obj": {"type": "LogStrings", "path": ["monitoring", "d2ed5875", "stderr"], "values": [{"value": "    ", "step": null, "ts": 1735504169.240542}]}, "version": 56, "at": 1735504169.240563}
{"obj": {"type": "LogStrings", "path": ["monitoring", "d2ed5875", "stderr"], "values": [{"value": "_run_code(code, mod_globals, init_globals,", "step": null, "ts": 1735504169.240723}]}, "version": 57, "at": 1735504169.240748}
{"obj": {"type": "LogStrings", "path": ["monitoring", "d2ed5875", "stderr"], "values": [{"value": "\n", "step": null, "ts": 1735504169.240885}]}, "version": 58, "at": 1735504169.240907}
{"obj": {"type": "LogStrings", "path": ["monitoring", "d2ed5875", "stderr"], "values": [{"value": "  File \"/Users/erwan/miniconda3/envs/segmentation_env/lib/python3.10/runpy.py\", line 86, in _run_code\n", "step": null, "ts": 1735504169.24106}]}, "version": 59, "at": 1735504169.2410839}
{"obj": {"type": "LogStrings", "path": ["monitoring", "d2ed5875", "stderr"], "values": [{"value": "    ", "step": null, "ts": 1735504169.241188}]}, "version": 60, "at": 1735504169.241209}
{"obj": {"type": "LogStrings", "path": ["monitoring", "d2ed5875", "stderr"], "values": [{"value": "exec(code, run_globals)", "step": null, "ts": 1735504169.2412999}]}, "version": 61, "at": 1735504169.24132}
{"obj": {"type": "LogStrings", "path": ["monitoring", "d2ed5875", "stderr"], "values": [{"value": "\n", "step": null, "ts": 1735504169.241406}]}, "version": 62, "at": 1735504169.2414238}
{"obj": {"type": "LogStrings", "path": ["monitoring", "d2ed5875", "stderr"], "values": [{"value": "  File \"/Users/erwan/Workspace/WSS-UIC/train_vgg_resnet/train.py\", line 126, in <module>\n", "step": null, "ts": 1735504169.2430542}]}, "version": 63, "at": 1735504169.2430851}
{"obj": {"type": "LogStrings", "path": ["monitoring", "d2ed5875", "stderr"], "values": [{"value": "    ", "step": null, "ts": 1735504169.243219}]}, "version": 64, "at": 1735504169.243389}
{"obj": {"type": "LogStrings", "path": ["monitoring", "d2ed5875", "stderr"], "values": [{"value": "train(", "step": null, "ts": 1735504169.244131}]}, "version": 65, "at": 1735504169.244162}
{"obj": {"type": "LogStrings", "path": ["monitoring", "d2ed5875", "stderr"], "values": [{"value": "\n", "step": null, "ts": 1735504169.244282}]}, "version": 66, "at": 1735504169.244309}
{"obj": {"type": "LogStrings", "path": ["monitoring", "d2ed5875", "stderr"], "values": [{"value": "  File \"/Users/erwan/Workspace/WSS-UIC/train_vgg_resnet/train.py\", line 64, in train\n", "step": null, "ts": 1735504169.244617}]}, "version": 67, "at": 1735504169.244645}
{"obj": {"type": "LogStrings", "path": ["monitoring", "d2ed5875", "stderr"], "values": [{"value": "    ", "step": null, "ts": 1735504169.24479}]}, "version": 68, "at": 1735504169.2448158}
{"obj": {"type": "LogStrings", "path": ["monitoring", "d2ed5875", "stderr"], "values": [{"value": "for batch in train_dl:", "step": null, "ts": 1735504169.245159}]}, "version": 69, "at": 1735504169.2452102}
{"obj": {"type": "LogStrings", "path": ["monitoring", "d2ed5875", "stderr"], "values": [{"value": "\n", "step": null, "ts": 1735504169.2456498}]}, "version": 70, "at": 1735504169.245684}
{"obj": {"type": "LogStrings", "path": ["monitoring", "d2ed5875", "stderr"], "values": [{"value": "  File \"/Users/erwan/miniconda3/envs/segmentation_env/lib/python3.10/site-packages/torch/utils/data/dataloader.py\", line 439, in __iter__\n", "step": null, "ts": 1735504169.2458198}]}, "version": 71, "at": 1735504169.245872}
{"obj": {"type": "LogStrings", "path": ["monitoring", "d2ed5875", "stderr"], "values": [{"value": "    ", "step": null, "ts": 1735504169.246}]}, "version": 72, "at": 1735504169.246031}
{"obj": {"type": "LogStrings", "path": ["monitoring", "d2ed5875", "stderr"], "values": [{"value": "return self._get_iterator()", "step": null, "ts": 1735504169.246453}]}, "version": 73, "at": 1735504169.246498}
{"obj": {"type": "LogStrings", "path": ["monitoring", "d2ed5875", "stderr"], "values": [{"value": "\n", "step": null, "ts": 1735504169.246738}]}, "version": 74, "at": 1735504169.246773}
{"obj": {"type": "LogStrings", "path": ["monitoring", "d2ed5875", "stderr"], "values": [{"value": "  File \"/Users/erwan/miniconda3/envs/segmentation_env/lib/python3.10/site-packages/torch/utils/data/dataloader.py\", line 387, in _get_iterator\n", "step": null, "ts": 1735504169.2468932}]}, "version": 75, "at": 1735504169.2471051}
{"obj": {"type": "LogStrings", "path": ["monitoring", "d2ed5875", "stderr"], "values": [{"value": "    ", "step": null, "ts": 1735504169.247228}]}, "version": 76, "at": 1735504169.247253}
{"obj": {"type": "LogStrings", "path": ["monitoring", "d2ed5875", "stderr"], "values": [{"value": "return _MultiProcessingDataLoaderIter(self)", "step": null, "ts": 1735504169.248139}]}, "version": 77, "at": 1735504169.2481742}
{"obj": {"type": "LogStrings", "path": ["monitoring", "d2ed5875", "stderr"], "values": [{"value": "\n", "step": null, "ts": 1735504169.248297}]}, "version": 78, "at": 1735504169.248323}
{"obj": {"type": "LogStrings", "path": ["monitoring", "d2ed5875", "stderr"], "values": [{"value": "  File \"/Users/erwan/miniconda3/envs/segmentation_env/lib/python3.10/site-packages/torch/utils/data/dataloader.py\", line 1040, in __init__\n", "step": null, "ts": 1735504169.2484312}]}, "version": 79, "at": 1735504169.2484531}
{"obj": {"type": "LogStrings", "path": ["monitoring", "d2ed5875", "stderr"], "values": [{"value": "    ", "step": null, "ts": 1735504169.248555}]}, "version": 80, "at": 1735504169.248575}
{"obj": {"type": "LogStrings", "path": ["monitoring", "d2ed5875", "stderr"], "values": [{"value": "w.start()", "step": null, "ts": 1735504169.2505112}]}, "version": 81, "at": 1735504169.2507489}
{"obj": {"type": "LogStrings", "path": ["monitoring", "d2ed5875", "stderr"], "values": [{"value": "\n", "step": null, "ts": 1735504169.251106}]}, "version": 82, "at": 1735504169.251162}
{"obj": {"type": "LogStrings", "path": ["monitoring", "d2ed5875", "stderr"], "values": [{"value": "  File \"/Users/erwan/miniconda3/envs/segmentation_env/lib/python3.10/multiprocessing/process.py\", line 121, in start\n", "step": null, "ts": 1735504169.251403}]}, "version": 83, "at": 1735504169.251456}
{"obj": {"type": "LogStrings", "path": ["monitoring", "d2ed5875", "stderr"], "values": [{"value": "    ", "step": null, "ts": 1735504169.251721}]}, "version": 84, "at": 1735504169.251777}
{"obj": {"type": "LogStrings", "path": ["monitoring", "d2ed5875", "stderr"], "values": [{"value": "self._popen = self._Popen(self)", "step": null, "ts": 1735504169.25205}]}, "version": 85, "at": 1735504169.2521029}
{"obj": {"type": "LogStrings", "path": ["monitoring", "d2ed5875", "stderr"], "values": [{"value": "\n", "step": null, "ts": 1735504169.25234}]}, "version": 86, "at": 1735504169.252377}
{"obj": {"type": "LogStrings", "path": ["monitoring", "d2ed5875", "stderr"], "values": [{"value": "  File \"/Users/erwan/miniconda3/envs/segmentation_env/lib/python3.10/multiprocessing/context.py\", line 224, in _Popen\n", "step": null, "ts": 1735504169.252532}]}, "version": 87, "at": 1735504169.252563}
{"obj": {"type": "LogStrings", "path": ["monitoring", "d2ed5875", "stderr"], "values": [{"value": "    ", "step": null, "ts": 1735504169.2549272}]}, "version": 88, "at": 1735504169.254963}
{"obj": {"type": "LogStrings", "path": ["monitoring", "d2ed5875", "stderr"], "values": [{"value": "return _default_context.get_context().Process._Popen(process_obj)", "step": null, "ts": 1735504169.255095}]}, "version": 89, "at": 1735504169.2551198}
{"obj": {"type": "LogStrings", "path": ["monitoring", "d2ed5875", "stderr"], "values": [{"value": "\n", "step": null, "ts": 1735504169.255532}]}, "version": 90, "at": 1735504169.25556}
{"obj": {"type": "LogStrings", "path": ["monitoring", "d2ed5875", "stderr"], "values": [{"value": "  File \"/Users/erwan/miniconda3/envs/segmentation_env/lib/python3.10/multiprocessing/context.py\", line 284, in _Popen\n", "step": null, "ts": 1735504169.255722}]}, "version": 91, "at": 1735504169.2557492}
{"obj": {"type": "LogStrings", "path": ["monitoring", "d2ed5875", "stderr"], "values": [{"value": "    ", "step": null, "ts": 1735504169.255859}]}, "version": 92, "at": 1735504169.255883}
{"obj": {"type": "LogStrings", "path": ["monitoring", "d2ed5875", "stderr"], "values": [{"value": "return Popen(process_obj)", "step": null, "ts": 1735504169.256015}]}, "version": 93, "at": 1735504169.256041}
{"obj": {"type": "LogStrings", "path": ["monitoring", "d2ed5875", "stderr"], "values": [{"value": "\n", "step": null, "ts": 1735504169.256147}]}, "version": 94, "at": 1735504169.256171}
{"obj": {"type": "LogStrings", "path": ["monitoring", "d2ed5875", "stderr"], "values": [{"value": "  File \"/Users/erwan/miniconda3/envs/segmentation_env/lib/python3.10/multiprocessing/popen_spawn_posix.py\", line 32, in __init__\n", "step": null, "ts": 1735504169.256274}]}, "version": 95, "at": 1735504169.256295}
{"obj": {"type": "LogStrings", "path": ["monitoring", "d2ed5875", "stderr"], "values": [{"value": "    ", "step": null, "ts": 1735504169.256395}]}, "version": 96, "at": 1735504169.256416}
{"obj": {"type": "LogStrings", "path": ["monitoring", "d2ed5875", "stderr"], "values": [{"value": "super().__init__(process_obj)", "step": null, "ts": 1735504169.256511}]}, "version": 97, "at": 1735504169.256531}
{"obj": {"type": "LogStrings", "path": ["monitoring", "d2ed5875", "stderr"], "values": [{"value": "\n", "step": null, "ts": 1735504169.25663}]}, "version": 98, "at": 1735504169.256651}
{"obj": {"type": "LogStrings", "path": ["monitoring", "d2ed5875", "stderr"], "values": [{"value": "  File \"/Users/erwan/miniconda3/envs/segmentation_env/lib/python3.10/multiprocessing/popen_fork.py\", line 19, in __init__\n", "step": null, "ts": 1735504169.256769}]}, "version": 99, "at": 1735504169.256791}
{"obj": {"type": "LogStrings", "path": ["monitoring", "d2ed5875", "stderr"], "values": [{"value": "    ", "step": null, "ts": 1735504169.256921}]}, "version": 100, "at": 1735504169.256948}
{"obj": {"type": "LogStrings", "path": ["monitoring", "d2ed5875", "stderr"], "values": [{"value": "self._launch(process_obj)", "step": null, "ts": 1735504169.2570932}]}, "version": 101, "at": 1735504169.257115}
{"obj": {"type": "LogStrings", "path": ["monitoring", "d2ed5875", "stderr"], "values": [{"value": "\n", "step": null, "ts": 1735504169.257217}]}, "version": 102, "at": 1735504169.257239}
{"obj": {"type": "LogStrings", "path": ["monitoring", "d2ed5875", "stderr"], "values": [{"value": "  File \"/Users/erwan/miniconda3/envs/segmentation_env/lib/python3.10/multiprocessing/popen_spawn_posix.py\", line 42, in _launch\n", "step": null, "ts": 1735504169.257389}]}, "version": 103, "at": 1735504169.2574122}
{"obj": {"type": "LogStrings", "path": ["monitoring", "d2ed5875", "stderr"], "values": [{"value": "    ", "step": null, "ts": 1735504169.2575161}]}, "version": 104, "at": 1735504169.257549}
{"obj": {"type": "LogStrings", "path": ["monitoring", "d2ed5875", "stderr"], "values": [{"value": "prep_data = spawn.get_preparation_data(process_obj._name)", "step": null, "ts": 1735504169.2576718}]}, "version": 105, "at": 1735504169.257696}
{"obj": {"type": "LogStrings", "path": ["monitoring", "d2ed5875", "stderr"], "values": [{"value": "\n", "step": null, "ts": 1735504169.257803}]}, "version": 106, "at": 1735504169.257826}
{"obj": {"type": "LogStrings", "path": ["monitoring", "d2ed5875", "stderr"], "values": [{"value": "  File \"/Users/erwan/miniconda3/envs/segmentation_env/lib/python3.10/multiprocessing/spawn.py\", line 154, in get_preparation_data\n", "step": null, "ts": 1735504169.258071}]}, "version": 107, "at": 1735504169.258095}
{"obj": {"type": "LogStrings", "path": ["monitoring", "d2ed5875", "stderr"], "values": [{"value": "    ", "step": null, "ts": 1735504169.258205}]}, "version": 108, "at": 1735504169.258228}
{"obj": {"type": "LogStrings", "path": ["monitoring", "d2ed5875", "stdout"], "values": [{"value": "[neptune] [info   ] Shutting down background jobs, please wait a moment...\n", "step": null, "ts": 1735504169.2585092}]}, "version": 109, "at": 1735504169.258535}
{"obj": {"type": "LogStrings", "path": ["monitoring", "d2ed5875", "stderr"], "values": [{"value": "_check_not_importing_main()", "step": null, "ts": 1735504169.2587461}]}, "version": 110, "at": 1735504169.258773}
{"obj": {"type": "LogStrings", "path": ["monitoring", "d2ed5875", "stderr"], "values": [{"value": "\n", "step": null, "ts": 1735504169.258894}]}, "version": 111, "at": 1735504169.2589161}
{"obj": {"type": "LogStrings", "path": ["monitoring", "d2ed5875", "stderr"], "values": [{"value": "  File \"/Users/erwan/miniconda3/envs/segmentation_env/lib/python3.10/multiprocessing/spawn.py\", line 134, in _check_not_importing_main\n", "step": null, "ts": 1735504169.259021}]}, "version": 112, "at": 1735504169.259042}
{"obj": {"type": "LogStrings", "path": ["monitoring", "d2ed5875", "stderr"], "values": [{"value": "    ", "step": null, "ts": 1735504169.2591832}]}, "version": 113, "at": 1735504169.25922}
{"obj": {"type": "LogStrings", "path": ["monitoring", "d2ed5875", "stderr"], "values": [{"value": "raise RuntimeError('''", "step": null, "ts": 1735504169.259331}]}, "version": 114, "at": 1735504169.259422}
{"obj": {"type": "LogStrings", "path": ["monitoring", "d2ed5875", "stderr"], "values": [{"value": "\n", "step": null, "ts": 1735504169.259546}]}, "version": 115, "at": 1735504169.2595708}
{"obj": {"type": "LogStrings", "path": ["monitoring", "d2ed5875", "stderr"], "values": [{"value": "RuntimeError", "step": null, "ts": 1735504169.259673}]}, "version": 116, "at": 1735504169.259694}
{"obj": {"type": "LogStrings", "path": ["monitoring", "d2ed5875", "stderr"], "values": [{"value": ": ", "step": null, "ts": 1735504169.259784}]}, "version": 117, "at": 1735504169.259805}
{"obj": {"type": "LogStrings", "path": ["monitoring", "d2ed5875", "stderr"], "values": [{"value": "\n        An attempt has been made to start a new process before the\n        current process has finished its bootstrapping phase.\n\n        This probably means that you are not using fork to start your\n        child processes and you have forgotten to use the proper idiom\n        in the main module:\n\n            if __name__ == '__main__':\n                freeze_support()\n                ...\n\n        The \"freeze_support()\" line can be omitted if the program\n        is not going to be frozen to produce an executable.", "step": null, "ts": 1735504169.2599308}]}, "version": 118, "at": 1735504169.259952}
{"obj": {"type": "LogStrings", "path": ["monitoring", "d2ed5875", "stderr"], "values": [{"value": "\n", "step": null, "ts": 1735504169.2600782}]}, "version": 119, "at": 1735504169.2601001}
