{"obj": {"type": "AssignString", "path": ["sys", "name"], "value": "Untitled"}, "version": 1, "at": 1735503733.559655}
{"obj": {"type": "AssignString", "path": ["sys", "description"], "value": ""}, "version": 2, "at": 1735503733.559925}
{"obj": {"type": "AssignString", "path": ["monitoring", "1bf5162e", "hostname"], "value": "Admins-MacBook-Pro.local"}, "version": 3, "at": 1735503733.560071}
{"obj": {"type": "AssignString", "path": ["sys", "hostname"], "value": "Admins-MacBook-Pro.local"}, "version": 4, "at": 1735503733.560189}
{"obj": {"type": "AssignString", "path": ["monitoring", "1bf5162e", "pid"], "value": "22423"}, "version": 5, "at": 1735503733.5603352}
{"obj": {"type": "AssignString", "path": ["monitoring", "1bf5162e", "tid"], "value": "4329725376"}, "version": 6, "at": 1735503733.5604548}
{"obj": {"type": "AssignBool", "path": ["sys", "failed"], "value": false}, "version": 7, "at": 1735503733.561792}
{"obj": {"type": "ClearStringLog", "path": ["monitoring", "1bf5162e", "stdout"]}, "version": 8, "at": 1735503733.562051}
{"obj": {"type": "ClearStringLog", "path": ["monitoring", "1bf5162e", "stderr"]}, "version": 9, "at": 1735503733.56216}
{"obj": {"type": "AssignString", "path": ["source_code", "entrypoint"], "value": "train.py"}, "version": 10, "at": 1735503733.562935}
{"obj": {"type": "UploadFileSet", "path": ["source_code", "files"], "file_globs": ["/Users/erwan/Workspace/WSS-UIC/train_vgg_resnet/train.py"], "reset": "False"}, "version": 11, "at": 1735503733.5630789}
{"obj": {"type": "UploadFile", "path": ["source_code", "diff"], "ext": "patch", "file_path": null, "tmp_file_name": "source_code_diff-1735503733.873862-2024-12-29_21.22.13.873862.patch", "clean_after_upload": false}, "version": 12, "at": 1735503733.8743942}
{"obj": {"type": "LogStrings", "path": ["monitoring", "1bf5162e", "stderr"], "values": [{"value": "[neptune] [warning] /Users/erwan/Workspace/WSS-UIC/train_vgg_resnet/train.py:46: NeptuneWarning: Info (NVML): NVML Shared Library Not Found. GPU usage metrics may not be reported. For more information, see https://docs.neptune.ai/help/nvml_error/\n", "step": null, "ts": 1735503733.8828712}]}, "version": 13, "at": 1735503733.882973}
{"obj": {"type": "ConfigFloatSeries", "path": ["monitoring", "1bf5162e", "cpu"], "min": 0.0, "max": 100.0, "unit": "%"}, "version": 14, "at": 1735503733.883971}
{"obj": {"type": "ClearFloatLog", "path": ["monitoring", "1bf5162e", "cpu"]}, "version": 15, "at": 1735503733.884362}
{"obj": {"type": "ConfigFloatSeries", "path": ["monitoring", "1bf5162e", "memory"], "min": 0.0, "max": 16.0, "unit": "GB"}, "version": 16, "at": 1735503733.884531}
{"obj": {"type": "ClearFloatLog", "path": ["monitoring", "1bf5162e", "memory"]}, "version": 17, "at": 1735503733.884588}
{"obj": {"type": "LogFloats", "path": ["monitoring", "1bf5162e", "memory"], "values": [{"value": 9.992237091064453, "step": null, "ts": 1735503733.8848}]}, "version": 18, "at": 1735503733.885042}
{"obj": {"type": "AssignString", "path": ["config", "optimizer"], "value": "Adam"}, "version": 19, "at": 1735503733.8855739}
{"obj": {"type": "LogStrings", "path": ["monitoring", "1bf5162e", "stdout"], "values": [{"value": "ici la ", "step": null, "ts": 1735503733.885957}]}, "version": 20, "at": 1735503733.885993}
{"obj": {"type": "LogStrings", "path": ["monitoring", "1bf5162e", "stdout"], "values": [{"value": "\n", "step": null, "ts": 1735503733.8863811}]}, "version": 21, "at": 1735503733.88641}
{"obj": {"type": "LogStrings", "path": ["monitoring", "1bf5162e", "stderr"], "values": [{"value": "\r  0%|                                                                                                                                                                                 | 0/2 [00:00<?, ?it/s]", "step": null, "ts": 1735503733.89022}]}, "version": 22, "at": 1735503733.890261}
{"obj": {"type": "LogStrings", "path": ["monitoring", "1bf5162e", "stderr"], "values": [{"value": "", "step": null, "ts": 1735503733.900911}]}, "version": 23, "at": 1735503733.900952}
{"obj": {"type": "LogStrings", "path": ["monitoring", "1bf5162e", "stderr"], "values": [{"value": "\r  0%|                                                                                                                                                                                 | 0/2 [00:00<?, ?it/s]", "step": null, "ts": 1735503733.90114}]}, "version": 24, "at": 1735503733.901165}
{"obj": {"type": "LogStrings", "path": ["monitoring", "1bf5162e", "stderr"], "values": [{"value": "\n", "step": null, "ts": 1735503733.9302652}]}, "version": 25, "at": 1735503733.930314}
{"obj": {"type": "LogStrings", "path": ["monitoring", "1bf5162e", "traceback"], "values": [{"value": "An uncaught exception occurred while run was active on worker Admins-MacBook-Pro.local.", "step": null, "ts": 1735503733.9437299}, {"value": "Marking run as failed", "step": null, "ts": 1735503733.9437299}, {"value": "Traceback:", "step": null, "ts": 1735503733.9437299}, {"value": "  File \"<string>\", line 1, in <module>\n", "step": null, "ts": 1735503733.9437299}, {"value": "  File \"/Users/erwan/miniconda3/envs/segmentation_env/lib/python3.10/multiprocessing/spawn.py\", line 116, in spawn_main\n    exitcode = _main(fd, parent_sentinel)\n", "step": null, "ts": 1735503733.9437299}, {"value": "  File \"/Users/erwan/miniconda3/envs/segmentation_env/lib/python3.10/multiprocessing/spawn.py\", line 125, in _main\n    prepare(preparation_data)\n", "step": null, "ts": 1735503733.9437299}, {"value": "  File \"/Users/erwan/miniconda3/envs/segmentation_env/lib/python3.10/multiprocessing/spawn.py\", line 236, in prepare\n    _fixup_main_from_path(data['init_main_from_path'])\n", "step": null, "ts": 1735503733.9437299}, {"value": "  File \"/Users/erwan/miniconda3/envs/segmentation_env/lib/python3.10/multiprocessing/spawn.py\", line 287, in _fixup_main_from_path\n    main_content = runpy.run_path(main_path,\n", "step": null, "ts": 1735503733.9437299}, {"value": "  File \"/Users/erwan/miniconda3/envs/segmentation_env/lib/python3.10/runpy.py\", line 269, in run_path\n    return _run_module_code(code, init_globals, run_name,\n", "step": null, "ts": 1735503733.9437299}, {"value": "  File \"/Users/erwan/miniconda3/envs/segmentation_env/lib/python3.10/runpy.py\", line 96, in _run_module_code\n    _run_code(code, mod_globals, init_globals,\n", "step": null, "ts": 1735503733.9437299}]}, "version": 26, "at": 1735503733.9438632}
{"obj": {"type": "LogStrings", "path": ["monitoring", "1bf5162e", "traceback"], "values": [{"value": "  File \"/Users/erwan/miniconda3/envs/segmentation_env/lib/python3.10/runpy.py\", line 86, in _run_code\n    exec(code, run_globals)\n", "step": null, "ts": 1735503733.9437299}, {"value": "  File \"/Users/erwan/Workspace/WSS-UIC/train_vgg_resnet/train.py\", line 123, in <module>\n    train(\n", "step": null, "ts": 1735503733.9437299}, {"value": "  File \"/Users/erwan/Workspace/WSS-UIC/train_vgg_resnet/train.py\", line 62, in train\n    for batch in train_dl:\n", "step": null, "ts": 1735503733.9437299}, {"value": "  File \"/Users/erwan/miniconda3/envs/segmentation_env/lib/python3.10/site-packages/torch/utils/data/dataloader.py\", line 439, in __iter__\n    return self._get_iterator()\n", "step": null, "ts": 1735503733.9437299}, {"value": "  File \"/Users/erwan/miniconda3/envs/segmentation_env/lib/python3.10/site-packages/torch/utils/data/dataloader.py\", line 387, in _get_iterator\n    return _MultiProcessingDataLoaderIter(self)\n", "step": null, "ts": 1735503733.9437299}, {"value": "  File \"/Users/erwan/miniconda3/envs/segmentation_env/lib/python3.10/site-packages/torch/utils/data/dataloader.py\", line 1040, in __init__\n    w.start()\n", "step": null, "ts": 1735503733.9437299}, {"value": "  File \"/Users/erwan/miniconda3/envs/segmentation_env/lib/python3.10/multiprocessing/process.py\", line 121, in start\n    self._popen = self._Popen(self)\n", "step": null, "ts": 1735503733.9437299}, {"value": "  File \"/Users/erwan/miniconda3/envs/segmentation_env/lib/python3.10/multiprocessing/context.py\", line 224, in _Popen\n    return _default_context.get_context().Process._Popen(process_obj)\n", "step": null, "ts": 1735503733.9437299}, {"value": "  File \"/Users/erwan/miniconda3/envs/segmentation_env/lib/python3.10/multiprocessing/context.py\", line 284, in _Popen\n    return Popen(process_obj)\n", "step": null, "ts": 1735503733.9437299}, {"value": "  File \"/Users/erwan/miniconda3/envs/segmentation_env/lib/python3.10/multiprocessing/popen_spawn_posix.py\", line 32, in __init__\n    super().__init__(process_obj)\n", "step": null, "ts": 1735503733.9437299}]}, "version": 27, "at": 1735503733.9440582}
{"obj": {"type": "LogStrings", "path": ["monitoring", "1bf5162e", "traceback"], "values": [{"value": "  File \"/Users/erwan/miniconda3/envs/segmentation_env/lib/python3.10/multiprocessing/popen_fork.py\", line 19, in __init__\n    self._launch(process_obj)\n", "step": null, "ts": 1735503733.9437299}, {"value": "  File \"/Users/erwan/miniconda3/envs/segmentation_env/lib/python3.10/multiprocessing/popen_spawn_posix.py\", line 42, in _launch\n    prep_data = spawn.get_preparation_data(process_obj._name)\n", "step": null, "ts": 1735503733.9437299}, {"value": "  File \"/Users/erwan/miniconda3/envs/segmentation_env/lib/python3.10/multiprocessing/spawn.py\", line 154, in get_preparation_data\n    _check_not_importing_main()\n", "step": null, "ts": 1735503733.9437299}, {"value": "  File \"/Users/erwan/miniconda3/envs/segmentation_env/lib/python3.10/multiprocessing/spawn.py\", line 134, in _check_not_importing_main\n    raise RuntimeError('''\n", "step": null, "ts": 1735503733.9437299}, {"value": "", "step": null, "ts": 1735503733.9437299}, {"value": "        An attempt has been made to start a new process before the", "step": null, "ts": 1735503733.9437299}, {"value": "        current process has finished its bootstrapping phase.", "step": null, "ts": 1735503733.9437299}, {"value": "", "step": null, "ts": 1735503733.9437299}, {"value": "        This probably means that you are not using fork to start your", "step": null, "ts": 1735503733.9437299}, {"value": "        child processes and you have forgotten to use the proper idiom", "step": null, "ts": 1735503733.9437299}]}, "version": 28, "at": 1735503733.944294}
{"obj": {"type": "LogStrings", "path": ["monitoring", "1bf5162e", "traceback"], "values": [{"value": "        in the main module:", "step": null, "ts": 1735503733.9437299}, {"value": "", "step": null, "ts": 1735503733.9437299}, {"value": "            if __name__ == '__main__':", "step": null, "ts": 1735503733.9437299}, {"value": "                freeze_support()", "step": null, "ts": 1735503733.9437299}, {"value": "                ...", "step": null, "ts": 1735503733.9437299}, {"value": "", "step": null, "ts": 1735503733.9437299}, {"value": "        The \"freeze_support()\" line can be omitted if the program", "step": null, "ts": 1735503733.9437299}, {"value": "        is not going to be frozen to produce an executable.", "step": null, "ts": 1735503733.9437299}]}, "version": 29, "at": 1735503733.944465}
{"obj": {"type": "AssignBool", "path": ["sys", "failed"], "value": true}, "version": 30, "at": 1735503733.9447072}
{"obj": {"type": "LogStrings", "path": ["monitoring", "1bf5162e", "stderr"], "values": [{"value": "Traceback (most recent call last):\n", "step": null, "ts": 1735503733.9518359}]}, "version": 31, "at": 1735503733.951933}
{"obj": {"type": "LogStrings", "path": ["monitoring", "1bf5162e", "stderr"], "values": [{"value": "  File \"<string>\", line 1, in <module>\n", "step": null, "ts": 1735503733.953913}]}, "version": 32, "at": 1735503733.954019}
{"obj": {"type": "LogStrings", "path": ["monitoring", "1bf5162e", "stderr"], "values": [{"value": "  File \"/Users/erwan/miniconda3/envs/segmentation_env/lib/python3.10/multiprocessing/spawn.py\", line 116, in spawn_main\n", "step": null, "ts": 1735503733.955141}]}, "version": 33, "at": 1735503733.955219}
{"obj": {"type": "LogStrings", "path": ["monitoring", "1bf5162e", "stderr"], "values": [{"value": "    ", "step": null, "ts": 1735503733.9560409}]}, "version": 34, "at": 1735503733.9561222}
{"obj": {"type": "LogStrings", "path": ["monitoring", "1bf5162e", "stderr"], "values": [{"value": "exitcode = _main(fd, parent_sentinel)", "step": null, "ts": 1735503733.956459}]}, "version": 35, "at": 1735503733.956506}
{"obj": {"type": "LogStrings", "path": ["monitoring", "1bf5162e", "stderr"], "values": [{"value": "\n", "step": null, "ts": 1735503733.956637}]}, "version": 36, "at": 1735503733.956667}
{"obj": {"type": "LogStrings", "path": ["monitoring", "1bf5162e", "stderr"], "values": [{"value": "  File \"/Users/erwan/miniconda3/envs/segmentation_env/lib/python3.10/multiprocessing/spawn.py\", line 125, in _main\n", "step": null, "ts": 1735503733.956786}]}, "version": 37, "at": 1735503733.956811}
{"obj": {"type": "LogStrings", "path": ["monitoring", "1bf5162e", "stderr"], "values": [{"value": "    ", "step": null, "ts": 1735503733.957381}]}, "version": 38, "at": 1735503733.957417}
{"obj": {"type": "LogStrings", "path": ["monitoring", "1bf5162e", "stderr"], "values": [{"value": "prepare(preparation_data)", "step": null, "ts": 1735503733.9576042}]}, "version": 39, "at": 1735503733.9576378}
{"obj": {"type": "LogStrings", "path": ["monitoring", "1bf5162e", "stderr"], "values": [{"value": "\n", "step": null, "ts": 1735503733.957792}]}, "version": 40, "at": 1735503733.957819}
{"obj": {"type": "LogStrings", "path": ["monitoring", "1bf5162e", "stderr"], "values": [{"value": "  File \"/Users/erwan/miniconda3/envs/segmentation_env/lib/python3.10/multiprocessing/spawn.py\", line 236, in prepare\n", "step": null, "ts": 1735503733.957936}]}, "version": 41, "at": 1735503733.9579608}
{"obj": {"type": "LogStrings", "path": ["monitoring", "1bf5162e", "stderr"], "values": [{"value": "    ", "step": null, "ts": 1735503733.974852}]}, "version": 42, "at": 1735503733.9749389}
{"obj": {"type": "LogStrings", "path": ["monitoring", "1bf5162e", "stderr"], "values": [{"value": "_fixup_main_from_path(data['init_main_from_path'])", "step": null, "ts": 1735503733.975148}]}, "version": 43, "at": 1735503733.975177}
{"obj": {"type": "LogStrings", "path": ["monitoring", "1bf5162e", "stderr"], "values": [{"value": "\n", "step": null, "ts": 1735503733.975687}]}, "version": 44, "at": 1735503733.97572}
{"obj": {"type": "LogStrings", "path": ["monitoring", "1bf5162e", "stderr"], "values": [{"value": "  File \"/Users/erwan/miniconda3/envs/segmentation_env/lib/python3.10/multiprocessing/spawn.py\", line 287, in _fixup_main_from_path\n", "step": null, "ts": 1735503733.975992}]}, "version": 45, "at": 1735503733.976021}
{"obj": {"type": "LogStrings", "path": ["monitoring", "1bf5162e", "stderr"], "values": [{"value": "    ", "step": null, "ts": 1735503733.9768472}]}, "version": 46, "at": 1735503733.976915}
{"obj": {"type": "LogStrings", "path": ["monitoring", "1bf5162e", "stderr"], "values": [{"value": "main_content = runpy.run_path(main_path,", "step": null, "ts": 1735503733.977209}]}, "version": 47, "at": 1735503733.977258}
{"obj": {"type": "LogStrings", "path": ["monitoring", "1bf5162e", "stderr"], "values": [{"value": "\n", "step": null, "ts": 1735503733.978038}]}, "version": 48, "at": 1735503733.978097}
{"obj": {"type": "LogStrings", "path": ["monitoring", "1bf5162e", "stderr"], "values": [{"value": "  File \"/Users/erwan/miniconda3/envs/segmentation_env/lib/python3.10/runpy.py\", line 269, in run_path\n", "step": null, "ts": 1735503733.9786339}]}, "version": 49, "at": 1735503733.978675}
{"obj": {"type": "LogStrings", "path": ["monitoring", "1bf5162e", "stderr"], "values": [{"value": "    ", "step": null, "ts": 1735503733.97923}]}, "version": 50, "at": 1735503733.979268}
{"obj": {"type": "LogStrings", "path": ["monitoring", "1bf5162e", "stderr"], "values": [{"value": "return _run_module_code(code, init_globals, run_name,", "step": null, "ts": 1735503733.979397}]}, "version": 51, "at": 1735503733.979424}
{"obj": {"type": "LogStrings", "path": ["monitoring", "1bf5162e", "stderr"], "values": [{"value": "\n", "step": null, "ts": 1735503733.979773}]}, "version": 52, "at": 1735503733.9798012}
{"obj": {"type": "LogStrings", "path": ["monitoring", "1bf5162e", "stderr"], "values": [{"value": "  File \"/Users/erwan/miniconda3/envs/segmentation_env/lib/python3.10/runpy.py\", line 96, in _run_module_code\n", "step": null, "ts": 1735503733.980284}]}, "version": 53, "at": 1735503733.980315}
{"obj": {"type": "LogStrings", "path": ["monitoring", "1bf5162e", "stderr"], "values": [{"value": "    ", "step": null, "ts": 1735503733.980438}]}, "version": 54, "at": 1735503733.980463}
{"obj": {"type": "LogStrings", "path": ["monitoring", "1bf5162e", "stderr"], "values": [{"value": "_run_code(code, mod_globals, init_globals,", "step": null, "ts": 1735503733.980565}]}, "version": 55, "at": 1735503733.9805892}
{"obj": {"type": "LogStrings", "path": ["monitoring", "1bf5162e", "stderr"], "values": [{"value": "\n", "step": null, "ts": 1735503733.9809122}]}, "version": 56, "at": 1735503733.980941}
{"obj": {"type": "LogStrings", "path": ["monitoring", "1bf5162e", "stderr"], "values": [{"value": "  File \"/Users/erwan/miniconda3/envs/segmentation_env/lib/python3.10/runpy.py\", line 86, in _run_code\n", "step": null, "ts": 1735503733.981206}]}, "version": 57, "at": 1735503733.9812312}
{"obj": {"type": "LogStrings", "path": ["monitoring", "1bf5162e", "stderr"], "values": [{"value": "    ", "step": null, "ts": 1735503733.981557}]}, "version": 58, "at": 1735503733.9815848}
{"obj": {"type": "LogStrings", "path": ["monitoring", "1bf5162e", "stderr"], "values": [{"value": "exec(code, run_globals)", "step": null, "ts": 1735503733.9816918}]}, "version": 59, "at": 1735503733.981715}
{"obj": {"type": "LogStrings", "path": ["monitoring", "1bf5162e", "stderr"], "values": [{"value": "\n", "step": null, "ts": 1735503733.981994}]}, "version": 60, "at": 1735503733.9820201}
{"obj": {"type": "LogStrings", "path": ["monitoring", "1bf5162e", "stderr"], "values": [{"value": "  File \"/Users/erwan/Workspace/WSS-UIC/train_vgg_resnet/train.py\", line 123, in <module>\n", "step": null, "ts": 1735503733.982189}]}, "version": 61, "at": 1735503733.982212}
{"obj": {"type": "LogStrings", "path": ["monitoring", "1bf5162e", "stderr"], "values": [{"value": "    ", "step": null, "ts": 1735503733.983958}]}, "version": 62, "at": 1735503733.9840882}
{"obj": {"type": "LogStrings", "path": ["monitoring", "1bf5162e", "stderr"], "values": [{"value": "train(", "step": null, "ts": 1735503733.984541}]}, "version": 63, "at": 1735503733.984603}
{"obj": {"type": "LogStrings", "path": ["monitoring", "1bf5162e", "stderr"], "values": [{"value": "\n", "step": null, "ts": 1735503733.985044}]}, "version": 64, "at": 1735503733.985096}
{"obj": {"type": "LogStrings", "path": ["monitoring", "1bf5162e", "stderr"], "values": [{"value": "  File \"/Users/erwan/Workspace/WSS-UIC/train_vgg_resnet/train.py\", line 62, in train\n", "step": null, "ts": 1735503733.986599}]}, "version": 65, "at": 1735503733.9867158}
{"obj": {"type": "LogStrings", "path": ["monitoring", "1bf5162e", "stderr"], "values": [{"value": "    ", "step": null, "ts": 1735503733.99053}]}, "version": 66, "at": 1735503733.990596}
{"obj": {"type": "LogStrings", "path": ["monitoring", "1bf5162e", "stderr"], "values": [{"value": "for batch in train_dl:", "step": null, "ts": 1735503733.990782}]}, "version": 67, "at": 1735503733.990819}
{"obj": {"type": "LogStrings", "path": ["monitoring", "1bf5162e", "stderr"], "values": [{"value": "\n", "step": null, "ts": 1735503733.991046}]}, "version": 68, "at": 1735503733.991076}
{"obj": {"type": "LogStrings", "path": ["monitoring", "1bf5162e", "stderr"], "values": [{"value": "  File \"/Users/erwan/miniconda3/envs/segmentation_env/lib/python3.10/site-packages/torch/utils/data/dataloader.py\", line 439, in __iter__\n", "step": null, "ts": 1735503733.991262}]}, "version": 69, "at": 1735503733.991294}
{"obj": {"type": "LogStrings", "path": ["monitoring", "1bf5162e", "stderr"], "values": [{"value": "    ", "step": null, "ts": 1735503733.9916859}]}, "version": 70, "at": 1735503733.9917629}
{"obj": {"type": "LogStrings", "path": ["monitoring", "1bf5162e", "stderr"], "values": [{"value": "return self._get_iterator()", "step": null, "ts": 1735503733.991926}]}, "version": 71, "at": 1735503733.9919538}
{"obj": {"type": "LogStrings", "path": ["monitoring", "1bf5162e", "stderr"], "values": [{"value": "\n", "step": null, "ts": 1735503733.992073}]}, "version": 72, "at": 1735503733.992099}
{"obj": {"type": "LogStrings", "path": ["monitoring", "1bf5162e", "stderr"], "values": [{"value": "  File \"/Users/erwan/miniconda3/envs/segmentation_env/lib/python3.10/site-packages/torch/utils/data/dataloader.py\", line 387, in _get_iterator\n", "step": null, "ts": 1735503733.9923992}]}, "version": 73, "at": 1735503733.992427}
{"obj": {"type": "LogStrings", "path": ["monitoring", "1bf5162e", "stderr"], "values": [{"value": "    ", "step": null, "ts": 1735503733.992824}]}, "version": 74, "at": 1735503733.992853}
{"obj": {"type": "LogStrings", "path": ["monitoring", "1bf5162e", "stderr"], "values": [{"value": "return _MultiProcessingDataLoaderIter(self)", "step": null, "ts": 1735503733.9929652}]}, "version": 75, "at": 1735503733.9929888}
{"obj": {"type": "LogStrings", "path": ["monitoring", "1bf5162e", "stderr"], "values": [{"value": "\n", "step": null, "ts": 1735503733.995115}]}, "version": 76, "at": 1735503733.995157}
{"obj": {"type": "LogStrings", "path": ["monitoring", "1bf5162e", "stderr"], "values": [{"value": "  File \"/Users/erwan/miniconda3/envs/segmentation_env/lib/python3.10/site-packages/torch/utils/data/dataloader.py\", line 1040, in __init__\n", "step": null, "ts": 1735503733.995488}]}, "version": 77, "at": 1735503733.99552}
{"obj": {"type": "LogStrings", "path": ["monitoring", "1bf5162e", "stderr"], "values": [{"value": "    ", "step": null, "ts": 1735503733.9968672}]}, "version": 78, "at": 1735503733.996911}
{"obj": {"type": "LogStrings", "path": ["monitoring", "1bf5162e", "stderr"], "values": [{"value": "w.start()", "step": null, "ts": 1735503733.997303}]}, "version": 79, "at": 1735503733.997348}
{"obj": {"type": "LogStrings", "path": ["monitoring", "1bf5162e", "stderr"], "values": [{"value": "\n", "step": null, "ts": 1735503733.997538}]}, "version": 80, "at": 1735503733.997581}
{"obj": {"type": "LogStrings", "path": ["monitoring", "1bf5162e", "stderr"], "values": [{"value": "  File \"/Users/erwan/miniconda3/envs/segmentation_env/lib/python3.10/multiprocessing/process.py\", line 121, in start\n", "step": null, "ts": 1735503733.9977589}]}, "version": 81, "at": 1735503733.997801}
{"obj": {"type": "LogStrings", "path": ["monitoring", "1bf5162e", "stderr"], "values": [{"value": "    ", "step": null, "ts": 1735503733.9981608}]}, "version": 82, "at": 1735503733.998205}
{"obj": {"type": "LogStrings", "path": ["monitoring", "1bf5162e", "stderr"], "values": [{"value": "self._popen = self._Popen(self)", "step": null, "ts": 1735503733.998389}]}, "version": 83, "at": 1735503733.9984279}
{"obj": {"type": "LogStrings", "path": ["monitoring", "1bf5162e", "stderr"], "values": [{"value": "\n", "step": null, "ts": 1735503733.999277}]}, "version": 84, "at": 1735503733.9993541}
{"obj": {"type": "LogStrings", "path": ["monitoring", "1bf5162e", "stderr"], "values": [{"value": "  File \"/Users/erwan/miniconda3/envs/segmentation_env/lib/python3.10/multiprocessing/context.py\", line 224, in _Popen\n", "step": null, "ts": 1735503734.003058}]}, "version": 85, "at": 1735503734.003105}
{"obj": {"type": "LogStrings", "path": ["monitoring", "1bf5162e", "stderr"], "values": [{"value": "    ", "step": null, "ts": 1735503734.003541}]}, "version": 86, "at": 1735503734.003577}
{"obj": {"type": "LogStrings", "path": ["monitoring", "1bf5162e", "stderr"], "values": [{"value": "return _default_context.get_context().Process._Popen(process_obj)", "step": null, "ts": 1735503734.0037131}]}, "version": 87, "at": 1735503734.003741}
{"obj": {"type": "LogStrings", "path": ["monitoring", "1bf5162e", "stderr"], "values": [{"value": "\n", "step": null, "ts": 1735503734.004076}]}, "version": 88, "at": 1735503734.004289}
{"obj": {"type": "LogStrings", "path": ["monitoring", "1bf5162e", "stderr"], "values": [{"value": "  File \"/Users/erwan/miniconda3/envs/segmentation_env/lib/python3.10/multiprocessing/context.py\", line 284, in _Popen\n", "step": null, "ts": 1735503734.005075}]}, "version": 89, "at": 1735503734.005137}
{"obj": {"type": "LogStrings", "path": ["monitoring", "1bf5162e", "stderr"], "values": [{"value": "    ", "step": null, "ts": 1735503734.005654}]}, "version": 90, "at": 1735503734.005727}
{"obj": {"type": "LogStrings", "path": ["monitoring", "1bf5162e", "stderr"], "values": [{"value": "return Popen(process_obj)", "step": null, "ts": 1735503734.006057}]}, "version": 91, "at": 1735503734.006127}
{"obj": {"type": "LogStrings", "path": ["monitoring", "1bf5162e", "stderr"], "values": [{"value": "\n", "step": null, "ts": 1735503734.0065558}]}, "version": 92, "at": 1735503734.0066419}
{"obj": {"type": "LogStrings", "path": ["monitoring", "1bf5162e", "stderr"], "values": [{"value": "  File \"/Users/erwan/miniconda3/envs/segmentation_env/lib/python3.10/multiprocessing/popen_spawn_posix.py\", line 32, in __init__\n", "step": null, "ts": 1735503734.007212}]}, "version": 93, "at": 1735503734.007255}
{"obj": {"type": "LogStrings", "path": ["monitoring", "1bf5162e", "stderr"], "values": [{"value": "    ", "step": null, "ts": 1735503734.0077372}]}, "version": 94, "at": 1735503734.007864}
{"obj": {"type": "LogStrings", "path": ["monitoring", "1bf5162e", "stderr"], "values": [{"value": "super().__init__(process_obj)", "step": null, "ts": 1735503734.008034}]}, "version": 95, "at": 1735503734.008066}
{"obj": {"type": "LogStrings", "path": ["monitoring", "1bf5162e", "stderr"], "values": [{"value": "\n", "step": null, "ts": 1735503734.008343}]}, "version": 96, "at": 1735503734.008374}
{"obj": {"type": "LogStrings", "path": ["monitoring", "1bf5162e", "stderr"], "values": [{"value": "  File \"/Users/erwan/miniconda3/envs/segmentation_env/lib/python3.10/multiprocessing/popen_fork.py\", line 19, in __init__\n", "step": null, "ts": 1735503734.008542}]}, "version": 97, "at": 1735503734.008569}
{"obj": {"type": "LogStrings", "path": ["monitoring", "1bf5162e", "stderr"], "values": [{"value": "    ", "step": null, "ts": 1735503734.008996}]}, "version": 98, "at": 1735503734.0090299}
{"obj": {"type": "LogStrings", "path": ["monitoring", "1bf5162e", "stderr"], "values": [{"value": "self._launch(process_obj)", "step": null, "ts": 1735503734.009225}]}, "version": 99, "at": 1735503734.009253}
{"obj": {"type": "LogStrings", "path": ["monitoring", "1bf5162e", "stderr"], "values": [{"value": "\n", "step": null, "ts": 1735503734.00952}]}, "version": 100, "at": 1735503734.0095491}
{"obj": {"type": "LogStrings", "path": ["monitoring", "1bf5162e", "stderr"], "values": [{"value": "  File \"/Users/erwan/miniconda3/envs/segmentation_env/lib/python3.10/multiprocessing/popen_spawn_posix.py\", line 42, in _launch\n", "step": null, "ts": 1735503734.00977}]}, "version": 101, "at": 1735503734.009799}
{"obj": {"type": "LogStrings", "path": ["monitoring", "1bf5162e", "stderr"], "values": [{"value": "    ", "step": null, "ts": 1735503734.010061}]}, "version": 102, "at": 1735503734.010089}
{"obj": {"type": "LogStrings", "path": ["monitoring", "1bf5162e", "stderr"], "values": [{"value": "prep_data = spawn.get_preparation_data(process_obj._name)", "step": null, "ts": 1735503734.010205}]}, "version": 103, "at": 1735503734.01023}
{"obj": {"type": "LogStrings", "path": ["monitoring", "1bf5162e", "stderr"], "values": [{"value": "\n", "step": null, "ts": 1735503734.010445}]}, "version": 104, "at": 1735503734.010496}
{"obj": {"type": "LogStrings", "path": ["monitoring", "1bf5162e", "stderr"], "values": [{"value": "  File \"/Users/erwan/miniconda3/envs/segmentation_env/lib/python3.10/multiprocessing/spawn.py\", line 154, in get_preparation_data\n", "step": null, "ts": 1735503734.01071}]}, "version": 105, "at": 1735503734.010738}
{"obj": {"type": "LogStrings", "path": ["monitoring", "1bf5162e", "stderr"], "values": [{"value": "    ", "step": null, "ts": 1735503734.011088}]}, "version": 106, "at": 1735503734.01112}
{"obj": {"type": "LogStrings", "path": ["monitoring", "1bf5162e", "stderr"], "values": [{"value": "_check_not_importing_main()", "step": null, "ts": 1735503734.011437}]}, "version": 107, "at": 1735503734.011467}
{"obj": {"type": "LogStrings", "path": ["monitoring", "1bf5162e", "stderr"], "values": [{"value": "\n", "step": null, "ts": 1735503734.011599}]}, "version": 108, "at": 1735503734.0116282}
{"obj": {"type": "LogStrings", "path": ["monitoring", "1bf5162e", "stderr"], "values": [{"value": "  File \"/Users/erwan/miniconda3/envs/segmentation_env/lib/python3.10/multiprocessing/spawn.py\", line 134, in _check_not_importing_main\n", "step": null, "ts": 1735503734.0117629}]}, "version": 109, "at": 1735503734.011789}
{"obj": {"type": "LogStrings", "path": ["monitoring", "1bf5162e", "stderr"], "values": [{"value": "    ", "step": null, "ts": 1735503734.012466}]}, "version": 110, "at": 1735503734.012498}
{"obj": {"type": "LogStrings", "path": ["monitoring", "1bf5162e", "stderr"], "values": [{"value": "raise RuntimeError('''", "step": null, "ts": 1735503734.01268}]}, "version": 111, "at": 1735503734.012707}
{"obj": {"type": "LogStrings", "path": ["monitoring", "1bf5162e", "stderr"], "values": [{"value": "\n", "step": null, "ts": 1735503734.013002}]}, "version": 112, "at": 1735503734.013035}
{"obj": {"type": "LogStrings", "path": ["monitoring", "1bf5162e", "stderr"], "values": [{"value": "RuntimeError", "step": null, "ts": 1735503734.013175}]}, "version": 113, "at": 1735503734.0132039}
{"obj": {"type": "LogStrings", "path": ["monitoring", "1bf5162e", "stderr"], "values": [{"value": ": ", "step": null, "ts": 1735503734.013321}]}, "version": 114, "at": 1735503734.013345}
{"obj": {"type": "LogStrings", "path": ["monitoring", "1bf5162e", "stderr"], "values": [{"value": "\n        An attempt has been made to start a new process before the\n        current process has finished its bootstrapping phase.\n\n        This probably means that you are not using fork to start your\n        child processes and you have forgotten to use the proper idiom\n        in the main module:\n\n            if __name__ == '__main__':\n                freeze_support()\n                ...\n\n        The \"freeze_support()\" line can be omitted if the program\n        is not going to be frozen to produce an executable.", "step": null, "ts": 1735503734.013516}]}, "version": 115, "at": 1735503734.013547}
{"obj": {"type": "LogStrings", "path": ["monitoring", "1bf5162e", "stderr"], "values": [{"value": "\n", "step": null, "ts": 1735503734.013888}]}, "version": 116, "at": 1735503734.013917}
{"obj": {"type": "LogStrings", "path": ["monitoring", "1bf5162e", "stdout"], "values": [{"value": "[neptune] [info   ] Shutting down background jobs, please wait a moment...\n", "step": null, "ts": 1735503734.014348}]}, "version": 117, "at": 1735503734.014378}
