{"obj": {"type": "AssignString", "path": ["sys", "name"], "value": "Untitled"}, "version": 1, "at": 1735902487.192715}
{"obj": {"type": "AssignString", "path": ["sys", "description"], "value": ""}, "version": 2, "at": 1735902487.192904}
{"obj": {"type": "AssignString", "path": ["monitoring", "a1675c8e", "hostname"], "value": "Admins-MacBook-Pro.local"}, "version": 3, "at": 1735902487.1929972}
{"obj": {"type": "AssignString", "path": ["sys", "hostname"], "value": "Admins-MacBook-Pro.local"}, "version": 4, "at": 1735902487.193066}
{"obj": {"type": "AssignString", "path": ["monitoring", "a1675c8e", "pid"], "value": "24575"}, "version": 5, "at": 1735902487.193135}
{"obj": {"type": "AssignString", "path": ["monitoring", "a1675c8e", "tid"], "value": "4730850752"}, "version": 6, "at": 1735902487.1932008}
{"obj": {"type": "AssignBool", "path": ["sys", "failed"], "value": false}, "version": 7, "at": 1735902487.1932921}
{"obj": {"type": "ClearStringLog", "path": ["monitoring", "a1675c8e", "stdout"]}, "version": 8, "at": 1735902487.194308}
{"obj": {"type": "ClearStringLog", "path": ["monitoring", "a1675c8e", "stderr"]}, "version": 9, "at": 1735902487.194394}
{"obj": {"type": "AssignString", "path": ["source_code", "entrypoint"], "value": "train.py"}, "version": 10, "at": 1735902487.194911}
{"obj": {"type": "UploadFileSet", "path": ["source_code", "files"], "file_globs": ["/Users/erwan/Workspace/WSS-UIC/train_vgg_resnet/train.py"], "reset": "False"}, "version": 11, "at": 1735902487.1950521}
{"obj": {"type": "UploadFile", "path": ["source_code", "diff"], "ext": "patch", "file_path": null, "tmp_file_name": "source_code_diff-1735902487.370624-2025-01-03_12.08.07.370624.patch", "clean_after_upload": false}, "version": 12, "at": 1735902487.37101}
{"obj": {"type": "ConfigFloatSeries", "path": ["monitoring", "a1675c8e", "cpu"], "min": 0.0, "max": 100.0, "unit": "%"}, "version": 13, "at": 1735902487.374986}
{"obj": {"type": "ClearFloatLog", "path": ["monitoring", "a1675c8e", "cpu"]}, "version": 14, "at": 1735902487.3751428}
{"obj": {"type": "LogStrings", "path": ["monitoring", "a1675c8e", "stderr"], "values": [{"value": "[neptune] [warning] /Users/erwan/Workspace/WSS-UIC/train_vgg_resnet/train.py:46: NeptuneWarning: Info (NVML): NVML Shared Library Not Found. GPU usage metrics may not be reported. For more information, see https://docs.neptune.ai/help/nvml_error/\n", "step": null, "ts": 1735902487.375288}]}, "version": 15, "at": 1735902487.3753479}
{"obj": {"type": "ConfigFloatSeries", "path": ["monitoring", "a1675c8e", "memory"], "min": 0.0, "max": 16.0, "unit": "GB"}, "version": 16, "at": 1735902487.375474}
{"obj": {"type": "ClearFloatLog", "path": ["monitoring", "a1675c8e", "memory"]}, "version": 17, "at": 1735902487.375516}
{"obj": {"type": "LogFloats", "path": ["monitoring", "a1675c8e", "memory"], "values": [{"value": 9.675468444824219, "step": null, "ts": 1735902487.375699}]}, "version": 18, "at": 1735902487.376378}
{"obj": {"type": "AssignString", "path": ["config", "optimizer"], "value": "Adam"}, "version": 19, "at": 1735902487.376576}
{"obj": {"type": "LogStrings", "path": ["monitoring", "a1675c8e", "stdout"], "values": [{"value": "ici la ", "step": null, "ts": 1735902487.377068}]}, "version": 20, "at": 1735902487.3770938}
{"obj": {"type": "LogStrings", "path": ["monitoring", "a1675c8e", "stdout"], "values": [{"value": "\n", "step": null, "ts": 1735902487.377312}]}, "version": 21, "at": 1735902487.3773289}
{"obj": {"type": "LogStrings", "path": ["monitoring", "a1675c8e", "stderr"], "values": [{"value": "\r  0%|                                                                                                                                                                                 | 0/2 [00:00<?, ?it/s]", "step": null, "ts": 1735902487.385424}]}, "version": 22, "at": 1735902487.386078}
{"obj": {"type": "LogStrings", "path": ["monitoring", "a1675c8e", "stdout"], "values": [{"value": "dqsdqs", "step": null, "ts": 1735902487.387674}]}, "version": 23, "at": 1735902487.387724}
{"obj": {"type": "LogStrings", "path": ["monitoring", "a1675c8e", "stdout"], "values": [{"value": "\n", "step": null, "ts": 1735902487.388915}]}, "version": 24, "at": 1735902487.3889558}
{"obj": {"type": "LogStrings", "path": ["monitoring", "a1675c8e", "stdout"], "values": [{"value": "(128, 128, 3)", "step": null, "ts": 1735902487.403616}]}, "version": 25, "at": 1735902487.40367}
{"obj": {"type": "LogStrings", "path": ["monitoring", "a1675c8e", "stdout"], "values": [{"value": "\n", "step": null, "ts": 1735902487.4042351}]}, "version": 26, "at": 1735902487.4042711}
{"obj": {"type": "LogStrings", "path": ["monitoring", "a1675c8e", "stdout"], "values": [{"value": "(128, 128, 3)", "step": null, "ts": 1735902487.407231}]}, "version": 27, "at": 1735902487.4072802}
{"obj": {"type": "LogStrings", "path": ["monitoring", "a1675c8e", "stdout"], "values": [{"value": "\n", "step": null, "ts": 1735902487.407613}]}, "version": 28, "at": 1735902487.407648}
{"obj": {"type": "LogStrings", "path": ["monitoring", "a1675c8e", "stdout"], "values": [{"value": "(128, 128, 3)", "step": null, "ts": 1735902487.408978}]}, "version": 29, "at": 1735902487.409024}
{"obj": {"type": "LogStrings", "path": ["monitoring", "a1675c8e", "stdout"], "values": [{"value": "\n", "step": null, "ts": 1735902487.409368}]}, "version": 30, "at": 1735902487.4094038}
{"obj": {"type": "LogStrings", "path": ["monitoring", "a1675c8e", "stdout"], "values": [{"value": "(128, 128, 3)", "step": null, "ts": 1735902487.411802}]}, "version": 31, "at": 1735902487.411849}
{"obj": {"type": "LogStrings", "path": ["monitoring", "a1675c8e", "stdout"], "values": [{"value": "\n", "step": null, "ts": 1735902487.4121878}]}, "version": 32, "at": 1735902487.41222}
{"obj": {"type": "LogStrings", "path": ["monitoring", "a1675c8e", "stdout"], "values": [{"value": "(128, 128, 3)", "step": null, "ts": 1735902487.414431}]}, "version": 33, "at": 1735902487.414474}
{"obj": {"type": "LogStrings", "path": ["monitoring", "a1675c8e", "stdout"], "values": [{"value": "\n", "step": null, "ts": 1735902487.414778}]}, "version": 34, "at": 1735902487.4148102}
{"obj": {"type": "LogStrings", "path": ["monitoring", "a1675c8e", "stdout"], "values": [{"value": "(128, 128, 3)", "step": null, "ts": 1735902487.416752}]}, "version": 35, "at": 1735902487.416862}
{"obj": {"type": "LogStrings", "path": ["monitoring", "a1675c8e", "stdout"], "values": [{"value": "\n", "step": null, "ts": 1735902487.417579}]}, "version": 36, "at": 1735902487.4176269}
{"obj": {"type": "LogStrings", "path": ["monitoring", "a1675c8e", "stdout"], "values": [{"value": "(128, 128, 3)", "step": null, "ts": 1735902487.419435}]}, "version": 37, "at": 1735902487.419491}
{"obj": {"type": "LogStrings", "path": ["monitoring", "a1675c8e", "stdout"], "values": [{"value": "\n", "step": null, "ts": 1735902487.419948}]}, "version": 38, "at": 1735902487.41999}
{"obj": {"type": "LogStrings", "path": ["monitoring", "a1675c8e", "stdout"], "values": [{"value": "(128, 128, 3)", "step": null, "ts": 1735902487.423399}]}, "version": 39, "at": 1735902487.423473}
{"obj": {"type": "LogStrings", "path": ["monitoring", "a1675c8e", "stdout"], "values": [{"value": "\n", "step": null, "ts": 1735902487.424105}]}, "version": 40, "at": 1735902487.424147}
{"obj": {"type": "LogStrings", "path": ["monitoring", "a1675c8e", "stdout"], "values": [{"value": "(128, 128, 3)", "step": null, "ts": 1735902487.4263601}]}, "version": 41, "at": 1735902487.426399}
{"obj": {"type": "LogStrings", "path": ["monitoring", "a1675c8e", "stdout"], "values": [{"value": "\n", "step": null, "ts": 1735902487.4268951}]}, "version": 42, "at": 1735902487.42695}
{"obj": {"type": "LogStrings", "path": ["monitoring", "a1675c8e", "stdout"], "values": [{"value": "(128, 128, 3)", "step": null, "ts": 1735902487.429117}]}, "version": 43, "at": 1735902487.429164}
{"obj": {"type": "LogStrings", "path": ["monitoring", "a1675c8e", "stdout"], "values": [{"value": "\n", "step": null, "ts": 1735902487.429653}]}, "version": 44, "at": 1735902487.429705}
{"obj": {"type": "LogStrings", "path": ["monitoring", "a1675c8e", "stdout"], "values": [{"value": "(128, 128, 3)", "step": null, "ts": 1735902487.432539}]}, "version": 45, "at": 1735902487.4325812}
{"obj": {"type": "LogStrings", "path": ["monitoring", "a1675c8e", "stdout"], "values": [{"value": "\n", "step": null, "ts": 1735902487.432962}]}, "version": 46, "at": 1735902487.432998}
{"obj": {"type": "LogStrings", "path": ["monitoring", "a1675c8e", "stdout"], "values": [{"value": "(128, 128, 3)", "step": null, "ts": 1735902487.4375198}]}, "version": 47, "at": 1735902487.437692}
{"obj": {"type": "LogStrings", "path": ["monitoring", "a1675c8e", "stdout"], "values": [{"value": "\n", "step": null, "ts": 1735902487.438793}]}, "version": 48, "at": 1735902487.4388852}
{"obj": {"type": "LogStrings", "path": ["monitoring", "a1675c8e", "stdout"], "values": [{"value": "(128, 128, 3)", "step": null, "ts": 1735902487.443418}]}, "version": 49, "at": 1735902487.443467}
{"obj": {"type": "LogStrings", "path": ["monitoring", "a1675c8e", "stdout"], "values": [{"value": "\n", "step": null, "ts": 1735902487.4438138}]}, "version": 50, "at": 1735902487.443844}
{"obj": {"type": "LogStrings", "path": ["monitoring", "a1675c8e", "stdout"], "values": [{"value": "(128, 128, 3)", "step": null, "ts": 1735902487.446612}]}, "version": 51, "at": 1735902487.446645}
{"obj": {"type": "LogStrings", "path": ["monitoring", "a1675c8e", "stdout"], "values": [{"value": "\n", "step": null, "ts": 1735902487.44677}]}, "version": 52, "at": 1735902487.446789}
{"obj": {"type": "LogStrings", "path": ["monitoring", "a1675c8e", "stdout"], "values": [{"value": "(128, 128, 3)", "step": null, "ts": 1735902487.449282}]}, "version": 53, "at": 1735902487.449322}
{"obj": {"type": "LogStrings", "path": ["monitoring", "a1675c8e", "stdout"], "values": [{"value": "\n", "step": null, "ts": 1735902487.4496782}]}, "version": 54, "at": 1735902487.449703}
{"obj": {"type": "LogStrings", "path": ["monitoring", "a1675c8e", "stdout"], "values": [{"value": "(128, 128, 3)", "step": null, "ts": 1735902487.452613}]}, "version": 55, "at": 1735902487.4527261}
{"obj": {"type": "LogStrings", "path": ["monitoring", "a1675c8e", "stdout"], "values": [{"value": "\n", "step": null, "ts": 1735902487.453585}]}, "version": 56, "at": 1735902487.453645}
{"obj": {"type": "LogStrings", "path": ["monitoring", "a1675c8e", "stdout"], "values": [{"value": "2", "step": null, "ts": 1735902487.474371}]}, "version": 57, "at": 1735902487.4744341}
{"obj": {"type": "LogStrings", "path": ["monitoring", "a1675c8e", "stdout"], "values": [{"value": "\n", "step": null, "ts": 1735902487.474729}]}, "version": 58, "at": 1735902487.474764}
{"obj": {"type": "LogStrings", "path": ["monitoring", "a1675c8e", "stdout"], "values": [{"value": "torch.Size([16, 3, 128, 128])", "step": null, "ts": 1735902487.47491}]}, "version": 59, "at": 1735902487.4749398}
{"obj": {"type": "LogStrings", "path": ["monitoring", "a1675c8e", "stdout"], "values": [{"value": "\n", "step": null, "ts": 1735902487.475046}]}, "version": 60, "at": 1735902487.475104}
{"obj": {"type": "LogStrings", "path": ["monitoring", "a1675c8e", "stdout"], "values": [{"value": "avant modele", "step": null, "ts": 1735902487.477751}]}, "version": 61, "at": 1735902487.477786}
{"obj": {"type": "LogStrings", "path": ["monitoring", "a1675c8e", "stdout"], "values": [{"value": "\n", "step": null, "ts": 1735902487.478101}]}, "version": 62, "at": 1735902487.478123}
{"obj": {"type": "LogFloats", "path": ["train", "epoch", "loss_tot"], "values": [{"value": 1.0514134168624878, "step": null, "ts": 1735902491.9694679}]}, "version": 63, "at": 1735902491.9695191}
{"obj": {"type": "LogFloats", "path": ["train", "epoch", "precision"], "values": [{"value": 0.4000000059604645, "step": null, "ts": 1735902491.969685}]}, "version": 64, "at": 1735902491.969704}
{"obj": {"type": "LogFloats", "path": ["train", "epoch", "recall"], "values": [{"value": 0.1818181872367859, "step": null, "ts": 1735902491.9697862}]}, "version": 65, "at": 1735902491.969804}
{"obj": {"type": "LogStrings", "path": ["monitoring", "a1675c8e", "stdout"], "values": [{"value": "(128, 128, 3)", "step": null, "ts": 1735902491.971614}]}, "version": 66, "at": 1735902491.9716449}
{"obj": {"type": "LogStrings", "path": ["monitoring", "a1675c8e", "stdout"], "values": [{"value": "\n", "step": null, "ts": 1735902491.971949}]}, "version": 67, "at": 1735902491.971978}
{"obj": {"type": "LogStrings", "path": ["monitoring", "a1675c8e", "stdout"], "values": [{"value": "(128, 128, 3)", "step": null, "ts": 1735902491.973546}]}, "version": 68, "at": 1735902491.973579}
{"obj": {"type": "LogStrings", "path": ["monitoring", "a1675c8e", "stdout"], "values": [{"value": "\n", "step": null, "ts": 1735902491.973825}]}, "version": 69, "at": 1735902491.9738529}
{"obj": {"type": "LogStrings", "path": ["monitoring", "a1675c8e", "stdout"], "values": [{"value": "(128, 128, 3)", "step": null, "ts": 1735902491.975531}]}, "version": 70, "at": 1735902491.975563}
{"obj": {"type": "LogStrings", "path": ["monitoring", "a1675c8e", "stdout"], "values": [{"value": "\n", "step": null, "ts": 1735902491.975809}]}, "version": 71, "at": 1735902491.9758348}
{"obj": {"type": "LogStrings", "path": ["monitoring", "a1675c8e", "stdout"], "values": [{"value": "(128, 128, 3)", "step": null, "ts": 1735902491.9794261}]}, "version": 72, "at": 1735902491.9794629}
{"obj": {"type": "LogStrings", "path": ["monitoring", "a1675c8e", "stdout"], "values": [{"value": "\n", "step": null, "ts": 1735902491.9797041}]}, "version": 73, "at": 1735902491.9797308}
{"obj": {"type": "LogStrings", "path": ["monitoring", "a1675c8e", "stdout"], "values": [{"value": "(128, 128, 3)", "step": null, "ts": 1735902491.981351}]}, "version": 74, "at": 1735902491.981386}
{"obj": {"type": "LogStrings", "path": ["monitoring", "a1675c8e", "stdout"], "values": [{"value": "\n", "step": null, "ts": 1735902491.9816692}]}, "version": 75, "at": 1735902491.981707}
{"obj": {"type": "LogStrings", "path": ["monitoring", "a1675c8e", "stdout"], "values": [{"value": "(128, 128, 3)", "step": null, "ts": 1735902491.9840481}]}, "version": 76, "at": 1735902491.9840791}
{"obj": {"type": "LogStrings", "path": ["monitoring", "a1675c8e", "stdout"], "values": [{"value": "\n", "step": null, "ts": 1735902491.9843352}]}, "version": 77, "at": 1735902491.9843578}
{"obj": {"type": "LogStrings", "path": ["monitoring", "a1675c8e", "stdout"], "values": [{"value": "(128, 128, 3)", "step": null, "ts": 1735902491.9851892}]}, "version": 78, "at": 1735902491.985211}
{"obj": {"type": "LogStrings", "path": ["monitoring", "a1675c8e", "stdout"], "values": [{"value": "\n", "step": null, "ts": 1735902491.98543}]}, "version": 79, "at": 1735902491.985457}
{"obj": {"type": "LogStrings", "path": ["monitoring", "a1675c8e", "stdout"], "values": [{"value": "(128, 128, 3)", "step": null, "ts": 1735902491.986815}]}, "version": 80, "at": 1735902491.986845}
{"obj": {"type": "LogStrings", "path": ["monitoring", "a1675c8e", "stdout"], "values": [{"value": "\n", "step": null, "ts": 1735902491.987065}]}, "version": 81, "at": 1735902491.987086}
{"obj": {"type": "LogStrings", "path": ["monitoring", "a1675c8e", "stdout"], "values": [{"value": "(128, 128, 3)", "step": null, "ts": 1735902491.989493}]}, "version": 82, "at": 1735902491.989523}
{"obj": {"type": "LogStrings", "path": ["monitoring", "a1675c8e", "stdout"], "values": [{"value": "\n", "step": null, "ts": 1735902491.98979}]}, "version": 83, "at": 1735902491.9898188}
{"obj": {"type": "LogStrings", "path": ["monitoring", "a1675c8e", "stdout"], "values": [{"value": "(128, 128, 3)", "step": null, "ts": 1735902491.991675}]}, "version": 84, "at": 1735902491.99174}
{"obj": {"type": "LogStrings", "path": ["monitoring", "a1675c8e", "stdout"], "values": [{"value": "\n", "step": null, "ts": 1735902491.992037}]}, "version": 85, "at": 1735902491.9920828}
{"obj": {"type": "LogStrings", "path": ["monitoring", "a1675c8e", "stdout"], "values": [{"value": "(128, 128, 3)", "step": null, "ts": 1735902491.994348}]}, "version": 86, "at": 1735902491.9943838}
{"obj": {"type": "LogStrings", "path": ["monitoring", "a1675c8e", "stdout"], "values": [{"value": "\n", "step": null, "ts": 1735902491.994644}]}, "version": 87, "at": 1735902491.994669}
{"obj": {"type": "LogStrings", "path": ["monitoring", "a1675c8e", "stdout"], "values": [{"value": "(128, 128, 3)", "step": null, "ts": 1735902491.996418}]}, "version": 88, "at": 1735902491.9964669}
{"obj": {"type": "LogStrings", "path": ["monitoring", "a1675c8e", "stdout"], "values": [{"value": "\n", "step": null, "ts": 1735902491.996904}]}, "version": 89, "at": 1735902491.996953}
{"obj": {"type": "LogStrings", "path": ["monitoring", "a1675c8e", "stdout"], "values": [{"value": "(128, 128, 3)", "step": null, "ts": 1735902491.999035}]}, "version": 90, "at": 1735902491.9990752}
{"obj": {"type": "LogStrings", "path": ["monitoring", "a1675c8e", "stdout"], "values": [{"value": "\n", "step": null, "ts": 1735902491.9993658}]}, "version": 91, "at": 1735902491.999393}
{"obj": {"type": "LogStrings", "path": ["monitoring", "a1675c8e", "stdout"], "values": [{"value": "(128, 128, 3)", "step": null, "ts": 1735902492.000918}]}, "version": 92, "at": 1735902492.00095}
{"obj": {"type": "LogStrings", "path": ["monitoring", "a1675c8e", "stdout"], "values": [{"value": "\n", "step": null, "ts": 1735902492.0011861}]}, "version": 93, "at": 1735902492.001211}
{"obj": {"type": "LogStrings", "path": ["monitoring", "a1675c8e", "stdout"], "values": [{"value": "(128, 128, 3)", "step": null, "ts": 1735902492.00226}]}, "version": 94, "at": 1735902492.002288}
{"obj": {"type": "LogStrings", "path": ["monitoring", "a1675c8e", "stdout"], "values": [{"value": "\n", "step": null, "ts": 1735902492.002589}]}, "version": 95, "at": 1735902492.0026162}
{"obj": {"type": "LogStrings", "path": ["monitoring", "a1675c8e", "stdout"], "values": [{"value": "(128, 128, 3)", "step": null, "ts": 1735902492.005266}]}, "version": 96, "at": 1735902492.005356}
{"obj": {"type": "LogStrings", "path": ["monitoring", "a1675c8e", "stdout"], "values": [{"value": "\n", "step": null, "ts": 1735902492.006586}]}, "version": 97, "at": 1735902492.006706}
{"obj": {"type": "LogStrings", "path": ["monitoring", "a1675c8e", "stdout"], "values": [{"value": "2", "step": null, "ts": 1735902492.053227}]}, "version": 98, "at": 1735902492.0532732}
{"obj": {"type": "LogStrings", "path": ["monitoring", "a1675c8e", "stdout"], "values": [{"value": "\n", "step": null, "ts": 1735902492.053524}]}, "version": 99, "at": 1735902492.0535622}
{"obj": {"type": "LogStrings", "path": ["monitoring", "a1675c8e", "stdout"], "values": [{"value": "torch.Size([16, 3, 128, 128])", "step": null, "ts": 1735902492.053696}]}, "version": 100, "at": 1735902492.0537229}
{"obj": {"type": "LogStrings", "path": ["monitoring", "a1675c8e", "stdout"], "values": [{"value": "\n", "step": null, "ts": 1735902492.053851}]}, "version": 101, "at": 1735902492.053875}
{"obj": {"type": "LogStrings", "path": ["monitoring", "a1675c8e", "stdout"], "values": [{"value": "avant modele", "step": null, "ts": 1735902492.054889}]}, "version": 102, "at": 1735902492.054923}
{"obj": {"type": "LogStrings", "path": ["monitoring", "a1675c8e", "stdout"], "values": [{"value": "\n", "step": null, "ts": 1735902492.055114}]}, "version": 103, "at": 1735902492.055135}
{"obj": {"type": "LogStrings", "path": ["monitoring", "a1675c8e", "stderr"], "values": [{"value": "", "step": null, "ts": 1735902493.224639}]}, "version": 104, "at": 1735902493.2246861}
{"obj": {"type": "LogStrings", "path": ["monitoring", "a1675c8e", "stderr"], "values": [{"value": "\r  0%|                                                                                                                                                                                 | 0/2 [00:05<?, ?it/s]", "step": null, "ts": 1735902493.2251048}]}, "version": 105, "at": 1735902493.2251258}
{"obj": {"type": "LogStrings", "path": ["monitoring", "a1675c8e", "stderr"], "values": [{"value": "\n", "step": null, "ts": 1735902493.22527}]}, "version": 106, "at": 1735902493.225286}
{"obj": {"type": "LogStrings", "path": ["monitoring", "a1675c8e", "traceback"], "values": [{"value": "An uncaught exception occurred while run was active on worker Admins-MacBook-Pro.local.", "step": null, "ts": 1735902493.229034}, {"value": "Marking run as failed", "step": null, "ts": 1735902493.229034}, {"value": "Traceback:", "step": null, "ts": 1735902493.229034}, {"value": "  File \"/Users/erwan/Workspace/WSS-UIC/train_vgg_resnet/train.py\", line 129, in <module>\n    train(\n", "step": null, "ts": 1735902493.229034}, {"value": "  File \"/Users/erwan/Workspace/WSS-UIC/train_vgg_resnet/train.py\", line 71, in train\n    pred_ys = model(images)\n", "step": null, "ts": 1735902493.229034}, {"value": "  File \"/Users/erwan/miniconda3/envs/segmentation_env/lib/python3.10/site-packages/torch/nn/modules/module.py\", line 1511, in _wrapped_call_impl\n    return self._call_impl(*args, **kwargs)\n", "step": null, "ts": 1735902493.229034}, {"value": "  File \"/Users/erwan/miniconda3/envs/segmentation_env/lib/python3.10/site-packages/torch/nn/modules/module.py\", line 1520, in _call_impl\n    return forward_call(*args, **kwargs)\n", "step": null, "ts": 1735902493.229034}, {"value": "  File \"/Users/erwan/Workspace/WSS-UIC/models.py\", line 15, in forward\n    x0 = self.vgg16(x)\n", "step": null, "ts": 1735902493.229034}, {"value": "  File \"/Users/erwan/miniconda3/envs/segmentation_env/lib/python3.10/site-packages/torch/nn/modules/module.py\", line 1511, in _wrapped_call_impl\n    return self._call_impl(*args, **kwargs)\n", "step": null, "ts": 1735902493.229034}, {"value": "  File \"/Users/erwan/miniconda3/envs/segmentation_env/lib/python3.10/site-packages/torch/nn/modules/module.py\", line 1520, in _call_impl\n    return forward_call(*args, **kwargs)\n", "step": null, "ts": 1735902493.229034}]}, "version": 107, "at": 1735902493.229075}
{"obj": {"type": "LogStrings", "path": ["monitoring", "a1675c8e", "traceback"], "values": [{"value": "  File \"/Users/erwan/miniconda3/envs/segmentation_env/lib/python3.10/site-packages/torchvision/models/vgg.py\", line 66, in forward\n    x = self.features(x)\n", "step": null, "ts": 1735902493.229034}, {"value": "  File \"/Users/erwan/miniconda3/envs/segmentation_env/lib/python3.10/site-packages/torch/nn/modules/module.py\", line 1511, in _wrapped_call_impl\n    return self._call_impl(*args, **kwargs)\n", "step": null, "ts": 1735902493.229034}, {"value": "  File \"/Users/erwan/miniconda3/envs/segmentation_env/lib/python3.10/site-packages/torch/nn/modules/module.py\", line 1520, in _call_impl\n    return forward_call(*args, **kwargs)\n", "step": null, "ts": 1735902493.229034}, {"value": "  File \"/Users/erwan/miniconda3/envs/segmentation_env/lib/python3.10/site-packages/torch/nn/modules/container.py\", line 217, in forward\n    input = module(input)\n", "step": null, "ts": 1735902493.229034}, {"value": "  File \"/Users/erwan/miniconda3/envs/segmentation_env/lib/python3.10/site-packages/torch/nn/modules/module.py\", line 1511, in _wrapped_call_impl\n    return self._call_impl(*args, **kwargs)\n", "step": null, "ts": 1735902493.229034}, {"value": "  File \"/Users/erwan/miniconda3/envs/segmentation_env/lib/python3.10/site-packages/torch/nn/modules/module.py\", line 1520, in _call_impl\n    return forward_call(*args, **kwargs)\n", "step": null, "ts": 1735902493.229034}, {"value": "  File \"/Users/erwan/miniconda3/envs/segmentation_env/lib/python3.10/site-packages/torch/nn/modules/conv.py\", line 460, in forward\n    return self._conv_forward(input, self.weight, self.bias)\n", "step": null, "ts": 1735902493.229034}, {"value": "  File \"/Users/erwan/miniconda3/envs/segmentation_env/lib/python3.10/site-packages/torch/nn/modules/conv.py\", line 456, in _conv_forward\n    return F.conv2d(input, weight, bias, self.stride,\n", "step": null, "ts": 1735902493.229034}, {"value": "", "step": null, "ts": 1735902493.229034}]}, "version": 108, "at": 1735902493.229151}
{"obj": {"type": "AssignBool", "path": ["sys", "failed"], "value": true}, "version": 109, "at": 1735902493.229259}
{"obj": {"type": "LogStrings", "path": ["monitoring", "a1675c8e", "stderr"], "values": [{"value": "Traceback (most recent call last):\n", "step": null, "ts": 1735902493.229414}]}, "version": 110, "at": 1735902493.229436}
{"obj": {"type": "LogStrings", "path": ["monitoring", "a1675c8e", "stderr"], "values": [{"value": "  File \"/Users/erwan/Workspace/WSS-UIC/train_vgg_resnet/train.py\", line 129, in <module>\n", "step": null, "ts": 1735902493.229718}]}, "version": 111, "at": 1735902493.2297401}
{"obj": {"type": "LogStrings", "path": ["monitoring", "a1675c8e", "stderr"], "values": [{"value": "    ", "step": null, "ts": 1735902493.22993}]}, "version": 112, "at": 1735902493.2299469}
{"obj": {"type": "LogStrings", "path": ["monitoring", "a1675c8e", "stderr"], "values": [{"value": "train(", "step": null, "ts": 1735902493.230114}]}, "version": 113, "at": 1735902493.2301388}
{"obj": {"type": "LogStrings", "path": ["monitoring", "a1675c8e", "stderr"], "values": [{"value": "\n", "step": null, "ts": 1735902493.2307708}]}, "version": 114, "at": 1735902493.230809}
{"obj": {"type": "LogStrings", "path": ["monitoring", "a1675c8e", "stderr"], "values": [{"value": "  File \"/Users/erwan/Workspace/WSS-UIC/train_vgg_resnet/train.py\", line 71, in train\n", "step": null, "ts": 1735902493.2310982}]}, "version": 115, "at": 1735902493.2311318}
{"obj": {"type": "LogStrings", "path": ["monitoring", "a1675c8e", "stderr"], "values": [{"value": "    ", "step": null, "ts": 1735902493.2313862}]}, "version": 116, "at": 1735902493.231425}
{"obj": {"type": "LogStrings", "path": ["monitoring", "a1675c8e", "stderr"], "values": [{"value": "pred_ys = model(images)", "step": null, "ts": 1735902493.231693}]}, "version": 117, "at": 1735902493.2317262}
{"obj": {"type": "LogStrings", "path": ["monitoring", "a1675c8e", "stderr"], "values": [{"value": "\n", "step": null, "ts": 1735902493.232225}]}, "version": 118, "at": 1735902493.23226}
{"obj": {"type": "LogStrings", "path": ["monitoring", "a1675c8e", "stderr"], "values": [{"value": "  File \"/Users/erwan/miniconda3/envs/segmentation_env/lib/python3.10/site-packages/torch/nn/modules/module.py\", line 1511, in _wrapped_call_impl\n", "step": null, "ts": 1735902493.232451}]}, "version": 119, "at": 1735902493.23248}
{"obj": {"type": "LogStrings", "path": ["monitoring", "a1675c8e", "stderr"], "values": [{"value": "    ", "step": null, "ts": 1735902493.232623}]}, "version": 120, "at": 1735902493.232641}
{"obj": {"type": "LogStrings", "path": ["monitoring", "a1675c8e", "stderr"], "values": [{"value": "return self._call_impl(*args, **kwargs)", "step": null, "ts": 1735902493.232846}]}, "version": 121, "at": 1735902493.2328708}
{"obj": {"type": "LogStrings", "path": ["monitoring", "a1675c8e", "stderr"], "values": [{"value": "\n", "step": null, "ts": 1735902493.2330308}]}, "version": 122, "at": 1735902493.233052}
{"obj": {"type": "LogStrings", "path": ["monitoring", "a1675c8e", "stderr"], "values": [{"value": "  File \"/Users/erwan/miniconda3/envs/segmentation_env/lib/python3.10/site-packages/torch/nn/modules/module.py\", line 1520, in _call_impl\n", "step": null, "ts": 1735902493.233238}]}, "version": 123, "at": 1735902493.233255}
{"obj": {"type": "LogStrings", "path": ["monitoring", "a1675c8e", "stderr"], "values": [{"value": "    ", "step": null, "ts": 1735902493.2334669}]}, "version": 124, "at": 1735902493.233491}
{"obj": {"type": "LogStrings", "path": ["monitoring", "a1675c8e", "stderr"], "values": [{"value": "return forward_call(*args, **kwargs)", "step": null, "ts": 1735902493.2337961}]}, "version": 125, "at": 1735902493.233814}
{"obj": {"type": "LogStrings", "path": ["monitoring", "a1675c8e", "stderr"], "values": [{"value": "\n", "step": null, "ts": 1735902493.233972}]}, "version": 126, "at": 1735902493.233993}
{"obj": {"type": "LogStrings", "path": ["monitoring", "a1675c8e", "stderr"], "values": [{"value": "  File \"/Users/erwan/Workspace/WSS-UIC/models.py\", line 15, in forward\n", "step": null, "ts": 1735902493.234167}]}, "version": 127, "at": 1735902493.234184}
{"obj": {"type": "LogStrings", "path": ["monitoring", "a1675c8e", "stderr"], "values": [{"value": "    ", "step": null, "ts": 1735902493.234587}]}, "version": 128, "at": 1735902493.2346098}
{"obj": {"type": "LogStrings", "path": ["monitoring", "a1675c8e", "stderr"], "values": [{"value": "x0 = self.vgg16(x)", "step": null, "ts": 1735902493.23475}]}, "version": 129, "at": 1735902493.2347672}
{"obj": {"type": "LogStrings", "path": ["monitoring", "a1675c8e", "stderr"], "values": [{"value": "\n", "step": null, "ts": 1735902493.234974}]}, "version": 130, "at": 1735902493.234996}
{"obj": {"type": "LogStrings", "path": ["monitoring", "a1675c8e", "stderr"], "values": [{"value": "  File \"/Users/erwan/miniconda3/envs/segmentation_env/lib/python3.10/site-packages/torch/nn/modules/module.py\", line 1511, in _wrapped_call_impl\n", "step": null, "ts": 1735902493.235157}]}, "version": 131, "at": 1735902493.235172}
{"obj": {"type": "LogStrings", "path": ["monitoring", "a1675c8e", "stderr"], "values": [{"value": "    ", "step": null, "ts": 1735902493.235357}]}, "version": 132, "at": 1735902493.235371}
{"obj": {"type": "LogStrings", "path": ["monitoring", "a1675c8e", "stderr"], "values": [{"value": "return self._call_impl(*args, **kwargs)", "step": null, "ts": 1735902493.2357671}]}, "version": 133, "at": 1735902493.23579}
{"obj": {"type": "LogStrings", "path": ["monitoring", "a1675c8e", "stderr"], "values": [{"value": "\n", "step": null, "ts": 1735902493.2359302}]}, "version": 134, "at": 1735902493.2359538}
{"obj": {"type": "LogStrings", "path": ["monitoring", "a1675c8e", "stderr"], "values": [{"value": "  File \"/Users/erwan/miniconda3/envs/segmentation_env/lib/python3.10/site-packages/torch/nn/modules/module.py\", line 1520, in _call_impl\n", "step": null, "ts": 1735902493.236104}]}, "version": 135, "at": 1735902493.236175}
{"obj": {"type": "LogStrings", "path": ["monitoring", "a1675c8e", "stderr"], "values": [{"value": "    ", "step": null, "ts": 1735902493.236342}]}, "version": 136, "at": 1735902493.236368}
{"obj": {"type": "LogStrings", "path": ["monitoring", "a1675c8e", "stderr"], "values": [{"value": "return forward_call(*args, **kwargs)", "step": null, "ts": 1735902493.236801}]}, "version": 137, "at": 1735902493.236841}
{"obj": {"type": "LogStrings", "path": ["monitoring", "a1675c8e", "stderr"], "values": [{"value": "\n", "step": null, "ts": 1735902493.2373052}]}, "version": 138, "at": 1735902493.237349}
{"obj": {"type": "LogStrings", "path": ["monitoring", "a1675c8e", "stderr"], "values": [{"value": "  File \"/Users/erwan/miniconda3/envs/segmentation_env/lib/python3.10/site-packages/torchvision/models/vgg.py\", line 66, in forward\n", "step": null, "ts": 1735902493.238383}]}, "version": 139, "at": 1735902493.238427}
{"obj": {"type": "LogStrings", "path": ["monitoring", "a1675c8e", "stderr"], "values": [{"value": "    ", "step": null, "ts": 1735902493.238742}]}, "version": 140, "at": 1735902493.2388108}
{"obj": {"type": "LogStrings", "path": ["monitoring", "a1675c8e", "stderr"], "values": [{"value": "x = self.features(x)", "step": null, "ts": 1735902493.239373}]}, "version": 141, "at": 1735902493.239434}
{"obj": {"type": "LogStrings", "path": ["monitoring", "a1675c8e", "stderr"], "values": [{"value": "\n", "step": null, "ts": 1735902493.240066}]}, "version": 142, "at": 1735902493.240117}
{"obj": {"type": "LogStrings", "path": ["monitoring", "a1675c8e", "stderr"], "values": [{"value": "  File \"/Users/erwan/miniconda3/envs/segmentation_env/lib/python3.10/site-packages/torch/nn/modules/module.py\", line 1511, in _wrapped_call_impl\n", "step": null, "ts": 1735902493.240866}]}, "version": 143, "at": 1735902493.240949}
{"obj": {"type": "LogStrings", "path": ["monitoring", "a1675c8e", "stderr"], "values": [{"value": "    ", "step": null, "ts": 1735902493.241514}]}, "version": 144, "at": 1735902493.241554}
{"obj": {"type": "LogStrings", "path": ["monitoring", "a1675c8e", "stderr"], "values": [{"value": "return self._call_impl(*args, **kwargs)", "step": null, "ts": 1735902493.24211}]}, "version": 145, "at": 1735902493.2421381}
{"obj": {"type": "LogStrings", "path": ["monitoring", "a1675c8e", "stderr"], "values": [{"value": "\n", "step": null, "ts": 1735902493.242507}]}, "version": 146, "at": 1735902493.2425442}
{"obj": {"type": "LogStrings", "path": ["monitoring", "a1675c8e", "stderr"], "values": [{"value": "  File \"/Users/erwan/miniconda3/envs/segmentation_env/lib/python3.10/site-packages/torch/nn/modules/module.py\", line 1520, in _call_impl\n", "step": null, "ts": 1735902493.243045}]}, "version": 147, "at": 1735902493.24307}
{"obj": {"type": "LogStrings", "path": ["monitoring", "a1675c8e", "stderr"], "values": [{"value": "    ", "step": null, "ts": 1735902493.2432818}]}, "version": 148, "at": 1735902493.2433028}
{"obj": {"type": "LogStrings", "path": ["monitoring", "a1675c8e", "stderr"], "values": [{"value": "return forward_call(*args, **kwargs)", "step": null, "ts": 1735902493.243455}]}, "version": 149, "at": 1735902493.2434719}
{"obj": {"type": "LogStrings", "path": ["monitoring", "a1675c8e", "stderr"], "values": [{"value": "\n", "step": null, "ts": 1735902493.243849}]}, "version": 150, "at": 1735902493.2438679}
{"obj": {"type": "LogStrings", "path": ["monitoring", "a1675c8e", "stdout"], "values": [{"value": "[neptune] [info   ] Shutting down background jobs, please wait a moment...\n", "step": null, "ts": 1735902493.244365}]}, "version": 151, "at": 1735902493.2443829}
{"obj": {"type": "LogStrings", "path": ["monitoring", "a1675c8e", "stderr"], "values": [{"value": "  File \"/Users/erwan/miniconda3/envs/segmentation_env/lib/python3.10/site-packages/torch/nn/modules/container.py\", line 217, in forward\n", "step": null, "ts": 1735902493.244514}]}, "version": 152, "at": 1735902493.244531}
{"obj": {"type": "LogStrings", "path": ["monitoring", "a1675c8e", "stderr"], "values": [{"value": "    ", "step": null, "ts": 1735902493.2446039}]}, "version": 153, "at": 1735902493.244618}
{"obj": {"type": "LogStrings", "path": ["monitoring", "a1675c8e", "stderr"], "values": [{"value": "input = module(input)", "step": null, "ts": 1735902493.24468}]}, "version": 154, "at": 1735902493.244693}
{"obj": {"type": "LogStrings", "path": ["monitoring", "a1675c8e", "stderr"], "values": [{"value": "\n", "step": null, "ts": 1735902493.244753}]}, "version": 155, "at": 1735902493.244766}
{"obj": {"type": "LogStrings", "path": ["monitoring", "a1675c8e", "stderr"], "values": [{"value": "  File \"/Users/erwan/miniconda3/envs/segmentation_env/lib/python3.10/site-packages/torch/nn/modules/module.py\", line 1511, in _wrapped_call_impl\n", "step": null, "ts": 1735902493.2448251}]}, "version": 156, "at": 1735902493.244837}
{"obj": {"type": "LogStrings", "path": ["monitoring", "a1675c8e", "stderr"], "values": [{"value": "    ", "step": null, "ts": 1735902493.244895}]}, "version": 157, "at": 1735902493.244907}
{"obj": {"type": "LogStrings", "path": ["monitoring", "a1675c8e", "stderr"], "values": [{"value": "return self._call_impl(*args, **kwargs)", "step": null, "ts": 1735902493.2449632}]}, "version": 158, "at": 1735902493.2449741}
{"obj": {"type": "LogStrings", "path": ["monitoring", "a1675c8e", "stderr"], "values": [{"value": "\n", "step": null, "ts": 1735902493.2451048}]}, "version": 159, "at": 1735902493.245127}
{"obj": {"type": "LogStrings", "path": ["monitoring", "a1675c8e", "stderr"], "values": [{"value": "  File \"/Users/erwan/miniconda3/envs/segmentation_env/lib/python3.10/site-packages/torch/nn/modules/module.py\", line 1520, in _call_impl\n", "step": null, "ts": 1735902493.245271}]}, "version": 160, "at": 1735902493.245304}
{"obj": {"type": "LogStrings", "path": ["monitoring", "a1675c8e", "stderr"], "values": [{"value": "    ", "step": null, "ts": 1735902493.245455}]}, "version": 161, "at": 1735902493.245484}
{"obj": {"type": "LogStrings", "path": ["monitoring", "a1675c8e", "stderr"], "values": [{"value": "return forward_call(*args, **kwargs)", "step": null, "ts": 1735902493.245622}]}, "version": 162, "at": 1735902493.245651}
{"obj": {"type": "LogStrings", "path": ["monitoring", "a1675c8e", "stderr"], "values": [{"value": "\n", "step": null, "ts": 1735902493.2457962}]}, "version": 163, "at": 1735902493.245821}
{"obj": {"type": "LogStrings", "path": ["monitoring", "a1675c8e", "stderr"], "values": [{"value": "  File \"/Users/erwan/miniconda3/envs/segmentation_env/lib/python3.10/site-packages/torch/nn/modules/conv.py\", line 460, in forward\n", "step": null, "ts": 1735902493.245913}]}, "version": 164, "at": 1735902493.245932}
{"obj": {"type": "LogStrings", "path": ["monitoring", "a1675c8e", "stderr"], "values": [{"value": "    ", "step": null, "ts": 1735902493.246022}]}, "version": 165, "at": 1735902493.246042}
{"obj": {"type": "LogStrings", "path": ["monitoring", "a1675c8e", "stderr"], "values": [{"value": "return self._conv_forward(input, self.weight, self.bias)", "step": null, "ts": 1735902493.2461388}]}, "version": 166, "at": 1735902493.246161}
{"obj": {"type": "LogStrings", "path": ["monitoring", "a1675c8e", "stderr"], "values": [{"value": "\n", "step": null, "ts": 1735902493.246261}]}, "version": 167, "at": 1735902493.246283}
{"obj": {"type": "LogStrings", "path": ["monitoring", "a1675c8e", "stderr"], "values": [{"value": "  File \"/Users/erwan/miniconda3/envs/segmentation_env/lib/python3.10/site-packages/torch/nn/modules/conv.py\", line 456, in _conv_forward\n", "step": null, "ts": 1735902493.246381}]}, "version": 168, "at": 1735902493.246403}
{"obj": {"type": "LogStrings", "path": ["monitoring", "a1675c8e", "stderr"], "values": [{"value": "    ", "step": null, "ts": 1735902493.246498}]}, "version": 169, "at": 1735902493.246519}
{"obj": {"type": "LogStrings", "path": ["monitoring", "a1675c8e", "stderr"], "values": [{"value": "return F.conv2d(input, weight, bias, self.stride,", "step": null, "ts": 1735902493.246618}]}, "version": 170, "at": 1735902493.246641}
{"obj": {"type": "LogStrings", "path": ["monitoring", "a1675c8e", "stderr"], "values": [{"value": "\n", "step": null, "ts": 1735902493.2468522}]}, "version": 171, "at": 1735902493.246881}
{"obj": {"type": "LogStrings", "path": ["monitoring", "a1675c8e", "stderr"], "values": [{"value": "KeyboardInterrupt", "step": null, "ts": 1735902493.2470038}]}, "version": 172, "at": 1735902493.247021}
{"obj": {"type": "LogStrings", "path": ["monitoring", "a1675c8e", "stderr"], "values": [{"value": "", "step": null, "ts": 1735902493.2472}]}, "version": 173, "at": 1735902493.247226}
{"obj": {"type": "LogStrings", "path": ["monitoring", "a1675c8e", "stderr"], "values": [{"value": "\n", "step": null, "ts": 1735902493.2473128}]}, "version": 174, "at": 1735902493.247327}
