{"obj": {"type": "AssignString", "path": ["sys", "name"], "value": "Untitled"}, "version": 1, "at": 1735902582.887491}
{"obj": {"type": "AssignString", "path": ["sys", "description"], "value": ""}, "version": 2, "at": 1735902582.887674}
{"obj": {"type": "AssignString", "path": ["monitoring", "e877208f", "hostname"], "value": "Admins-MacBook-Pro.local"}, "version": 3, "at": 1735902582.8877618}
{"obj": {"type": "AssignString", "path": ["sys", "hostname"], "value": "Admins-MacBook-Pro.local"}, "version": 4, "at": 1735902582.8878322}
{"obj": {"type": "AssignString", "path": ["monitoring", "e877208f", "pid"], "value": "24736"}, "version": 5, "at": 1735902582.887904}
{"obj": {"type": "AssignString", "path": ["monitoring", "e877208f", "tid"], "value": "4441394624"}, "version": 6, "at": 1735902582.88797}
{"obj": {"type": "AssignBool", "path": ["sys", "failed"], "value": false}, "version": 7, "at": 1735902582.888057}
{"obj": {"type": "ClearStringLog", "path": ["monitoring", "e877208f", "stdout"]}, "version": 8, "at": 1735902582.8887942}
{"obj": {"type": "ClearStringLog", "path": ["monitoring", "e877208f", "stderr"]}, "version": 9, "at": 1735902582.888874}
{"obj": {"type": "AssignString", "path": ["source_code", "entrypoint"], "value": "train.py"}, "version": 10, "at": 1735902582.8893702}
{"obj": {"type": "UploadFileSet", "path": ["source_code", "files"], "file_globs": ["/Users/erwan/Workspace/WSS-UIC/train_vgg_resnet/train.py"], "reset": "False"}, "version": 11, "at": 1735902582.889466}
{"obj": {"type": "UploadFile", "path": ["source_code", "diff"], "ext": "patch", "file_path": null, "tmp_file_name": "source_code_diff-1735902583.075707-2025-01-03_12.09.43.075707.patch", "clean_after_upload": false}, "version": 12, "at": 1735902583.076071}
{"obj": {"type": "ConfigFloatSeries", "path": ["monitoring", "e877208f", "cpu"], "min": 0.0, "max": 100.0, "unit": "%"}, "version": 13, "at": 1735902583.082995}
{"obj": {"type": "ClearFloatLog", "path": ["monitoring", "e877208f", "cpu"]}, "version": 14, "at": 1735902583.083116}
{"obj": {"type": "LogStrings", "path": ["monitoring", "e877208f", "stderr"], "values": [{"value": "[neptune] [warning] /Users/erwan/Workspace/WSS-UIC/train_vgg_resnet/train.py:46: NeptuneWarning: Info (NVML): NVML Shared Library Not Found. GPU usage metrics may not be reported. For more information, see https://docs.neptune.ai/help/nvml_error/\n", "step": null, "ts": 1735902583.083203}]}, "version": 15, "at": 1735902583.0832582}
{"obj": {"type": "ConfigFloatSeries", "path": ["monitoring", "e877208f", "memory"], "min": 0.0, "max": 16.0, "unit": "GB"}, "version": 16, "at": 1735902583.083385}
{"obj": {"type": "ClearFloatLog", "path": ["monitoring", "e877208f", "memory"]}, "version": 17, "at": 1735902583.083426}
{"obj": {"type": "LogFloats", "path": ["monitoring", "e877208f", "memory"], "values": [{"value": 9.499507904052734, "step": null, "ts": 1735902583.0835478}]}, "version": 18, "at": 1735902583.08417}
{"obj": {"type": "AssignString", "path": ["config", "optimizer"], "value": "Adam"}, "version": 19, "at": 1735902583.0843341}
{"obj": {"type": "LogStrings", "path": ["monitoring", "e877208f", "stdout"], "values": [{"value": "ici la ", "step": null, "ts": 1735902583.084636}]}, "version": 20, "at": 1735902583.084664}
{"obj": {"type": "LogStrings", "path": ["monitoring", "e877208f", "stdout"], "values": [{"value": "\n", "step": null, "ts": 1735902583.084927}]}, "version": 21, "at": 1735902583.084945}
{"obj": {"type": "LogStrings", "path": ["monitoring", "e877208f", "stderr"], "values": [{"value": "\r  0%|                                                                                                                                                                                | 0/20 [00:00<?, ?it/s]", "step": null, "ts": 1735902583.095776}]}, "version": 22, "at": 1735902583.096422}
{"obj": {"type": "LogStrings", "path": ["monitoring", "e877208f", "stdout"], "values": [{"value": "dqsdqs", "step": null, "ts": 1735902583.100063}]}, "version": 23, "at": 1735902583.100113}
{"obj": {"type": "LogStrings", "path": ["monitoring", "e877208f", "stdout"], "values": [{"value": "\n", "step": null, "ts": 1735902583.10046}]}, "version": 24, "at": 1735902583.100498}
{"obj": {"type": "LogFloats", "path": ["train", "epoch", "loss_tot"], "values": [{"value": 0.9689608812332153, "step": null, "ts": 1735902590.620026}]}, "version": 25, "at": 1735902590.6201081}
{"obj": {"type": "LogFloats", "path": ["train", "epoch", "precision"], "values": [{"value": 0.375, "step": null, "ts": 1735902590.6203241}]}, "version": 26, "at": 1735902590.6203468}
{"obj": {"type": "LogFloats", "path": ["train", "epoch", "recall"], "values": [{"value": 1.0, "step": null, "ts": 1735902590.620428}]}, "version": 27, "at": 1735902590.620445}
{"obj": {"type": "LogFloats", "path": ["monitoring", "e877208f", "cpu"], "values": [{"value": 81.6, "step": null, "ts": 1735902593.0856938}]}, "version": 28, "at": 1735902593.086077}
{"obj": {"type": "LogFloats", "path": ["monitoring", "e877208f", "memory"], "values": [{"value": 10.033882141113281, "step": null, "ts": 1735902593.0856938}]}, "version": 29, "at": 1735902593.086299}
{"obj": {"type": "LogFloats", "path": ["train", "epoch", "loss_tot"], "values": [{"value": 0.6283009052276611, "step": null, "ts": 1735902596.621284}]}, "version": 30, "at": 1735902596.621331}
{"obj": {"type": "LogFloats", "path": ["train", "epoch", "precision"], "values": [{"value": 1.0, "step": null, "ts": 1735902596.621492}]}, "version": 31, "at": 1735902596.621515}
{"obj": {"type": "LogFloats", "path": ["train", "epoch", "recall"], "values": [{"value": 0.20000000298023224, "step": null, "ts": 1735902596.621592}]}, "version": 32, "at": 1735902596.621612}
{"obj": {"type": "LogFloats", "path": ["train", "epoch", "loss_tot"], "values": [{"value": 0.7265374660491943, "step": null, "ts": 1735902601.191675}]}, "version": 33, "at": 1735902601.191723}
{"obj": {"type": "LogFloats", "path": ["train", "epoch", "precision"], "values": [{"value": 0.5, "step": null, "ts": 1735902601.191883}]}, "version": 34, "at": 1735902601.1919072}
{"obj": {"type": "LogFloats", "path": ["train", "epoch", "recall"], "values": [{"value": 0.1666666716337204, "step": null, "ts": 1735902601.1919842}]}, "version": 35, "at": 1735902601.1920042}
{"obj": {"type": "LogFloats", "path": ["monitoring", "e877208f", "cpu"], "values": [{"value": 61.7, "step": null, "ts": 1735902603.087353}]}, "version": 36, "at": 1735902603.087637}
{"obj": {"type": "LogFloats", "path": ["monitoring", "e877208f", "memory"], "values": [{"value": 9.880668640136719, "step": null, "ts": 1735902603.087353}]}, "version": 37, "at": 1735902603.0878668}
{"obj": {"type": "LogFloats", "path": ["train", "epoch", "loss_tot"], "values": [{"value": 0.5376659035682678, "step": null, "ts": 1735902605.405708}]}, "version": 38, "at": 1735902605.405754}
{"obj": {"type": "LogFloats", "path": ["train", "epoch", "precision"], "values": [{"value": 1.0, "step": null, "ts": 1735902605.4059079}]}, "version": 39, "at": 1735902605.4059331}
{"obj": {"type": "LogFloats", "path": ["train", "epoch", "recall"], "values": [{"value": 0.3333333432674408, "step": null, "ts": 1735902605.406008}]}, "version": 40, "at": 1735902605.406028}
{"obj": {"type": "LogStrings", "path": ["monitoring", "e877208f", "stderr"], "values": [{"value": "", "step": null, "ts": 1735902606.189043}]}, "version": 41, "at": 1735902606.1891189}
{"obj": {"type": "LogStrings", "path": ["monitoring", "e877208f", "stderr"], "values": [{"value": "\r  0%|                                                                                                                                                                                | 0/20 [00:23<?, ?it/s]", "step": null, "ts": 1735902606.189983}]}, "version": 42, "at": 1735902606.190013}
{"obj": {"type": "LogStrings", "path": ["monitoring", "e877208f", "stderr"], "values": [{"value": "\n", "step": null, "ts": 1735902606.1905541}]}, "version": 43, "at": 1735902606.190583}
{"obj": {"type": "LogStrings", "path": ["monitoring", "e877208f", "traceback"], "values": [{"value": "An uncaught exception occurred while run was active on worker Admins-MacBook-Pro.local.", "step": null, "ts": 1735902606.195591}, {"value": "Marking run as failed", "step": null, "ts": 1735902606.195591}, {"value": "Traceback:", "step": null, "ts": 1735902606.195591}, {"value": "  File \"/Users/erwan/Workspace/WSS-UIC/train_vgg_resnet/train.py\", line 129, in <module>\n    train(\n", "step": null, "ts": 1735902606.195591}, {"value": "  File \"/Users/erwan/Workspace/WSS-UIC/train_vgg_resnet/train.py\", line 71, in train\n    pred_ys = model(images)\n", "step": null, "ts": 1735902606.195591}, {"value": "  File \"/Users/erwan/miniconda3/envs/segmentation_env/lib/python3.10/site-packages/torch/nn/modules/module.py\", line 1511, in _wrapped_call_impl\n    return self._call_impl(*args, **kwargs)\n", "step": null, "ts": 1735902606.195591}, {"value": "  File \"/Users/erwan/miniconda3/envs/segmentation_env/lib/python3.10/site-packages/torch/nn/modules/module.py\", line 1520, in _call_impl\n    return forward_call(*args, **kwargs)\n", "step": null, "ts": 1735902606.195591}, {"value": "  File \"/Users/erwan/Workspace/WSS-UIC/models.py\", line 15, in forward\n    x0 = self.vgg16(x)\n", "step": null, "ts": 1735902606.195591}, {"value": "  File \"/Users/erwan/miniconda3/envs/segmentation_env/lib/python3.10/site-packages/torch/nn/modules/module.py\", line 1511, in _wrapped_call_impl\n    return self._call_impl(*args, **kwargs)\n", "step": null, "ts": 1735902606.195591}, {"value": "  File \"/Users/erwan/miniconda3/envs/segmentation_env/lib/python3.10/site-packages/torch/nn/modules/module.py\", line 1520, in _call_impl\n    return forward_call(*args, **kwargs)\n", "step": null, "ts": 1735902606.195591}]}, "version": 44, "at": 1735902606.1956391}
{"obj": {"type": "LogStrings", "path": ["monitoring", "e877208f", "traceback"], "values": [{"value": "  File \"/Users/erwan/miniconda3/envs/segmentation_env/lib/python3.10/site-packages/torchvision/models/vgg.py\", line 66, in forward\n    x = self.features(x)\n", "step": null, "ts": 1735902606.195591}, {"value": "  File \"/Users/erwan/miniconda3/envs/segmentation_env/lib/python3.10/site-packages/torch/nn/modules/module.py\", line 1511, in _wrapped_call_impl\n    return self._call_impl(*args, **kwargs)\n", "step": null, "ts": 1735902606.195591}, {"value": "  File \"/Users/erwan/miniconda3/envs/segmentation_env/lib/python3.10/site-packages/torch/nn/modules/module.py\", line 1520, in _call_impl\n    return forward_call(*args, **kwargs)\n", "step": null, "ts": 1735902606.195591}, {"value": "  File \"/Users/erwan/miniconda3/envs/segmentation_env/lib/python3.10/site-packages/torch/nn/modules/container.py\", line 217, in forward\n    input = module(input)\n", "step": null, "ts": 1735902606.195591}, {"value": "  File \"/Users/erwan/miniconda3/envs/segmentation_env/lib/python3.10/site-packages/torch/nn/modules/module.py\", line 1511, in _wrapped_call_impl\n    return self._call_impl(*args, **kwargs)\n", "step": null, "ts": 1735902606.195591}, {"value": "  File \"/Users/erwan/miniconda3/envs/segmentation_env/lib/python3.10/site-packages/torch/nn/modules/module.py\", line 1520, in _call_impl\n    return forward_call(*args, **kwargs)\n", "step": null, "ts": 1735902606.195591}, {"value": "  File \"/Users/erwan/miniconda3/envs/segmentation_env/lib/python3.10/site-packages/torch/nn/modules/conv.py\", line 460, in forward\n    return self._conv_forward(input, self.weight, self.bias)\n", "step": null, "ts": 1735902606.195591}, {"value": "  File \"/Users/erwan/miniconda3/envs/segmentation_env/lib/python3.10/site-packages/torch/nn/modules/conv.py\", line 456, in _conv_forward\n    return F.conv2d(input, weight, bias, self.stride,\n", "step": null, "ts": 1735902606.195591}, {"value": "", "step": null, "ts": 1735902606.195591}]}, "version": 45, "at": 1735902606.195785}
{"obj": {"type": "AssignBool", "path": ["sys", "failed"], "value": true}, "version": 46, "at": 1735902606.196049}
{"obj": {"type": "LogStrings", "path": ["monitoring", "e877208f", "stderr"], "values": [{"value": "Traceback (most recent call last):\n", "step": null, "ts": 1735902606.196288}]}, "version": 47, "at": 1735902606.1963189}
{"obj": {"type": "LogStrings", "path": ["monitoring", "e877208f", "stderr"], "values": [{"value": "  File \"/Users/erwan/Workspace/WSS-UIC/train_vgg_resnet/train.py\", line 129, in <module>\n", "step": null, "ts": 1735902606.196803}]}, "version": 48, "at": 1735902606.1968288}
{"obj": {"type": "LogStrings", "path": ["monitoring", "e877208f", "stderr"], "values": [{"value": "    ", "step": null, "ts": 1735902606.1970382}]}, "version": 49, "at": 1735902606.19706}
{"obj": {"type": "LogStrings", "path": ["monitoring", "e877208f", "stderr"], "values": [{"value": "train(", "step": null, "ts": 1735902606.19724}]}, "version": 50, "at": 1735902606.197262}
{"obj": {"type": "LogStrings", "path": ["monitoring", "e877208f", "stderr"], "values": [{"value": "\n", "step": null, "ts": 1735902606.1974232}]}, "version": 51, "at": 1735902606.197443}
{"obj": {"type": "LogStrings", "path": ["monitoring", "e877208f", "stderr"], "values": [{"value": "  File \"/Users/erwan/Workspace/WSS-UIC/train_vgg_resnet/train.py\", line 71, in train\n", "step": null, "ts": 1735902606.197603}]}, "version": 52, "at": 1735902606.197622}
{"obj": {"type": "LogStrings", "path": ["monitoring", "e877208f", "stderr"], "values": [{"value": "    ", "step": null, "ts": 1735902606.1978922}]}, "version": 53, "at": 1735902606.19791}
{"obj": {"type": "LogStrings", "path": ["monitoring", "e877208f", "stderr"], "values": [{"value": "pred_ys = model(images)", "step": null, "ts": 1735902606.198167}]}, "version": 54, "at": 1735902606.1981819}
{"obj": {"type": "LogStrings", "path": ["monitoring", "e877208f", "stderr"], "values": [{"value": "\n", "step": null, "ts": 1735902606.198328}]}, "version": 55, "at": 1735902606.1983511}
{"obj": {"type": "LogStrings", "path": ["monitoring", "e877208f", "stderr"], "values": [{"value": "  File \"/Users/erwan/miniconda3/envs/segmentation_env/lib/python3.10/site-packages/torch/nn/modules/module.py\", line 1511, in _wrapped_call_impl\n", "step": null, "ts": 1735902606.198795}]}, "version": 56, "at": 1735902606.198816}
{"obj": {"type": "LogStrings", "path": ["monitoring", "e877208f", "stderr"], "values": [{"value": "    ", "step": null, "ts": 1735902606.198951}]}, "version": 57, "at": 1735902606.19897}
{"obj": {"type": "LogStrings", "path": ["monitoring", "e877208f", "stderr"], "values": [{"value": "return self._call_impl(*args, **kwargs)", "step": null, "ts": 1735902606.199158}]}, "version": 58, "at": 1735902606.199174}
{"obj": {"type": "LogStrings", "path": ["monitoring", "e877208f", "stderr"], "values": [{"value": "\n", "step": null, "ts": 1735902606.199562}]}, "version": 59, "at": 1735902606.199583}
{"obj": {"type": "LogStrings", "path": ["monitoring", "e877208f", "stderr"], "values": [{"value": "  File \"/Users/erwan/miniconda3/envs/segmentation_env/lib/python3.10/site-packages/torch/nn/modules/module.py\", line 1520, in _call_impl\n", "step": null, "ts": 1735902606.200008}]}, "version": 60, "at": 1735902606.200027}
{"obj": {"type": "LogStrings", "path": ["monitoring", "e877208f", "stderr"], "values": [{"value": "    ", "step": null, "ts": 1735902606.20018}]}, "version": 61, "at": 1735902606.2001972}
{"obj": {"type": "LogStrings", "path": ["monitoring", "e877208f", "stderr"], "values": [{"value": "return forward_call(*args, **kwargs)", "step": null, "ts": 1735902606.200362}]}, "version": 62, "at": 1735902606.200382}
{"obj": {"type": "LogStrings", "path": ["monitoring", "e877208f", "stderr"], "values": [{"value": "\n", "step": null, "ts": 1735902606.2009978}]}, "version": 63, "at": 1735902606.201024}
{"obj": {"type": "LogStrings", "path": ["monitoring", "e877208f", "stderr"], "values": [{"value": "  File \"/Users/erwan/Workspace/WSS-UIC/models.py\", line 15, in forward\n", "step": null, "ts": 1735902606.201426}]}, "version": 64, "at": 1735902606.201451}
{"obj": {"type": "LogStrings", "path": ["monitoring", "e877208f", "stderr"], "values": [{"value": "    ", "step": null, "ts": 1735902606.2015731}]}, "version": 65, "at": 1735902606.2015932}
{"obj": {"type": "LogStrings", "path": ["monitoring", "e877208f", "stderr"], "values": [{"value": "x0 = self.vgg16(x)", "step": null, "ts": 1735902606.201716}]}, "version": 66, "at": 1735902606.2017431}
{"obj": {"type": "LogStrings", "path": ["monitoring", "e877208f", "stderr"], "values": [{"value": "\n", "step": null, "ts": 1735902606.201856}]}, "version": 67, "at": 1735902606.201876}
{"obj": {"type": "LogStrings", "path": ["monitoring", "e877208f", "stderr"], "values": [{"value": "  File \"/Users/erwan/miniconda3/envs/segmentation_env/lib/python3.10/site-packages/torch/nn/modules/module.py\", line 1511, in _wrapped_call_impl\n", "step": null, "ts": 1735902606.201963}]}, "version": 68, "at": 1735902606.2019808}
{"obj": {"type": "LogStrings", "path": ["monitoring", "e877208f", "stderr"], "values": [{"value": "    ", "step": null, "ts": 1735902606.2020621}]}, "version": 69, "at": 1735902606.20208}
{"obj": {"type": "LogStrings", "path": ["monitoring", "e877208f", "stderr"], "values": [{"value": "return self._call_impl(*args, **kwargs)", "step": null, "ts": 1735902606.202158}]}, "version": 70, "at": 1735902606.202176}
{"obj": {"type": "LogStrings", "path": ["monitoring", "e877208f", "stderr"], "values": [{"value": "\n", "step": null, "ts": 1735902606.202264}]}, "version": 71, "at": 1735902606.202303}
{"obj": {"type": "LogStrings", "path": ["monitoring", "e877208f", "stderr"], "values": [{"value": "  File \"/Users/erwan/miniconda3/envs/segmentation_env/lib/python3.10/site-packages/torch/nn/modules/module.py\", line 1520, in _call_impl\n", "step": null, "ts": 1735902606.2023838}]}, "version": 72, "at": 1735902606.202399}
{"obj": {"type": "LogStrings", "path": ["monitoring", "e877208f", "stderr"], "values": [{"value": "    ", "step": null, "ts": 1735902606.202463}]}, "version": 73, "at": 1735902606.202476}
{"obj": {"type": "LogStrings", "path": ["monitoring", "e877208f", "stderr"], "values": [{"value": "return forward_call(*args, **kwargs)", "step": null, "ts": 1735902606.202583}]}, "version": 74, "at": 1735902606.202606}
{"obj": {"type": "LogStrings", "path": ["monitoring", "e877208f", "stderr"], "values": [{"value": "\n", "step": null, "ts": 1735902606.202704}]}, "version": 75, "at": 1735902606.202724}
{"obj": {"type": "LogStrings", "path": ["monitoring", "e877208f", "stderr"], "values": [{"value": "  File \"/Users/erwan/miniconda3/envs/segmentation_env/lib/python3.10/site-packages/torchvision/models/vgg.py\", line 66, in forward\n", "step": null, "ts": 1735902606.2028081}]}, "version": 76, "at": 1735902606.202826}
{"obj": {"type": "LogStrings", "path": ["monitoring", "e877208f", "stderr"], "values": [{"value": "    ", "step": null, "ts": 1735902606.202909}]}, "version": 77, "at": 1735902606.202933}
{"obj": {"type": "LogStrings", "path": ["monitoring", "e877208f", "stderr"], "values": [{"value": "x = self.features(x)", "step": null, "ts": 1735902606.203016}]}, "version": 78, "at": 1735902606.2030342}
{"obj": {"type": "LogStrings", "path": ["monitoring", "e877208f", "stderr"], "values": [{"value": "\n", "step": null, "ts": 1735902606.203113}]}, "version": 79, "at": 1735902606.20313}
{"obj": {"type": "LogStrings", "path": ["monitoring", "e877208f", "stderr"], "values": [{"value": "  File \"/Users/erwan/miniconda3/envs/segmentation_env/lib/python3.10/site-packages/torch/nn/modules/module.py\", line 1511, in _wrapped_call_impl\n", "step": null, "ts": 1735902606.2032058}]}, "version": 80, "at": 1735902606.203222}
{"obj": {"type": "LogStrings", "path": ["monitoring", "e877208f", "stderr"], "values": [{"value": "    ", "step": null, "ts": 1735902606.2033}]}, "version": 81, "at": 1735902606.203316}
{"obj": {"type": "LogStrings", "path": ["monitoring", "e877208f", "stderr"], "values": [{"value": "return self._call_impl(*args, **kwargs)", "step": null, "ts": 1735902606.203393}]}, "version": 82, "at": 1735902606.20341}
{"obj": {"type": "LogStrings", "path": ["monitoring", "e877208f", "stderr"], "values": [{"value": "\n", "step": null, "ts": 1735902606.203485}]}, "version": 83, "at": 1735902606.2035022}
{"obj": {"type": "LogStrings", "path": ["monitoring", "e877208f", "stderr"], "values": [{"value": "  File \"/Users/erwan/miniconda3/envs/segmentation_env/lib/python3.10/site-packages/torch/nn/modules/module.py\", line 1520, in _call_impl\n", "step": null, "ts": 1735902606.203577}]}, "version": 84, "at": 1735902606.203593}
{"obj": {"type": "LogStrings", "path": ["monitoring", "e877208f", "stderr"], "values": [{"value": "    ", "step": null, "ts": 1735902606.20367}]}, "version": 85, "at": 1735902606.203686}
{"obj": {"type": "LogStrings", "path": ["monitoring", "e877208f", "stderr"], "values": [{"value": "return forward_call(*args, **kwargs)", "step": null, "ts": 1735902606.2037609}]}, "version": 86, "at": 1735902606.203777}
{"obj": {"type": "LogStrings", "path": ["monitoring", "e877208f", "stderr"], "values": [{"value": "\n", "step": null, "ts": 1735902606.2038531}]}, "version": 87, "at": 1735902606.2038689}
{"obj": {"type": "LogStrings", "path": ["monitoring", "e877208f", "stderr"], "values": [{"value": "  File \"/Users/erwan/miniconda3/envs/segmentation_env/lib/python3.10/site-packages/torch/nn/modules/container.py\", line 217, in forward\n", "step": null, "ts": 1735902606.207535}]}, "version": 88, "at": 1735902606.207565}
{"obj": {"type": "LogStrings", "path": ["monitoring", "e877208f", "stderr"], "values": [{"value": "    ", "step": null, "ts": 1735902606.20784}]}, "version": 89, "at": 1735902606.207863}
{"obj": {"type": "LogStrings", "path": ["monitoring", "e877208f", "stderr"], "values": [{"value": "input = module(input)", "step": null, "ts": 1735902606.208022}]}, "version": 90, "at": 1735902606.208042}
{"obj": {"type": "LogStrings", "path": ["monitoring", "e877208f", "stderr"], "values": [{"value": "\n", "step": null, "ts": 1735902606.208299}]}, "version": 91, "at": 1735902606.208319}
{"obj": {"type": "LogStrings", "path": ["monitoring", "e877208f", "stderr"], "values": [{"value": "  File \"/Users/erwan/miniconda3/envs/segmentation_env/lib/python3.10/site-packages/torch/nn/modules/module.py\", line 1511, in _wrapped_call_impl\n", "step": null, "ts": 1735902606.2085052}]}, "version": 92, "at": 1735902606.208521}
{"obj": {"type": "LogStrings", "path": ["monitoring", "e877208f", "stderr"], "values": [{"value": "    ", "step": null, "ts": 1735902606.208738}]}, "version": 93, "at": 1735902606.208766}
{"obj": {"type": "LogStrings", "path": ["monitoring", "e877208f", "stderr"], "values": [{"value": "return self._call_impl(*args, **kwargs)", "step": null, "ts": 1735902606.208905}]}, "version": 94, "at": 1735902606.208928}
{"obj": {"type": "LogStrings", "path": ["monitoring", "e877208f", "stderr"], "values": [{"value": "\n", "step": null, "ts": 1735902606.209036}]}, "version": 95, "at": 1735902606.2090518}
{"obj": {"type": "LogStrings", "path": ["monitoring", "e877208f", "stderr"], "values": [{"value": "  File \"/Users/erwan/miniconda3/envs/segmentation_env/lib/python3.10/site-packages/torch/nn/modules/module.py\", line 1520, in _call_impl\n", "step": null, "ts": 1735902606.2094452}]}, "version": 96, "at": 1735902606.2094688}
{"obj": {"type": "LogStrings", "path": ["monitoring", "e877208f", "stderr"], "values": [{"value": "    ", "step": null, "ts": 1735902606.20959}]}, "version": 97, "at": 1735902606.209613}
{"obj": {"type": "LogStrings", "path": ["monitoring", "e877208f", "stderr"], "values": [{"value": "return forward_call(*args, **kwargs)", "step": null, "ts": 1735902606.209717}]}, "version": 98, "at": 1735902606.209732}
{"obj": {"type": "LogStrings", "path": ["monitoring", "e877208f", "stderr"], "values": [{"value": "\n", "step": null, "ts": 1735902606.2098958}]}, "version": 99, "at": 1735902606.209911}
{"obj": {"type": "LogStrings", "path": ["monitoring", "e877208f", "stderr"], "values": [{"value": "  File \"/Users/erwan/miniconda3/envs/segmentation_env/lib/python3.10/site-packages/torch/nn/modules/conv.py\", line 460, in forward\n", "step": null, "ts": 1735902606.210111}]}, "version": 100, "at": 1735902606.210134}
{"obj": {"type": "LogStrings", "path": ["monitoring", "e877208f", "stderr"], "values": [{"value": "    ", "step": null, "ts": 1735902606.2105112}]}, "version": 101, "at": 1735902606.2105322}
{"obj": {"type": "LogStrings", "path": ["monitoring", "e877208f", "stderr"], "values": [{"value": "return self._conv_forward(input, self.weight, self.bias)", "step": null, "ts": 1735902606.2110999}]}, "version": 102, "at": 1735902606.211135}
{"obj": {"type": "LogStrings", "path": ["monitoring", "e877208f", "stderr"], "values": [{"value": "\n", "step": null, "ts": 1735902606.2120929}]}, "version": 103, "at": 1735902606.212127}
{"obj": {"type": "LogStrings", "path": ["monitoring", "e877208f", "stdout"], "values": [{"value": "[neptune] [info   ] Shutting down background jobs, please wait a moment...\n", "step": null, "ts": 1735902606.212476}]}, "version": 104, "at": 1735902606.212524}
{"obj": {"type": "LogStrings", "path": ["monitoring", "e877208f", "stderr"], "values": [{"value": "  File \"/Users/erwan/miniconda3/envs/segmentation_env/lib/python3.10/site-packages/torch/nn/modules/conv.py\", line 456, in _conv_forward\n", "step": null, "ts": 1735902606.212758}]}, "version": 105, "at": 1735902606.212784}
{"obj": {"type": "LogStrings", "path": ["monitoring", "e877208f", "stderr"], "values": [{"value": "    ", "step": null, "ts": 1735902606.212884}]}, "version": 106, "at": 1735902606.2129018}
{"obj": {"type": "LogStrings", "path": ["monitoring", "e877208f", "stderr"], "values": [{"value": "return F.conv2d(input, weight, bias, self.stride,", "step": null, "ts": 1735902606.2130182}]}, "version": 107, "at": 1735902606.213063}
{"obj": {"type": "LogStrings", "path": ["monitoring", "e877208f", "stderr"], "values": [{"value": "\n", "step": null, "ts": 1735902606.213173}]}, "version": 108, "at": 1735902606.213196}
{"obj": {"type": "LogStrings", "path": ["monitoring", "e877208f", "stderr"], "values": [{"value": "KeyboardInterrupt", "step": null, "ts": 1735902606.2133372}]}, "version": 109, "at": 1735902606.213355}
{"obj": {"type": "LogStrings", "path": ["monitoring", "e877208f", "stderr"], "values": [{"value": "", "step": null, "ts": 1735902606.213432}]}, "version": 110, "at": 1735902606.213448}
{"obj": {"type": "LogStrings", "path": ["monitoring", "e877208f", "stderr"], "values": [{"value": "\n", "step": null, "ts": 1735902606.213526}]}, "version": 111, "at": 1735902606.213546}
