{"obj": {"type": "AssignString", "path": ["sys", "name"], "value": "Untitled"}, "version": 1, "at": 1735504024.5676959}
{"obj": {"type": "AssignString", "path": ["sys", "description"], "value": ""}, "version": 2, "at": 1735504024.567942}
{"obj": {"type": "AssignString", "path": ["monitoring", "83e9ffaa", "hostname"], "value": "Admins-MacBook-Pro.local"}, "version": 3, "at": 1735504024.5680902}
{"obj": {"type": "AssignString", "path": ["sys", "hostname"], "value": "Admins-MacBook-Pro.local"}, "version": 4, "at": 1735504024.568415}
{"obj": {"type": "AssignString", "path": ["monitoring", "83e9ffaa", "pid"], "value": "22741"}, "version": 5, "at": 1735504024.568536}
{"obj": {"type": "AssignString", "path": ["monitoring", "83e9ffaa", "tid"], "value": "4559097280"}, "version": 6, "at": 1735504024.568646}
{"obj": {"type": "AssignBool", "path": ["sys", "failed"], "value": false}, "version": 7, "at": 1735504024.568772}
{"obj": {"type": "ClearStringLog", "path": ["monitoring", "83e9ffaa", "stdout"]}, "version": 8, "at": 1735504024.5689201}
{"obj": {"type": "ClearStringLog", "path": ["monitoring", "83e9ffaa", "stderr"]}, "version": 9, "at": 1735504024.569008}
{"obj": {"type": "AssignString", "path": ["source_code", "entrypoint"], "value": "train.py"}, "version": 10, "at": 1735504024.569901}
{"obj": {"type": "UploadFileSet", "path": ["source_code", "files"], "file_globs": ["/Users/erwan/Workspace/WSS-UIC/train_vgg_resnet/train.py"], "reset": "False"}, "version": 11, "at": 1735504024.570039}
{"obj": {"type": "UploadFile", "path": ["source_code", "diff"], "ext": "patch", "file_path": null, "tmp_file_name": "source_code_diff-1735504024.888244-2024-12-29_21.27.04.888244.patch", "clean_after_upload": false}, "version": 12, "at": 1735504024.888791}
{"obj": {"type": "ConfigFloatSeries", "path": ["monitoring", "83e9ffaa", "cpu"], "min": 0.0, "max": 100.0, "unit": "%"}, "version": 13, "at": 1735504024.894804}
{"obj": {"type": "ClearFloatLog", "path": ["monitoring", "83e9ffaa", "cpu"]}, "version": 14, "at": 1735504024.8949592}
{"obj": {"type": "LogStrings", "path": ["monitoring", "83e9ffaa", "stderr"], "values": [{"value": "[neptune] [warning] /Users/erwan/Workspace/WSS-UIC/train_vgg_resnet/train.py:46: NeptuneWarning: Info (NVML): NVML Shared Library Not Found. GPU usage metrics may not be reported. For more information, see https://docs.neptune.ai/help/nvml_error/\n", "step": null, "ts": 1735504024.895103}]}, "version": 15, "at": 1735504024.895183}
{"obj": {"type": "ConfigFloatSeries", "path": ["monitoring", "83e9ffaa", "memory"], "min": 0.0, "max": 16.0, "unit": "GB"}, "version": 16, "at": 1735504024.895363}
{"obj": {"type": "ClearFloatLog", "path": ["monitoring", "83e9ffaa", "memory"]}, "version": 17, "at": 1735504024.8954182}
{"obj": {"type": "LogFloats", "path": ["monitoring", "83e9ffaa", "memory"], "values": [{"value": 10.078052520751953, "step": null, "ts": 1735504024.895585}]}, "version": 18, "at": 1735504024.895823}
{"obj": {"type": "AssignString", "path": ["config", "optimizer"], "value": "Adam"}, "version": 19, "at": 1735504024.896173}
{"obj": {"type": "LogStrings", "path": ["monitoring", "83e9ffaa", "stdout"], "values": [{"value": "ici la ", "step": null, "ts": 1735504024.896735}]}, "version": 20, "at": 1735504024.896771}
{"obj": {"type": "LogStrings", "path": ["monitoring", "83e9ffaa", "stdout"], "values": [{"value": "\n", "step": null, "ts": 1735504024.8969011}]}, "version": 21, "at": 1735504024.896924}
{"obj": {"type": "LogStrings", "path": ["monitoring", "83e9ffaa", "stderr"], "values": [{"value": "\r  0%|                                                                                                                                                                                 | 0/2 [00:00<?, ?it/s]", "step": null, "ts": 1735504024.90182}]}, "version": 22, "at": 1735504024.901859}
{"obj": {"type": "LogStrings", "path": ["monitoring", "83e9ffaa", "stdout"], "values": [{"value": "dqsdqs", "step": null, "ts": 1735504024.905715}]}, "version": 23, "at": 1735504024.9057589}
{"obj": {"type": "LogStrings", "path": ["monitoring", "83e9ffaa", "stdout"], "values": [{"value": "\n", "step": null, "ts": 1735504024.906409}]}, "version": 24, "at": 1735504024.9064379}
{"obj": {"type": "LogStrings", "path": ["monitoring", "83e9ffaa", "stderr"], "values": [{"value": "", "step": null, "ts": 1735504024.911634}]}, "version": 25, "at": 1735504024.911672}
{"obj": {"type": "LogStrings", "path": ["monitoring", "83e9ffaa", "stderr"], "values": [{"value": "\r  0%|                                                                                                                                                                                 | 0/2 [00:00<?, ?it/s]", "step": null, "ts": 1735504024.9119701}]}, "version": 26, "at": 1735504024.912}
{"obj": {"type": "LogStrings", "path": ["monitoring", "83e9ffaa", "stderr"], "values": [{"value": "\n", "step": null, "ts": 1735504024.912128}]}, "version": 27, "at": 1735504024.912152}
{"obj": {"type": "LogStrings", "path": ["monitoring", "83e9ffaa", "traceback"], "values": [{"value": "An uncaught exception occurred while run was active on worker Admins-MacBook-Pro.local.", "step": null, "ts": 1735504024.913671}, {"value": "Marking run as failed", "step": null, "ts": 1735504024.913671}, {"value": "Traceback:", "step": null, "ts": 1735504024.913671}, {"value": "  File \"<string>\", line 1, in <module>\n", "step": null, "ts": 1735504024.913671}, {"value": "  File \"/Users/erwan/miniconda3/envs/segmentation_env/lib/python3.10/multiprocessing/spawn.py\", line 116, in spawn_main\n    exitcode = _main(fd, parent_sentinel)\n", "step": null, "ts": 1735504024.913671}, {"value": "  File \"/Users/erwan/miniconda3/envs/segmentation_env/lib/python3.10/multiprocessing/spawn.py\", line 125, in _main\n    prepare(preparation_data)\n", "step": null, "ts": 1735504024.913671}, {"value": "  File \"/Users/erwan/miniconda3/envs/segmentation_env/lib/python3.10/multiprocessing/spawn.py\", line 236, in prepare\n    _fixup_main_from_path(data['init_main_from_path'])\n", "step": null, "ts": 1735504024.913671}, {"value": "  File \"/Users/erwan/miniconda3/envs/segmentation_env/lib/python3.10/multiprocessing/spawn.py\", line 287, in _fixup_main_from_path\n    main_content = runpy.run_path(main_path,\n", "step": null, "ts": 1735504024.913671}, {"value": "  File \"/Users/erwan/miniconda3/envs/segmentation_env/lib/python3.10/runpy.py\", line 269, in run_path\n    return _run_module_code(code, init_globals, run_name,\n", "step": null, "ts": 1735504024.913671}, {"value": "  File \"/Users/erwan/miniconda3/envs/segmentation_env/lib/python3.10/runpy.py\", line 96, in _run_module_code\n    _run_code(code, mod_globals, init_globals,\n", "step": null, "ts": 1735504024.913671}]}, "version": 28, "at": 1735504024.913773}
{"obj": {"type": "LogStrings", "path": ["monitoring", "83e9ffaa", "traceback"], "values": [{"value": "  File \"/Users/erwan/miniconda3/envs/segmentation_env/lib/python3.10/runpy.py\", line 86, in _run_code\n    exec(code, run_globals)\n", "step": null, "ts": 1735504024.913671}, {"value": "  File \"/Users/erwan/Workspace/WSS-UIC/train_vgg_resnet/train.py\", line 126, in <module>\n    train(\n", "step": null, "ts": 1735504024.913671}, {"value": "  File \"/Users/erwan/Workspace/WSS-UIC/train_vgg_resnet/train.py\", line 64, in train\n    for batch in train_dl:\n", "step": null, "ts": 1735504024.913671}, {"value": "  File \"/Users/erwan/miniconda3/envs/segmentation_env/lib/python3.10/site-packages/torch/utils/data/dataloader.py\", line 439, in __iter__\n    return self._get_iterator()\n", "step": null, "ts": 1735504024.913671}, {"value": "  File \"/Users/erwan/miniconda3/envs/segmentation_env/lib/python3.10/site-packages/torch/utils/data/dataloader.py\", line 387, in _get_iterator\n    return _MultiProcessingDataLoaderIter(self)\n", "step": null, "ts": 1735504024.913671}, {"value": "  File \"/Users/erwan/miniconda3/envs/segmentation_env/lib/python3.10/site-packages/torch/utils/data/dataloader.py\", line 1040, in __init__\n    w.start()\n", "step": null, "ts": 1735504024.913671}, {"value": "  File \"/Users/erwan/miniconda3/envs/segmentation_env/lib/python3.10/multiprocessing/process.py\", line 121, in start\n    self._popen = self._Popen(self)\n", "step": null, "ts": 1735504024.913671}, {"value": "  File \"/Users/erwan/miniconda3/envs/segmentation_env/lib/python3.10/multiprocessing/context.py\", line 224, in _Popen\n    return _default_context.get_context().Process._Popen(process_obj)\n", "step": null, "ts": 1735504024.913671}, {"value": "  File \"/Users/erwan/miniconda3/envs/segmentation_env/lib/python3.10/multiprocessing/context.py\", line 284, in _Popen\n    return Popen(process_obj)\n", "step": null, "ts": 1735504024.913671}, {"value": "  File \"/Users/erwan/miniconda3/envs/segmentation_env/lib/python3.10/multiprocessing/popen_spawn_posix.py\", line 32, in __init__\n    super().__init__(process_obj)\n", "step": null, "ts": 1735504024.913671}]}, "version": 29, "at": 1735504024.913895}
{"obj": {"type": "LogStrings", "path": ["monitoring", "83e9ffaa", "traceback"], "values": [{"value": "  File \"/Users/erwan/miniconda3/envs/segmentation_env/lib/python3.10/multiprocessing/popen_fork.py\", line 19, in __init__\n    self._launch(process_obj)\n", "step": null, "ts": 1735504024.913671}, {"value": "  File \"/Users/erwan/miniconda3/envs/segmentation_env/lib/python3.10/multiprocessing/popen_spawn_posix.py\", line 42, in _launch\n    prep_data = spawn.get_preparation_data(process_obj._name)\n", "step": null, "ts": 1735504024.913671}, {"value": "  File \"/Users/erwan/miniconda3/envs/segmentation_env/lib/python3.10/multiprocessing/spawn.py\", line 154, in get_preparation_data\n    _check_not_importing_main()\n", "step": null, "ts": 1735504024.913671}, {"value": "  File \"/Users/erwan/miniconda3/envs/segmentation_env/lib/python3.10/multiprocessing/spawn.py\", line 134, in _check_not_importing_main\n    raise RuntimeError('''\n", "step": null, "ts": 1735504024.913671}, {"value": "", "step": null, "ts": 1735504024.913671}, {"value": "        An attempt has been made to start a new process before the", "step": null, "ts": 1735504024.913671}, {"value": "        current process has finished its bootstrapping phase.", "step": null, "ts": 1735504024.913671}, {"value": "", "step": null, "ts": 1735504024.913671}, {"value": "        This probably means that you are not using fork to start your", "step": null, "ts": 1735504024.913671}, {"value": "        child processes and you have forgotten to use the proper idiom", "step": null, "ts": 1735504024.913671}]}, "version": 30, "at": 1735504024.9140632}
{"obj": {"type": "LogStrings", "path": ["monitoring", "83e9ffaa", "traceback"], "values": [{"value": "        in the main module:", "step": null, "ts": 1735504024.913671}, {"value": "", "step": null, "ts": 1735504024.913671}, {"value": "            if __name__ == '__main__':", "step": null, "ts": 1735504024.913671}, {"value": "                freeze_support()", "step": null, "ts": 1735504024.913671}, {"value": "                ...", "step": null, "ts": 1735504024.913671}, {"value": "", "step": null, "ts": 1735504024.913671}, {"value": "        The \"freeze_support()\" line can be omitted if the program", "step": null, "ts": 1735504024.913671}, {"value": "        is not going to be frozen to produce an executable.", "step": null, "ts": 1735504024.913671}]}, "version": 31, "at": 1735504024.914158}
{"obj": {"type": "AssignBool", "path": ["sys", "failed"], "value": true}, "version": 32, "at": 1735504024.9143}
{"obj": {"type": "LogStrings", "path": ["monitoring", "83e9ffaa", "stderr"], "values": [{"value": "Traceback (most recent call last):\n", "step": null, "ts": 1735504024.914488}]}, "version": 33, "at": 1735504024.914518}
{"obj": {"type": "LogStrings", "path": ["monitoring", "83e9ffaa", "stderr"], "values": [{"value": "  File \"<string>\", line 1, in <module>\n", "step": null, "ts": 1735504024.914638}]}, "version": 34, "at": 1735504024.9146628}
{"obj": {"type": "LogStrings", "path": ["monitoring", "83e9ffaa", "stderr"], "values": [{"value": "  File \"/Users/erwan/miniconda3/envs/segmentation_env/lib/python3.10/multiprocessing/spawn.py\", line 116, in spawn_main\n", "step": null, "ts": 1735504024.9149618}]}, "version": 35, "at": 1735504024.914989}
{"obj": {"type": "LogStrings", "path": ["monitoring", "83e9ffaa", "stderr"], "values": [{"value": "    ", "step": null, "ts": 1735504024.915286}]}, "version": 36, "at": 1735504024.915309}
{"obj": {"type": "LogStrings", "path": ["monitoring", "83e9ffaa", "stderr"], "values": [{"value": "exitcode = _main(fd, parent_sentinel)", "step": null, "ts": 1735504024.9154098}]}, "version": 37, "at": 1735504024.9154298}
{"obj": {"type": "LogStrings", "path": ["monitoring", "83e9ffaa", "stderr"], "values": [{"value": "\n", "step": null, "ts": 1735504024.915777}]}, "version": 38, "at": 1735504024.915802}
{"obj": {"type": "LogStrings", "path": ["monitoring", "83e9ffaa", "stderr"], "values": [{"value": "  File \"/Users/erwan/miniconda3/envs/segmentation_env/lib/python3.10/multiprocessing/spawn.py\", line 125, in _main\n", "step": null, "ts": 1735504024.9160461}]}, "version": 39, "at": 1735504024.916088}
{"obj": {"type": "LogStrings", "path": ["monitoring", "83e9ffaa", "stderr"], "values": [{"value": "    ", "step": null, "ts": 1735504024.916543}]}, "version": 40, "at": 1735504024.91663}
{"obj": {"type": "LogStrings", "path": ["monitoring", "83e9ffaa", "stderr"], "values": [{"value": "prepare(preparation_data)", "step": null, "ts": 1735504024.917077}]}, "version": 41, "at": 1735504024.917136}
{"obj": {"type": "LogStrings", "path": ["monitoring", "83e9ffaa", "stderr"], "values": [{"value": "\n", "step": null, "ts": 1735504024.917697}]}, "version": 42, "at": 1735504024.9177332}
{"obj": {"type": "LogStrings", "path": ["monitoring", "83e9ffaa", "stderr"], "values": [{"value": "  File \"/Users/erwan/miniconda3/envs/segmentation_env/lib/python3.10/multiprocessing/spawn.py\", line 236, in prepare\n", "step": null, "ts": 1735504024.918196}]}, "version": 43, "at": 1735504024.918232}
{"obj": {"type": "LogStrings", "path": ["monitoring", "83e9ffaa", "stderr"], "values": [{"value": "    ", "step": null, "ts": 1735504024.918968}]}, "version": 44, "at": 1735504024.919083}
{"obj": {"type": "LogStrings", "path": ["monitoring", "83e9ffaa", "stderr"], "values": [{"value": "_fixup_main_from_path(data['init_main_from_path'])", "step": null, "ts": 1735504024.919502}]}, "version": 45, "at": 1735504024.919592}
{"obj": {"type": "LogStrings", "path": ["monitoring", "83e9ffaa", "stderr"], "values": [{"value": "\n", "step": null, "ts": 1735504024.920382}]}, "version": 46, "at": 1735504024.9204748}
{"obj": {"type": "LogStrings", "path": ["monitoring", "83e9ffaa", "stderr"], "values": [{"value": "  File \"/Users/erwan/miniconda3/envs/segmentation_env/lib/python3.10/multiprocessing/spawn.py\", line 287, in _fixup_main_from_path\n", "step": null, "ts": 1735504024.921081}]}, "version": 47, "at": 1735504024.921164}
{"obj": {"type": "LogStrings", "path": ["monitoring", "83e9ffaa", "stderr"], "values": [{"value": "    ", "step": null, "ts": 1735504024.922016}]}, "version": 48, "at": 1735504024.922074}
{"obj": {"type": "LogStrings", "path": ["monitoring", "83e9ffaa", "stderr"], "values": [{"value": "main_content = runpy.run_path(main_path,", "step": null, "ts": 1735504024.9223511}]}, "version": 49, "at": 1735504024.9223979}
{"obj": {"type": "LogStrings", "path": ["monitoring", "83e9ffaa", "stderr"], "values": [{"value": "\n", "step": null, "ts": 1735504024.92283}]}, "version": 50, "at": 1735504024.9228659}
{"obj": {"type": "LogStrings", "path": ["monitoring", "83e9ffaa", "stderr"], "values": [{"value": "  File \"/Users/erwan/miniconda3/envs/segmentation_env/lib/python3.10/runpy.py\", line 269, in run_path\n", "step": null, "ts": 1735504024.923059}]}, "version": 51, "at": 1735504024.923085}
{"obj": {"type": "LogStrings", "path": ["monitoring", "83e9ffaa", "stderr"], "values": [{"value": "    ", "step": null, "ts": 1735504024.923446}]}, "version": 52, "at": 1735504024.923475}
{"obj": {"type": "LogStrings", "path": ["monitoring", "83e9ffaa", "stderr"], "values": [{"value": "return _run_module_code(code, init_globals, run_name,", "step": null, "ts": 1735504024.923659}]}, "version": 53, "at": 1735504024.923685}
{"obj": {"type": "LogStrings", "path": ["monitoring", "83e9ffaa", "stderr"], "values": [{"value": "\n", "step": null, "ts": 1735504024.9238029}]}, "version": 54, "at": 1735504024.923826}
{"obj": {"type": "LogStrings", "path": ["monitoring", "83e9ffaa", "stderr"], "values": [{"value": "  File \"/Users/erwan/miniconda3/envs/segmentation_env/lib/python3.10/runpy.py\", line 96, in _run_module_code\n", "step": null, "ts": 1735504024.923924}]}, "version": 55, "at": 1735504024.923945}
{"obj": {"type": "LogStrings", "path": ["monitoring", "83e9ffaa", "stderr"], "values": [{"value": "    ", "step": null, "ts": 1735504024.924273}]}, "version": 56, "at": 1735504024.9243011}
{"obj": {"type": "LogStrings", "path": ["monitoring", "83e9ffaa", "stderr"], "values": [{"value": "_run_code(code, mod_globals, init_globals,", "step": null, "ts": 1735504024.924426}]}, "version": 57, "at": 1735504024.924452}
{"obj": {"type": "LogStrings", "path": ["monitoring", "83e9ffaa", "stderr"], "values": [{"value": "\n", "step": null, "ts": 1735504024.92468}]}, "version": 58, "at": 1735504024.9247072}
{"obj": {"type": "LogStrings", "path": ["monitoring", "83e9ffaa", "stderr"], "values": [{"value": "  File \"/Users/erwan/miniconda3/envs/segmentation_env/lib/python3.10/runpy.py\", line 86, in _run_code\n", "step": null, "ts": 1735504024.924874}]}, "version": 59, "at": 1735504024.9249148}
{"obj": {"type": "LogStrings", "path": ["monitoring", "83e9ffaa", "stderr"], "values": [{"value": "    ", "step": null, "ts": 1735504024.9252}]}, "version": 60, "at": 1735504024.925227}
{"obj": {"type": "LogStrings", "path": ["monitoring", "83e9ffaa", "stderr"], "values": [{"value": "exec(code, run_globals)", "step": null, "ts": 1735504024.925337}]}, "version": 61, "at": 1735504024.925359}
{"obj": {"type": "LogStrings", "path": ["monitoring", "83e9ffaa", "stderr"], "values": [{"value": "\n", "step": null, "ts": 1735504024.925534}]}, "version": 62, "at": 1735504024.925559}
{"obj": {"type": "LogStrings", "path": ["monitoring", "83e9ffaa", "stderr"], "values": [{"value": "  File \"/Users/erwan/Workspace/WSS-UIC/train_vgg_resnet/train.py\", line 126, in <module>\n", "step": null, "ts": 1735504024.9257112}]}, "version": 63, "at": 1735504024.9257338}
{"obj": {"type": "LogStrings", "path": ["monitoring", "83e9ffaa", "stderr"], "values": [{"value": "    ", "step": null, "ts": 1735504024.925979}]}, "version": 64, "at": 1735504024.926003}
{"obj": {"type": "LogStrings", "path": ["monitoring", "83e9ffaa", "stderr"], "values": [{"value": "train(", "step": null, "ts": 1735504024.9261131}]}, "version": 65, "at": 1735504024.926137}
{"obj": {"type": "LogStrings", "path": ["monitoring", "83e9ffaa", "stderr"], "values": [{"value": "\n", "step": null, "ts": 1735504024.9263282}]}, "version": 66, "at": 1735504024.926353}
{"obj": {"type": "LogStrings", "path": ["monitoring", "83e9ffaa", "stderr"], "values": [{"value": "  File \"/Users/erwan/Workspace/WSS-UIC/train_vgg_resnet/train.py\", line 64, in train\n", "step": null, "ts": 1735504024.926463}]}, "version": 67, "at": 1735504024.926485}
{"obj": {"type": "LogStrings", "path": ["monitoring", "83e9ffaa", "stderr"], "values": [{"value": "    ", "step": null, "ts": 1735504024.926721}]}, "version": 68, "at": 1735504024.9267468}
{"obj": {"type": "LogStrings", "path": ["monitoring", "83e9ffaa", "stderr"], "values": [{"value": "for batch in train_dl:", "step": null, "ts": 1735504024.92688}]}, "version": 69, "at": 1735504024.926904}
{"obj": {"type": "LogStrings", "path": ["monitoring", "83e9ffaa", "stderr"], "values": [{"value": "\n", "step": null, "ts": 1735504024.927077}]}, "version": 70, "at": 1735504024.927101}
{"obj": {"type": "LogStrings", "path": ["monitoring", "83e9ffaa", "stderr"], "values": [{"value": "  File \"/Users/erwan/miniconda3/envs/segmentation_env/lib/python3.10/site-packages/torch/utils/data/dataloader.py\", line 439, in __iter__\n", "step": null, "ts": 1735504024.927427}]}, "version": 71, "at": 1735504024.927453}
{"obj": {"type": "LogStrings", "path": ["monitoring", "83e9ffaa", "stderr"], "values": [{"value": "    ", "step": null, "ts": 1735504024.927695}]}, "version": 72, "at": 1735504024.9277198}
{"obj": {"type": "LogStrings", "path": ["monitoring", "83e9ffaa", "stderr"], "values": [{"value": "return self._get_iterator()", "step": null, "ts": 1735504024.927828}]}, "version": 73, "at": 1735504024.927849}
{"obj": {"type": "LogStrings", "path": ["monitoring", "83e9ffaa", "stderr"], "values": [{"value": "\n", "step": null, "ts": 1735504024.927937}]}, "version": 74, "at": 1735504024.9279559}
{"obj": {"type": "LogStrings", "path": ["monitoring", "83e9ffaa", "stderr"], "values": [{"value": "  File \"/Users/erwan/miniconda3/envs/segmentation_env/lib/python3.10/site-packages/torch/utils/data/dataloader.py\", line 387, in _get_iterator\n", "step": null, "ts": 1735504024.9280431}]}, "version": 75, "at": 1735504024.928061}
{"obj": {"type": "LogStrings", "path": ["monitoring", "83e9ffaa", "stderr"], "values": [{"value": "    ", "step": null, "ts": 1735504024.928637}]}, "version": 76, "at": 1735504024.928664}
{"obj": {"type": "LogStrings", "path": ["monitoring", "83e9ffaa", "stderr"], "values": [{"value": "return _MultiProcessingDataLoaderIter(self)", "step": null, "ts": 1735504024.928777}]}, "version": 77, "at": 1735504024.928799}
{"obj": {"type": "LogStrings", "path": ["monitoring", "83e9ffaa", "stderr"], "values": [{"value": "\n", "step": null, "ts": 1735504024.9292061}]}, "version": 78, "at": 1735504024.9292312}
{"obj": {"type": "LogStrings", "path": ["monitoring", "83e9ffaa", "stderr"], "values": [{"value": "  File \"/Users/erwan/miniconda3/envs/segmentation_env/lib/python3.10/site-packages/torch/utils/data/dataloader.py\", line 1040, in __init__\n", "step": null, "ts": 1735504024.92934}]}, "version": 79, "at": 1735504024.9293609}
{"obj": {"type": "LogStrings", "path": ["monitoring", "83e9ffaa", "stderr"], "values": [{"value": "    ", "step": null, "ts": 1735504024.929914}]}, "version": 80, "at": 1735504024.92994}
{"obj": {"type": "LogStrings", "path": ["monitoring", "83e9ffaa", "stderr"], "values": [{"value": "w.start()", "step": null, "ts": 1735504024.93009}]}, "version": 81, "at": 1735504024.930114}
{"obj": {"type": "LogStrings", "path": ["monitoring", "83e9ffaa", "stderr"], "values": [{"value": "\n", "step": null, "ts": 1735504024.9302888}]}, "version": 82, "at": 1735504024.930314}
{"obj": {"type": "LogStrings", "path": ["monitoring", "83e9ffaa", "stderr"], "values": [{"value": "  File \"/Users/erwan/miniconda3/envs/segmentation_env/lib/python3.10/multiprocessing/process.py\", line 121, in start\n", "step": null, "ts": 1735504024.930526}]}, "version": 83, "at": 1735504024.93055}
{"obj": {"type": "LogStrings", "path": ["monitoring", "83e9ffaa", "stderr"], "values": [{"value": "    ", "step": null, "ts": 1735504024.93095}]}, "version": 84, "at": 1735504024.930977}
{"obj": {"type": "LogStrings", "path": ["monitoring", "83e9ffaa", "stderr"], "values": [{"value": "self._popen = self._Popen(self)", "step": null, "ts": 1735504024.9310908}]}, "version": 85, "at": 1735504024.931112}
{"obj": {"type": "LogStrings", "path": ["monitoring", "83e9ffaa", "stderr"], "values": [{"value": "\n", "step": null, "ts": 1735504024.931253}]}, "version": 86, "at": 1735504024.931278}
{"obj": {"type": "LogStrings", "path": ["monitoring", "83e9ffaa", "stderr"], "values": [{"value": "  File \"/Users/erwan/miniconda3/envs/segmentation_env/lib/python3.10/multiprocessing/context.py\", line 224, in _Popen\n", "step": null, "ts": 1735504024.931443}]}, "version": 87, "at": 1735504024.931466}
{"obj": {"type": "LogStrings", "path": ["monitoring", "83e9ffaa", "stderr"], "values": [{"value": "    ", "step": null, "ts": 1735504024.931917}]}, "version": 88, "at": 1735504024.931943}
{"obj": {"type": "LogStrings", "path": ["monitoring", "83e9ffaa", "stderr"], "values": [{"value": "return _default_context.get_context().Process._Popen(process_obj)", "step": null, "ts": 1735504024.932103}]}, "version": 89, "at": 1735504024.93213}
{"obj": {"type": "LogStrings", "path": ["monitoring", "83e9ffaa", "stderr"], "values": [{"value": "\n", "step": null, "ts": 1735504024.932244}]}, "version": 90, "at": 1735504024.932269}
{"obj": {"type": "LogStrings", "path": ["monitoring", "83e9ffaa", "stderr"], "values": [{"value": "  File \"/Users/erwan/miniconda3/envs/segmentation_env/lib/python3.10/multiprocessing/context.py\", line 284, in _Popen\n", "step": null, "ts": 1735504024.932409}]}, "version": 91, "at": 1735504024.9324338}
{"obj": {"type": "LogStrings", "path": ["monitoring", "83e9ffaa", "stderr"], "values": [{"value": "    ", "step": null, "ts": 1735504024.9327848}]}, "version": 92, "at": 1735504024.932817}
{"obj": {"type": "LogStrings", "path": ["monitoring", "83e9ffaa", "stderr"], "values": [{"value": "return Popen(process_obj)", "step": null, "ts": 1735504024.9329522}]}, "version": 93, "at": 1735504024.932978}
{"obj": {"type": "LogStrings", "path": ["monitoring", "83e9ffaa", "stderr"], "values": [{"value": "\n", "step": null, "ts": 1735504024.933124}]}, "version": 94, "at": 1735504024.933148}
{"obj": {"type": "LogStrings", "path": ["monitoring", "83e9ffaa", "stderr"], "values": [{"value": "  File \"/Users/erwan/miniconda3/envs/segmentation_env/lib/python3.10/multiprocessing/popen_spawn_posix.py\", line 32, in __init__\n", "step": null, "ts": 1735504024.933331}]}, "version": 95, "at": 1735504024.933357}
{"obj": {"type": "LogStrings", "path": ["monitoring", "83e9ffaa", "stderr"], "values": [{"value": "    ", "step": null, "ts": 1735504024.9336221}]}, "version": 96, "at": 1735504024.9336472}
{"obj": {"type": "LogStrings", "path": ["monitoring", "83e9ffaa", "stderr"], "values": [{"value": "super().__init__(process_obj)", "step": null, "ts": 1735504024.9337971}]}, "version": 97, "at": 1735504024.933822}
{"obj": {"type": "LogStrings", "path": ["monitoring", "83e9ffaa", "stderr"], "values": [{"value": "\n", "step": null, "ts": 1735504024.934027}]}, "version": 98, "at": 1735504024.934051}
{"obj": {"type": "LogStrings", "path": ["monitoring", "83e9ffaa", "stderr"], "values": [{"value": "  File \"/Users/erwan/miniconda3/envs/segmentation_env/lib/python3.10/multiprocessing/popen_fork.py\", line 19, in __init__\n", "step": null, "ts": 1735504024.934211}]}, "version": 99, "at": 1735504024.9342341}
{"obj": {"type": "LogStrings", "path": ["monitoring", "83e9ffaa", "stderr"], "values": [{"value": "    ", "step": null, "ts": 1735504024.934591}]}, "version": 100, "at": 1735504024.934616}
{"obj": {"type": "LogStrings", "path": ["monitoring", "83e9ffaa", "stderr"], "values": [{"value": "self._launch(process_obj)", "step": null, "ts": 1735504024.934794}]}, "version": 101, "at": 1735504024.934817}
{"obj": {"type": "LogStrings", "path": ["monitoring", "83e9ffaa", "stderr"], "values": [{"value": "\n", "step": null, "ts": 1735504024.934984}]}, "version": 102, "at": 1735504024.935009}
{"obj": {"type": "LogStrings", "path": ["monitoring", "83e9ffaa", "stderr"], "values": [{"value": "  File \"/Users/erwan/miniconda3/envs/segmentation_env/lib/python3.10/multiprocessing/popen_spawn_posix.py\", line 42, in _launch\n", "step": null, "ts": 1735504024.935182}]}, "version": 103, "at": 1735504024.9352052}
{"obj": {"type": "LogStrings", "path": ["monitoring", "83e9ffaa", "stderr"], "values": [{"value": "    ", "step": null, "ts": 1735504024.9355898}]}, "version": 104, "at": 1735504024.935621}
{"obj": {"type": "LogStrings", "path": ["monitoring", "83e9ffaa", "stderr"], "values": [{"value": "prep_data = spawn.get_preparation_data(process_obj._name)", "step": null, "ts": 1735504024.935943}]}, "version": 105, "at": 1735504024.935988}
{"obj": {"type": "LogStrings", "path": ["monitoring", "83e9ffaa", "stderr"], "values": [{"value": "\n", "step": null, "ts": 1735504024.9363499}]}, "version": 106, "at": 1735504024.9364}
{"obj": {"type": "LogStrings", "path": ["monitoring", "83e9ffaa", "stderr"], "values": [{"value": "  File \"/Users/erwan/miniconda3/envs/segmentation_env/lib/python3.10/multiprocessing/spawn.py\", line 154, in get_preparation_data\n", "step": null, "ts": 1735504024.936834}]}, "version": 107, "at": 1735504024.936886}
{"obj": {"type": "LogStrings", "path": ["monitoring", "83e9ffaa", "stderr"], "values": [{"value": "    ", "step": null, "ts": 1735504024.937373}]}, "version": 108, "at": 1735504024.937411}
{"obj": {"type": "LogStrings", "path": ["monitoring", "83e9ffaa", "stderr"], "values": [{"value": "_check_not_importing_main()", "step": null, "ts": 1735504024.9375942}]}, "version": 109, "at": 1735504024.937618}
{"obj": {"type": "LogStrings", "path": ["monitoring", "83e9ffaa", "stderr"], "values": [{"value": "\n", "step": null, "ts": 1735504024.93822}]}, "version": 110, "at": 1735504024.938265}
{"obj": {"type": "LogStrings", "path": ["monitoring", "83e9ffaa", "stderr"], "values": [{"value": "  File \"/Users/erwan/miniconda3/envs/segmentation_env/lib/python3.10/multiprocessing/spawn.py\", line 134, in _check_not_importing_main\n", "step": null, "ts": 1735504024.938401}]}, "version": 111, "at": 1735504024.938427}
{"obj": {"type": "LogStrings", "path": ["monitoring", "83e9ffaa", "stderr"], "values": [{"value": "    ", "step": null, "ts": 1735504024.9386592}]}, "version": 112, "at": 1735504024.9386828}
{"obj": {"type": "LogStrings", "path": ["monitoring", "83e9ffaa", "stderr"], "values": [{"value": "raise RuntimeError('''", "step": null, "ts": 1735504024.9387891}]}, "version": 113, "at": 1735504024.938812}
{"obj": {"type": "LogStrings", "path": ["monitoring", "83e9ffaa", "stderr"], "values": [{"value": "\n", "step": null, "ts": 1735504024.938995}]}, "version": 114, "at": 1735504024.93902}
{"obj": {"type": "LogStrings", "path": ["monitoring", "83e9ffaa", "stderr"], "values": [{"value": "RuntimeError", "step": null, "ts": 1735504024.939125}]}, "version": 115, "at": 1735504024.939148}
{"obj": {"type": "LogStrings", "path": ["monitoring", "83e9ffaa", "stderr"], "values": [{"value": ": ", "step": null, "ts": 1735504024.939248}]}, "version": 116, "at": 1735504024.9392698}
{"obj": {"type": "LogStrings", "path": ["monitoring", "83e9ffaa", "stderr"], "values": [{"value": "\n        An attempt has been made to start a new process before the\n        current process has finished its bootstrapping phase.\n\n        This probably means that you are not using fork to start your\n        child processes and you have forgotten to use the proper idiom\n        in the main module:\n\n            if __name__ == '__main__':\n                freeze_support()\n                ...\n\n        The \"freeze_support()\" line can be omitted if the program\n        is not going to be frozen to produce an executable.", "step": null, "ts": 1735504024.939432}]}, "version": 117, "at": 1735504024.939455}
{"obj": {"type": "LogStrings", "path": ["monitoring", "83e9ffaa", "stderr"], "values": [{"value": "\n", "step": null, "ts": 1735504024.93971}]}, "version": 118, "at": 1735504024.939735}
{"obj": {"type": "LogStrings", "path": ["monitoring", "83e9ffaa", "stdout"], "values": [{"value": "[neptune] [info   ] Shutting down background jobs, please wait a moment...\n", "step": null, "ts": 1735504024.940174}]}, "version": 119, "at": 1735504024.940203}
