{"obj": {"type": "AssignString", "path": ["sys", "name"], "value": "Untitled"}, "version": 1, "at": 1735901969.1797812}
{"obj": {"type": "AssignString", "path": ["sys", "description"], "value": ""}, "version": 2, "at": 1735901969.180009}
{"obj": {"type": "AssignString", "path": ["monitoring", "065512ab", "hostname"], "value": "Admins-MacBook-Pro.local"}, "version": 3, "at": 1735901969.180105}
{"obj": {"type": "AssignString", "path": ["sys", "hostname"], "value": "Admins-MacBook-Pro.local"}, "version": 4, "at": 1735901969.180178}
{"obj": {"type": "AssignString", "path": ["monitoring", "065512ab", "pid"], "value": "23925"}, "version": 5, "at": 1735901969.180248}
{"obj": {"type": "AssignString", "path": ["monitoring", "065512ab", "tid"], "value": "4564291008"}, "version": 6, "at": 1735901969.180317}
{"obj": {"type": "AssignBool", "path": ["sys", "failed"], "value": false}, "version": 7, "at": 1735901969.180464}
{"obj": {"type": "ClearStringLog", "path": ["monitoring", "065512ab", "stdout"]}, "version": 8, "at": 1735901969.1812322}
{"obj": {"type": "ClearStringLog", "path": ["monitoring", "065512ab", "stderr"]}, "version": 9, "at": 1735901969.181341}
{"obj": {"type": "AssignString", "path": ["source_code", "entrypoint"], "value": "train.py"}, "version": 10, "at": 1735901969.181878}
{"obj": {"type": "UploadFileSet", "path": ["source_code", "files"], "file_globs": ["/Users/erwan/Workspace/WSS-UIC/train_vgg_resnet/train.py"], "reset": "False"}, "version": 11, "at": 1735901969.181972}
{"obj": {"type": "UploadFile", "path": ["source_code", "diff"], "ext": "patch", "file_path": null, "tmp_file_name": "source_code_diff-1735901969.405325-2025-01-03_11.59.29.405325.patch", "clean_after_upload": false}, "version": 12, "at": 1735901969.4056818}
{"obj": {"type": "ConfigFloatSeries", "path": ["monitoring", "065512ab", "cpu"], "min": 0.0, "max": 100.0, "unit": "%"}, "version": 13, "at": 1735901969.413379}
{"obj": {"type": "ClearFloatLog", "path": ["monitoring", "065512ab", "cpu"]}, "version": 14, "at": 1735901969.413547}
{"obj": {"type": "LogStrings", "path": ["monitoring", "065512ab", "stderr"], "values": [{"value": "[neptune] [warning] /Users/erwan/Workspace/WSS-UIC/train_vgg_resnet/train.py:46: NeptuneWarning: Info (NVML): NVML Shared Library Not Found. GPU usage metrics may not be reported. For more information, see https://docs.neptune.ai/help/nvml_error/\n", "step": null, "ts": 1735901969.413644}]}, "version": 15, "at": 1735901969.4137201}
{"obj": {"type": "ConfigFloatSeries", "path": ["monitoring", "065512ab", "memory"], "min": 0.0, "max": 16.0, "unit": "GB"}, "version": 16, "at": 1735901969.4138932}
{"obj": {"type": "ClearFloatLog", "path": ["monitoring", "065512ab", "memory"]}, "version": 17, "at": 1735901969.41395}
{"obj": {"type": "LogFloats", "path": ["monitoring", "065512ab", "memory"], "values": [{"value": 7.1930694580078125, "step": null, "ts": 1735901969.414111}]}, "version": 18, "at": 1735901969.414777}
{"obj": {"type": "AssignString", "path": ["config", "optimizer"], "value": "Adam"}, "version": 19, "at": 1735901969.4149818}
{"obj": {"type": "LogStrings", "path": ["monitoring", "065512ab", "stdout"], "values": [{"value": "ici la ", "step": null, "ts": 1735901969.416141}]}, "version": 20, "at": 1735901969.416193}
{"obj": {"type": "LogStrings", "path": ["monitoring", "065512ab", "stdout"], "values": [{"value": "\n", "step": null, "ts": 1735901969.4165618}]}, "version": 21, "at": 1735901969.416588}
{"obj": {"type": "LogStrings", "path": ["monitoring", "065512ab", "stderr"], "values": [{"value": "\r  0%|                                                                                                                                                                                 | 0/2 [00:00<?, ?it/s]", "step": null, "ts": 1735901969.427351}]}, "version": 22, "at": 1735901969.427635}
{"obj": {"type": "LogStrings", "path": ["monitoring", "065512ab", "stdout"], "values": [{"value": "dqsdqs", "step": null, "ts": 1735901969.4293828}]}, "version": 23, "at": 1735901969.4294899}
{"obj": {"type": "LogStrings", "path": ["monitoring", "065512ab", "stdout"], "values": [{"value": "\n", "step": null, "ts": 1735901969.431794}]}, "version": 24, "at": 1735901969.4318469}
{"obj": {"type": "LogStrings", "path": ["monitoring", "065512ab", "stdout"], "values": [{"value": "(128, 128, 4)", "step": null, "ts": 1735901969.456384}]}, "version": 25, "at": 1735901969.456432}
{"obj": {"type": "LogStrings", "path": ["monitoring", "065512ab", "stdout"], "values": [{"value": "\n", "step": null, "ts": 1735901969.457072}]}, "version": 26, "at": 1735901969.4571059}
{"obj": {"type": "LogStrings", "path": ["monitoring", "065512ab", "stdout"], "values": [{"value": "(128, 128, 4)", "step": null, "ts": 1735901969.469833}]}, "version": 27, "at": 1735901969.469889}
{"obj": {"type": "LogStrings", "path": ["monitoring", "065512ab", "stdout"], "values": [{"value": "\n", "step": null, "ts": 1735901969.470089}]}, "version": 28, "at": 1735901969.47013}
{"obj": {"type": "LogStrings", "path": ["monitoring", "065512ab", "stdout"], "values": [{"value": "(128, 128, 4)", "step": null, "ts": 1735901969.4733372}]}, "version": 29, "at": 1735901969.473377}
{"obj": {"type": "LogStrings", "path": ["monitoring", "065512ab", "stdout"], "values": [{"value": "\n", "step": null, "ts": 1735901969.4738061}]}, "version": 30, "at": 1735901969.473839}
{"obj": {"type": "LogStrings", "path": ["monitoring", "065512ab", "stdout"], "values": [{"value": "(128, 128, 4)", "step": null, "ts": 1735901969.4783082}]}, "version": 31, "at": 1735901969.478594}
{"obj": {"type": "LogStrings", "path": ["monitoring", "065512ab", "stdout"], "values": [{"value": "\n", "step": null, "ts": 1735901969.479882}]}, "version": 32, "at": 1735901969.4800708}
{"obj": {"type": "LogStrings", "path": ["monitoring", "065512ab", "stdout"], "values": [{"value": "(128, 128, 4)", "step": null, "ts": 1735901969.4849331}]}, "version": 33, "at": 1735901969.484976}
{"obj": {"type": "LogStrings", "path": ["monitoring", "065512ab", "stdout"], "values": [{"value": "\n", "step": null, "ts": 1735901969.485451}]}, "version": 34, "at": 1735901969.485481}
{"obj": {"type": "LogStrings", "path": ["monitoring", "065512ab", "stdout"], "values": [{"value": "(128, 128, 4)", "step": null, "ts": 1735901969.4886389}]}, "version": 35, "at": 1735901969.4887009}
{"obj": {"type": "LogStrings", "path": ["monitoring", "065512ab", "stdout"], "values": [{"value": "\n", "step": null, "ts": 1735901969.489116}]}, "version": 36, "at": 1735901969.489156}
{"obj": {"type": "LogStrings", "path": ["monitoring", "065512ab", "stdout"], "values": [{"value": "(128, 128, 4)", "step": null, "ts": 1735901969.501129}]}, "version": 37, "at": 1735901969.50118}
{"obj": {"type": "LogStrings", "path": ["monitoring", "065512ab", "stdout"], "values": [{"value": "\n", "step": null, "ts": 1735901969.5013802}]}, "version": 38, "at": 1735901969.501398}
{"obj": {"type": "LogStrings", "path": ["monitoring", "065512ab", "stdout"], "values": [{"value": "(128, 128, 4)", "step": null, "ts": 1735901969.501469}]}, "version": 39, "at": 1735901969.501482}
{"obj": {"type": "LogStrings", "path": ["monitoring", "065512ab", "stdout"], "values": [{"value": "\n", "step": null, "ts": 1735901969.5015419}]}, "version": 40, "at": 1735901969.501554}
{"obj": {"type": "LogStrings", "path": ["monitoring", "065512ab", "stdout"], "values": [{"value": "(128, 128, 4)", "step": null, "ts": 1735901969.505134}]}, "version": 41, "at": 1735901969.505206}
{"obj": {"type": "LogStrings", "path": ["monitoring", "065512ab", "stdout"], "values": [{"value": "\n", "step": null, "ts": 1735901969.505675}]}, "version": 42, "at": 1735901969.505715}
{"obj": {"type": "LogStrings", "path": ["monitoring", "065512ab", "stdout"], "values": [{"value": "(128, 128, 4)", "step": null, "ts": 1735901969.5096052}]}, "version": 43, "at": 1735901969.5096781}
{"obj": {"type": "LogStrings", "path": ["monitoring", "065512ab", "stdout"], "values": [{"value": "\n", "step": null, "ts": 1735901969.511055}]}, "version": 44, "at": 1735901969.511252}
{"obj": {"type": "LogStrings", "path": ["monitoring", "065512ab", "stdout"], "values": [{"value": "(128, 128, 4)", "step": null, "ts": 1735901969.5179148}]}, "version": 45, "at": 1735901969.517962}
{"obj": {"type": "LogStrings", "path": ["monitoring", "065512ab", "stdout"], "values": [{"value": "\n", "step": null, "ts": 1735901969.518445}]}, "version": 46, "at": 1735901969.518476}
{"obj": {"type": "LogStrings", "path": ["monitoring", "065512ab", "stdout"], "values": [{"value": "(128, 128, 4)", "step": null, "ts": 1735901969.521487}]}, "version": 47, "at": 1735901969.5215669}
{"obj": {"type": "LogStrings", "path": ["monitoring", "065512ab", "stdout"], "values": [{"value": "\n", "step": null, "ts": 1735901969.5220218}]}, "version": 48, "at": 1735901969.522061}
{"obj": {"type": "LogStrings", "path": ["monitoring", "065512ab", "stdout"], "values": [{"value": "(128, 128, 4)", "step": null, "ts": 1735901969.5255558}]}, "version": 49, "at": 1735901969.525708}
{"obj": {"type": "LogStrings", "path": ["monitoring", "065512ab", "stdout"], "values": [{"value": "\n", "step": null, "ts": 1735901969.5276392}]}, "version": 50, "at": 1735901969.527911}
{"obj": {"type": "LogStrings", "path": ["monitoring", "065512ab", "stdout"], "values": [{"value": "(128, 128, 4)", "step": null, "ts": 1735901969.53391}]}, "version": 51, "at": 1735901969.533955}
{"obj": {"type": "LogStrings", "path": ["monitoring", "065512ab", "stdout"], "values": [{"value": "\n", "step": null, "ts": 1735901969.534317}]}, "version": 52, "at": 1735901969.5343502}
{"obj": {"type": "LogStrings", "path": ["monitoring", "065512ab", "stdout"], "values": [{"value": "(128, 128, 4)", "step": null, "ts": 1735901969.537046}]}, "version": 53, "at": 1735901969.537097}
{"obj": {"type": "LogStrings", "path": ["monitoring", "065512ab", "stdout"], "values": [{"value": "\n", "step": null, "ts": 1735901969.537965}]}, "version": 54, "at": 1735901969.538105}
{"obj": {"type": "LogStrings", "path": ["monitoring", "065512ab", "stdout"], "values": [{"value": "(128, 128, 4)", "step": null, "ts": 1735901969.541663}]}, "version": 55, "at": 1735901969.541774}
{"obj": {"type": "LogStrings", "path": ["monitoring", "065512ab", "stdout"], "values": [{"value": "\n", "step": null, "ts": 1735901969.542563}]}, "version": 56, "at": 1735901969.542613}
{"obj": {"type": "LogStrings", "path": ["monitoring", "065512ab", "stdout"], "values": [{"value": "2", "step": null, "ts": 1735901969.567053}]}, "version": 57, "at": 1735901969.567107}
{"obj": {"type": "LogStrings", "path": ["monitoring", "065512ab", "stdout"], "values": [{"value": "\n", "step": null, "ts": 1735901969.567402}]}, "version": 58, "at": 1735901969.567432}
{"obj": {"type": "LogStrings", "path": ["monitoring", "065512ab", "stdout"], "values": [{"value": "torch.Size([16, 4, 128, 128])", "step": null, "ts": 1735901969.56755}]}, "version": 59, "at": 1735901969.567573}
{"obj": {"type": "LogStrings", "path": ["monitoring", "065512ab", "stdout"], "values": [{"value": "\n", "step": null, "ts": 1735901969.567671}]}, "version": 60, "at": 1735901969.567691}
{"obj": {"type": "LogStrings", "path": ["monitoring", "065512ab", "stderr"], "values": [{"value": "", "step": null, "ts": 1735901969.6571}]}, "version": 61, "at": 1735901969.657152}
{"obj": {"type": "LogStrings", "path": ["monitoring", "065512ab", "stderr"], "values": [{"value": "\r  0%|                                                                                                                                                                                 | 0/2 [00:00<?, ?it/s]", "step": null, "ts": 1735901969.657992}]}, "version": 62, "at": 1735901969.658068}
{"obj": {"type": "LogStrings", "path": ["monitoring", "065512ab", "stderr"], "values": [{"value": "\n", "step": null, "ts": 1735901969.658265}]}, "version": 63, "at": 1735901969.6582909}
{"obj": {"type": "LogStrings", "path": ["monitoring", "065512ab", "traceback"], "values": [{"value": "An uncaught exception occurred while run was active on worker Admins-MacBook-Pro.local.", "step": null, "ts": 1735901969.663866}, {"value": "Marking run as failed", "step": null, "ts": 1735901969.663866}, {"value": "Traceback:", "step": null, "ts": 1735901969.663866}, {"value": "  File \"/Users/erwan/Workspace/WSS-UIC/train_vgg_resnet/train.py\", line 129, in <module>\n    train(\n", "step": null, "ts": 1735901969.663866}, {"value": "  File \"/Users/erwan/Workspace/WSS-UIC/train_vgg_resnet/train.py\", line 68, in train\n    images = normalize(batch[0].float().to(device))\n", "step": null, "ts": 1735901969.663866}, {"value": "  File \"/Users/erwan/miniconda3/envs/segmentation_env/lib/python3.10/site-packages/torch/nn/modules/module.py\", line 1511, in _wrapped_call_impl\n    return self._call_impl(*args, **kwargs)\n", "step": null, "ts": 1735901969.663866}, {"value": "  File \"/Users/erwan/miniconda3/envs/segmentation_env/lib/python3.10/site-packages/torch/nn/modules/module.py\", line 1520, in _call_impl\n    return forward_call(*args, **kwargs)\n", "step": null, "ts": 1735901969.663866}, {"value": "  File \"/Users/erwan/miniconda3/envs/segmentation_env/lib/python3.10/site-packages/torchvision/transforms/transforms.py\", line 277, in forward\n    return F.normalize(tensor, self.mean, self.std, self.inplace)\n", "step": null, "ts": 1735901969.663866}, {"value": "  File \"/Users/erwan/miniconda3/envs/segmentation_env/lib/python3.10/site-packages/torchvision/transforms/functional.py\", line 349, in normalize\n    return F_t.normalize(tensor, mean=mean, std=std, inplace=inplace)\n", "step": null, "ts": 1735901969.663866}, {"value": "  File \"/Users/erwan/miniconda3/envs/segmentation_env/lib/python3.10/site-packages/torchvision/transforms/_functional_tensor.py\", line 926, in normalize\n    return tensor.sub_(mean).div_(std)\n", "step": null, "ts": 1735901969.663866}]}, "version": 64, "at": 1735901969.6639318}
{"obj": {"type": "LogStrings", "path": ["monitoring", "065512ab", "traceback"], "values": [{"value": "The size of tensor a (4) must match the size of tensor b (3) at non-singleton dimension 1", "step": null, "ts": 1735901969.663866}]}, "version": 65, "at": 1735901969.6640708}
{"obj": {"type": "AssignBool", "path": ["sys", "failed"], "value": true}, "version": 66, "at": 1735901969.664264}
{"obj": {"type": "LogStrings", "path": ["monitoring", "065512ab", "stderr"], "values": [{"value": "Traceback (most recent call last):\n", "step": null, "ts": 1735901969.664522}]}, "version": 67, "at": 1735901969.6645539}
{"obj": {"type": "LogStrings", "path": ["monitoring", "065512ab", "stderr"], "values": [{"value": "  File \"/Users/erwan/Workspace/WSS-UIC/train_vgg_resnet/train.py\", line 129, in <module>\n", "step": null, "ts": 1735901969.665024}]}, "version": 68, "at": 1735901969.665083}
{"obj": {"type": "LogStrings", "path": ["monitoring", "065512ab", "stderr"], "values": [{"value": "    ", "step": null, "ts": 1735901969.665441}]}, "version": 69, "at": 1735901969.66549}
{"obj": {"type": "LogStrings", "path": ["monitoring", "065512ab", "stderr"], "values": [{"value": "train(", "step": null, "ts": 1735901969.665767}]}, "version": 70, "at": 1735901969.665814}
{"obj": {"type": "LogStrings", "path": ["monitoring", "065512ab", "stderr"], "values": [{"value": "\n", "step": null, "ts": 1735901969.6662898}]}, "version": 71, "at": 1735901969.666333}
{"obj": {"type": "LogStrings", "path": ["monitoring", "065512ab", "stderr"], "values": [{"value": "  File \"/Users/erwan/Workspace/WSS-UIC/train_vgg_resnet/train.py\", line 68, in train\n", "step": null, "ts": 1735901969.6665769}]}, "version": 72, "at": 1735901969.666604}
{"obj": {"type": "LogStrings", "path": ["monitoring", "065512ab", "stderr"], "values": [{"value": "    ", "step": null, "ts": 1735901969.666971}]}, "version": 73, "at": 1735901969.6670148}
{"obj": {"type": "LogStrings", "path": ["monitoring", "065512ab", "stderr"], "values": [{"value": "images = normalize(batch[0].float().to(device))", "step": null, "ts": 1735901969.667298}]}, "version": 74, "at": 1735901969.6673212}
{"obj": {"type": "LogStrings", "path": ["monitoring", "065512ab", "stderr"], "values": [{"value": "\n", "step": null, "ts": 1735901969.6675332}]}, "version": 75, "at": 1735901969.667555}
{"obj": {"type": "LogStrings", "path": ["monitoring", "065512ab", "stderr"], "values": [{"value": "  File \"/Users/erwan/miniconda3/envs/segmentation_env/lib/python3.10/site-packages/torch/nn/modules/module.py\", line 1511, in _wrapped_call_impl\n", "step": null, "ts": 1735901969.668318}]}, "version": 76, "at": 1735901969.668347}
{"obj": {"type": "LogStrings", "path": ["monitoring", "065512ab", "stderr"], "values": [{"value": "    ", "step": null, "ts": 1735901969.668463}]}, "version": 77, "at": 1735901969.6684842}
{"obj": {"type": "LogStrings", "path": ["monitoring", "065512ab", "stderr"], "values": [{"value": "return self._call_impl(*args, **kwargs)", "step": null, "ts": 1735901969.668855}]}, "version": 78, "at": 1735901969.66888}
{"obj": {"type": "LogStrings", "path": ["monitoring", "065512ab", "stderr"], "values": [{"value": "\n", "step": null, "ts": 1735901969.6691809}]}, "version": 79, "at": 1735901969.669206}
{"obj": {"type": "LogStrings", "path": ["monitoring", "065512ab", "stderr"], "values": [{"value": "  File \"/Users/erwan/miniconda3/envs/segmentation_env/lib/python3.10/site-packages/torch/nn/modules/module.py\", line 1520, in _call_impl\n", "step": null, "ts": 1735901969.669334}]}, "version": 80, "at": 1735901969.669355}
{"obj": {"type": "LogStrings", "path": ["monitoring", "065512ab", "stderr"], "values": [{"value": "    ", "step": null, "ts": 1735901969.669734}]}, "version": 81, "at": 1735901969.669754}
{"obj": {"type": "LogStrings", "path": ["monitoring", "065512ab", "stderr"], "values": [{"value": "return forward_call(*args, **kwargs)", "step": null, "ts": 1735901969.670018}]}, "version": 82, "at": 1735901969.670048}
{"obj": {"type": "LogStrings", "path": ["monitoring", "065512ab", "stderr"], "values": [{"value": "\n", "step": null, "ts": 1735901969.6703072}]}, "version": 83, "at": 1735901969.67033}
{"obj": {"type": "LogStrings", "path": ["monitoring", "065512ab", "stdout"], "values": [{"value": "[neptune] [info   ] Shutting down background jobs, please wait a moment...\n", "step": null, "ts": 1735901969.670812}]}, "version": 84, "at": 1735901969.6708338}
{"obj": {"type": "LogStrings", "path": ["monitoring", "065512ab", "stderr"], "values": [{"value": "  File \"/Users/erwan/miniconda3/envs/segmentation_env/lib/python3.10/site-packages/torchvision/transforms/transforms.py\", line 277, in forward\n", "step": null, "ts": 1735901969.6709728}]}, "version": 85, "at": 1735901969.670996}
{"obj": {"type": "LogStrings", "path": ["monitoring", "065512ab", "stderr"], "values": [{"value": "    ", "step": null, "ts": 1735901969.6710951}]}, "version": 86, "at": 1735901969.671116}
{"obj": {"type": "LogStrings", "path": ["monitoring", "065512ab", "stderr"], "values": [{"value": "return F.normalize(tensor, self.mean, self.std, self.inplace)", "step": null, "ts": 1735901969.671205}]}, "version": 87, "at": 1735901969.671225}
{"obj": {"type": "LogStrings", "path": ["monitoring", "065512ab", "stderr"], "values": [{"value": "\n", "step": null, "ts": 1735901969.6713111}]}, "version": 88, "at": 1735901969.67133}
{"obj": {"type": "LogStrings", "path": ["monitoring", "065512ab", "stderr"], "values": [{"value": "  File \"/Users/erwan/miniconda3/envs/segmentation_env/lib/python3.10/site-packages/torchvision/transforms/functional.py\", line 349, in normalize\n", "step": null, "ts": 1735901969.671414}]}, "version": 89, "at": 1735901969.671432}
{"obj": {"type": "LogStrings", "path": ["monitoring", "065512ab", "stderr"], "values": [{"value": "    ", "step": null, "ts": 1735901969.67152}]}, "version": 90, "at": 1735901969.6715379}
{"obj": {"type": "LogStrings", "path": ["monitoring", "065512ab", "stderr"], "values": [{"value": "return F_t.normalize(tensor, mean=mean, std=std, inplace=inplace)", "step": null, "ts": 1735901969.671621}]}, "version": 91, "at": 1735901969.671639}
{"obj": {"type": "LogStrings", "path": ["monitoring", "065512ab", "stderr"], "values": [{"value": "\n", "step": null, "ts": 1735901969.671723}]}, "version": 92, "at": 1735901969.671741}
{"obj": {"type": "LogStrings", "path": ["monitoring", "065512ab", "stderr"], "values": [{"value": "  File \"/Users/erwan/miniconda3/envs/segmentation_env/lib/python3.10/site-packages/torchvision/transforms/_functional_tensor.py\", line 926, in normalize\n", "step": null, "ts": 1735901969.671823}]}, "version": 93, "at": 1735901969.671841}
{"obj": {"type": "LogStrings", "path": ["monitoring", "065512ab", "stderr"], "values": [{"value": "    ", "step": null, "ts": 1735901969.6719291}]}, "version": 94, "at": 1735901969.671947}
{"obj": {"type": "LogStrings", "path": ["monitoring", "065512ab", "stderr"], "values": [{"value": "return tensor.sub_(mean).div_(std)", "step": null, "ts": 1735901969.672029}]}, "version": 95, "at": 1735901969.6720471}
{"obj": {"type": "LogStrings", "path": ["monitoring", "065512ab", "stderr"], "values": [{"value": "\n", "step": null, "ts": 1735901969.67213}]}, "version": 96, "at": 1735901969.672148}
{"obj": {"type": "LogStrings", "path": ["monitoring", "065512ab", "stderr"], "values": [{"value": "RuntimeError", "step": null, "ts": 1735901969.67223}]}, "version": 97, "at": 1735901969.6722481}
{"obj": {"type": "LogStrings", "path": ["monitoring", "065512ab", "stderr"], "values": [{"value": ": ", "step": null, "ts": 1735901969.672329}]}, "version": 98, "at": 1735901969.6723468}
{"obj": {"type": "LogStrings", "path": ["monitoring", "065512ab", "stderr"], "values": [{"value": "The size of tensor a (4) must match the size of tensor b (3) at non-singleton dimension 1", "step": null, "ts": 1735901969.6724281}]}, "version": 99, "at": 1735901969.672446}
{"obj": {"type": "LogStrings", "path": ["monitoring", "065512ab", "stderr"], "values": [{"value": "\n", "step": null, "ts": 1735901969.6725278}]}, "version": 100, "at": 1735901969.6725461}
