{"obj": {"type": "AssignString", "path": ["sys", "name"], "value": "Untitled"}, "version": 1, "at": 1735504024.643282}
{"obj": {"type": "AssignString", "path": ["sys", "description"], "value": ""}, "version": 2, "at": 1735504024.643538}
{"obj": {"type": "AssignString", "path": ["monitoring", "620a230a", "hostname"], "value": "Admins-MacBook-Pro.local"}, "version": 3, "at": 1735504024.6436741}
{"obj": {"type": "AssignString", "path": ["sys", "hostname"], "value": "Admins-MacBook-Pro.local"}, "version": 4, "at": 1735504024.643779}
{"obj": {"type": "AssignString", "path": ["monitoring", "620a230a", "pid"], "value": "22744"}, "version": 5, "at": 1735504024.643884}
{"obj": {"type": "AssignString", "path": ["monitoring", "620a230a", "tid"], "value": "4637011392"}, "version": 6, "at": 1735504024.643988}
{"obj": {"type": "AssignBool", "path": ["sys", "failed"], "value": false}, "version": 7, "at": 1735504024.644109}
{"obj": {"type": "ClearStringLog", "path": ["monitoring", "620a230a", "stdout"]}, "version": 8, "at": 1735504024.6442618}
{"obj": {"type": "ClearStringLog", "path": ["monitoring", "620a230a", "stderr"]}, "version": 9, "at": 1735504024.64435}
{"obj": {"type": "AssignString", "path": ["source_code", "entrypoint"], "value": "train.py"}, "version": 10, "at": 1735504024.64524}
{"obj": {"type": "UploadFileSet", "path": ["source_code", "files"], "file_globs": ["/Users/erwan/Workspace/WSS-UIC/train_vgg_resnet/train.py"], "reset": "False"}, "version": 11, "at": 1735504024.645377}
{"obj": {"type": "UploadFile", "path": ["source_code", "diff"], "ext": "patch", "file_path": null, "tmp_file_name": "source_code_diff-1735504024.981751-2024-12-29_21.27.04.981751.patch", "clean_after_upload": false}, "version": 12, "at": 1735504024.982234}
{"obj": {"type": "ConfigFloatSeries", "path": ["monitoring", "620a230a", "cpu"], "min": 0.0, "max": 100.0, "unit": "%"}, "version": 13, "at": 1735504024.99377}
{"obj": {"type": "ClearFloatLog", "path": ["monitoring", "620a230a", "cpu"]}, "version": 14, "at": 1735504024.993963}
{"obj": {"type": "LogStrings", "path": ["monitoring", "620a230a", "stderr"], "values": [{"value": "[neptune] [warning] /Users/erwan/Workspace/WSS-UIC/train_vgg_resnet/train.py:46: NeptuneWarning: Info (NVML): NVML Shared Library Not Found. GPU usage metrics may not be reported. For more information, see https://docs.neptune.ai/help/nvml_error/\n", "step": null, "ts": 1735504024.994108}]}, "version": 15, "at": 1735504024.994196}
{"obj": {"type": "ConfigFloatSeries", "path": ["monitoring", "620a230a", "memory"], "min": 0.0, "max": 16.0, "unit": "GB"}, "version": 16, "at": 1735504024.9944088}
{"obj": {"type": "ClearFloatLog", "path": ["monitoring", "620a230a", "memory"]}, "version": 17, "at": 1735504024.994473}
{"obj": {"type": "LogFloats", "path": ["monitoring", "620a230a", "memory"], "values": [{"value": 10.076892852783203, "step": null, "ts": 1735504024.994689}]}, "version": 18, "at": 1735504024.994987}
{"obj": {"type": "AssignString", "path": ["config", "optimizer"], "value": "Adam"}, "version": 19, "at": 1735504024.995372}
{"obj": {"type": "LogStrings", "path": ["monitoring", "620a230a", "stdout"], "values": [{"value": "ici la ", "step": null, "ts": 1735504024.9958882}]}, "version": 20, "at": 1735504024.9959328}
{"obj": {"type": "LogStrings", "path": ["monitoring", "620a230a", "stdout"], "values": [{"value": "\n", "step": null, "ts": 1735504024.99633}]}, "version": 21, "at": 1735504024.996366}
{"obj": {"type": "LogStrings", "path": ["monitoring", "620a230a", "stderr"], "values": [{"value": "\r  0%|                                                                                                                                                                                 | 0/2 [00:00<?, ?it/s]", "step": null, "ts": 1735504025.000113}]}, "version": 22, "at": 1735504025.0001621}
{"obj": {"type": "LogStrings", "path": ["monitoring", "620a230a", "stdout"], "values": [{"value": "dqsdqs", "step": null, "ts": 1735504025.00393}]}, "version": 23, "at": 1735504025.003979}
{"obj": {"type": "LogStrings", "path": ["monitoring", "620a230a", "stdout"], "values": [{"value": "\n", "step": null, "ts": 1735504025.004761}]}, "version": 24, "at": 1735504025.004812}
{"obj": {"type": "LogStrings", "path": ["monitoring", "620a230a", "stderr"], "values": [{"value": "", "step": null, "ts": 1735504025.008886}]}, "version": 25, "at": 1735504025.008937}
{"obj": {"type": "LogStrings", "path": ["monitoring", "620a230a", "stderr"], "values": [{"value": "\r  0%|                                                                                                                                                                                 | 0/2 [00:00<?, ?it/s]", "step": null, "ts": 1735504025.009364}]}, "version": 26, "at": 1735504025.009401}
{"obj": {"type": "LogStrings", "path": ["monitoring", "620a230a", "stderr"], "values": [{"value": "\n", "step": null, "ts": 1735504025.0099561}]}, "version": 27, "at": 1735504025.009995}
{"obj": {"type": "LogStrings", "path": ["monitoring", "620a230a", "traceback"], "values": [{"value": "An uncaught exception occurred while run was active on worker Admins-MacBook-Pro.local.", "step": null, "ts": 1735504025.013311}, {"value": "Marking run as failed", "step": null, "ts": 1735504025.013311}, {"value": "Traceback:", "step": null, "ts": 1735504025.013311}, {"value": "  File \"<string>\", line 1, in <module>\n", "step": null, "ts": 1735504025.013311}, {"value": "  File \"/Users/erwan/miniconda3/envs/segmentation_env/lib/python3.10/multiprocessing/spawn.py\", line 116, in spawn_main\n    exitcode = _main(fd, parent_sentinel)\n", "step": null, "ts": 1735504025.013311}, {"value": "  File \"/Users/erwan/miniconda3/envs/segmentation_env/lib/python3.10/multiprocessing/spawn.py\", line 125, in _main\n    prepare(preparation_data)\n", "step": null, "ts": 1735504025.013311}, {"value": "  File \"/Users/erwan/miniconda3/envs/segmentation_env/lib/python3.10/multiprocessing/spawn.py\", line 236, in prepare\n    _fixup_main_from_path(data['init_main_from_path'])\n", "step": null, "ts": 1735504025.013311}, {"value": "  File \"/Users/erwan/miniconda3/envs/segmentation_env/lib/python3.10/multiprocessing/spawn.py\", line 287, in _fixup_main_from_path\n    main_content = runpy.run_path(main_path,\n", "step": null, "ts": 1735504025.013311}, {"value": "  File \"/Users/erwan/miniconda3/envs/segmentation_env/lib/python3.10/runpy.py\", line 269, in run_path\n    return _run_module_code(code, init_globals, run_name,\n", "step": null, "ts": 1735504025.013311}, {"value": "  File \"/Users/erwan/miniconda3/envs/segmentation_env/lib/python3.10/runpy.py\", line 96, in _run_module_code\n    _run_code(code, mod_globals, init_globals,\n", "step": null, "ts": 1735504025.013311}]}, "version": 28, "at": 1735504025.013439}
{"obj": {"type": "LogStrings", "path": ["monitoring", "620a230a", "traceback"], "values": [{"value": "  File \"/Users/erwan/miniconda3/envs/segmentation_env/lib/python3.10/runpy.py\", line 86, in _run_code\n    exec(code, run_globals)\n", "step": null, "ts": 1735504025.013311}, {"value": "  File \"/Users/erwan/Workspace/WSS-UIC/train_vgg_resnet/train.py\", line 126, in <module>\n    train(\n", "step": null, "ts": 1735504025.013311}, {"value": "  File \"/Users/erwan/Workspace/WSS-UIC/train_vgg_resnet/train.py\", line 64, in train\n    for batch in train_dl:\n", "step": null, "ts": 1735504025.013311}, {"value": "  File \"/Users/erwan/miniconda3/envs/segmentation_env/lib/python3.10/site-packages/torch/utils/data/dataloader.py\", line 439, in __iter__\n    return self._get_iterator()\n", "step": null, "ts": 1735504025.013311}, {"value": "  File \"/Users/erwan/miniconda3/envs/segmentation_env/lib/python3.10/site-packages/torch/utils/data/dataloader.py\", line 387, in _get_iterator\n    return _MultiProcessingDataLoaderIter(self)\n", "step": null, "ts": 1735504025.013311}, {"value": "  File \"/Users/erwan/miniconda3/envs/segmentation_env/lib/python3.10/site-packages/torch/utils/data/dataloader.py\", line 1040, in __init__\n    w.start()\n", "step": null, "ts": 1735504025.013311}, {"value": "  File \"/Users/erwan/miniconda3/envs/segmentation_env/lib/python3.10/multiprocessing/process.py\", line 121, in start\n    self._popen = self._Popen(self)\n", "step": null, "ts": 1735504025.013311}, {"value": "  File \"/Users/erwan/miniconda3/envs/segmentation_env/lib/python3.10/multiprocessing/context.py\", line 224, in _Popen\n    return _default_context.get_context().Process._Popen(process_obj)\n", "step": null, "ts": 1735504025.013311}, {"value": "  File \"/Users/erwan/miniconda3/envs/segmentation_env/lib/python3.10/multiprocessing/context.py\", line 284, in _Popen\n    return Popen(process_obj)\n", "step": null, "ts": 1735504025.013311}, {"value": "  File \"/Users/erwan/miniconda3/envs/segmentation_env/lib/python3.10/multiprocessing/popen_spawn_posix.py\", line 32, in __init__\n    super().__init__(process_obj)\n", "step": null, "ts": 1735504025.013311}]}, "version": 29, "at": 1735504025.013598}
{"obj": {"type": "LogStrings", "path": ["monitoring", "620a230a", "traceback"], "values": [{"value": "  File \"/Users/erwan/miniconda3/envs/segmentation_env/lib/python3.10/multiprocessing/popen_fork.py\", line 19, in __init__\n    self._launch(process_obj)\n", "step": null, "ts": 1735504025.013311}, {"value": "  File \"/Users/erwan/miniconda3/envs/segmentation_env/lib/python3.10/multiprocessing/popen_spawn_posix.py\", line 42, in _launch\n    prep_data = spawn.get_preparation_data(process_obj._name)\n", "step": null, "ts": 1735504025.013311}, {"value": "  File \"/Users/erwan/miniconda3/envs/segmentation_env/lib/python3.10/multiprocessing/spawn.py\", line 154, in get_preparation_data\n    _check_not_importing_main()\n", "step": null, "ts": 1735504025.013311}, {"value": "  File \"/Users/erwan/miniconda3/envs/segmentation_env/lib/python3.10/multiprocessing/spawn.py\", line 134, in _check_not_importing_main\n    raise RuntimeError('''\n", "step": null, "ts": 1735504025.013311}, {"value": "", "step": null, "ts": 1735504025.013311}, {"value": "        An attempt has been made to start a new process before the", "step": null, "ts": 1735504025.013311}, {"value": "        current process has finished its bootstrapping phase.", "step": null, "ts": 1735504025.013311}, {"value": "", "step": null, "ts": 1735504025.013311}, {"value": "        This probably means that you are not using fork to start your", "step": null, "ts": 1735504025.013311}, {"value": "        child processes and you have forgotten to use the proper idiom", "step": null, "ts": 1735504025.013311}]}, "version": 30, "at": 1735504025.0137851}
{"obj": {"type": "LogStrings", "path": ["monitoring", "620a230a", "traceback"], "values": [{"value": "        in the main module:", "step": null, "ts": 1735504025.013311}, {"value": "", "step": null, "ts": 1735504025.013311}, {"value": "            if __name__ == '__main__':", "step": null, "ts": 1735504025.013311}, {"value": "                freeze_support()", "step": null, "ts": 1735504025.013311}, {"value": "                ...", "step": null, "ts": 1735504025.013311}, {"value": "", "step": null, "ts": 1735504025.013311}, {"value": "        The \"freeze_support()\" line can be omitted if the program", "step": null, "ts": 1735504025.013311}, {"value": "        is not going to be frozen to produce an executable.", "step": null, "ts": 1735504025.013311}]}, "version": 31, "at": 1735504025.013885}
{"obj": {"type": "AssignBool", "path": ["sys", "failed"], "value": true}, "version": 32, "at": 1735504025.0140522}
{"obj": {"type": "LogStrings", "path": ["monitoring", "620a230a", "stderr"], "values": [{"value": "Traceback (most recent call last):\n", "step": null, "ts": 1735504025.014715}]}, "version": 33, "at": 1735504025.014755}
{"obj": {"type": "LogStrings", "path": ["monitoring", "620a230a", "stderr"], "values": [{"value": "  File \"<string>\", line 1, in <module>\n", "step": null, "ts": 1735504025.0149708}]}, "version": 34, "at": 1735504025.015002}
{"obj": {"type": "LogStrings", "path": ["monitoring", "620a230a", "stderr"], "values": [{"value": "  File \"/Users/erwan/miniconda3/envs/segmentation_env/lib/python3.10/multiprocessing/spawn.py\", line 116, in spawn_main\n", "step": null, "ts": 1735504025.0154061}]}, "version": 35, "at": 1735504025.015442}
{"obj": {"type": "LogStrings", "path": ["monitoring", "620a230a", "stderr"], "values": [{"value": "    ", "step": null, "ts": 1735504025.016017}]}, "version": 36, "at": 1735504025.016059}
{"obj": {"type": "LogStrings", "path": ["monitoring", "620a230a", "stderr"], "values": [{"value": "exitcode = _main(fd, parent_sentinel)", "step": null, "ts": 1735504025.016213}]}, "version": 37, "at": 1735504025.0162969}
{"obj": {"type": "LogStrings", "path": ["monitoring", "620a230a", "stderr"], "values": [{"value": "\n", "step": null, "ts": 1735504025.016576}]}, "version": 38, "at": 1735504025.016617}
{"obj": {"type": "LogStrings", "path": ["monitoring", "620a230a", "stderr"], "values": [{"value": "  File \"/Users/erwan/miniconda3/envs/segmentation_env/lib/python3.10/multiprocessing/spawn.py\", line 125, in _main\n", "step": null, "ts": 1735504025.017323}]}, "version": 39, "at": 1735504025.017455}
{"obj": {"type": "LogStrings", "path": ["monitoring", "620a230a", "stderr"], "values": [{"value": "    ", "step": null, "ts": 1735504025.018494}]}, "version": 40, "at": 1735504025.018632}
{"obj": {"type": "LogStrings", "path": ["monitoring", "620a230a", "stderr"], "values": [{"value": "prepare(preparation_data)", "step": null, "ts": 1735504025.019244}]}, "version": 41, "at": 1735504025.0193532}
{"obj": {"type": "LogStrings", "path": ["monitoring", "620a230a", "stderr"], "values": [{"value": "\n", "step": null, "ts": 1735504025.019985}]}, "version": 42, "at": 1735504025.02015}
{"obj": {"type": "LogStrings", "path": ["monitoring", "620a230a", "stderr"], "values": [{"value": "  File \"/Users/erwan/miniconda3/envs/segmentation_env/lib/python3.10/multiprocessing/spawn.py\", line 236, in prepare\n", "step": null, "ts": 1735504025.020767}]}, "version": 43, "at": 1735504025.020853}
{"obj": {"type": "LogStrings", "path": ["monitoring", "620a230a", "stderr"], "values": [{"value": "    ", "step": null, "ts": 1735504025.021868}]}, "version": 44, "at": 1735504025.02194}
{"obj": {"type": "LogStrings", "path": ["monitoring", "620a230a", "stderr"], "values": [{"value": "_fixup_main_from_path(data['init_main_from_path'])", "step": null, "ts": 1735504025.022272}]}, "version": 45, "at": 1735504025.022341}
{"obj": {"type": "LogStrings", "path": ["monitoring", "620a230a", "stderr"], "values": [{"value": "\n", "step": null, "ts": 1735504025.022633}]}, "version": 46, "at": 1735504025.02268}
{"obj": {"type": "LogStrings", "path": ["monitoring", "620a230a", "stderr"], "values": [{"value": "  File \"/Users/erwan/miniconda3/envs/segmentation_env/lib/python3.10/multiprocessing/spawn.py\", line 287, in _fixup_main_from_path\n", "step": null, "ts": 1735504025.023037}]}, "version": 47, "at": 1735504025.023068}
{"obj": {"type": "LogStrings", "path": ["monitoring", "620a230a", "stderr"], "values": [{"value": "    ", "step": null, "ts": 1735504025.0235488}]}, "version": 48, "at": 1735504025.023586}
{"obj": {"type": "LogStrings", "path": ["monitoring", "620a230a", "stderr"], "values": [{"value": "main_content = runpy.run_path(main_path,", "step": null, "ts": 1735504025.023734}]}, "version": 49, "at": 1735504025.023766}
{"obj": {"type": "LogStrings", "path": ["monitoring", "620a230a", "stderr"], "values": [{"value": "\n", "step": null, "ts": 1735504025.023967}]}, "version": 50, "at": 1735504025.023999}
{"obj": {"type": "LogStrings", "path": ["monitoring", "620a230a", "stderr"], "values": [{"value": "  File \"/Users/erwan/miniconda3/envs/segmentation_env/lib/python3.10/runpy.py\", line 269, in run_path\n", "step": null, "ts": 1735504025.0241852}]}, "version": 51, "at": 1735504025.024214}
{"obj": {"type": "LogStrings", "path": ["monitoring", "620a230a", "stderr"], "values": [{"value": "    ", "step": null, "ts": 1735504025.024666}]}, "version": 52, "at": 1735504025.0247018}
{"obj": {"type": "LogStrings", "path": ["monitoring", "620a230a", "stderr"], "values": [{"value": "return _run_module_code(code, init_globals, run_name,", "step": null, "ts": 1735504025.024961}]}, "version": 53, "at": 1735504025.024992}
{"obj": {"type": "LogStrings", "path": ["monitoring", "620a230a", "stderr"], "values": [{"value": "\n", "step": null, "ts": 1735504025.025373}]}, "version": 54, "at": 1735504025.025405}
{"obj": {"type": "LogStrings", "path": ["monitoring", "620a230a", "stderr"], "values": [{"value": "  File \"/Users/erwan/miniconda3/envs/segmentation_env/lib/python3.10/runpy.py\", line 96, in _run_module_code\n", "step": null, "ts": 1735504025.025541}]}, "version": 55, "at": 1735504025.025572}
{"obj": {"type": "LogStrings", "path": ["monitoring", "620a230a", "stderr"], "values": [{"value": "    ", "step": null, "ts": 1735504025.02575}]}, "version": 56, "at": 1735504025.025781}
{"obj": {"type": "LogStrings", "path": ["monitoring", "620a230a", "stderr"], "values": [{"value": "_run_code(code, mod_globals, init_globals,", "step": null, "ts": 1735504025.025915}]}, "version": 57, "at": 1735504025.025944}
{"obj": {"type": "LogStrings", "path": ["monitoring", "620a230a", "stderr"], "values": [{"value": "\n", "step": null, "ts": 1735504025.0261672}]}, "version": 58, "at": 1735504025.026198}
{"obj": {"type": "LogStrings", "path": ["monitoring", "620a230a", "stderr"], "values": [{"value": "  File \"/Users/erwan/miniconda3/envs/segmentation_env/lib/python3.10/runpy.py\", line 86, in _run_code\n", "step": null, "ts": 1735504025.026331}]}, "version": 59, "at": 1735504025.026359}
{"obj": {"type": "LogStrings", "path": ["monitoring", "620a230a", "stderr"], "values": [{"value": "    ", "step": null, "ts": 1735504025.026624}]}, "version": 60, "at": 1735504025.026655}
{"obj": {"type": "LogStrings", "path": ["monitoring", "620a230a", "stderr"], "values": [{"value": "exec(code, run_globals)", "step": null, "ts": 1735504025.0267851}]}, "version": 61, "at": 1735504025.026827}
{"obj": {"type": "LogStrings", "path": ["monitoring", "620a230a", "stderr"], "values": [{"value": "\n", "step": null, "ts": 1735504025.0270212}]}, "version": 62, "at": 1735504025.027049}
{"obj": {"type": "LogStrings", "path": ["monitoring", "620a230a", "stderr"], "values": [{"value": "  File \"/Users/erwan/Workspace/WSS-UIC/train_vgg_resnet/train.py\", line 126, in <module>\n", "step": null, "ts": 1735504025.027359}]}, "version": 63, "at": 1735504025.02739}
{"obj": {"type": "LogStrings", "path": ["monitoring", "620a230a", "stderr"], "values": [{"value": "    ", "step": null, "ts": 1735504025.027518}]}, "version": 64, "at": 1735504025.027544}
{"obj": {"type": "LogStrings", "path": ["monitoring", "620a230a", "stderr"], "values": [{"value": "train(", "step": null, "ts": 1735504025.027654}]}, "version": 65, "at": 1735504025.027678}
{"obj": {"type": "LogStrings", "path": ["monitoring", "620a230a", "stderr"], "values": [{"value": "\n", "step": null, "ts": 1735504025.030865}]}, "version": 66, "at": 1735504025.030913}
{"obj": {"type": "LogStrings", "path": ["monitoring", "620a230a", "stderr"], "values": [{"value": "  File \"/Users/erwan/Workspace/WSS-UIC/train_vgg_resnet/train.py\", line 64, in train\n", "step": null, "ts": 1735504025.031154}]}, "version": 67, "at": 1735504025.031188}
{"obj": {"type": "LogStrings", "path": ["monitoring", "620a230a", "stderr"], "values": [{"value": "    ", "step": null, "ts": 1735504025.0315158}]}, "version": 68, "at": 1735504025.03155}
{"obj": {"type": "LogStrings", "path": ["monitoring", "620a230a", "stderr"], "values": [{"value": "for batch in train_dl:", "step": null, "ts": 1735504025.031775}]}, "version": 69, "at": 1735504025.0318458}
{"obj": {"type": "LogStrings", "path": ["monitoring", "620a230a", "stderr"], "values": [{"value": "\n", "step": null, "ts": 1735504025.0321112}]}, "version": 70, "at": 1735504025.0321438}
{"obj": {"type": "LogStrings", "path": ["monitoring", "620a230a", "stderr"], "values": [{"value": "  File \"/Users/erwan/miniconda3/envs/segmentation_env/lib/python3.10/site-packages/torch/utils/data/dataloader.py\", line 439, in __iter__\n", "step": null, "ts": 1735504025.032282}]}, "version": 71, "at": 1735504025.032311}
{"obj": {"type": "LogStrings", "path": ["monitoring", "620a230a", "stderr"], "values": [{"value": "    ", "step": null, "ts": 1735504025.032848}]}, "version": 72, "at": 1735504025.0328891}
{"obj": {"type": "LogStrings", "path": ["monitoring", "620a230a", "stderr"], "values": [{"value": "return self._get_iterator()", "step": null, "ts": 1735504025.033207}]}, "version": 73, "at": 1735504025.033247}
{"obj": {"type": "LogStrings", "path": ["monitoring", "620a230a", "stderr"], "values": [{"value": "\n", "step": null, "ts": 1735504025.0334342}]}, "version": 74, "at": 1735504025.033464}
{"obj": {"type": "LogStrings", "path": ["monitoring", "620a230a", "stderr"], "values": [{"value": "  File \"/Users/erwan/miniconda3/envs/segmentation_env/lib/python3.10/site-packages/torch/utils/data/dataloader.py\", line 387, in _get_iterator\n", "step": null, "ts": 1735504025.0340428}]}, "version": 75, "at": 1735504025.0341089}
{"obj": {"type": "LogStrings", "path": ["monitoring", "620a230a", "stderr"], "values": [{"value": "    ", "step": null, "ts": 1735504025.034612}]}, "version": 76, "at": 1735504025.034654}
{"obj": {"type": "LogStrings", "path": ["monitoring", "620a230a", "stderr"], "values": [{"value": "return _MultiProcessingDataLoaderIter(self)", "step": null, "ts": 1735504025.0348082}]}, "version": 77, "at": 1735504025.03484}
{"obj": {"type": "LogStrings", "path": ["monitoring", "620a230a", "stderr"], "values": [{"value": "\n", "step": null, "ts": 1735504025.035118}]}, "version": 78, "at": 1735504025.035155}
{"obj": {"type": "LogStrings", "path": ["monitoring", "620a230a", "stderr"], "values": [{"value": "  File \"/Users/erwan/miniconda3/envs/segmentation_env/lib/python3.10/site-packages/torch/utils/data/dataloader.py\", line 1040, in __init__\n", "step": null, "ts": 1735504025.035398}]}, "version": 79, "at": 1735504025.035446}
{"obj": {"type": "LogStrings", "path": ["monitoring", "620a230a", "stderr"], "values": [{"value": "    ", "step": null, "ts": 1735504025.036651}]}, "version": 80, "at": 1735504025.036717}
{"obj": {"type": "LogStrings", "path": ["monitoring", "620a230a", "stderr"], "values": [{"value": "w.start()", "step": null, "ts": 1735504025.036994}]}, "version": 81, "at": 1735504025.037051}
{"obj": {"type": "LogStrings", "path": ["monitoring", "620a230a", "stderr"], "values": [{"value": "\n", "step": null, "ts": 1735504025.037357}]}, "version": 82, "at": 1735504025.0374}
{"obj": {"type": "LogStrings", "path": ["monitoring", "620a230a", "stderr"], "values": [{"value": "  File \"/Users/erwan/miniconda3/envs/segmentation_env/lib/python3.10/multiprocessing/process.py\", line 121, in start\n", "step": null, "ts": 1735504025.0376298}]}, "version": 83, "at": 1735504025.037664}
{"obj": {"type": "LogStrings", "path": ["monitoring", "620a230a", "stderr"], "values": [{"value": "    ", "step": null, "ts": 1735504025.0380318}]}, "version": 84, "at": 1735504025.038072}
{"obj": {"type": "LogStrings", "path": ["monitoring", "620a230a", "stderr"], "values": [{"value": "self._popen = self._Popen(self)", "step": null, "ts": 1735504025.038235}]}, "version": 85, "at": 1735504025.038269}
{"obj": {"type": "LogStrings", "path": ["monitoring", "620a230a", "stderr"], "values": [{"value": "\n", "step": null, "ts": 1735504025.038511}]}, "version": 86, "at": 1735504025.038545}
{"obj": {"type": "LogStrings", "path": ["monitoring", "620a230a", "stderr"], "values": [{"value": "  File \"/Users/erwan/miniconda3/envs/segmentation_env/lib/python3.10/multiprocessing/context.py\", line 224, in _Popen\n", "step": null, "ts": 1735504025.038744}]}, "version": 87, "at": 1735504025.0387762}
{"obj": {"type": "LogStrings", "path": ["monitoring", "620a230a", "stderr"], "values": [{"value": "    ", "step": null, "ts": 1735504025.039306}]}, "version": 88, "at": 1735504025.039372}
{"obj": {"type": "LogStrings", "path": ["monitoring", "620a230a", "stderr"], "values": [{"value": "return _default_context.get_context().Process._Popen(process_obj)", "step": null, "ts": 1735504025.0399518}]}, "version": 89, "at": 1735504025.0399868}
{"obj": {"type": "LogStrings", "path": ["monitoring", "620a230a", "stderr"], "values": [{"value": "\n", "step": null, "ts": 1735504025.040303}]}, "version": 90, "at": 1735504025.040334}
{"obj": {"type": "LogStrings", "path": ["monitoring", "620a230a", "stderr"], "values": [{"value": "  File \"/Users/erwan/miniconda3/envs/segmentation_env/lib/python3.10/multiprocessing/context.py\", line 284, in _Popen\n", "step": null, "ts": 1735504025.0404532}]}, "version": 91, "at": 1735504025.04048}
{"obj": {"type": "LogStrings", "path": ["monitoring", "620a230a", "stderr"], "values": [{"value": "    ", "step": null, "ts": 1735504025.040842}]}, "version": 92, "at": 1735504025.0408762}
{"obj": {"type": "LogStrings", "path": ["monitoring", "620a230a", "stderr"], "values": [{"value": "return Popen(process_obj)", "step": null, "ts": 1735504025.0411022}]}, "version": 93, "at": 1735504025.041137}
{"obj": {"type": "LogStrings", "path": ["monitoring", "620a230a", "stderr"], "values": [{"value": "\n", "step": null, "ts": 1735504025.041385}]}, "version": 94, "at": 1735504025.041418}
{"obj": {"type": "LogStrings", "path": ["monitoring", "620a230a", "stderr"], "values": [{"value": "  File \"/Users/erwan/miniconda3/envs/segmentation_env/lib/python3.10/multiprocessing/popen_spawn_posix.py\", line 32, in __init__\n", "step": null, "ts": 1735504025.0416}]}, "version": 95, "at": 1735504025.0416262}
{"obj": {"type": "LogStrings", "path": ["monitoring", "620a230a", "stderr"], "values": [{"value": "    ", "step": null, "ts": 1735504025.0419772}]}, "version": 96, "at": 1735504025.042007}
{"obj": {"type": "LogStrings", "path": ["monitoring", "620a230a", "stderr"], "values": [{"value": "super().__init__(process_obj)", "step": null, "ts": 1735504025.042335}]}, "version": 97, "at": 1735504025.042371}
{"obj": {"type": "LogStrings", "path": ["monitoring", "620a230a", "stderr"], "values": [{"value": "\n", "step": null, "ts": 1735504025.042911}]}, "version": 98, "at": 1735504025.0430348}
{"obj": {"type": "LogStrings", "path": ["monitoring", "620a230a", "stderr"], "values": [{"value": "  File \"/Users/erwan/miniconda3/envs/segmentation_env/lib/python3.10/multiprocessing/popen_fork.py\", line 19, in __init__\n", "step": null, "ts": 1735504025.043669}]}, "version": 99, "at": 1735504025.0437791}
{"obj": {"type": "LogStrings", "path": ["monitoring", "620a230a", "stderr"], "values": [{"value": "    ", "step": null, "ts": 1735504025.0453}]}, "version": 100, "at": 1735504025.045351}
{"obj": {"type": "LogStrings", "path": ["monitoring", "620a230a", "stderr"], "values": [{"value": "self._launch(process_obj)", "step": null, "ts": 1735504025.045998}]}, "version": 101, "at": 1735504025.046038}
{"obj": {"type": "LogStrings", "path": ["monitoring", "620a230a", "stderr"], "values": [{"value": "\n", "step": null, "ts": 1735504025.047217}]}, "version": 102, "at": 1735504025.0472581}
{"obj": {"type": "LogStrings", "path": ["monitoring", "620a230a", "stderr"], "values": [{"value": "  File \"/Users/erwan/miniconda3/envs/segmentation_env/lib/python3.10/multiprocessing/popen_spawn_posix.py\", line 42, in _launch\n", "step": null, "ts": 1735504025.0481331}]}, "version": 103, "at": 1735504025.048177}
{"obj": {"type": "LogStrings", "path": ["monitoring", "620a230a", "stderr"], "values": [{"value": "    ", "step": null, "ts": 1735504025.048322}]}, "version": 104, "at": 1735504025.048384}
{"obj": {"type": "LogStrings", "path": ["monitoring", "620a230a", "stderr"], "values": [{"value": "prep_data = spawn.get_preparation_data(process_obj._name)", "step": null, "ts": 1735504025.0499}]}, "version": 105, "at": 1735504025.049997}
{"obj": {"type": "LogStrings", "path": ["monitoring", "620a230a", "stderr"], "values": [{"value": "\n", "step": null, "ts": 1735504025.050358}]}, "version": 106, "at": 1735504025.050434}
{"obj": {"type": "LogStrings", "path": ["monitoring", "620a230a", "stdout"], "values": [{"value": "[neptune] [info   ] Shutting down background jobs, please wait a moment...\n", "step": null, "ts": 1735504025.0537238}]}, "version": 107, "at": 1735504025.053832}
{"obj": {"type": "LogStrings", "path": ["monitoring", "620a230a", "stderr"], "values": [{"value": "  File \"/Users/erwan/miniconda3/envs/segmentation_env/lib/python3.10/multiprocessing/spawn.py\", line 154, in get_preparation_data\n", "step": null, "ts": 1735504025.054296}]}, "version": 108, "at": 1735504025.054365}
{"obj": {"type": "LogStrings", "path": ["monitoring", "620a230a", "stderr"], "values": [{"value": "    ", "step": null, "ts": 1735504025.054666}]}, "version": 109, "at": 1735504025.0547252}
{"obj": {"type": "LogStrings", "path": ["monitoring", "620a230a", "stderr"], "values": [{"value": "_check_not_importing_main()", "step": null, "ts": 1735504025.054977}]}, "version": 110, "at": 1735504025.055027}
{"obj": {"type": "LogStrings", "path": ["monitoring", "620a230a", "stderr"], "values": [{"value": "\n", "step": null, "ts": 1735504025.0552251}]}, "version": 111, "at": 1735504025.055258}
{"obj": {"type": "LogStrings", "path": ["monitoring", "620a230a", "stderr"], "values": [{"value": "  File \"/Users/erwan/miniconda3/envs/segmentation_env/lib/python3.10/multiprocessing/spawn.py\", line 134, in _check_not_importing_main\n", "step": null, "ts": 1735504025.0554738}]}, "version": 112, "at": 1735504025.055585}
{"obj": {"type": "LogStrings", "path": ["monitoring", "620a230a", "stderr"], "values": [{"value": "    ", "step": null, "ts": 1735504025.055744}]}, "version": 113, "at": 1735504025.0557818}
{"obj": {"type": "LogStrings", "path": ["monitoring", "620a230a", "stderr"], "values": [{"value": "raise RuntimeError('''", "step": null, "ts": 1735504025.055995}]}, "version": 114, "at": 1735504025.056028}
{"obj": {"type": "LogStrings", "path": ["monitoring", "620a230a", "stderr"], "values": [{"value": "\n", "step": null, "ts": 1735504025.0561879}]}, "version": 115, "at": 1735504025.056221}
{"obj": {"type": "LogStrings", "path": ["monitoring", "620a230a", "stderr"], "values": [{"value": "RuntimeError", "step": null, "ts": 1735504025.056368}]}, "version": 116, "at": 1735504025.0563998}
{"obj": {"type": "LogStrings", "path": ["monitoring", "620a230a", "stderr"], "values": [{"value": ": ", "step": null, "ts": 1735504025.0565639}]}, "version": 117, "at": 1735504025.056622}
{"obj": {"type": "LogStrings", "path": ["monitoring", "620a230a", "stderr"], "values": [{"value": "\n        An attempt has been made to start a new process before the\n        current process has finished its bootstrapping phase.\n\n        This probably means that you are not using fork to start your\n        child processes and you have forgotten to use the proper idiom\n        in the main module:\n\n            if __name__ == '__main__':\n                freeze_support()\n                ...\n\n        The \"freeze_support()\" line can be omitted if the program\n        is not going to be frozen to produce an executable.", "step": null, "ts": 1735504025.0567832}]}, "version": 118, "at": 1735504025.056813}
{"obj": {"type": "LogStrings", "path": ["monitoring", "620a230a", "stderr"], "values": [{"value": "\n", "step": null, "ts": 1735504025.057008}]}, "version": 119, "at": 1735504025.057033}
