{"obj": {"type": "AssignString", "path": ["sys", "name"], "value": "Untitled"}, "version": 1, "at": 1735504741.542936}
{"obj": {"type": "AssignString", "path": ["sys", "description"], "value": ""}, "version": 2, "at": 1735504741.543227}
{"obj": {"type": "AssignString", "path": ["monitoring", "c2736471", "hostname"], "value": "Admins-MacBook-Pro.local"}, "version": 3, "at": 1735504741.543317}
{"obj": {"type": "AssignString", "path": ["sys", "hostname"], "value": "Admins-MacBook-Pro.local"}, "version": 4, "at": 1735504741.543387}
{"obj": {"type": "AssignString", "path": ["monitoring", "c2736471", "pid"], "value": "23167"}, "version": 5, "at": 1735504741.543456}
{"obj": {"type": "AssignString", "path": ["monitoring", "c2736471", "tid"], "value": "4359962048"}, "version": 6, "at": 1735504741.543524}
{"obj": {"type": "AssignBool", "path": ["sys", "failed"], "value": false}, "version": 7, "at": 1735504741.543614}
{"obj": {"type": "ClearStringLog", "path": ["monitoring", "c2736471", "stdout"]}, "version": 8, "at": 1735504741.544496}
{"obj": {"type": "ClearStringLog", "path": ["monitoring", "c2736471", "stderr"]}, "version": 9, "at": 1735504741.5445812}
{"obj": {"type": "AssignString", "path": ["source_code", "entrypoint"], "value": "train.py"}, "version": 10, "at": 1735504741.545077}
{"obj": {"type": "UploadFileSet", "path": ["source_code", "files"], "file_globs": ["/Users/erwan/Workspace/WSS-UIC/train_vgg_resnet/train.py"], "reset": "False"}, "version": 11, "at": 1735504741.545176}
{"obj": {"type": "UploadFile", "path": ["source_code", "diff"], "ext": "patch", "file_path": null, "tmp_file_name": "source_code_diff-1735504741.71929-2024-12-29_21.39.01.719290.patch", "clean_after_upload": false}, "version": 12, "at": 1735504741.719622}
{"obj": {"type": "ConfigFloatSeries", "path": ["monitoring", "c2736471", "cpu"], "min": 0.0, "max": 100.0, "unit": "%"}, "version": 13, "at": 1735504741.723542}
{"obj": {"type": "ClearFloatLog", "path": ["monitoring", "c2736471", "cpu"]}, "version": 14, "at": 1735504741.7237382}
{"obj": {"type": "LogStrings", "path": ["monitoring", "c2736471", "stderr"], "values": [{"value": "[neptune] [warning] /Users/erwan/Workspace/WSS-UIC/train_vgg_resnet/train.py:46: NeptuneWarning: Info (NVML): NVML Shared Library Not Found. GPU usage metrics may not be reported. For more information, see https://docs.neptune.ai/help/nvml_error/\n", "step": null, "ts": 1735504741.723914}]}, "version": 15, "at": 1735504741.723976}
{"obj": {"type": "ConfigFloatSeries", "path": ["monitoring", "c2736471", "memory"], "min": 0.0, "max": 16.0, "unit": "GB"}, "version": 16, "at": 1735504741.724104}
{"obj": {"type": "ClearFloatLog", "path": ["monitoring", "c2736471", "memory"]}, "version": 17, "at": 1735504741.724142}
{"obj": {"type": "LogFloats", "path": ["monitoring", "c2736471", "memory"], "values": [{"value": 8.422615051269531, "step": null, "ts": 1735504741.724332}]}, "version": 18, "at": 1735504741.725014}
{"obj": {"type": "AssignString", "path": ["config", "optimizer"], "value": "Adam"}, "version": 19, "at": 1735504741.7252102}
{"obj": {"type": "LogStrings", "path": ["monitoring", "c2736471", "stdout"], "values": [{"value": "ici la ", "step": null, "ts": 1735504741.725708}]}, "version": 20, "at": 1735504741.725734}
{"obj": {"type": "LogStrings", "path": ["monitoring", "c2736471", "stdout"], "values": [{"value": "\n", "step": null, "ts": 1735504741.726173}]}, "version": 21, "at": 1735504741.726193}
{"obj": {"type": "LogStrings", "path": ["monitoring", "c2736471", "stderr"], "values": [{"value": "\r  0%|                                                                                                                                                                                 | 0/2 [00:00<?, ?it/s]", "step": null, "ts": 1735504741.7340229}]}, "version": 22, "at": 1735504741.73492}
{"obj": {"type": "LogStrings", "path": ["monitoring", "c2736471", "stdout"], "values": [{"value": "dqsdqs", "step": null, "ts": 1735504741.736495}]}, "version": 23, "at": 1735504741.736542}
{"obj": {"type": "LogStrings", "path": ["monitoring", "c2736471", "stdout"], "values": [{"value": "\n", "step": null, "ts": 1735504741.73787}]}, "version": 24, "at": 1735504741.737909}
{"obj": {"type": "LogStrings", "path": ["monitoring", "c2736471", "stdout"], "values": [{"value": "2", "step": null, "ts": 1735504741.79523}]}, "version": 25, "at": 1735504741.795276}
{"obj": {"type": "LogStrings", "path": ["monitoring", "c2736471", "stdout"], "values": [{"value": "\n", "step": null, "ts": 1735504741.795527}]}, "version": 26, "at": 1735504741.795553}
{"obj": {"type": "LogStrings", "path": ["monitoring", "c2736471", "stdout"], "values": [{"value": "torch.Size([16, 4, 128, 128])", "step": null, "ts": 1735504741.795636}]}, "version": 27, "at": 1735504741.795651}
{"obj": {"type": "LogStrings", "path": ["monitoring", "c2736471", "stdout"], "values": [{"value": "\n", "step": null, "ts": 1735504741.795713}]}, "version": 28, "at": 1735504741.795726}
{"obj": {"type": "LogStrings", "path": ["monitoring", "c2736471", "stderr"], "values": [{"value": "", "step": null, "ts": 1735504741.815281}]}, "version": 29, "at": 1735504741.81541}
{"obj": {"type": "LogStrings", "path": ["monitoring", "c2736471", "stderr"], "values": [{"value": "\r  0%|                                                                                                                                                                                 | 0/2 [00:00<?, ?it/s]", "step": null, "ts": 1735504741.816594}]}, "version": 30, "at": 1735504741.816641}
{"obj": {"type": "LogStrings", "path": ["monitoring", "c2736471", "stderr"], "values": [{"value": "\n", "step": null, "ts": 1735504741.81693}]}, "version": 31, "at": 1735504741.81696}
{"obj": {"type": "LogStrings", "path": ["monitoring", "c2736471", "traceback"], "values": [{"value": "An uncaught exception occurred while run was active on worker Admins-MacBook-Pro.local.", "step": null, "ts": 1735504741.818757}, {"value": "Marking run as failed", "step": null, "ts": 1735504741.818757}, {"value": "Traceback:", "step": null, "ts": 1735504741.818757}, {"value": "  File \"/Users/erwan/Workspace/WSS-UIC/train_vgg_resnet/train.py\", line 129, in <module>\n    train(\n", "step": null, "ts": 1735504741.818757}, {"value": "  File \"/Users/erwan/Workspace/WSS-UIC/train_vgg_resnet/train.py\", line 68, in train\n    images = normalize(batch[0].float().to(device))\n", "step": null, "ts": 1735504741.818757}, {"value": "  File \"/Users/erwan/miniconda3/envs/segmentation_env/lib/python3.10/site-packages/torch/nn/modules/module.py\", line 1511, in _wrapped_call_impl\n    return self._call_impl(*args, **kwargs)\n", "step": null, "ts": 1735504741.818757}, {"value": "  File \"/Users/erwan/miniconda3/envs/segmentation_env/lib/python3.10/site-packages/torch/nn/modules/module.py\", line 1520, in _call_impl\n    return forward_call(*args, **kwargs)\n", "step": null, "ts": 1735504741.818757}, {"value": "  File \"/Users/erwan/miniconda3/envs/segmentation_env/lib/python3.10/site-packages/torchvision/transforms/transforms.py\", line 277, in forward\n    return F.normalize(tensor, self.mean, self.std, self.inplace)\n", "step": null, "ts": 1735504741.818757}, {"value": "  File \"/Users/erwan/miniconda3/envs/segmentation_env/lib/python3.10/site-packages/torchvision/transforms/functional.py\", line 349, in normalize\n    return F_t.normalize(tensor, mean=mean, std=std, inplace=inplace)\n", "step": null, "ts": 1735504741.818757}, {"value": "  File \"/Users/erwan/miniconda3/envs/segmentation_env/lib/python3.10/site-packages/torchvision/transforms/_functional_tensor.py\", line 926, in normalize\n    return tensor.sub_(mean).div_(std)\n", "step": null, "ts": 1735504741.818757}]}, "version": 32, "at": 1735504741.818789}
{"obj": {"type": "LogStrings", "path": ["monitoring", "c2736471", "traceback"], "values": [{"value": "The size of tensor a (4) must match the size of tensor b (3) at non-singleton dimension 1", "step": null, "ts": 1735504741.818757}]}, "version": 33, "at": 1735504741.818861}
{"obj": {"type": "AssignBool", "path": ["sys", "failed"], "value": true}, "version": 34, "at": 1735504741.81895}
{"obj": {"type": "LogStrings", "path": ["monitoring", "c2736471", "stderr"], "values": [{"value": "Traceback (most recent call last):\n", "step": null, "ts": 1735504741.8191428}]}, "version": 35, "at": 1735504741.819165}
{"obj": {"type": "LogStrings", "path": ["monitoring", "c2736471", "stderr"], "values": [{"value": "  File \"/Users/erwan/Workspace/WSS-UIC/train_vgg_resnet/train.py\", line 129, in <module>\n", "step": null, "ts": 1735504741.819478}]}, "version": 36, "at": 1735504741.819499}
{"obj": {"type": "LogStrings", "path": ["monitoring", "c2736471", "stderr"], "values": [{"value": "    ", "step": null, "ts": 1735504741.819747}]}, "version": 37, "at": 1735504741.819766}
{"obj": {"type": "LogStrings", "path": ["monitoring", "c2736471", "stderr"], "values": [{"value": "train(", "step": null, "ts": 1735504741.8202581}]}, "version": 38, "at": 1735504741.820276}
{"obj": {"type": "LogStrings", "path": ["monitoring", "c2736471", "stderr"], "values": [{"value": "\n", "step": null, "ts": 1735504741.820438}]}, "version": 39, "at": 1735504741.8204532}
{"obj": {"type": "LogStrings", "path": ["monitoring", "c2736471", "stderr"], "values": [{"value": "  File \"/Users/erwan/Workspace/WSS-UIC/train_vgg_resnet/train.py\", line 68, in train\n", "step": null, "ts": 1735504741.820818}]}, "version": 40, "at": 1735504741.820838}
{"obj": {"type": "LogStrings", "path": ["monitoring", "c2736471", "stderr"], "values": [{"value": "    ", "step": null, "ts": 1735504741.821044}]}, "version": 41, "at": 1735504741.8210602}
{"obj": {"type": "LogStrings", "path": ["monitoring", "c2736471", "stderr"], "values": [{"value": "images = normalize(batch[0].float().to(device))", "step": null, "ts": 1735504741.821227}]}, "version": 42, "at": 1735504741.8212469}
{"obj": {"type": "LogStrings", "path": ["monitoring", "c2736471", "stderr"], "values": [{"value": "\n", "step": null, "ts": 1735504741.821514}]}, "version": 43, "at": 1735504741.821534}
{"obj": {"type": "LogStrings", "path": ["monitoring", "c2736471", "stderr"], "values": [{"value": "  File \"/Users/erwan/miniconda3/envs/segmentation_env/lib/python3.10/site-packages/torch/nn/modules/module.py\", line 1511, in _wrapped_call_impl\n", "step": null, "ts": 1735504741.8218188}]}, "version": 44, "at": 1735504741.821843}
{"obj": {"type": "LogStrings", "path": ["monitoring", "c2736471", "stderr"], "values": [{"value": "    ", "step": null, "ts": 1735504741.82234}]}, "version": 45, "at": 1735504741.8223581}
{"obj": {"type": "LogStrings", "path": ["monitoring", "c2736471", "stdout"], "values": [{"value": "[neptune] [info   ] Shutting down background jobs, please wait a moment...\n", "step": null, "ts": 1735504741.822531}]}, "version": 46, "at": 1735504741.822547}
{"obj": {"type": "LogStrings", "path": ["monitoring", "c2736471", "stderr"], "values": [{"value": "return self._call_impl(*args, **kwargs)", "step": null, "ts": 1735504741.8226728}]}, "version": 47, "at": 1735504741.822689}
{"obj": {"type": "LogStrings", "path": ["monitoring", "c2736471", "stderr"], "values": [{"value": "\n", "step": null, "ts": 1735504741.822757}]}, "version": 48, "at": 1735504741.8227699}
{"obj": {"type": "LogStrings", "path": ["monitoring", "c2736471", "stderr"], "values": [{"value": "  File \"/Users/erwan/miniconda3/envs/segmentation_env/lib/python3.10/site-packages/torch/nn/modules/module.py\", line 1520, in _call_impl\n", "step": null, "ts": 1735504741.822829}]}, "version": 49, "at": 1735504741.82284}
{"obj": {"type": "LogStrings", "path": ["monitoring", "c2736471", "stderr"], "values": [{"value": "    ", "step": null, "ts": 1735504741.822897}]}, "version": 50, "at": 1735504741.8229089}
{"obj": {"type": "LogStrings", "path": ["monitoring", "c2736471", "stderr"], "values": [{"value": "return forward_call(*args, **kwargs)", "step": null, "ts": 1735504741.822963}]}, "version": 51, "at": 1735504741.822974}
{"obj": {"type": "LogStrings", "path": ["monitoring", "c2736471", "stderr"], "values": [{"value": "\n", "step": null, "ts": 1735504741.823027}]}, "version": 52, "at": 1735504741.8230379}
{"obj": {"type": "LogStrings", "path": ["monitoring", "c2736471", "stderr"], "values": [{"value": "  File \"/Users/erwan/miniconda3/envs/segmentation_env/lib/python3.10/site-packages/torchvision/transforms/transforms.py\", line 277, in forward\n", "step": null, "ts": 1735504741.8230898}]}, "version": 53, "at": 1735504741.823101}
{"obj": {"type": "LogStrings", "path": ["monitoring", "c2736471", "stderr"], "values": [{"value": "    ", "step": null, "ts": 1735504741.823154}]}, "version": 54, "at": 1735504741.823165}
{"obj": {"type": "LogStrings", "path": ["monitoring", "c2736471", "stderr"], "values": [{"value": "return F.normalize(tensor, self.mean, self.std, self.inplace)", "step": null, "ts": 1735504741.8232179}]}, "version": 55, "at": 1735504741.8232288}
{"obj": {"type": "LogStrings", "path": ["monitoring", "c2736471", "stderr"], "values": [{"value": "\n", "step": null, "ts": 1735504741.8232808}]}, "version": 56, "at": 1735504741.823293}
{"obj": {"type": "LogStrings", "path": ["monitoring", "c2736471", "stderr"], "values": [{"value": "  File \"/Users/erwan/miniconda3/envs/segmentation_env/lib/python3.10/site-packages/torchvision/transforms/functional.py\", line 349, in normalize\n", "step": null, "ts": 1735504741.823345}]}, "version": 57, "at": 1735504741.823356}
{"obj": {"type": "LogStrings", "path": ["monitoring", "c2736471", "stderr"], "values": [{"value": "    ", "step": null, "ts": 1735504741.823413}]}, "version": 58, "at": 1735504741.823425}
{"obj": {"type": "LogStrings", "path": ["monitoring", "c2736471", "stderr"], "values": [{"value": "return F_t.normalize(tensor, mean=mean, std=std, inplace=inplace)", "step": null, "ts": 1735504741.823477}]}, "version": 59, "at": 1735504741.823488}
{"obj": {"type": "LogStrings", "path": ["monitoring", "c2736471", "stderr"], "values": [{"value": "\n", "step": null, "ts": 1735504741.82354}]}, "version": 60, "at": 1735504741.823551}
{"obj": {"type": "LogStrings", "path": ["monitoring", "c2736471", "stderr"], "values": [{"value": "  File \"/Users/erwan/miniconda3/envs/segmentation_env/lib/python3.10/site-packages/torchvision/transforms/_functional_tensor.py\", line 926, in normalize\n", "step": null, "ts": 1735504741.823602}]}, "version": 61, "at": 1735504741.823614}
{"obj": {"type": "LogStrings", "path": ["monitoring", "c2736471", "stderr"], "values": [{"value": "    ", "step": null, "ts": 1735504741.823668}]}, "version": 62, "at": 1735504741.82368}
{"obj": {"type": "LogStrings", "path": ["monitoring", "c2736471", "stderr"], "values": [{"value": "return tensor.sub_(mean).div_(std)", "step": null, "ts": 1735504741.823731}]}, "version": 63, "at": 1735504741.8237429}
{"obj": {"type": "LogStrings", "path": ["monitoring", "c2736471", "stderr"], "values": [{"value": "\n", "step": null, "ts": 1735504741.8237948}]}, "version": 64, "at": 1735504741.823806}
{"obj": {"type": "LogStrings", "path": ["monitoring", "c2736471", "stderr"], "values": [{"value": "RuntimeError", "step": null, "ts": 1735504741.823858}]}, "version": 65, "at": 1735504741.823869}
{"obj": {"type": "LogStrings", "path": ["monitoring", "c2736471", "stderr"], "values": [{"value": ": ", "step": null, "ts": 1735504741.823921}]}, "version": 66, "at": 1735504741.823932}
{"obj": {"type": "LogStrings", "path": ["monitoring", "c2736471", "stderr"], "values": [{"value": "The size of tensor a (4) must match the size of tensor b (3) at non-singleton dimension 1", "step": null, "ts": 1735504741.8239832}]}, "version": 67, "at": 1735504741.8239942}
{"obj": {"type": "LogStrings", "path": ["monitoring", "c2736471", "stderr"], "values": [{"value": "\n", "step": null, "ts": 1735504741.82405}]}, "version": 68, "at": 1735504741.824061}
