{"obj": {"type": "AssignString", "path": ["sys", "name"], "value": "Untitled"}, "version": 1, "at": 1735504595.702776}
{"obj": {"type": "AssignString", "path": ["sys", "description"], "value": ""}, "version": 2, "at": 1735504595.702961}
{"obj": {"type": "AssignString", "path": ["monitoring", "942b611a", "hostname"], "value": "Admins-MacBook-Pro.local"}, "version": 3, "at": 1735504595.703052}
{"obj": {"type": "AssignString", "path": ["sys", "hostname"], "value": "Admins-MacBook-Pro.local"}, "version": 4, "at": 1735504595.703122}
{"obj": {"type": "AssignString", "path": ["monitoring", "942b611a", "pid"], "value": "23110"}, "version": 5, "at": 1735504595.703189}
{"obj": {"type": "AssignString", "path": ["monitoring", "942b611a", "tid"], "value": "4394950080"}, "version": 6, "at": 1735504595.703255}
{"obj": {"type": "AssignBool", "path": ["sys", "failed"], "value": false}, "version": 7, "at": 1735504595.7033489}
{"obj": {"type": "ClearStringLog", "path": ["monitoring", "942b611a", "stdout"]}, "version": 8, "at": 1735504595.704295}
{"obj": {"type": "ClearStringLog", "path": ["monitoring", "942b611a", "stderr"]}, "version": 9, "at": 1735504595.704382}
{"obj": {"type": "AssignString", "path": ["source_code", "entrypoint"], "value": "train.py"}, "version": 10, "at": 1735504595.704886}
{"obj": {"type": "UploadFileSet", "path": ["source_code", "files"], "file_globs": ["/Users/erwan/Workspace/WSS-UIC/train_vgg_resnet/train.py"], "reset": "False"}, "version": 11, "at": 1735504595.704982}
{"obj": {"type": "UploadFile", "path": ["source_code", "diff"], "ext": "patch", "file_path": null, "tmp_file_name": "source_code_diff-1735504595.884295-2024-12-29_21.36.35.884295.patch", "clean_after_upload": false}, "version": 12, "at": 1735504595.8846238}
{"obj": {"type": "ConfigFloatSeries", "path": ["monitoring", "942b611a", "cpu"], "min": 0.0, "max": 100.0, "unit": "%"}, "version": 13, "at": 1735504595.888489}
{"obj": {"type": "ClearFloatLog", "path": ["monitoring", "942b611a", "cpu"]}, "version": 14, "at": 1735504595.888566}
{"obj": {"type": "ConfigFloatSeries", "path": ["monitoring", "942b611a", "memory"], "min": 0.0, "max": 16.0, "unit": "GB"}, "version": 15, "at": 1735504595.888659}
{"obj": {"type": "ClearFloatLog", "path": ["monitoring", "942b611a", "memory"]}, "version": 16, "at": 1735504595.888696}
{"obj": {"type": "LogStrings", "path": ["monitoring", "942b611a", "stderr"], "values": [{"value": "[neptune] [warning] /Users/erwan/Workspace/WSS-UIC/train_vgg_resnet/train.py:46: NeptuneWarning: Info (NVML): NVML Shared Library Not Found. GPU usage metrics may not be reported. For more information, see https://docs.neptune.ai/help/nvml_error/\n", "step": null, "ts": 1735504595.8889081}]}, "version": 17, "at": 1735504595.88897}
{"obj": {"type": "LogFloats", "path": ["monitoring", "942b611a", "memory"], "values": [{"value": 8.390945434570312, "step": null, "ts": 1735504595.889076}]}, "version": 18, "at": 1735504595.889686}
{"obj": {"type": "AssignString", "path": ["config", "optimizer"], "value": "Adam"}, "version": 19, "at": 1735504595.889845}
{"obj": {"type": "LogStrings", "path": ["monitoring", "942b611a", "stdout"], "values": [{"value": "ici la ", "step": null, "ts": 1735504595.890579}]}, "version": 20, "at": 1735504595.890607}
{"obj": {"type": "LogStrings", "path": ["monitoring", "942b611a", "stdout"], "values": [{"value": "\n", "step": null, "ts": 1735504595.890699}]}, "version": 21, "at": 1735504595.890715}
{"obj": {"type": "LogStrings", "path": ["monitoring", "942b611a", "stderr"], "values": [{"value": "\r  0%|                                                                                                                                                                                 | 0/2 [00:00<?, ?it/s]", "step": null, "ts": 1735504595.8985012}]}, "version": 22, "at": 1735504595.898793}
{"obj": {"type": "LogStrings", "path": ["monitoring", "942b611a", "stdout"], "values": [{"value": "dqsdqs", "step": null, "ts": 1735504595.900767}]}, "version": 23, "at": 1735504595.900817}
{"obj": {"type": "LogStrings", "path": ["monitoring", "942b611a", "stdout"], "values": [{"value": "\n", "step": null, "ts": 1735504595.902487}]}, "version": 24, "at": 1735504595.9025211}
{"obj": {"type": "LogStrings", "path": ["monitoring", "942b611a", "stderr"], "values": [{"value": "", "step": null, "ts": 1735504595.956581}]}, "version": 25, "at": 1735504595.956627}
{"obj": {"type": "LogStrings", "path": ["monitoring", "942b611a", "traceback"], "values": [{"value": "An uncaught exception occurred while run was active on worker Admins-MacBook-Pro.local.", "step": null, "ts": 1735504595.957056}, {"value": "Marking run as failed", "step": null, "ts": 1735504595.957056}, {"value": "Traceback:", "step": null, "ts": 1735504595.957056}, {"value": "  File \"/Users/erwan/Workspace/WSS-UIC/train_vgg_resnet/train.py\", line 128, in <module>\n    train(\n", "step": null, "ts": 1735504595.957056}, {"value": "  File \"/Users/erwan/Workspace/WSS-UIC/train_vgg_resnet/train.py\", line 66, in train\n    print(batch.shape)\n", "step": null, "ts": 1735504595.957056}, {"value": "'list' object has no attribute 'shape'", "step": null, "ts": 1735504595.957056}]}, "version": 26, "at": 1735504595.957094}
{"obj": {"type": "LogStrings", "path": ["monitoring", "942b611a", "stderr"], "values": [{"value": "\r  0%|                                                                                                                                                                                 | 0/2 [00:00<?, ?it/s]", "step": null, "ts": 1735504595.957199}]}, "version": 27, "at": 1735504595.957215}
{"obj": {"type": "AssignBool", "path": ["sys", "failed"], "value": true}, "version": 28, "at": 1735504595.957352}
{"obj": {"type": "LogStrings", "path": ["monitoring", "942b611a", "stderr"], "values": [{"value": "\n", "step": null, "ts": 1735504595.9574568}]}, "version": 29, "at": 1735504595.957488}
{"obj": {"type": "LogStrings", "path": ["monitoring", "942b611a", "stderr"], "values": [{"value": "Traceback (most recent call last):\n", "step": null, "ts": 1735504595.9576619}]}, "version": 30, "at": 1735504595.957681}
{"obj": {"type": "LogStrings", "path": ["monitoring", "942b611a", "stderr"], "values": [{"value": "  File \"/Users/erwan/Workspace/WSS-UIC/train_vgg_resnet/train.py\", line 128, in <module>\n", "step": null, "ts": 1735504595.957948}]}, "version": 31, "at": 1735504595.9579678}
{"obj": {"type": "LogStrings", "path": ["monitoring", "942b611a", "stderr"], "values": [{"value": "    ", "step": null, "ts": 1735504595.958148}]}, "version": 32, "at": 1735504595.958164}
{"obj": {"type": "LogStrings", "path": ["monitoring", "942b611a", "stderr"], "values": [{"value": "train(", "step": null, "ts": 1735504595.958368}]}, "version": 33, "at": 1735504595.958391}
{"obj": {"type": "LogStrings", "path": ["monitoring", "942b611a", "stdout"], "values": [{"value": "[neptune] [info   ] Shutting down background jobs, please wait a moment...\n", "step": null, "ts": 1735504595.958935}]}, "version": 34, "at": 1735504595.958955}
{"obj": {"type": "LogStrings", "path": ["monitoring", "942b611a", "stderr"], "values": [{"value": "\n", "step": null, "ts": 1735504595.9590888}]}, "version": 35, "at": 1735504595.959105}
{"obj": {"type": "LogStrings", "path": ["monitoring", "942b611a", "stderr"], "values": [{"value": "  File \"/Users/erwan/Workspace/WSS-UIC/train_vgg_resnet/train.py\", line 66, in train\n", "step": null, "ts": 1735504595.9591749}]}, "version": 36, "at": 1735504595.959188}
{"obj": {"type": "LogStrings", "path": ["monitoring", "942b611a", "stderr"], "values": [{"value": "    ", "step": null, "ts": 1735504595.95925}]}, "version": 37, "at": 1735504595.959262}
{"obj": {"type": "LogStrings", "path": ["monitoring", "942b611a", "stderr"], "values": [{"value": "print(batch.shape)", "step": null, "ts": 1735504595.959318}]}, "version": 38, "at": 1735504595.9593291}
{"obj": {"type": "LogStrings", "path": ["monitoring", "942b611a", "stderr"], "values": [{"value": "\n", "step": null, "ts": 1735504595.959384}]}, "version": 39, "at": 1735504595.9593952}
{"obj": {"type": "LogStrings", "path": ["monitoring", "942b611a", "stderr"], "values": [{"value": "AttributeError", "step": null, "ts": 1735504595.959448}]}, "version": 40, "at": 1735504595.959459}
{"obj": {"type": "LogStrings", "path": ["monitoring", "942b611a", "stderr"], "values": [{"value": ": ", "step": null, "ts": 1735504595.959562}]}, "version": 41, "at": 1735504595.959574}
{"obj": {"type": "LogStrings", "path": ["monitoring", "942b611a", "stderr"], "values": [{"value": "'list' object has no attribute 'shape'", "step": null, "ts": 1735504595.95963}]}, "version": 42, "at": 1735504595.959641}
{"obj": {"type": "LogStrings", "path": ["monitoring", "942b611a", "stderr"], "values": [{"value": "\n", "step": null, "ts": 1735504595.959695}]}, "version": 43, "at": 1735504595.959706}
