{"obj": {"type": "AssignString", "path": ["sys", "name"], "value": "Untitled"}, "version": 1, "at": 1735503813.9460669}
{"obj": {"type": "AssignString", "path": ["sys", "description"], "value": ""}, "version": 2, "at": 1735503813.94641}
{"obj": {"type": "AssignString", "path": ["monitoring", "81d21140", "hostname"], "value": "Admins-MacBook-Pro.local"}, "version": 3, "at": 1735503813.946547}
{"obj": {"type": "AssignString", "path": ["sys", "hostname"], "value": "Admins-MacBook-Pro.local"}, "version": 4, "at": 1735503813.946741}
{"obj": {"type": "AssignString", "path": ["monitoring", "81d21140", "pid"], "value": "22573"}, "version": 5, "at": 1735503813.946866}
{"obj": {"type": "AssignString", "path": ["monitoring", "81d21140", "tid"], "value": "4495556032"}, "version": 6, "at": 1735503813.946978}
{"obj": {"type": "AssignBool", "path": ["sys", "failed"], "value": false}, "version": 7, "at": 1735503813.947115}
{"obj": {"type": "ClearStringLog", "path": ["monitoring", "81d21140", "stdout"]}, "version": 8, "at": 1735503813.9472718}
{"obj": {"type": "ClearStringLog", "path": ["monitoring", "81d21140", "stderr"]}, "version": 9, "at": 1735503813.947365}
{"obj": {"type": "AssignString", "path": ["source_code", "entrypoint"], "value": "train.py"}, "version": 10, "at": 1735503813.9481971}
{"obj": {"type": "UploadFileSet", "path": ["source_code", "files"], "file_globs": ["/Users/erwan/Workspace/WSS-UIC/train_vgg_resnet/train.py"], "reset": "False"}, "version": 11, "at": 1735503813.948334}
{"obj": {"type": "UploadFile", "path": ["source_code", "diff"], "ext": "patch", "file_path": null, "tmp_file_name": "source_code_diff-1735503814.250109-2024-12-29_21.23.34.250109.patch", "clean_after_upload": false}, "version": 12, "at": 1735503814.2505972}
{"obj": {"type": "ConfigFloatSeries", "path": ["monitoring", "81d21140", "cpu"], "min": 0.0, "max": 100.0, "unit": "%"}, "version": 13, "at": 1735503814.256667}
{"obj": {"type": "ClearFloatLog", "path": ["monitoring", "81d21140", "cpu"]}, "version": 14, "at": 1735503814.256872}
{"obj": {"type": "LogStrings", "path": ["monitoring", "81d21140", "stderr"], "values": [{"value": "[neptune] [warning] /Users/erwan/Workspace/WSS-UIC/train_vgg_resnet/train.py:46: NeptuneWarning: Info (NVML): NVML Shared Library Not Found. GPU usage metrics may not be reported. For more information, see https://docs.neptune.ai/help/nvml_error/\n", "step": null, "ts": 1735503814.2570539}]}, "version": 15, "at": 1735503814.257138}
{"obj": {"type": "ConfigFloatSeries", "path": ["monitoring", "81d21140", "memory"], "min": 0.0, "max": 16.0, "unit": "GB"}, "version": 16, "at": 1735503814.257317}
{"obj": {"type": "ClearFloatLog", "path": ["monitoring", "81d21140", "memory"]}, "version": 17, "at": 1735503814.257376}
{"obj": {"type": "LogFloats", "path": ["monitoring", "81d21140", "memory"], "values": [{"value": 9.881000518798828, "step": null, "ts": 1735503814.257556}]}, "version": 18, "at": 1735503814.2577999}
{"obj": {"type": "AssignString", "path": ["config", "optimizer"], "value": "Adam"}, "version": 19, "at": 1735503814.2582111}
{"obj": {"type": "LogStrings", "path": ["monitoring", "81d21140", "stdout"], "values": [{"value": "ici la ", "step": null, "ts": 1735503814.258642}]}, "version": 20, "at": 1735503814.2586792}
{"obj": {"type": "LogStrings", "path": ["monitoring", "81d21140", "stdout"], "values": [{"value": "\n", "step": null, "ts": 1735503814.259017}]}, "version": 21, "at": 1735503814.2590451}
{"obj": {"type": "LogStrings", "path": ["monitoring", "81d21140", "stderr"], "values": [{"value": "\r  0%|                                                                                                                                                                                 | 0/2 [00:00<?, ?it/s]", "step": null, "ts": 1735503814.262292}]}, "version": 22, "at": 1735503814.262332}
{"obj": {"type": "LogStrings", "path": ["monitoring", "81d21140", "stderr"], "values": [{"value": "", "step": null, "ts": 1735503814.267939}]}, "version": 23, "at": 1735503814.267977}
{"obj": {"type": "LogStrings", "path": ["monitoring", "81d21140", "stderr"], "values": [{"value": "\r  0%|                                                                                                                                                                                 | 0/2 [00:00<?, ?it/s]", "step": null, "ts": 1735503814.268197}]}, "version": 24, "at": 1735503814.268223}
{"obj": {"type": "LogStrings", "path": ["monitoring", "81d21140", "stderr"], "values": [{"value": "\n", "step": null, "ts": 1735503814.268579}]}, "version": 25, "at": 1735503814.2686028}
{"obj": {"type": "LogStrings", "path": ["monitoring", "81d21140", "traceback"], "values": [{"value": "An uncaught exception occurred while run was active on worker Admins-MacBook-Pro.local.", "step": null, "ts": 1735503814.272347}, {"value": "Marking run as failed", "step": null, "ts": 1735503814.272347}, {"value": "Traceback:", "step": null, "ts": 1735503814.272347}, {"value": "  File \"<string>\", line 1, in <module>\n", "step": null, "ts": 1735503814.272347}, {"value": "  File \"/Users/erwan/miniconda3/envs/segmentation_env/lib/python3.10/multiprocessing/spawn.py\", line 116, in spawn_main\n    exitcode = _main(fd, parent_sentinel)\n", "step": null, "ts": 1735503814.272347}, {"value": "  File \"/Users/erwan/miniconda3/envs/segmentation_env/lib/python3.10/multiprocessing/spawn.py\", line 125, in _main\n    prepare(preparation_data)\n", "step": null, "ts": 1735503814.272347}, {"value": "  File \"/Users/erwan/miniconda3/envs/segmentation_env/lib/python3.10/multiprocessing/spawn.py\", line 236, in prepare\n    _fixup_main_from_path(data['init_main_from_path'])\n", "step": null, "ts": 1735503814.272347}, {"value": "  File \"/Users/erwan/miniconda3/envs/segmentation_env/lib/python3.10/multiprocessing/spawn.py\", line 287, in _fixup_main_from_path\n    main_content = runpy.run_path(main_path,\n", "step": null, "ts": 1735503814.272347}, {"value": "  File \"/Users/erwan/miniconda3/envs/segmentation_env/lib/python3.10/runpy.py\", line 269, in run_path\n    return _run_module_code(code, init_globals, run_name,\n", "step": null, "ts": 1735503814.272347}, {"value": "  File \"/Users/erwan/miniconda3/envs/segmentation_env/lib/python3.10/runpy.py\", line 96, in _run_module_code\n    _run_code(code, mod_globals, init_globals,\n", "step": null, "ts": 1735503814.272347}]}, "version": 26, "at": 1735503814.272452}
{"obj": {"type": "LogStrings", "path": ["monitoring", "81d21140", "traceback"], "values": [{"value": "  File \"/Users/erwan/miniconda3/envs/segmentation_env/lib/python3.10/runpy.py\", line 86, in _run_code\n    exec(code, run_globals)\n", "step": null, "ts": 1735503814.272347}, {"value": "  File \"/Users/erwan/Workspace/WSS-UIC/train_vgg_resnet/train.py\", line 123, in <module>\n    train(\n", "step": null, "ts": 1735503814.272347}, {"value": "  File \"/Users/erwan/Workspace/WSS-UIC/train_vgg_resnet/train.py\", line 62, in train\n    for batch in train_dl:\n", "step": null, "ts": 1735503814.272347}, {"value": "  File \"/Users/erwan/miniconda3/envs/segmentation_env/lib/python3.10/site-packages/torch/utils/data/dataloader.py\", line 439, in __iter__\n    return self._get_iterator()\n", "step": null, "ts": 1735503814.272347}, {"value": "  File \"/Users/erwan/miniconda3/envs/segmentation_env/lib/python3.10/site-packages/torch/utils/data/dataloader.py\", line 387, in _get_iterator\n    return _MultiProcessingDataLoaderIter(self)\n", "step": null, "ts": 1735503814.272347}, {"value": "  File \"/Users/erwan/miniconda3/envs/segmentation_env/lib/python3.10/site-packages/torch/utils/data/dataloader.py\", line 1040, in __init__\n    w.start()\n", "step": null, "ts": 1735503814.272347}, {"value": "  File \"/Users/erwan/miniconda3/envs/segmentation_env/lib/python3.10/multiprocessing/process.py\", line 121, in start\n    self._popen = self._Popen(self)\n", "step": null, "ts": 1735503814.272347}, {"value": "  File \"/Users/erwan/miniconda3/envs/segmentation_env/lib/python3.10/multiprocessing/context.py\", line 224, in _Popen\n    return _default_context.get_context().Process._Popen(process_obj)\n", "step": null, "ts": 1735503814.272347}, {"value": "  File \"/Users/erwan/miniconda3/envs/segmentation_env/lib/python3.10/multiprocessing/context.py\", line 284, in _Popen\n    return Popen(process_obj)\n", "step": null, "ts": 1735503814.272347}, {"value": "  File \"/Users/erwan/miniconda3/envs/segmentation_env/lib/python3.10/multiprocessing/popen_spawn_posix.py\", line 32, in __init__\n    super().__init__(process_obj)\n", "step": null, "ts": 1735503814.272347}]}, "version": 27, "at": 1735503814.272576}
{"obj": {"type": "LogStrings", "path": ["monitoring", "81d21140", "traceback"], "values": [{"value": "  File \"/Users/erwan/miniconda3/envs/segmentation_env/lib/python3.10/multiprocessing/popen_fork.py\", line 19, in __init__\n    self._launch(process_obj)\n", "step": null, "ts": 1735503814.272347}, {"value": "  File \"/Users/erwan/miniconda3/envs/segmentation_env/lib/python3.10/multiprocessing/popen_spawn_posix.py\", line 42, in _launch\n    prep_data = spawn.get_preparation_data(process_obj._name)\n", "step": null, "ts": 1735503814.272347}, {"value": "  File \"/Users/erwan/miniconda3/envs/segmentation_env/lib/python3.10/multiprocessing/spawn.py\", line 154, in get_preparation_data\n    _check_not_importing_main()\n", "step": null, "ts": 1735503814.272347}, {"value": "  File \"/Users/erwan/miniconda3/envs/segmentation_env/lib/python3.10/multiprocessing/spawn.py\", line 134, in _check_not_importing_main\n    raise RuntimeError('''\n", "step": null, "ts": 1735503814.272347}, {"value": "", "step": null, "ts": 1735503814.272347}, {"value": "        An attempt has been made to start a new process before the", "step": null, "ts": 1735503814.272347}, {"value": "        current process has finished its bootstrapping phase.", "step": null, "ts": 1735503814.272347}, {"value": "", "step": null, "ts": 1735503814.272347}, {"value": "        This probably means that you are not using fork to start your", "step": null, "ts": 1735503814.272347}, {"value": "        child processes and you have forgotten to use the proper idiom", "step": null, "ts": 1735503814.272347}]}, "version": 28, "at": 1735503814.272747}
{"obj": {"type": "LogStrings", "path": ["monitoring", "81d21140", "traceback"], "values": [{"value": "        in the main module:", "step": null, "ts": 1735503814.272347}, {"value": "", "step": null, "ts": 1735503814.272347}, {"value": "            if __name__ == '__main__':", "step": null, "ts": 1735503814.272347}, {"value": "                freeze_support()", "step": null, "ts": 1735503814.272347}, {"value": "                ...", "step": null, "ts": 1735503814.272347}, {"value": "", "step": null, "ts": 1735503814.272347}, {"value": "        The \"freeze_support()\" line can be omitted if the program", "step": null, "ts": 1735503814.272347}, {"value": "        is not going to be frozen to produce an executable.", "step": null, "ts": 1735503814.272347}]}, "version": 29, "at": 1735503814.2728388}
{"obj": {"type": "AssignBool", "path": ["sys", "failed"], "value": true}, "version": 30, "at": 1735503814.2729778}
{"obj": {"type": "LogStrings", "path": ["monitoring", "81d21140", "stderr"], "values": [{"value": "Traceback (most recent call last):\n", "step": null, "ts": 1735503814.273205}]}, "version": 31, "at": 1735503814.273234}
{"obj": {"type": "LogStrings", "path": ["monitoring", "81d21140", "stderr"], "values": [{"value": "  File \"<string>\", line 1, in <module>\n", "step": null, "ts": 1735503814.273386}]}, "version": 32, "at": 1735503814.273411}
{"obj": {"type": "LogStrings", "path": ["monitoring", "81d21140", "stderr"], "values": [{"value": "  File \"/Users/erwan/miniconda3/envs/segmentation_env/lib/python3.10/multiprocessing/spawn.py\", line 116, in spawn_main\n", "step": null, "ts": 1735503814.2737331}]}, "version": 33, "at": 1735503814.27376}
{"obj": {"type": "LogStrings", "path": ["monitoring", "81d21140", "stderr"], "values": [{"value": "    ", "step": null, "ts": 1735503814.2741}]}, "version": 34, "at": 1735503814.274126}
{"obj": {"type": "LogStrings", "path": ["monitoring", "81d21140", "stderr"], "values": [{"value": "exitcode = _main(fd, parent_sentinel)", "step": null, "ts": 1735503814.2742422}]}, "version": 35, "at": 1735503814.274267}
{"obj": {"type": "LogStrings", "path": ["monitoring", "81d21140", "stderr"], "values": [{"value": "\n", "step": null, "ts": 1735503814.27449}]}, "version": 36, "at": 1735503814.2745159}
{"obj": {"type": "LogStrings", "path": ["monitoring", "81d21140", "stderr"], "values": [{"value": "  File \"/Users/erwan/miniconda3/envs/segmentation_env/lib/python3.10/multiprocessing/spawn.py\", line 125, in _main\n", "step": null, "ts": 1735503814.274692}]}, "version": 37, "at": 1735503814.274716}
{"obj": {"type": "LogStrings", "path": ["monitoring", "81d21140", "stderr"], "values": [{"value": "    ", "step": null, "ts": 1735503814.275029}]}, "version": 38, "at": 1735503814.275053}
{"obj": {"type": "LogStrings", "path": ["monitoring", "81d21140", "stderr"], "values": [{"value": "prepare(preparation_data)", "step": null, "ts": 1735503814.2753239}]}, "version": 39, "at": 1735503814.275349}
{"obj": {"type": "LogStrings", "path": ["monitoring", "81d21140", "stderr"], "values": [{"value": "\n", "step": null, "ts": 1735503814.275459}]}, "version": 40, "at": 1735503814.275483}
{"obj": {"type": "LogStrings", "path": ["monitoring", "81d21140", "stderr"], "values": [{"value": "  File \"/Users/erwan/miniconda3/envs/segmentation_env/lib/python3.10/multiprocessing/spawn.py\", line 236, in prepare\n", "step": null, "ts": 1735503814.2756329}]}, "version": 41, "at": 1735503814.275672}
{"obj": {"type": "LogStrings", "path": ["monitoring", "81d21140", "stderr"], "values": [{"value": "    ", "step": null, "ts": 1735503814.275834}]}, "version": 42, "at": 1735503814.2758589}
{"obj": {"type": "LogStrings", "path": ["monitoring", "81d21140", "stderr"], "values": [{"value": "_fixup_main_from_path(data['init_main_from_path'])", "step": null, "ts": 1735503814.275969}]}, "version": 43, "at": 1735503814.275993}
{"obj": {"type": "LogStrings", "path": ["monitoring", "81d21140", "stderr"], "values": [{"value": "\n", "step": null, "ts": 1735503814.2761269}]}, "version": 44, "at": 1735503814.276151}
{"obj": {"type": "LogStrings", "path": ["monitoring", "81d21140", "stderr"], "values": [{"value": "  File \"/Users/erwan/miniconda3/envs/segmentation_env/lib/python3.10/multiprocessing/spawn.py\", line 287, in _fixup_main_from_path\n", "step": null, "ts": 1735503814.276337}]}, "version": 45, "at": 1735503814.276362}
{"obj": {"type": "LogStrings", "path": ["monitoring", "81d21140", "stderr"], "values": [{"value": "    ", "step": null, "ts": 1735503814.276671}]}, "version": 46, "at": 1735503814.276695}
{"obj": {"type": "LogStrings", "path": ["monitoring", "81d21140", "stderr"], "values": [{"value": "main_content = runpy.run_path(main_path,", "step": null, "ts": 1735503814.276793}]}, "version": 47, "at": 1735503814.276814}
{"obj": {"type": "LogStrings", "path": ["monitoring", "81d21140", "stderr"], "values": [{"value": "\n", "step": null, "ts": 1735503814.277013}]}, "version": 48, "at": 1735503814.277039}
{"obj": {"type": "LogStrings", "path": ["monitoring", "81d21140", "stderr"], "values": [{"value": "  File \"/Users/erwan/miniconda3/envs/segmentation_env/lib/python3.10/runpy.py\", line 269, in run_path\n", "step": null, "ts": 1735503814.277169}]}, "version": 49, "at": 1735503814.2771919}
{"obj": {"type": "LogStrings", "path": ["monitoring", "81d21140", "stderr"], "values": [{"value": "    ", "step": null, "ts": 1735503814.277461}]}, "version": 50, "at": 1735503814.277484}
{"obj": {"type": "LogStrings", "path": ["monitoring", "81d21140", "stderr"], "values": [{"value": "return _run_module_code(code, init_globals, run_name,", "step": null, "ts": 1735503814.277588}]}, "version": 51, "at": 1735503814.277611}
{"obj": {"type": "LogStrings", "path": ["monitoring", "81d21140", "stderr"], "values": [{"value": "\n", "step": null, "ts": 1735503814.2777941}]}, "version": 52, "at": 1735503814.2778182}
{"obj": {"type": "LogStrings", "path": ["monitoring", "81d21140", "stderr"], "values": [{"value": "  File \"/Users/erwan/miniconda3/envs/segmentation_env/lib/python3.10/runpy.py\", line 96, in _run_module_code\n", "step": null, "ts": 1735503814.277979}]}, "version": 53, "at": 1735503814.278003}
{"obj": {"type": "LogStrings", "path": ["monitoring", "81d21140", "stderr"], "values": [{"value": "    ", "step": null, "ts": 1735503814.2782788}]}, "version": 54, "at": 1735503814.278302}
{"obj": {"type": "LogStrings", "path": ["monitoring", "81d21140", "stderr"], "values": [{"value": "_run_code(code, mod_globals, init_globals,", "step": null, "ts": 1735503814.2784278}]}, "version": 55, "at": 1735503814.2784488}
{"obj": {"type": "LogStrings", "path": ["monitoring", "81d21140", "stderr"], "values": [{"value": "\n", "step": null, "ts": 1735503814.278541}]}, "version": 56, "at": 1735503814.27856}
{"obj": {"type": "LogStrings", "path": ["monitoring", "81d21140", "stderr"], "values": [{"value": "  File \"/Users/erwan/miniconda3/envs/segmentation_env/lib/python3.10/runpy.py\", line 86, in _run_code\n", "step": null, "ts": 1735503814.278691}]}, "version": 57, "at": 1735503814.2787101}
{"obj": {"type": "LogStrings", "path": ["monitoring", "81d21140", "stderr"], "values": [{"value": "    ", "step": null, "ts": 1735503814.278953}]}, "version": 58, "at": 1735503814.278975}
{"obj": {"type": "LogStrings", "path": ["monitoring", "81d21140", "stderr"], "values": [{"value": "exec(code, run_globals)", "step": null, "ts": 1735503814.279089}]}, "version": 59, "at": 1735503814.279109}
{"obj": {"type": "LogStrings", "path": ["monitoring", "81d21140", "stderr"], "values": [{"value": "\n", "step": null, "ts": 1735503814.279222}]}, "version": 60, "at": 1735503814.2792408}
{"obj": {"type": "LogStrings", "path": ["monitoring", "81d21140", "stderr"], "values": [{"value": "  File \"/Users/erwan/Workspace/WSS-UIC/train_vgg_resnet/train.py\", line 123, in <module>\n", "step": null, "ts": 1735503814.279327}]}, "version": 61, "at": 1735503814.2793758}
{"obj": {"type": "LogStrings", "path": ["monitoring", "81d21140", "stderr"], "values": [{"value": "    ", "step": null, "ts": 1735503814.279664}]}, "version": 62, "at": 1735503814.279689}
{"obj": {"type": "LogStrings", "path": ["monitoring", "81d21140", "stderr"], "values": [{"value": "train(", "step": null, "ts": 1735503814.279828}]}, "version": 63, "at": 1735503814.279851}
{"obj": {"type": "LogStrings", "path": ["monitoring", "81d21140", "stderr"], "values": [{"value": "\n", "step": null, "ts": 1735503814.280125}]}, "version": 64, "at": 1735503814.2801511}
{"obj": {"type": "LogStrings", "path": ["monitoring", "81d21140", "stderr"], "values": [{"value": "  File \"/Users/erwan/Workspace/WSS-UIC/train_vgg_resnet/train.py\", line 62, in train\n", "step": null, "ts": 1735503814.2803001}]}, "version": 65, "at": 1735503814.280324}
{"obj": {"type": "LogStrings", "path": ["monitoring", "81d21140", "stderr"], "values": [{"value": "    ", "step": null, "ts": 1735503814.2804348}]}, "version": 66, "at": 1735503814.280458}
{"obj": {"type": "LogStrings", "path": ["monitoring", "81d21140", "stderr"], "values": [{"value": "for batch in train_dl:", "step": null, "ts": 1735503814.2805812}]}, "version": 67, "at": 1735503814.280604}
{"obj": {"type": "LogStrings", "path": ["monitoring", "81d21140", "stderr"], "values": [{"value": "\n", "step": null, "ts": 1735503814.2807271}]}, "version": 68, "at": 1735503814.280749}
{"obj": {"type": "LogStrings", "path": ["monitoring", "81d21140", "stderr"], "values": [{"value": "  File \"/Users/erwan/miniconda3/envs/segmentation_env/lib/python3.10/site-packages/torch/utils/data/dataloader.py\", line 439, in __iter__\n", "step": null, "ts": 1735503814.280854}]}, "version": 69, "at": 1735503814.280877}
{"obj": {"type": "LogStrings", "path": ["monitoring", "81d21140", "stderr"], "values": [{"value": "    ", "step": null, "ts": 1735503814.281225}]}, "version": 70, "at": 1735503814.28125}
{"obj": {"type": "LogStrings", "path": ["monitoring", "81d21140", "stderr"], "values": [{"value": "return self._get_iterator()", "step": null, "ts": 1735503814.28136}]}, "version": 71, "at": 1735503814.2813818}
{"obj": {"type": "LogStrings", "path": ["monitoring", "81d21140", "stderr"], "values": [{"value": "\n", "step": null, "ts": 1735503814.2815208}]}, "version": 72, "at": 1735503814.281548}
{"obj": {"type": "LogStrings", "path": ["monitoring", "81d21140", "stderr"], "values": [{"value": "  File \"/Users/erwan/miniconda3/envs/segmentation_env/lib/python3.10/site-packages/torch/utils/data/dataloader.py\", line 387, in _get_iterator\n", "step": null, "ts": 1735503814.2817721}]}, "version": 73, "at": 1735503814.281798}
{"obj": {"type": "LogStrings", "path": ["monitoring", "81d21140", "stderr"], "values": [{"value": "    ", "step": null, "ts": 1735503814.2821178}]}, "version": 74, "at": 1735503814.2821481}
{"obj": {"type": "LogStrings", "path": ["monitoring", "81d21140", "stderr"], "values": [{"value": "return _MultiProcessingDataLoaderIter(self)", "step": null, "ts": 1735503814.282302}]}, "version": 75, "at": 1735503814.28233}
{"obj": {"type": "LogStrings", "path": ["monitoring", "81d21140", "stderr"], "values": [{"value": "\n", "step": null, "ts": 1735503814.28254}]}, "version": 76, "at": 1735503814.2825758}
{"obj": {"type": "LogStrings", "path": ["monitoring", "81d21140", "stderr"], "values": [{"value": "  File \"/Users/erwan/miniconda3/envs/segmentation_env/lib/python3.10/site-packages/torch/utils/data/dataloader.py\", line 1040, in __init__\n", "step": null, "ts": 1735503814.282762}]}, "version": 77, "at": 1735503814.2827961}
{"obj": {"type": "LogStrings", "path": ["monitoring", "81d21140", "stderr"], "values": [{"value": "    ", "step": null, "ts": 1735503814.2833579}]}, "version": 78, "at": 1735503814.283396}
{"obj": {"type": "LogStrings", "path": ["monitoring", "81d21140", "stderr"], "values": [{"value": "w.start()", "step": null, "ts": 1735503814.28354}]}, "version": 79, "at": 1735503814.2835698}
{"obj": {"type": "LogStrings", "path": ["monitoring", "81d21140", "stderr"], "values": [{"value": "\n", "step": null, "ts": 1735503814.2837582}]}, "version": 80, "at": 1735503814.28379}
{"obj": {"type": "LogStrings", "path": ["monitoring", "81d21140", "stderr"], "values": [{"value": "  File \"/Users/erwan/miniconda3/envs/segmentation_env/lib/python3.10/multiprocessing/process.py\", line 121, in start\n", "step": null, "ts": 1735503814.28402}]}, "version": 81, "at": 1735503814.284054}
{"obj": {"type": "LogStrings", "path": ["monitoring", "81d21140", "stderr"], "values": [{"value": "    ", "step": null, "ts": 1735503814.284489}]}, "version": 82, "at": 1735503814.284526}
{"obj": {"type": "LogStrings", "path": ["monitoring", "81d21140", "stderr"], "values": [{"value": "self._popen = self._Popen(self)", "step": null, "ts": 1735503814.2846751}]}, "version": 83, "at": 1735503814.284707}
{"obj": {"type": "LogStrings", "path": ["monitoring", "81d21140", "stderr"], "values": [{"value": "\n", "step": null, "ts": 1735503814.284827}]}, "version": 84, "at": 1735503814.284854}
{"obj": {"type": "LogStrings", "path": ["monitoring", "81d21140", "stderr"], "values": [{"value": "  File \"/Users/erwan/miniconda3/envs/segmentation_env/lib/python3.10/multiprocessing/context.py\", line 224, in _Popen\n", "step": null, "ts": 1735503814.2849631}]}, "version": 85, "at": 1735503814.284987}
{"obj": {"type": "LogStrings", "path": ["monitoring", "81d21140", "stderr"], "values": [{"value": "    ", "step": null, "ts": 1735503814.285322}]}, "version": 86, "at": 1735503814.285356}
{"obj": {"type": "LogStrings", "path": ["monitoring", "81d21140", "stderr"], "values": [{"value": "return _default_context.get_context().Process._Popen(process_obj)", "step": null, "ts": 1735503814.285493}]}, "version": 87, "at": 1735503814.285522}
{"obj": {"type": "LogStrings", "path": ["monitoring", "81d21140", "stderr"], "values": [{"value": "\n", "step": null, "ts": 1735503814.28578}]}, "version": 88, "at": 1735503814.285867}
{"obj": {"type": "LogStrings", "path": ["monitoring", "81d21140", "stderr"], "values": [{"value": "  File \"/Users/erwan/miniconda3/envs/segmentation_env/lib/python3.10/multiprocessing/context.py\", line 284, in _Popen\n", "step": null, "ts": 1735503814.286025}]}, "version": 89, "at": 1735503814.286052}
{"obj": {"type": "LogStrings", "path": ["monitoring", "81d21140", "stderr"], "values": [{"value": "    ", "step": null, "ts": 1735503814.2864}]}, "version": 90, "at": 1735503814.2864268}
{"obj": {"type": "LogStrings", "path": ["monitoring", "81d21140", "stderr"], "values": [{"value": "return Popen(process_obj)", "step": null, "ts": 1735503814.2865431}]}, "version": 91, "at": 1735503814.286568}
{"obj": {"type": "LogStrings", "path": ["monitoring", "81d21140", "stderr"], "values": [{"value": "\n", "step": null, "ts": 1735503814.2867131}]}, "version": 92, "at": 1735503814.286738}
{"obj": {"type": "LogStrings", "path": ["monitoring", "81d21140", "stderr"], "values": [{"value": "  File \"/Users/erwan/miniconda3/envs/segmentation_env/lib/python3.10/multiprocessing/popen_spawn_posix.py\", line 32, in __init__\n", "step": null, "ts": 1735503814.2869592}]}, "version": 93, "at": 1735503814.286984}
{"obj": {"type": "LogStrings", "path": ["monitoring", "81d21140", "stderr"], "values": [{"value": "    ", "step": null, "ts": 1735503814.287266}]}, "version": 94, "at": 1735503814.28729}
{"obj": {"type": "LogStrings", "path": ["monitoring", "81d21140", "stderr"], "values": [{"value": "super().__init__(process_obj)", "step": null, "ts": 1735503814.2875378}]}, "version": 95, "at": 1735503814.287565}
{"obj": {"type": "LogStrings", "path": ["monitoring", "81d21140", "stderr"], "values": [{"value": "\n", "step": null, "ts": 1735503814.287681}]}, "version": 96, "at": 1735503814.287704}
{"obj": {"type": "LogStrings", "path": ["monitoring", "81d21140", "stderr"], "values": [{"value": "  File \"/Users/erwan/miniconda3/envs/segmentation_env/lib/python3.10/multiprocessing/popen_fork.py\", line 19, in __init__\n", "step": null, "ts": 1735503814.28781}]}, "version": 97, "at": 1735503814.287833}
{"obj": {"type": "LogStrings", "path": ["monitoring", "81d21140", "stderr"], "values": [{"value": "    ", "step": null, "ts": 1735503814.287936}]}, "version": 98, "at": 1735503814.287959}
{"obj": {"type": "LogStrings", "path": ["monitoring", "81d21140", "stderr"], "values": [{"value": "self._launch(process_obj)", "step": null, "ts": 1735503814.288059}]}, "version": 99, "at": 1735503814.28808}
{"obj": {"type": "LogStrings", "path": ["monitoring", "81d21140", "stderr"], "values": [{"value": "\n", "step": null, "ts": 1735503814.288225}]}, "version": 100, "at": 1735503814.288248}
{"obj": {"type": "LogStrings", "path": ["monitoring", "81d21140", "stderr"], "values": [{"value": "  File \"/Users/erwan/miniconda3/envs/segmentation_env/lib/python3.10/multiprocessing/popen_spawn_posix.py\", line 42, in _launch\n", "step": null, "ts": 1735503814.288459}]}, "version": 101, "at": 1735503814.288484}
{"obj": {"type": "LogStrings", "path": ["monitoring", "81d21140", "stderr"], "values": [{"value": "    ", "step": null, "ts": 1735503814.288717}]}, "version": 102, "at": 1735503814.2887418}
{"obj": {"type": "LogStrings", "path": ["monitoring", "81d21140", "stderr"], "values": [{"value": "prep_data = spawn.get_preparation_data(process_obj._name)", "step": null, "ts": 1735503814.288884}]}, "version": 103, "at": 1735503814.288908}
{"obj": {"type": "LogStrings", "path": ["monitoring", "81d21140", "stderr"], "values": [{"value": "\n", "step": null, "ts": 1735503814.289122}]}, "version": 104, "at": 1735503814.289183}
{"obj": {"type": "LogStrings", "path": ["monitoring", "81d21140", "stderr"], "values": [{"value": "  File \"/Users/erwan/miniconda3/envs/segmentation_env/lib/python3.10/multiprocessing/spawn.py\", line 154, in get_preparation_data\n", "step": null, "ts": 1735503814.2894511}]}, "version": 105, "at": 1735503814.28949}
{"obj": {"type": "LogStrings", "path": ["monitoring", "81d21140", "stderr"], "values": [{"value": "    ", "step": null, "ts": 1735503814.2898188}]}, "version": 106, "at": 1735503814.2898629}
{"obj": {"type": "LogStrings", "path": ["monitoring", "81d21140", "stderr"], "values": [{"value": "_check_not_importing_main()", "step": null, "ts": 1735503814.289979}]}, "version": 107, "at": 1735503814.290003}
{"obj": {"type": "LogStrings", "path": ["monitoring", "81d21140", "stderr"], "values": [{"value": "\n", "step": null, "ts": 1735503814.290261}]}, "version": 108, "at": 1735503814.290287}
{"obj": {"type": "LogStrings", "path": ["monitoring", "81d21140", "stderr"], "values": [{"value": "  File \"/Users/erwan/miniconda3/envs/segmentation_env/lib/python3.10/multiprocessing/spawn.py\", line 134, in _check_not_importing_main\n", "step": null, "ts": 1735503814.290762}]}, "version": 109, "at": 1735503814.2907898}
{"obj": {"type": "LogStrings", "path": ["monitoring", "81d21140", "stderr"], "values": [{"value": "    ", "step": null, "ts": 1735503814.2912362}]}, "version": 110, "at": 1735503814.2912982}
{"obj": {"type": "LogStrings", "path": ["monitoring", "81d21140", "stderr"], "values": [{"value": "raise RuntimeError('''", "step": null, "ts": 1735503814.291568}]}, "version": 111, "at": 1735503814.291617}
{"obj": {"type": "LogStrings", "path": ["monitoring", "81d21140", "stderr"], "values": [{"value": "\n", "step": null, "ts": 1735503814.292183}]}, "version": 112, "at": 1735503814.292253}
{"obj": {"type": "LogStrings", "path": ["monitoring", "81d21140", "stderr"], "values": [{"value": "RuntimeError", "step": null, "ts": 1735503814.2929459}]}, "version": 113, "at": 1735503814.292989}
{"obj": {"type": "LogStrings", "path": ["monitoring", "81d21140", "stderr"], "values": [{"value": ": ", "step": null, "ts": 1735503814.293371}]}, "version": 114, "at": 1735503814.2934191}
{"obj": {"type": "LogStrings", "path": ["monitoring", "81d21140", "stdout"], "values": [{"value": "[neptune] [info   ] Shutting down background jobs, please wait a moment...\n", "step": null, "ts": 1735503814.2937}]}, "version": 115, "at": 1735503814.29373}
{"obj": {"type": "LogStrings", "path": ["monitoring", "81d21140", "stderr"], "values": [{"value": "\n        An attempt has been made to start a new process before the\n        current process has finished its bootstrapping phase.\n\n        This probably means that you are not using fork to start your\n        child processes and you have forgotten to use the proper idiom\n        in the main module:\n\n            if __name__ == '__main__':\n                freeze_support()\n                ...\n\n        The \"freeze_support()\" line can be omitted if the program\n        is not going to be frozen to produce an executable.", "step": null, "ts": 1735503814.293874}]}, "version": 116, "at": 1735503814.2939}
{"obj": {"type": "LogStrings", "path": ["monitoring", "81d21140", "stderr"], "values": [{"value": "\n", "step": null, "ts": 1735503814.294056}]}, "version": 117, "at": 1735503814.294081}
