{"obj": {"type": "AssignString", "path": ["sys", "name"], "value": "Untitled"}, "version": 1, "at": 1735902081.168112}
{"obj": {"type": "AssignString", "path": ["sys", "description"], "value": ""}, "version": 2, "at": 1735902081.168381}
{"obj": {"type": "AssignString", "path": ["monitoring", "8f1bf741", "hostname"], "value": "Admins-MacBook-Pro.local"}, "version": 3, "at": 1735902081.1684842}
{"obj": {"type": "AssignString", "path": ["sys", "hostname"], "value": "Admins-MacBook-Pro.local"}, "version": 4, "at": 1735902081.168555}
{"obj": {"type": "AssignString", "path": ["monitoring", "8f1bf741", "pid"], "value": "24252"}, "version": 5, "at": 1735902081.1686242}
{"obj": {"type": "AssignString", "path": ["monitoring", "8f1bf741", "tid"], "value": "4665269696"}, "version": 6, "at": 1735902081.168691}
{"obj": {"type": "AssignBool", "path": ["sys", "failed"], "value": false}, "version": 7, "at": 1735902081.168784}
{"obj": {"type": "ClearStringLog", "path": ["monitoring", "8f1bf741", "stdout"]}, "version": 8, "at": 1735902081.1696599}
{"obj": {"type": "ClearStringLog", "path": ["monitoring", "8f1bf741", "stderr"]}, "version": 9, "at": 1735902081.169769}
{"obj": {"type": "AssignString", "path": ["source_code", "entrypoint"], "value": "train.py"}, "version": 10, "at": 1735902081.170302}
{"obj": {"type": "UploadFileSet", "path": ["source_code", "files"], "file_globs": ["/Users/erwan/Workspace/WSS-UIC/train_vgg_resnet/train.py"], "reset": "False"}, "version": 11, "at": 1735902081.1704}
{"obj": {"type": "UploadFile", "path": ["source_code", "diff"], "ext": "patch", "file_path": null, "tmp_file_name": "source_code_diff-1735902081.34616-2025-01-03_12.01.21.346160.patch", "clean_after_upload": false}, "version": 12, "at": 1735902081.346519}
{"obj": {"type": "ConfigFloatSeries", "path": ["monitoring", "8f1bf741", "cpu"], "min": 0.0, "max": 100.0, "unit": "%"}, "version": 13, "at": 1735902081.350951}
{"obj": {"type": "ClearFloatLog", "path": ["monitoring", "8f1bf741", "cpu"]}, "version": 14, "at": 1735902081.351083}
{"obj": {"type": "ConfigFloatSeries", "path": ["monitoring", "8f1bf741", "memory"], "min": 0.0, "max": 16.0, "unit": "GB"}, "version": 15, "at": 1735902081.351184}
{"obj": {"type": "ClearFloatLog", "path": ["monitoring", "8f1bf741", "memory"]}, "version": 16, "at": 1735902081.351222}
{"obj": {"type": "LogStrings", "path": ["monitoring", "8f1bf741", "stderr"], "values": [{"value": "[neptune] [warning] /Users/erwan/Workspace/WSS-UIC/train_vgg_resnet/train.py:46: NeptuneWarning: Info (NVML): NVML Shared Library Not Found. GPU usage metrics may not be reported. For more information, see https://docs.neptune.ai/help/nvml_error/\n", "step": null, "ts": 1735902081.351535}]}, "version": 17, "at": 1735902081.352034}
{"obj": {"type": "LogFloats", "path": ["monitoring", "8f1bf741", "memory"], "values": [{"value": 7.720180511474609, "step": null, "ts": 1735902081.3513799}]}, "version": 18, "at": 1735902081.3522282}
{"obj": {"type": "AssignString", "path": ["config", "optimizer"], "value": "Adam"}, "version": 19, "at": 1735902081.3523798}
{"obj": {"type": "LogStrings", "path": ["monitoring", "8f1bf741", "stdout"], "values": [{"value": "ici la ", "step": null, "ts": 1735902081.352824}]}, "version": 20, "at": 1735902081.352849}
{"obj": {"type": "LogStrings", "path": ["monitoring", "8f1bf741", "stdout"], "values": [{"value": "\n", "step": null, "ts": 1735902081.3531399}]}, "version": 21, "at": 1735902081.353158}
{"obj": {"type": "LogStrings", "path": ["monitoring", "8f1bf741", "stderr"], "values": [{"value": "\r  0%|                                                                                                                                                                                 | 0/2 [00:00<?, ?it/s]", "step": null, "ts": 1735902081.360804}]}, "version": 22, "at": 1735902081.3613172}
{"obj": {"type": "LogStrings", "path": ["monitoring", "8f1bf741", "stdout"], "values": [{"value": "dqsdqs", "step": null, "ts": 1735902081.363477}]}, "version": 23, "at": 1735902081.3635368}
{"obj": {"type": "LogStrings", "path": ["monitoring", "8f1bf741", "stdout"], "values": [{"value": "\n", "step": null, "ts": 1735902081.364813}]}, "version": 24, "at": 1735902081.3648572}
{"obj": {"type": "LogStrings", "path": ["monitoring", "8f1bf741", "stdout"], "values": [{"value": "1.0", "step": null, "ts": 1735902081.369233}]}, "version": 25, "at": 1735902081.369285}
{"obj": {"type": "LogStrings", "path": ["monitoring", "8f1bf741", "stdout"], "values": [{"value": "\n", "step": null, "ts": 1735902081.3700202}]}, "version": 26, "at": 1735902081.370058}
{"obj": {"type": "LogStrings", "path": ["monitoring", "8f1bf741", "stdout"], "values": [{"value": "image_3_cdb4b42c-65e9-4b1c-a5a0-94ee2c55d476.jpeg_1.png", "step": null, "ts": 1735902081.370293}]}, "version": 27, "at": 1735902081.370324}
{"obj": {"type": "LogStrings", "path": ["monitoring", "8f1bf741", "stdout"], "values": [{"value": "\n", "step": null, "ts": 1735902081.370504}]}, "version": 28, "at": 1735902081.37052}
{"obj": {"type": "LogStrings", "path": ["monitoring", "8f1bf741", "stdout"], "values": [{"value": "0.0", "step": null, "ts": 1735902081.381254}]}, "version": 29, "at": 1735902081.381301}
{"obj": {"type": "LogStrings", "path": ["monitoring", "8f1bf741", "stdout"], "values": [{"value": "\n", "step": null, "ts": 1735902081.381582}]}, "version": 30, "at": 1735902081.381616}
{"obj": {"type": "LogStrings", "path": ["monitoring", "8f1bf741", "stdout"], "values": [{"value": "image_12_a85a422d-5c33-45de-aaa1-0be9a84d9ed2.jpeg_0.png", "step": null, "ts": 1735902081.381815}]}, "version": 31, "at": 1735902081.38185}
{"obj": {"type": "LogStrings", "path": ["monitoring", "8f1bf741", "stdout"], "values": [{"value": "\n", "step": null, "ts": 1735902081.381997}]}, "version": 32, "at": 1735902081.382025}
{"obj": {"type": "LogStrings", "path": ["monitoring", "8f1bf741", "stdout"], "values": [{"value": "0.0", "step": null, "ts": 1735902081.3839848}]}, "version": 33, "at": 1735902081.384035}
{"obj": {"type": "LogStrings", "path": ["monitoring", "8f1bf741", "stdout"], "values": [{"value": "\n", "step": null, "ts": 1735902081.384296}]}, "version": 34, "at": 1735902081.38432}
{"obj": {"type": "LogStrings", "path": ["monitoring", "8f1bf741", "stdout"], "values": [{"value": "image_11_53220330-76c0-427d-995c-913792968afb.jpeg_0.png", "step": null, "ts": 1735902081.3844469}]}, "version": 35, "at": 1735902081.3844638}
{"obj": {"type": "LogStrings", "path": ["monitoring", "8f1bf741", "stdout"], "values": [{"value": "\n", "step": null, "ts": 1735902081.384577}]}, "version": 36, "at": 1735902081.384593}
{"obj": {"type": "LogStrings", "path": ["monitoring", "8f1bf741", "stdout"], "values": [{"value": "0.0", "step": null, "ts": 1735902081.387841}]}, "version": 37, "at": 1735902081.387945}
{"obj": {"type": "LogStrings", "path": ["monitoring", "8f1bf741", "stdout"], "values": [{"value": "\n", "step": null, "ts": 1735902081.388438}]}, "version": 38, "at": 1735902081.38847}
{"obj": {"type": "LogStrings", "path": ["monitoring", "8f1bf741", "stdout"], "values": [{"value": "image_12_57a329ff-d07d-4b68-af5e-189c28e6f75e.jpeg_0.png", "step": null, "ts": 1735902081.388674}]}, "version": 39, "at": 1735902081.388701}
{"obj": {"type": "LogStrings", "path": ["monitoring", "8f1bf741", "stdout"], "values": [{"value": "\n", "step": null, "ts": 1735902081.3888829}]}, "version": 40, "at": 1735902081.388906}
{"obj": {"type": "LogStrings", "path": ["monitoring", "8f1bf741", "stdout"], "values": [{"value": "0.0", "step": null, "ts": 1735902081.3919418}]}, "version": 41, "at": 1735902081.392001}
{"obj": {"type": "LogStrings", "path": ["monitoring", "8f1bf741", "stdout"], "values": [{"value": "\n", "step": null, "ts": 1735902081.392274}]}, "version": 42, "at": 1735902081.392295}
{"obj": {"type": "LogStrings", "path": ["monitoring", "8f1bf741", "stdout"], "values": [{"value": "image_9_83401afe-5ab8-43a8-b517-3d3819e4b713.jpeg_0.png", "step": null, "ts": 1735902081.392412}]}, "version": 43, "at": 1735902081.392428}
{"obj": {"type": "LogStrings", "path": ["monitoring", "8f1bf741", "stdout"], "values": [{"value": "\n", "step": null, "ts": 1735902081.3925672}]}, "version": 44, "at": 1735902081.392583}
{"obj": {"type": "LogStrings", "path": ["monitoring", "8f1bf741", "stdout"], "values": [{"value": "0.0", "step": null, "ts": 1735902081.395585}]}, "version": 45, "at": 1735902081.3956218}
{"obj": {"type": "LogStrings", "path": ["monitoring", "8f1bf741", "stdout"], "values": [{"value": "\n", "step": null, "ts": 1735902081.39585}]}, "version": 46, "at": 1735902081.395869}
{"obj": {"type": "LogStrings", "path": ["monitoring", "8f1bf741", "stdout"], "values": [{"value": "image_11_cdb4b42c-65e9-4b1c-a5a0-94ee2c55d476.jpeg_0.png", "step": null, "ts": 1735902081.395981}]}, "version": 47, "at": 1735902081.3959968}
{"obj": {"type": "LogStrings", "path": ["monitoring", "8f1bf741", "stdout"], "values": [{"value": "\n", "step": null, "ts": 1735902081.396096}]}, "version": 48, "at": 1735902081.396111}
{"obj": {"type": "LogStrings", "path": ["monitoring", "8f1bf741", "stdout"], "values": [{"value": "0.0", "step": null, "ts": 1735902081.3974981}]}, "version": 49, "at": 1735902081.397536}
{"obj": {"type": "LogStrings", "path": ["monitoring", "8f1bf741", "stdout"], "values": [{"value": "\n", "step": null, "ts": 1735902081.397761}]}, "version": 50, "at": 1735902081.397781}
{"obj": {"type": "LogStrings", "path": ["monitoring", "8f1bf741", "stdout"], "values": [{"value": "image_2_5608fe77-8934-4a24-b34d-95647ca23119.jpeg_0.png", "step": null, "ts": 1735902081.39791}]}, "version": 51, "at": 1735902081.3979259}
{"obj": {"type": "LogStrings", "path": ["monitoring", "8f1bf741", "stdout"], "values": [{"value": "\n", "step": null, "ts": 1735902081.398033}]}, "version": 52, "at": 1735902081.398051}
{"obj": {"type": "LogStrings", "path": ["monitoring", "8f1bf741", "stdout"], "values": [{"value": "1.0", "step": null, "ts": 1735902081.399953}]}, "version": 53, "at": 1735902081.399992}
{"obj": {"type": "LogStrings", "path": ["monitoring", "8f1bf741", "stdout"], "values": [{"value": "\n", "step": null, "ts": 1735902081.400285}]}, "version": 54, "at": 1735902081.400316}
{"obj": {"type": "LogStrings", "path": ["monitoring", "8f1bf741", "stdout"], "values": [{"value": "image_2_53220330-76c0-427d-995c-913792968afb.jpeg_1.png", "step": null, "ts": 1735902081.400502}]}, "version": 55, "at": 1735902081.4005299}
{"obj": {"type": "LogStrings", "path": ["monitoring", "8f1bf741", "stdout"], "values": [{"value": "\n", "step": null, "ts": 1735902081.4007108}]}, "version": 56, "at": 1735902081.400738}
{"obj": {"type": "LogStrings", "path": ["monitoring", "8f1bf741", "stdout"], "values": [{"value": "0.0", "step": null, "ts": 1735902081.404504}]}, "version": 57, "at": 1735902081.404586}
{"obj": {"type": "LogStrings", "path": ["monitoring", "8f1bf741", "stdout"], "values": [{"value": "\n", "step": null, "ts": 1735902081.4047801}]}, "version": 58, "at": 1735902081.404806}
{"obj": {"type": "LogStrings", "path": ["monitoring", "8f1bf741", "stdout"], "values": [{"value": "image_7_a85a422d-5c33-45de-aaa1-0be9a84d9ed2.jpeg_0.png", "step": null, "ts": 1735902081.404903}]}, "version": 59, "at": 1735902081.404923}
{"obj": {"type": "LogStrings", "path": ["monitoring", "8f1bf741", "stdout"], "values": [{"value": "\n", "step": null, "ts": 1735902081.4052439}]}, "version": 60, "at": 1735902081.4052632}
{"obj": {"type": "LogStrings", "path": ["monitoring", "8f1bf741", "stdout"], "values": [{"value": "0.0", "step": null, "ts": 1735902081.407596}]}, "version": 61, "at": 1735902081.4076412}
{"obj": {"type": "LogStrings", "path": ["monitoring", "8f1bf741", "stdout"], "values": [{"value": "\n", "step": null, "ts": 1735902081.407895}]}, "version": 62, "at": 1735902081.407924}
{"obj": {"type": "LogStrings", "path": ["monitoring", "8f1bf741", "stdout"], "values": [{"value": "image_10_a40ccade-6522-4752-a5cf-5aa9c6cfb15e.jpeg_0.png", "step": null, "ts": 1735902081.4080782}]}, "version": 63, "at": 1735902081.408098}
{"obj": {"type": "LogStrings", "path": ["monitoring", "8f1bf741", "stdout"], "values": [{"value": "\n", "step": null, "ts": 1735902081.408397}]}, "version": 64, "at": 1735902081.4084249}
{"obj": {"type": "LogStrings", "path": ["monitoring", "8f1bf741", "stdout"], "values": [{"value": "0.0", "step": null, "ts": 1735902081.410196}]}, "version": 65, "at": 1735902081.410235}
{"obj": {"type": "LogStrings", "path": ["monitoring", "8f1bf741", "stdout"], "values": [{"value": "\n", "step": null, "ts": 1735902081.4104729}]}, "version": 66, "at": 1735902081.4104939}
{"obj": {"type": "LogStrings", "path": ["monitoring", "8f1bf741", "stdout"], "values": [{"value": "image_10_cdb4b42c-65e9-4b1c-a5a0-94ee2c55d476.jpeg_0.png", "step": null, "ts": 1735902081.410611}]}, "version": 67, "at": 1735902081.4106271}
{"obj": {"type": "LogStrings", "path": ["monitoring", "8f1bf741", "stdout"], "values": [{"value": "\n", "step": null, "ts": 1735902081.41073}]}, "version": 68, "at": 1735902081.410746}
{"obj": {"type": "LogStrings", "path": ["monitoring", "8f1bf741", "stdout"], "values": [{"value": "0.0", "step": null, "ts": 1735902081.413238}]}, "version": 69, "at": 1735902081.413271}
{"obj": {"type": "LogStrings", "path": ["monitoring", "8f1bf741", "stdout"], "values": [{"value": "\n", "step": null, "ts": 1735902081.413482}]}, "version": 70, "at": 1735902081.413503}
{"obj": {"type": "LogStrings", "path": ["monitoring", "8f1bf741", "stdout"], "values": [{"value": "image_10_a85a422d-5c33-45de-aaa1-0be9a84d9ed2.jpeg_0.png", "step": null, "ts": 1735902081.413634}]}, "version": 71, "at": 1735902081.413651}
{"obj": {"type": "LogStrings", "path": ["monitoring", "8f1bf741", "stdout"], "values": [{"value": "\n", "step": null, "ts": 1735902081.413915}]}, "version": 72, "at": 1735902081.413932}
{"obj": {"type": "LogStrings", "path": ["monitoring", "8f1bf741", "stdout"], "values": [{"value": "1.0", "step": null, "ts": 1735902081.415767}]}, "version": 73, "at": 1735902081.415806}
{"obj": {"type": "LogStrings", "path": ["monitoring", "8f1bf741", "stdout"], "values": [{"value": "\n", "step": null, "ts": 1735902081.416021}]}, "version": 74, "at": 1735902081.41604}
{"obj": {"type": "LogStrings", "path": ["monitoring", "8f1bf741", "stdout"], "values": [{"value": "image_5_57a329ff-d07d-4b68-af5e-189c28e6f75e.jpeg_1.png", "step": null, "ts": 1735902081.416126}]}, "version": 75, "at": 1735902081.416142}
{"obj": {"type": "LogStrings", "path": ["monitoring", "8f1bf741", "stdout"], "values": [{"value": "\n", "step": null, "ts": 1735902081.416211}]}, "version": 76, "at": 1735902081.416225}
{"obj": {"type": "LogStrings", "path": ["monitoring", "8f1bf741", "stdout"], "values": [{"value": "0.0", "step": null, "ts": 1735902081.4203782}]}, "version": 77, "at": 1735902081.420427}
{"obj": {"type": "LogStrings", "path": ["monitoring", "8f1bf741", "stdout"], "values": [{"value": "\n", "step": null, "ts": 1735902081.420761}]}, "version": 78, "at": 1735902081.420795}
{"obj": {"type": "LogStrings", "path": ["monitoring", "8f1bf741", "stdout"], "values": [{"value": "image_8_a40ccade-6522-4752-a5cf-5aa9c6cfb15e.jpeg_0.png", "step": null, "ts": 1735902081.421206}]}, "version": 79, "at": 1735902081.421268}
{"obj": {"type": "LogStrings", "path": ["monitoring", "8f1bf741", "stdout"], "values": [{"value": "\n", "step": null, "ts": 1735902081.421715}]}, "version": 80, "at": 1735902081.421778}
{"obj": {"type": "LogStrings", "path": ["monitoring", "8f1bf741", "stdout"], "values": [{"value": "1.0", "step": null, "ts": 1735902081.4264472}]}, "version": 81, "at": 1735902081.4264839}
{"obj": {"type": "LogStrings", "path": ["monitoring", "8f1bf741", "stdout"], "values": [{"value": "\n", "step": null, "ts": 1735902081.4267762}]}, "version": 82, "at": 1735902081.4267972}
{"obj": {"type": "LogStrings", "path": ["monitoring", "8f1bf741", "stdout"], "values": [{"value": "image_4_53220330-76c0-427d-995c-913792968afb.jpeg_1.png", "step": null, "ts": 1735902081.426931}]}, "version": 83, "at": 1735902081.426951}
{"obj": {"type": "LogStrings", "path": ["monitoring", "8f1bf741", "stdout"], "values": [{"value": "\n", "step": null, "ts": 1735902081.427072}]}, "version": 84, "at": 1735902081.4270878}
{"obj": {"type": "LogStrings", "path": ["monitoring", "8f1bf741", "stdout"], "values": [{"value": "1.0", "step": null, "ts": 1735902081.429743}]}, "version": 85, "at": 1735902081.429771}
{"obj": {"type": "LogStrings", "path": ["monitoring", "8f1bf741", "stdout"], "values": [{"value": "\n", "step": null, "ts": 1735902081.429963}]}, "version": 86, "at": 1735902081.429982}
{"obj": {"type": "LogStrings", "path": ["monitoring", "8f1bf741", "stdout"], "values": [{"value": "image_3_a85a422d-5c33-45de-aaa1-0be9a84d9ed2.jpeg_1.png", "step": null, "ts": 1735902081.430088}]}, "version": 87, "at": 1735902081.430103}
{"obj": {"type": "LogStrings", "path": ["monitoring", "8f1bf741", "stdout"], "values": [{"value": "\n", "step": null, "ts": 1735902081.43023}]}, "version": 88, "at": 1735902081.4302452}
{"obj": {"type": "LogStrings", "path": ["monitoring", "8f1bf741", "stdout"], "values": [{"value": "2", "step": null, "ts": 1735902081.443833}]}, "version": 89, "at": 1735902081.443891}
{"obj": {"type": "LogStrings", "path": ["monitoring", "8f1bf741", "stdout"], "values": [{"value": "\n", "step": null, "ts": 1735902081.444213}]}, "version": 90, "at": 1735902081.444246}
{"obj": {"type": "LogStrings", "path": ["monitoring", "8f1bf741", "stdout"], "values": [{"value": "torch.Size([16, 4, 128, 128])", "step": null, "ts": 1735902081.4443798}]}, "version": 91, "at": 1735902081.444407}
{"obj": {"type": "LogStrings", "path": ["monitoring", "8f1bf741", "stdout"], "values": [{"value": "\n", "step": null, "ts": 1735902081.444521}]}, "version": 92, "at": 1735902081.444543}
{"obj": {"type": "LogStrings", "path": ["monitoring", "8f1bf741", "stderr"], "values": [{"value": "", "step": null, "ts": 1735902081.465465}]}, "version": 93, "at": 1735902081.4655428}
{"obj": {"type": "LogStrings", "path": ["monitoring", "8f1bf741", "stderr"], "values": [{"value": "\r  0%|                                                                                                                                                                                 | 0/2 [00:00<?, ?it/s]", "step": null, "ts": 1735902081.466584}]}, "version": 94, "at": 1735902081.466638}
{"obj": {"type": "LogStrings", "path": ["monitoring", "8f1bf741", "stderr"], "values": [{"value": "\n", "step": null, "ts": 1735902081.46701}]}, "version": 95, "at": 1735902081.467041}
{"obj": {"type": "LogStrings", "path": ["monitoring", "8f1bf741", "traceback"], "values": [{"value": "An uncaught exception occurred while run was active on worker Admins-MacBook-Pro.local.", "step": null, "ts": 1735902081.468939}, {"value": "Marking run as failed", "step": null, "ts": 1735902081.468939}, {"value": "Traceback:", "step": null, "ts": 1735902081.468939}, {"value": "  File \"/Users/erwan/Workspace/WSS-UIC/train_vgg_resnet/train.py\", line 129, in <module>\n    train(\n", "step": null, "ts": 1735902081.468939}, {"value": "  File \"/Users/erwan/Workspace/WSS-UIC/train_vgg_resnet/train.py\", line 68, in train\n    images = normalize(batch[0].float().to(device))\n", "step": null, "ts": 1735902081.468939}, {"value": "  File \"/Users/erwan/miniconda3/envs/segmentation_env/lib/python3.10/site-packages/torch/nn/modules/module.py\", line 1511, in _wrapped_call_impl\n    return self._call_impl(*args, **kwargs)\n", "step": null, "ts": 1735902081.468939}, {"value": "  File \"/Users/erwan/miniconda3/envs/segmentation_env/lib/python3.10/site-packages/torch/nn/modules/module.py\", line 1520, in _call_impl\n    return forward_call(*args, **kwargs)\n", "step": null, "ts": 1735902081.468939}, {"value": "  File \"/Users/erwan/miniconda3/envs/segmentation_env/lib/python3.10/site-packages/torchvision/transforms/transforms.py\", line 277, in forward\n    return F.normalize(tensor, self.mean, self.std, self.inplace)\n", "step": null, "ts": 1735902081.468939}, {"value": "  File \"/Users/erwan/miniconda3/envs/segmentation_env/lib/python3.10/site-packages/torchvision/transforms/functional.py\", line 349, in normalize\n    return F_t.normalize(tensor, mean=mean, std=std, inplace=inplace)\n", "step": null, "ts": 1735902081.468939}, {"value": "  File \"/Users/erwan/miniconda3/envs/segmentation_env/lib/python3.10/site-packages/torchvision/transforms/_functional_tensor.py\", line 926, in normalize\n    return tensor.sub_(mean).div_(std)\n", "step": null, "ts": 1735902081.468939}]}, "version": 96, "at": 1735902081.468995}
{"obj": {"type": "LogStrings", "path": ["monitoring", "8f1bf741", "traceback"], "values": [{"value": "The size of tensor a (4) must match the size of tensor b (3) at non-singleton dimension 1", "step": null, "ts": 1735902081.468939}]}, "version": 97, "at": 1735902081.469119}
{"obj": {"type": "AssignBool", "path": ["sys", "failed"], "value": true}, "version": 98, "at": 1735902081.4692411}
{"obj": {"type": "LogStrings", "path": ["monitoring", "8f1bf741", "stderr"], "values": [{"value": "Traceback (most recent call last):\n", "step": null, "ts": 1735902081.4695349}]}, "version": 99, "at": 1735902081.469565}
{"obj": {"type": "LogStrings", "path": ["monitoring", "8f1bf741", "stderr"], "values": [{"value": "  File \"/Users/erwan/Workspace/WSS-UIC/train_vgg_resnet/train.py\", line 129, in <module>\n", "step": null, "ts": 1735902081.469902}]}, "version": 100, "at": 1735902081.46993}
{"obj": {"type": "LogStrings", "path": ["monitoring", "8f1bf741", "stderr"], "values": [{"value": "    ", "step": null, "ts": 1735902081.4701068}]}, "version": 101, "at": 1735902081.47013}
{"obj": {"type": "LogStrings", "path": ["monitoring", "8f1bf741", "stderr"], "values": [{"value": "train(", "step": null, "ts": 1735902081.47036}]}, "version": 102, "at": 1735902081.4703941}
{"obj": {"type": "LogStrings", "path": ["monitoring", "8f1bf741", "stderr"], "values": [{"value": "\n", "step": null, "ts": 1735902081.470749}]}, "version": 103, "at": 1735902081.4708061}
{"obj": {"type": "LogStrings", "path": ["monitoring", "8f1bf741", "stderr"], "values": [{"value": "  File \"/Users/erwan/Workspace/WSS-UIC/train_vgg_resnet/train.py\", line 68, in train\n", "step": null, "ts": 1735902081.4714382}]}, "version": 104, "at": 1735902081.471519}
{"obj": {"type": "LogStrings", "path": ["monitoring", "8f1bf741", "stderr"], "values": [{"value": "    ", "step": null, "ts": 1735902081.471819}]}, "version": 105, "at": 1735902081.4718668}
{"obj": {"type": "LogStrings", "path": ["monitoring", "8f1bf741", "stderr"], "values": [{"value": "images = normalize(batch[0].float().to(device))", "step": null, "ts": 1735902081.4721532}]}, "version": 106, "at": 1735902081.472192}
{"obj": {"type": "LogStrings", "path": ["monitoring", "8f1bf741", "stderr"], "values": [{"value": "\n", "step": null, "ts": 1735902081.472697}]}, "version": 107, "at": 1735902081.472727}
{"obj": {"type": "LogStrings", "path": ["monitoring", "8f1bf741", "stderr"], "values": [{"value": "  File \"/Users/erwan/miniconda3/envs/segmentation_env/lib/python3.10/site-packages/torch/nn/modules/module.py\", line 1511, in _wrapped_call_impl\n", "step": null, "ts": 1735902081.473043}]}, "version": 108, "at": 1735902081.473065}
{"obj": {"type": "LogStrings", "path": ["monitoring", "8f1bf741", "stderr"], "values": [{"value": "    ", "step": null, "ts": 1735902081.473234}]}, "version": 109, "at": 1735902081.473259}
{"obj": {"type": "LogStrings", "path": ["monitoring", "8f1bf741", "stderr"], "values": [{"value": "return self._call_impl(*args, **kwargs)", "step": null, "ts": 1735902081.4734972}]}, "version": 110, "at": 1735902081.4735181}
{"obj": {"type": "LogStrings", "path": ["monitoring", "8f1bf741", "stderr"], "values": [{"value": "\n", "step": null, "ts": 1735902081.473664}]}, "version": 111, "at": 1735902081.473686}
{"obj": {"type": "LogStrings", "path": ["monitoring", "8f1bf741", "stderr"], "values": [{"value": "  File \"/Users/erwan/miniconda3/envs/segmentation_env/lib/python3.10/site-packages/torch/nn/modules/module.py\", line 1520, in _call_impl\n", "step": null, "ts": 1735902081.473969}]}, "version": 112, "at": 1735902081.4739861}
{"obj": {"type": "LogStrings", "path": ["monitoring", "8f1bf741", "stderr"], "values": [{"value": "    ", "step": null, "ts": 1735902081.474148}]}, "version": 113, "at": 1735902081.474178}
{"obj": {"type": "LogStrings", "path": ["monitoring", "8f1bf741", "stdout"], "values": [{"value": "[neptune] [info   ] Shutting down background jobs, please wait a moment...\n", "step": null, "ts": 1735902081.474682}]}, "version": 114, "at": 1735902081.4747012}
{"obj": {"type": "LogStrings", "path": ["monitoring", "8f1bf741", "stderr"], "values": [{"value": "return forward_call(*args, **kwargs)", "step": null, "ts": 1735902081.4748642}]}, "version": 115, "at": 1735902081.47488}
{"obj": {"type": "LogStrings", "path": ["monitoring", "8f1bf741", "stderr"], "values": [{"value": "\n", "step": null, "ts": 1735902081.474952}]}, "version": 116, "at": 1735902081.474966}
{"obj": {"type": "LogStrings", "path": ["monitoring", "8f1bf741", "stderr"], "values": [{"value": "  File \"/Users/erwan/miniconda3/envs/segmentation_env/lib/python3.10/site-packages/torchvision/transforms/transforms.py\", line 277, in forward\n", "step": null, "ts": 1735902081.475026}]}, "version": 117, "at": 1735902081.475039}
{"obj": {"type": "LogStrings", "path": ["monitoring", "8f1bf741", "stderr"], "values": [{"value": "    ", "step": null, "ts": 1735902081.4750981}]}, "version": 118, "at": 1735902081.4751098}
{"obj": {"type": "LogStrings", "path": ["monitoring", "8f1bf741", "stderr"], "values": [{"value": "return F.normalize(tensor, self.mean, self.std, self.inplace)", "step": null, "ts": 1735902081.475168}]}, "version": 119, "at": 1735902081.4751801}
{"obj": {"type": "LogStrings", "path": ["monitoring", "8f1bf741", "stderr"], "values": [{"value": "\n", "step": null, "ts": 1735902081.4752362}]}, "version": 120, "at": 1735902081.475248}
{"obj": {"type": "LogStrings", "path": ["monitoring", "8f1bf741", "stderr"], "values": [{"value": "  File \"/Users/erwan/miniconda3/envs/segmentation_env/lib/python3.10/site-packages/torchvision/transforms/functional.py\", line 349, in normalize\n", "step": null, "ts": 1735902081.475302}]}, "version": 121, "at": 1735902081.475314}
{"obj": {"type": "LogStrings", "path": ["monitoring", "8f1bf741", "stderr"], "values": [{"value": "    ", "step": null, "ts": 1735902081.475368}]}, "version": 122, "at": 1735902081.47538}
{"obj": {"type": "LogStrings", "path": ["monitoring", "8f1bf741", "stderr"], "values": [{"value": "return F_t.normalize(tensor, mean=mean, std=std, inplace=inplace)", "step": null, "ts": 1735902081.4754329}]}, "version": 123, "at": 1735902081.475445}
{"obj": {"type": "LogStrings", "path": ["monitoring", "8f1bf741", "stderr"], "values": [{"value": "\n", "step": null, "ts": 1735902081.475498}]}, "version": 124, "at": 1735902081.4755101}
{"obj": {"type": "LogStrings", "path": ["monitoring", "8f1bf741", "stderr"], "values": [{"value": "  File \"/Users/erwan/miniconda3/envs/segmentation_env/lib/python3.10/site-packages/torchvision/transforms/_functional_tensor.py\", line 926, in normalize\n", "step": null, "ts": 1735902081.475562}]}, "version": 125, "at": 1735902081.475574}
{"obj": {"type": "LogStrings", "path": ["monitoring", "8f1bf741", "stderr"], "values": [{"value": "    ", "step": null, "ts": 1735902081.475631}]}, "version": 126, "at": 1735902081.4756422}
{"obj": {"type": "LogStrings", "path": ["monitoring", "8f1bf741", "stderr"], "values": [{"value": "return tensor.sub_(mean).div_(std)", "step": null, "ts": 1735902081.4756951}]}, "version": 127, "at": 1735902081.475706}
{"obj": {"type": "LogStrings", "path": ["monitoring", "8f1bf741", "stderr"], "values": [{"value": "\n", "step": null, "ts": 1735902081.475761}]}, "version": 128, "at": 1735902081.475778}
{"obj": {"type": "LogStrings", "path": ["monitoring", "8f1bf741", "stderr"], "values": [{"value": "RuntimeError", "step": null, "ts": 1735902081.4758499}]}, "version": 129, "at": 1735902081.4758651}
{"obj": {"type": "LogStrings", "path": ["monitoring", "8f1bf741", "stderr"], "values": [{"value": ": ", "step": null, "ts": 1735902081.475932}]}, "version": 130, "at": 1735902081.475947}
{"obj": {"type": "LogStrings", "path": ["monitoring", "8f1bf741", "stderr"], "values": [{"value": "The size of tensor a (4) must match the size of tensor b (3) at non-singleton dimension 1", "step": null, "ts": 1735902081.4760141}]}, "version": 131, "at": 1735902081.476029}
{"obj": {"type": "LogStrings", "path": ["monitoring", "8f1bf741", "stderr"], "values": [{"value": "\n", "step": null, "ts": 1735902081.476096}]}, "version": 132, "at": 1735902081.47611}
