{"obj": {"type": "AssignString", "path": ["sys", "name"], "value": "Untitled"}, "version": 1, "at": 1735503605.738657}
{"obj": {"type": "AssignString", "path": ["sys", "description"], "value": ""}, "version": 2, "at": 1735503605.738914}
{"obj": {"type": "AssignString", "path": ["monitoring", "14dd42ed", "hostname"], "value": "Admins-MacBook-Pro.local"}, "version": 3, "at": 1735503605.739064}
{"obj": {"type": "AssignString", "path": ["sys", "hostname"], "value": "Admins-MacBook-Pro.local"}, "version": 4, "at": 1735503605.739191}
{"obj": {"type": "AssignString", "path": ["monitoring", "14dd42ed", "pid"], "value": "22319"}, "version": 5, "at": 1735503605.7393122}
{"obj": {"type": "AssignString", "path": ["monitoring", "14dd42ed", "tid"], "value": "4394655168"}, "version": 6, "at": 1735503605.7394292}
{"obj": {"type": "AssignBool", "path": ["sys", "failed"], "value": false}, "version": 7, "at": 1735503605.739578}
{"obj": {"type": "ClearStringLog", "path": ["monitoring", "14dd42ed", "stdout"]}, "version": 8, "at": 1735503605.739771}
{"obj": {"type": "ClearStringLog", "path": ["monitoring", "14dd42ed", "stderr"]}, "version": 9, "at": 1735503605.739882}
{"obj": {"type": "AssignString", "path": ["source_code", "entrypoint"], "value": "train.py"}, "version": 10, "at": 1735503605.740681}
{"obj": {"type": "UploadFileSet", "path": ["source_code", "files"], "file_globs": ["/Users/erwan/Workspace/WSS-UIC/train_vgg_resnet/train.py"], "reset": "False"}, "version": 11, "at": 1735503605.74082}
{"obj": {"type": "UploadFile", "path": ["source_code", "diff"], "ext": "patch", "file_path": null, "tmp_file_name": "source_code_diff-1735503606.253111-2024-12-29_21.20.06.253111.patch", "clean_after_upload": false}, "version": 12, "at": 1735503606.253966}
{"obj": {"type": "LogStrings", "path": ["monitoring", "14dd42ed", "stderr"], "values": [{"value": "[neptune] [warning] /Users/erwan/Workspace/WSS-UIC/train_vgg_resnet/train.py:46: NeptuneWarning: Info (NVML): NVML Shared Library Not Found. GPU usage metrics may not be reported. For more information, see https://docs.neptune.ai/help/nvml_error/\n", "step": null, "ts": 1735503606.260639}]}, "version": 13, "at": 1735503606.2607381}
{"obj": {"type": "ConfigFloatSeries", "path": ["monitoring", "14dd42ed", "cpu"], "min": 0.0, "max": 100.0, "unit": "%"}, "version": 14, "at": 1735503606.261256}
{"obj": {"type": "ClearFloatLog", "path": ["monitoring", "14dd42ed", "cpu"]}, "version": 15, "at": 1735503606.2613308}
{"obj": {"type": "ConfigFloatSeries", "path": ["monitoring", "14dd42ed", "memory"], "min": 0.0, "max": 16.0, "unit": "GB"}, "version": 16, "at": 1735503606.261465}
{"obj": {"type": "ClearFloatLog", "path": ["monitoring", "14dd42ed", "memory"]}, "version": 17, "at": 1735503606.2615192}
{"obj": {"type": "LogFloats", "path": ["monitoring", "14dd42ed", "memory"], "values": [{"value": 9.852840423583984, "step": null, "ts": 1735503606.261695}]}, "version": 18, "at": 1735503606.26193}
{"obj": {"type": "AssignString", "path": ["config", "optimizer"], "value": "Adam"}, "version": 19, "at": 1735503606.262271}
{"obj": {"type": "LogStrings", "path": ["monitoring", "14dd42ed", "stderr"], "values": [{"value": "\r  0%|                                                                                                                                                                                 | 0/2 [00:00<?, ?it/s]", "step": null, "ts": 1735503606.2658718}]}, "version": 20, "at": 1735503606.265912}
{"obj": {"type": "LogStrings", "path": ["monitoring", "14dd42ed", "stderr"], "values": [{"value": "", "step": null, "ts": 1735503606.273567}]}, "version": 21, "at": 1735503606.273658}
{"obj": {"type": "LogStrings", "path": ["monitoring", "14dd42ed", "stderr"], "values": [{"value": "\r  0%|                                                                                                                                                                                 | 0/2 [00:00<?, ?it/s]", "step": null, "ts": 1735503606.274144}]}, "version": 22, "at": 1735503606.27421}
{"obj": {"type": "LogStrings", "path": ["monitoring", "14dd42ed", "stderr"], "values": [{"value": "\n", "step": null, "ts": 1735503606.2750652}]}, "version": 23, "at": 1735503606.275139}
{"obj": {"type": "LogStrings", "path": ["monitoring", "14dd42ed", "traceback"], "values": [{"value": "An uncaught exception occurred while run was active on worker Admins-MacBook-Pro.local.", "step": null, "ts": 1735503606.2778728}, {"value": "Marking run as failed", "step": null, "ts": 1735503606.2778728}, {"value": "Traceback:", "step": null, "ts": 1735503606.2778728}, {"value": "  File \"<string>\", line 1, in <module>\n", "step": null, "ts": 1735503606.2778728}, {"value": "  File \"/Users/erwan/miniconda3/envs/segmentation_env/lib/python3.10/multiprocessing/spawn.py\", line 116, in spawn_main\n    exitcode = _main(fd, parent_sentinel)\n", "step": null, "ts": 1735503606.2778728}, {"value": "  File \"/Users/erwan/miniconda3/envs/segmentation_env/lib/python3.10/multiprocessing/spawn.py\", line 125, in _main\n    prepare(preparation_data)\n", "step": null, "ts": 1735503606.2778728}, {"value": "  File \"/Users/erwan/miniconda3/envs/segmentation_env/lib/python3.10/multiprocessing/spawn.py\", line 236, in prepare\n    _fixup_main_from_path(data['init_main_from_path'])\n", "step": null, "ts": 1735503606.2778728}, {"value": "  File \"/Users/erwan/miniconda3/envs/segmentation_env/lib/python3.10/multiprocessing/spawn.py\", line 287, in _fixup_main_from_path\n    main_content = runpy.run_path(main_path,\n", "step": null, "ts": 1735503606.2778728}, {"value": "  File \"/Users/erwan/miniconda3/envs/segmentation_env/lib/python3.10/runpy.py\", line 269, in run_path\n    return _run_module_code(code, init_globals, run_name,\n", "step": null, "ts": 1735503606.2778728}, {"value": "  File \"/Users/erwan/miniconda3/envs/segmentation_env/lib/python3.10/runpy.py\", line 96, in _run_module_code\n    _run_code(code, mod_globals, init_globals,\n", "step": null, "ts": 1735503606.2778728}]}, "version": 24, "at": 1735503606.278027}
{"obj": {"type": "LogStrings", "path": ["monitoring", "14dd42ed", "traceback"], "values": [{"value": "  File \"/Users/erwan/miniconda3/envs/segmentation_env/lib/python3.10/runpy.py\", line 86, in _run_code\n    exec(code, run_globals)\n", "step": null, "ts": 1735503606.2778728}, {"value": "  File \"/Users/erwan/Workspace/WSS-UIC/train_vgg_resnet/train.py\", line 122, in <module>\n    train(\n", "step": null, "ts": 1735503606.2778728}, {"value": "  File \"/Users/erwan/Workspace/WSS-UIC/train_vgg_resnet/train.py\", line 61, in train\n    for batch in train_dl:\n", "step": null, "ts": 1735503606.2778728}, {"value": "  File \"/Users/erwan/miniconda3/envs/segmentation_env/lib/python3.10/site-packages/torch/utils/data/dataloader.py\", line 439, in __iter__\n    return self._get_iterator()\n", "step": null, "ts": 1735503606.2778728}, {"value": "  File \"/Users/erwan/miniconda3/envs/segmentation_env/lib/python3.10/site-packages/torch/utils/data/dataloader.py\", line 387, in _get_iterator\n    return _MultiProcessingDataLoaderIter(self)\n", "step": null, "ts": 1735503606.2778728}, {"value": "  File \"/Users/erwan/miniconda3/envs/segmentation_env/lib/python3.10/site-packages/torch/utils/data/dataloader.py\", line 1040, in __init__\n    w.start()\n", "step": null, "ts": 1735503606.2778728}, {"value": "  File \"/Users/erwan/miniconda3/envs/segmentation_env/lib/python3.10/multiprocessing/process.py\", line 121, in start\n    self._popen = self._Popen(self)\n", "step": null, "ts": 1735503606.2778728}, {"value": "  File \"/Users/erwan/miniconda3/envs/segmentation_env/lib/python3.10/multiprocessing/context.py\", line 224, in _Popen\n    return _default_context.get_context().Process._Popen(process_obj)\n", "step": null, "ts": 1735503606.2778728}, {"value": "  File \"/Users/erwan/miniconda3/envs/segmentation_env/lib/python3.10/multiprocessing/context.py\", line 284, in _Popen\n    return Popen(process_obj)\n", "step": null, "ts": 1735503606.2778728}, {"value": "  File \"/Users/erwan/miniconda3/envs/segmentation_env/lib/python3.10/multiprocessing/popen_spawn_posix.py\", line 32, in __init__\n    super().__init__(process_obj)\n", "step": null, "ts": 1735503606.2778728}]}, "version": 25, "at": 1735503606.2781582}
{"obj": {"type": "LogStrings", "path": ["monitoring", "14dd42ed", "traceback"], "values": [{"value": "  File \"/Users/erwan/miniconda3/envs/segmentation_env/lib/python3.10/multiprocessing/popen_fork.py\", line 19, in __init__\n    self._launch(process_obj)\n", "step": null, "ts": 1735503606.2778728}, {"value": "  File \"/Users/erwan/miniconda3/envs/segmentation_env/lib/python3.10/multiprocessing/popen_spawn_posix.py\", line 42, in _launch\n    prep_data = spawn.get_preparation_data(process_obj._name)\n", "step": null, "ts": 1735503606.2778728}, {"value": "  File \"/Users/erwan/miniconda3/envs/segmentation_env/lib/python3.10/multiprocessing/spawn.py\", line 154, in get_preparation_data\n    _check_not_importing_main()\n", "step": null, "ts": 1735503606.2778728}, {"value": "  File \"/Users/erwan/miniconda3/envs/segmentation_env/lib/python3.10/multiprocessing/spawn.py\", line 134, in _check_not_importing_main\n    raise RuntimeError('''\n", "step": null, "ts": 1735503606.2778728}, {"value": "", "step": null, "ts": 1735503606.2778728}, {"value": "        An attempt has been made to start a new process before the", "step": null, "ts": 1735503606.2778728}, {"value": "        current process has finished its bootstrapping phase.", "step": null, "ts": 1735503606.2778728}, {"value": "", "step": null, "ts": 1735503606.2778728}, {"value": "        This probably means that you are not using fork to start your", "step": null, "ts": 1735503606.2778728}, {"value": "        child processes and you have forgotten to use the proper idiom", "step": null, "ts": 1735503606.2778728}]}, "version": 26, "at": 1735503606.278353}
{"obj": {"type": "LogStrings", "path": ["monitoring", "14dd42ed", "traceback"], "values": [{"value": "        in the main module:", "step": null, "ts": 1735503606.2778728}, {"value": "", "step": null, "ts": 1735503606.2778728}, {"value": "            if __name__ == '__main__':", "step": null, "ts": 1735503606.2778728}, {"value": "                freeze_support()", "step": null, "ts": 1735503606.2778728}, {"value": "                ...", "step": null, "ts": 1735503606.2778728}, {"value": "", "step": null, "ts": 1735503606.2778728}, {"value": "        The \"freeze_support()\" line can be omitted if the program", "step": null, "ts": 1735503606.2778728}, {"value": "        is not going to be frozen to produce an executable.", "step": null, "ts": 1735503606.2778728}]}, "version": 27, "at": 1735503606.278466}
{"obj": {"type": "AssignBool", "path": ["sys", "failed"], "value": true}, "version": 28, "at": 1735503606.278657}
{"obj": {"type": "LogStrings", "path": ["monitoring", "14dd42ed", "stderr"], "values": [{"value": "Traceback (most recent call last):\n", "step": null, "ts": 1735503606.278945}]}, "version": 29, "at": 1735503606.278977}
{"obj": {"type": "LogStrings", "path": ["monitoring", "14dd42ed", "stderr"], "values": [{"value": "  File \"<string>\", line 1, in <module>\n", "step": null, "ts": 1735503606.279236}]}, "version": 30, "at": 1735503606.279265}
{"obj": {"type": "LogStrings", "path": ["monitoring", "14dd42ed", "stderr"], "values": [{"value": "  File \"/Users/erwan/miniconda3/envs/segmentation_env/lib/python3.10/multiprocessing/spawn.py\", line 116, in spawn_main\n", "step": null, "ts": 1735503606.279725}]}, "version": 31, "at": 1735503606.279755}
{"obj": {"type": "LogStrings", "path": ["monitoring", "14dd42ed", "stderr"], "values": [{"value": "    ", "step": null, "ts": 1735503606.280143}]}, "version": 32, "at": 1735503606.280173}
{"obj": {"type": "LogStrings", "path": ["monitoring", "14dd42ed", "stderr"], "values": [{"value": "exitcode = _main(fd, parent_sentinel)", "step": null, "ts": 1735503606.280763}]}, "version": 33, "at": 1735503606.2809641}
{"obj": {"type": "LogStrings", "path": ["monitoring", "14dd42ed", "stderr"], "values": [{"value": "\n", "step": null, "ts": 1735503606.281281}]}, "version": 34, "at": 1735503606.2813199}
{"obj": {"type": "LogStrings", "path": ["monitoring", "14dd42ed", "stderr"], "values": [{"value": "  File \"/Users/erwan/miniconda3/envs/segmentation_env/lib/python3.10/multiprocessing/spawn.py\", line 125, in _main\n", "step": null, "ts": 1735503606.281479}]}, "version": 35, "at": 1735503606.2815151}
{"obj": {"type": "LogStrings", "path": ["monitoring", "14dd42ed", "stderr"], "values": [{"value": "    ", "step": null, "ts": 1735503606.284039}]}, "version": 36, "at": 1735503606.28408}
{"obj": {"type": "LogStrings", "path": ["monitoring", "14dd42ed", "stderr"], "values": [{"value": "prepare(preparation_data)", "step": null, "ts": 1735503606.284221}]}, "version": 37, "at": 1735503606.284247}
{"obj": {"type": "LogStrings", "path": ["monitoring", "14dd42ed", "stderr"], "values": [{"value": "\n", "step": null, "ts": 1735503606.284353}]}, "version": 38, "at": 1735503606.284375}
{"obj": {"type": "LogStrings", "path": ["monitoring", "14dd42ed", "stderr"], "values": [{"value": "  File \"/Users/erwan/miniconda3/envs/segmentation_env/lib/python3.10/multiprocessing/spawn.py\", line 236, in prepare\n", "step": null, "ts": 1735503606.2844741}]}, "version": 39, "at": 1735503606.284495}
{"obj": {"type": "LogStrings", "path": ["monitoring", "14dd42ed", "stderr"], "values": [{"value": "    ", "step": null, "ts": 1735503606.2845929}]}, "version": 40, "at": 1735503606.2846138}
{"obj": {"type": "LogStrings", "path": ["monitoring", "14dd42ed", "stderr"], "values": [{"value": "_fixup_main_from_path(data['init_main_from_path'])", "step": null, "ts": 1735503606.284707}]}, "version": 41, "at": 1735503606.284726}
{"obj": {"type": "LogStrings", "path": ["monitoring", "14dd42ed", "stderr"], "values": [{"value": "\n", "step": null, "ts": 1735503606.284818}]}, "version": 42, "at": 1735503606.284837}
{"obj": {"type": "LogStrings", "path": ["monitoring", "14dd42ed", "stderr"], "values": [{"value": "  File \"/Users/erwan/miniconda3/envs/segmentation_env/lib/python3.10/multiprocessing/spawn.py\", line 287, in _fixup_main_from_path\n", "step": null, "ts": 1735503606.284926}]}, "version": 43, "at": 1735503606.284945}
{"obj": {"type": "LogStrings", "path": ["monitoring", "14dd42ed", "stderr"], "values": [{"value": "    ", "step": null, "ts": 1735503606.285097}]}, "version": 44, "at": 1735503606.285117}
{"obj": {"type": "LogStrings", "path": ["monitoring", "14dd42ed", "stderr"], "values": [{"value": "main_content = runpy.run_path(main_path,", "step": null, "ts": 1735503606.285208}]}, "version": 45, "at": 1735503606.285227}
{"obj": {"type": "LogStrings", "path": ["monitoring", "14dd42ed", "stderr"], "values": [{"value": "\n", "step": null, "ts": 1735503606.2853172}]}, "version": 46, "at": 1735503606.285337}
{"obj": {"type": "LogStrings", "path": ["monitoring", "14dd42ed", "stderr"], "values": [{"value": "  File \"/Users/erwan/miniconda3/envs/segmentation_env/lib/python3.10/runpy.py\", line 269, in run_path\n", "step": null, "ts": 1735503606.2854311}]}, "version": 47, "at": 1735503606.285451}
{"obj": {"type": "LogStrings", "path": ["monitoring", "14dd42ed", "stderr"], "values": [{"value": "    ", "step": null, "ts": 1735503606.2856991}]}, "version": 48, "at": 1735503606.285729}
{"obj": {"type": "LogStrings", "path": ["monitoring", "14dd42ed", "stderr"], "values": [{"value": "return _run_module_code(code, init_globals, run_name,", "step": null, "ts": 1735503606.285841}]}, "version": 49, "at": 1735503606.2858639}
{"obj": {"type": "LogStrings", "path": ["monitoring", "14dd42ed", "stderr"], "values": [{"value": "\n", "step": null, "ts": 1735503606.2859871}]}, "version": 50, "at": 1735503606.2860281}
{"obj": {"type": "LogStrings", "path": ["monitoring", "14dd42ed", "stderr"], "values": [{"value": "  File \"/Users/erwan/miniconda3/envs/segmentation_env/lib/python3.10/runpy.py\", line 96, in _run_module_code\n", "step": null, "ts": 1735503606.286185}]}, "version": 51, "at": 1735503606.286211}
{"obj": {"type": "LogStrings", "path": ["monitoring", "14dd42ed", "stderr"], "values": [{"value": "    ", "step": null, "ts": 1735503606.2863622}]}, "version": 52, "at": 1735503606.286412}
{"obj": {"type": "LogStrings", "path": ["monitoring", "14dd42ed", "stderr"], "values": [{"value": "_run_code(code, mod_globals, init_globals,", "step": null, "ts": 1735503606.28806}]}, "version": 53, "at": 1735503606.2881029}
{"obj": {"type": "LogStrings", "path": ["monitoring", "14dd42ed", "stderr"], "values": [{"value": "\n", "step": null, "ts": 1735503606.2882729}]}, "version": 54, "at": 1735503606.2883022}
{"obj": {"type": "LogStrings", "path": ["monitoring", "14dd42ed", "stderr"], "values": [{"value": "  File \"/Users/erwan/miniconda3/envs/segmentation_env/lib/python3.10/runpy.py\", line 86, in _run_code\n", "step": null, "ts": 1735503606.289218}]}, "version": 55, "at": 1735503606.289254}
{"obj": {"type": "LogStrings", "path": ["monitoring", "14dd42ed", "stderr"], "values": [{"value": "    ", "step": null, "ts": 1735503606.289409}]}, "version": 56, "at": 1735503606.2894342}
{"obj": {"type": "LogStrings", "path": ["monitoring", "14dd42ed", "stderr"], "values": [{"value": "exec(code, run_globals)", "step": null, "ts": 1735503606.2896798}]}, "version": 57, "at": 1735503606.289706}
{"obj": {"type": "LogStrings", "path": ["monitoring", "14dd42ed", "stderr"], "values": [{"value": "\n", "step": null, "ts": 1735503606.289872}]}, "version": 58, "at": 1735503606.2899652}
{"obj": {"type": "LogStrings", "path": ["monitoring", "14dd42ed", "stderr"], "values": [{"value": "  File \"/Users/erwan/Workspace/WSS-UIC/train_vgg_resnet/train.py\", line 122, in <module>\n", "step": null, "ts": 1735503606.2900941}]}, "version": 59, "at": 1735503606.290118}
{"obj": {"type": "LogStrings", "path": ["monitoring", "14dd42ed", "stderr"], "values": [{"value": "    ", "step": null, "ts": 1735503606.2902179}]}, "version": 60, "at": 1735503606.2902389}
{"obj": {"type": "LogStrings", "path": ["monitoring", "14dd42ed", "stderr"], "values": [{"value": "train(", "step": null, "ts": 1735503606.2903411}]}, "version": 61, "at": 1735503606.2903628}
{"obj": {"type": "LogStrings", "path": ["monitoring", "14dd42ed", "stderr"], "values": [{"value": "\n", "step": null, "ts": 1735503606.290525}]}, "version": 62, "at": 1735503606.290549}
{"obj": {"type": "LogStrings", "path": ["monitoring", "14dd42ed", "stderr"], "values": [{"value": "  File \"/Users/erwan/Workspace/WSS-UIC/train_vgg_resnet/train.py\", line 61, in train\n", "step": null, "ts": 1735503606.290903}]}, "version": 63, "at": 1735503606.290933}
{"obj": {"type": "LogStrings", "path": ["monitoring", "14dd42ed", "stderr"], "values": [{"value": "    ", "step": null, "ts": 1735503606.291112}]}, "version": 64, "at": 1735503606.291136}
{"obj": {"type": "LogStrings", "path": ["monitoring", "14dd42ed", "stderr"], "values": [{"value": "for batch in train_dl:", "step": null, "ts": 1735503606.291331}]}, "version": 65, "at": 1735503606.291358}
{"obj": {"type": "LogStrings", "path": ["monitoring", "14dd42ed", "stderr"], "values": [{"value": "\n", "step": null, "ts": 1735503606.2915351}]}, "version": 66, "at": 1735503606.29156}
{"obj": {"type": "LogStrings", "path": ["monitoring", "14dd42ed", "stderr"], "values": [{"value": "  File \"/Users/erwan/miniconda3/envs/segmentation_env/lib/python3.10/site-packages/torch/utils/data/dataloader.py\", line 439, in __iter__\n", "step": null, "ts": 1735503606.291669}]}, "version": 67, "at": 1735503606.291693}
{"obj": {"type": "LogStrings", "path": ["monitoring", "14dd42ed", "stderr"], "values": [{"value": "    ", "step": null, "ts": 1735503606.2918148}]}, "version": 68, "at": 1735503606.291937}
{"obj": {"type": "LogStrings", "path": ["monitoring", "14dd42ed", "stderr"], "values": [{"value": "return self._get_iterator()", "step": null, "ts": 1735503606.292107}]}, "version": 69, "at": 1735503606.292141}
{"obj": {"type": "LogStrings", "path": ["monitoring", "14dd42ed", "stderr"], "values": [{"value": "\n", "step": null, "ts": 1735503606.292256}]}, "version": 70, "at": 1735503606.2922812}
{"obj": {"type": "LogStrings", "path": ["monitoring", "14dd42ed", "stderr"], "values": [{"value": "  File \"/Users/erwan/miniconda3/envs/segmentation_env/lib/python3.10/site-packages/torch/utils/data/dataloader.py\", line 387, in _get_iterator\n", "step": null, "ts": 1735503606.292416}]}, "version": 71, "at": 1735503606.2924569}
{"obj": {"type": "LogStrings", "path": ["monitoring", "14dd42ed", "stderr"], "values": [{"value": "    ", "step": null, "ts": 1735503606.2925801}]}, "version": 72, "at": 1735503606.292604}
{"obj": {"type": "LogStrings", "path": ["monitoring", "14dd42ed", "stderr"], "values": [{"value": "return _MultiProcessingDataLoaderIter(self)", "step": null, "ts": 1735503606.292895}]}, "version": 73, "at": 1735503606.2929258}
{"obj": {"type": "LogStrings", "path": ["monitoring", "14dd42ed", "stderr"], "values": [{"value": "\n", "step": null, "ts": 1735503606.293055}]}, "version": 74, "at": 1735503606.293078}
{"obj": {"type": "LogStrings", "path": ["monitoring", "14dd42ed", "stderr"], "values": [{"value": "  File \"/Users/erwan/miniconda3/envs/segmentation_env/lib/python3.10/site-packages/torch/utils/data/dataloader.py\", line 1040, in __init__\n", "step": null, "ts": 1735503606.293807}]}, "version": 75, "at": 1735503606.293837}
{"obj": {"type": "LogStrings", "path": ["monitoring", "14dd42ed", "stderr"], "values": [{"value": "    ", "step": null, "ts": 1735503606.293952}]}, "version": 76, "at": 1735503606.293977}
{"obj": {"type": "LogStrings", "path": ["monitoring", "14dd42ed", "stdout"], "values": [{"value": "[neptune] [info   ] Shutting down background jobs, please wait a moment...\n", "step": null, "ts": 1735503606.294537}]}, "version": 77, "at": 1735503606.294572}
{"obj": {"type": "LogStrings", "path": ["monitoring", "14dd42ed", "stderr"], "values": [{"value": "w.start()", "step": null, "ts": 1735503606.294705}]}, "version": 78, "at": 1735503606.294753}
{"obj": {"type": "LogStrings", "path": ["monitoring", "14dd42ed", "stderr"], "values": [{"value": "\n", "step": null, "ts": 1735503606.2948658}]}, "version": 79, "at": 1735503606.294889}
{"obj": {"type": "LogStrings", "path": ["monitoring", "14dd42ed", "stderr"], "values": [{"value": "  File \"/Users/erwan/miniconda3/envs/segmentation_env/lib/python3.10/multiprocessing/process.py\", line 121, in start\n", "step": null, "ts": 1735503606.2950242}]}, "version": 80, "at": 1735503606.295048}
{"obj": {"type": "LogStrings", "path": ["monitoring", "14dd42ed", "stderr"], "values": [{"value": "    ", "step": null, "ts": 1735503606.295243}]}, "version": 81, "at": 1735503606.2954}
{"obj": {"type": "LogStrings", "path": ["monitoring", "14dd42ed", "stderr"], "values": [{"value": "self._popen = self._Popen(self)", "step": null, "ts": 1735503606.295548}]}, "version": 82, "at": 1735503606.295576}
{"obj": {"type": "LogStrings", "path": ["monitoring", "14dd42ed", "stderr"], "values": [{"value": "\n", "step": null, "ts": 1735503606.2956889}]}, "version": 83, "at": 1735503606.295712}
{"obj": {"type": "LogStrings", "path": ["monitoring", "14dd42ed", "stderr"], "values": [{"value": "  File \"/Users/erwan/miniconda3/envs/segmentation_env/lib/python3.10/multiprocessing/context.py\", line 224, in _Popen\n", "step": null, "ts": 1735503606.295815}]}, "version": 84, "at": 1735503606.295837}
{"obj": {"type": "LogStrings", "path": ["monitoring", "14dd42ed", "stderr"], "values": [{"value": "    ", "step": null, "ts": 1735503606.295938}]}, "version": 85, "at": 1735503606.2959611}
{"obj": {"type": "LogStrings", "path": ["monitoring", "14dd42ed", "stderr"], "values": [{"value": "return _default_context.get_context().Process._Popen(process_obj)", "step": null, "ts": 1735503606.296061}]}, "version": 86, "at": 1735503606.296083}
{"obj": {"type": "LogStrings", "path": ["monitoring", "14dd42ed", "stderr"], "values": [{"value": "\n", "step": null, "ts": 1735503606.29636}]}, "version": 87, "at": 1735503606.296386}
{"obj": {"type": "LogStrings", "path": ["monitoring", "14dd42ed", "stderr"], "values": [{"value": "  File \"/Users/erwan/miniconda3/envs/segmentation_env/lib/python3.10/multiprocessing/context.py\", line 284, in _Popen\n", "step": null, "ts": 1735503606.2964978}]}, "version": 88, "at": 1735503606.296522}
{"obj": {"type": "LogStrings", "path": ["monitoring", "14dd42ed", "stderr"], "values": [{"value": "    ", "step": null, "ts": 1735503606.296712}]}, "version": 89, "at": 1735503606.296736}
{"obj": {"type": "LogStrings", "path": ["monitoring", "14dd42ed", "stderr"], "values": [{"value": "return Popen(process_obj)", "step": null, "ts": 1735503606.296926}]}, "version": 90, "at": 1735503606.296949}
{"obj": {"type": "LogStrings", "path": ["monitoring", "14dd42ed", "stderr"], "values": [{"value": "\n", "step": null, "ts": 1735503606.297055}]}, "version": 91, "at": 1735503606.297077}
{"obj": {"type": "LogStrings", "path": ["monitoring", "14dd42ed", "stderr"], "values": [{"value": "  File \"/Users/erwan/miniconda3/envs/segmentation_env/lib/python3.10/multiprocessing/popen_spawn_posix.py\", line 32, in __init__\n", "step": null, "ts": 1735503606.297179}]}, "version": 92, "at": 1735503606.297201}
{"obj": {"type": "LogStrings", "path": ["monitoring", "14dd42ed", "stderr"], "values": [{"value": "    ", "step": null, "ts": 1735503606.2973042}]}, "version": 93, "at": 1735503606.297326}
{"obj": {"type": "LogStrings", "path": ["monitoring", "14dd42ed", "stderr"], "values": [{"value": "super().__init__(process_obj)", "step": null, "ts": 1735503606.29743}]}, "version": 94, "at": 1735503606.297452}
{"obj": {"type": "LogStrings", "path": ["monitoring", "14dd42ed", "stderr"], "values": [{"value": "\n", "step": null, "ts": 1735503606.297625}]}, "version": 95, "at": 1735503606.2976499}
{"obj": {"type": "LogStrings", "path": ["monitoring", "14dd42ed", "stderr"], "values": [{"value": "  File \"/Users/erwan/miniconda3/envs/segmentation_env/lib/python3.10/multiprocessing/popen_fork.py\", line 19, in __init__\n", "step": null, "ts": 1735503606.297759}]}, "version": 96, "at": 1735503606.297781}
{"obj": {"type": "LogStrings", "path": ["monitoring", "14dd42ed", "stderr"], "values": [{"value": "    ", "step": null, "ts": 1735503606.297914}]}, "version": 97, "at": 1735503606.297939}
{"obj": {"type": "LogStrings", "path": ["monitoring", "14dd42ed", "stderr"], "values": [{"value": "self._launch(process_obj)", "step": null, "ts": 1735503606.298044}]}, "version": 98, "at": 1735503606.2980669}
{"obj": {"type": "LogStrings", "path": ["monitoring", "14dd42ed", "stderr"], "values": [{"value": "\n", "step": null, "ts": 1735503606.29817}]}, "version": 99, "at": 1735503606.298193}
{"obj": {"type": "LogStrings", "path": ["monitoring", "14dd42ed", "stderr"], "values": [{"value": "  File \"/Users/erwan/miniconda3/envs/segmentation_env/lib/python3.10/multiprocessing/popen_spawn_posix.py\", line 42, in _launch\n", "step": null, "ts": 1735503606.2982929}]}, "version": 100, "at": 1735503606.298364}
{"obj": {"type": "LogStrings", "path": ["monitoring", "14dd42ed", "stderr"], "values": [{"value": "    ", "step": null, "ts": 1735503606.298583}]}, "version": 101, "at": 1735503606.298608}
{"obj": {"type": "LogStrings", "path": ["monitoring", "14dd42ed", "stderr"], "values": [{"value": "prep_data = spawn.get_preparation_data(process_obj._name)", "step": null, "ts": 1735503606.298712}]}, "version": 102, "at": 1735503606.2987351}
{"obj": {"type": "LogStrings", "path": ["monitoring", "14dd42ed", "stderr"], "values": [{"value": "\n", "step": null, "ts": 1735503606.298862}]}, "version": 103, "at": 1735503606.2988842}
{"obj": {"type": "LogStrings", "path": ["monitoring", "14dd42ed", "stderr"], "values": [{"value": "  File \"/Users/erwan/miniconda3/envs/segmentation_env/lib/python3.10/multiprocessing/spawn.py\", line 154, in get_preparation_data\n", "step": null, "ts": 1735503606.299137}]}, "version": 104, "at": 1735503606.2991629}
{"obj": {"type": "LogStrings", "path": ["monitoring", "14dd42ed", "stderr"], "values": [{"value": "    ", "step": null, "ts": 1735503606.299285}]}, "version": 105, "at": 1735503606.299309}
{"obj": {"type": "LogStrings", "path": ["monitoring", "14dd42ed", "stderr"], "values": [{"value": "_check_not_importing_main()", "step": null, "ts": 1735503606.299433}]}, "version": 106, "at": 1735503606.299456}
{"obj": {"type": "LogStrings", "path": ["monitoring", "14dd42ed", "stderr"], "values": [{"value": "\n", "step": null, "ts": 1735503606.2995598}]}, "version": 107, "at": 1735503606.299583}
{"obj": {"type": "LogStrings", "path": ["monitoring", "14dd42ed", "stderr"], "values": [{"value": "  File \"/Users/erwan/miniconda3/envs/segmentation_env/lib/python3.10/multiprocessing/spawn.py\", line 134, in _check_not_importing_main\n", "step": null, "ts": 1735503606.299687}]}, "version": 108, "at": 1735503606.2997088}
{"obj": {"type": "LogStrings", "path": ["monitoring", "14dd42ed", "stderr"], "values": [{"value": "    ", "step": null, "ts": 1735503606.2998269}]}, "version": 109, "at": 1735503606.299849}
{"obj": {"type": "LogStrings", "path": ["monitoring", "14dd42ed", "stderr"], "values": [{"value": "raise RuntimeError('''", "step": null, "ts": 1735503606.2999449}]}, "version": 110, "at": 1735503606.2999659}
{"obj": {"type": "LogStrings", "path": ["monitoring", "14dd42ed", "stderr"], "values": [{"value": "\n", "step": null, "ts": 1735503606.300055}]}, "version": 111, "at": 1735503606.300074}
{"obj": {"type": "LogStrings", "path": ["monitoring", "14dd42ed", "stderr"], "values": [{"value": "RuntimeError", "step": null, "ts": 1735503606.3001568}]}, "version": 112, "at": 1735503606.3001769}
{"obj": {"type": "LogStrings", "path": ["monitoring", "14dd42ed", "stderr"], "values": [{"value": ": ", "step": null, "ts": 1735503606.300271}]}, "version": 113, "at": 1735503606.3002932}
{"obj": {"type": "LogStrings", "path": ["monitoring", "14dd42ed", "stderr"], "values": [{"value": "\n        An attempt has been made to start a new process before the\n        current process has finished its bootstrapping phase.\n\n        This probably means that you are not using fork to start your\n        child processes and you have forgotten to use the proper idiom\n        in the main module:\n\n            if __name__ == '__main__':\n                freeze_support()\n                ...\n\n        The \"freeze_support()\" line can be omitted if the program\n        is not going to be frozen to produce an executable.", "step": null, "ts": 1735503606.300388}]}, "version": 114, "at": 1735503606.30041}
{"obj": {"type": "LogStrings", "path": ["monitoring", "14dd42ed", "stderr"], "values": [{"value": "\n", "step": null, "ts": 1735503606.3005528}]}, "version": 115, "at": 1735503606.300576}
