{"obj": {"type": "AssignString", "path": ["sys", "name"], "value": "Untitled"}, "version": 1, "at": 1735503733.5575}
{"obj": {"type": "AssignString", "path": ["sys", "description"], "value": ""}, "version": 2, "at": 1735503733.557776}
{"obj": {"type": "AssignString", "path": ["monitoring", "ae46104d", "hostname"], "value": "Admins-MacBook-Pro.local"}, "version": 3, "at": 1735503733.557923}
{"obj": {"type": "AssignString", "path": ["sys", "hostname"], "value": "Admins-MacBook-Pro.local"}, "version": 4, "at": 1735503733.5580428}
{"obj": {"type": "AssignString", "path": ["monitoring", "ae46104d", "pid"], "value": "22422"}, "version": 5, "at": 1735503733.558165}
{"obj": {"type": "AssignString", "path": ["monitoring", "ae46104d", "tid"], "value": "4359417280"}, "version": 6, "at": 1735503733.5582871}
{"obj": {"type": "AssignBool", "path": ["sys", "failed"], "value": false}, "version": 7, "at": 1735503733.5584261}
{"obj": {"type": "ClearStringLog", "path": ["monitoring", "ae46104d", "stdout"]}, "version": 8, "at": 1735503733.5585978}
{"obj": {"type": "ClearStringLog", "path": ["monitoring", "ae46104d", "stderr"]}, "version": 9, "at": 1735503733.558694}
{"obj": {"type": "AssignString", "path": ["source_code", "entrypoint"], "value": "train.py"}, "version": 10, "at": 1735503733.559459}
{"obj": {"type": "UploadFileSet", "path": ["source_code", "files"], "file_globs": ["/Users/erwan/Workspace/WSS-UIC/train_vgg_resnet/train.py"], "reset": "False"}, "version": 11, "at": 1735503733.5596008}
{"obj": {"type": "UploadFile", "path": ["source_code", "diff"], "ext": "patch", "file_path": null, "tmp_file_name": "source_code_diff-1735503733.880611-2024-12-29_21.22.13.880611.patch", "clean_after_upload": false}, "version": 12, "at": 1735503733.8811278}
{"obj": {"type": "LogStrings", "path": ["monitoring", "ae46104d", "stderr"], "values": [{"value": "[neptune] [warning] /Users/erwan/Workspace/WSS-UIC/train_vgg_resnet/train.py:46: NeptuneWarning: Info (NVML): NVML Shared Library Not Found. GPU usage metrics may not be reported. For more information, see https://docs.neptune.ai/help/nvml_error/\n", "step": null, "ts": 1735503733.889013}]}, "version": 13, "at": 1735503733.8891048}
{"obj": {"type": "ConfigFloatSeries", "path": ["monitoring", "ae46104d", "cpu"], "min": 0.0, "max": 100.0, "unit": "%"}, "version": 14, "at": 1735503733.88979}
{"obj": {"type": "ClearFloatLog", "path": ["monitoring", "ae46104d", "cpu"]}, "version": 15, "at": 1735503733.889878}
{"obj": {"type": "ConfigFloatSeries", "path": ["monitoring", "ae46104d", "memory"], "min": 0.0, "max": 16.0, "unit": "GB"}, "version": 16, "at": 1735503733.890033}
{"obj": {"type": "ClearFloatLog", "path": ["monitoring", "ae46104d", "memory"]}, "version": 17, "at": 1735503733.8900878}
{"obj": {"type": "LogFloats", "path": ["monitoring", "ae46104d", "memory"], "values": [{"value": 9.992237091064453, "step": null, "ts": 1735503733.890269}]}, "version": 18, "at": 1735503733.890512}
{"obj": {"type": "AssignString", "path": ["config", "optimizer"], "value": "Adam"}, "version": 19, "at": 1735503733.890814}
{"obj": {"type": "LogStrings", "path": ["monitoring", "ae46104d", "stdout"], "values": [{"value": "ici la ", "step": null, "ts": 1735503733.891166}]}, "version": 20, "at": 1735503733.891198}
{"obj": {"type": "LogStrings", "path": ["monitoring", "ae46104d", "stdout"], "values": [{"value": "\n", "step": null, "ts": 1735503733.8920891}]}, "version": 21, "at": 1735503733.892117}
{"obj": {"type": "LogStrings", "path": ["monitoring", "ae46104d", "stderr"], "values": [{"value": "\r  0%|                                                                                                                                                                                 | 0/2 [00:00<?, ?it/s]", "step": null, "ts": 1735503733.8969028}]}, "version": 22, "at": 1735503733.89694}
{"obj": {"type": "LogStrings", "path": ["monitoring", "ae46104d", "stderr"], "values": [{"value": "", "step": null, "ts": 1735503733.9063082}]}, "version": 23, "at": 1735503733.906349}
{"obj": {"type": "LogStrings", "path": ["monitoring", "ae46104d", "stderr"], "values": [{"value": "\r  0%|                                                                                                                                                                                 | 0/2 [00:00<?, ?it/s]", "step": null, "ts": 1735503733.906562}]}, "version": 24, "at": 1735503733.906589}
{"obj": {"type": "LogStrings", "path": ["monitoring", "ae46104d", "stderr"], "values": [{"value": "\n", "step": null, "ts": 1735503733.90702}]}, "version": 25, "at": 1735503733.9070468}
{"obj": {"type": "LogStrings", "path": ["monitoring", "ae46104d", "traceback"], "values": [{"value": "An uncaught exception occurred while run was active on worker Admins-MacBook-Pro.local.", "step": null, "ts": 1735503733.908557}, {"value": "Marking run as failed", "step": null, "ts": 1735503733.908557}, {"value": "Traceback:", "step": null, "ts": 1735503733.908557}, {"value": "  File \"<string>\", line 1, in <module>\n", "step": null, "ts": 1735503733.908557}, {"value": "  File \"/Users/erwan/miniconda3/envs/segmentation_env/lib/python3.10/multiprocessing/spawn.py\", line 116, in spawn_main\n    exitcode = _main(fd, parent_sentinel)\n", "step": null, "ts": 1735503733.908557}, {"value": "  File \"/Users/erwan/miniconda3/envs/segmentation_env/lib/python3.10/multiprocessing/spawn.py\", line 125, in _main\n    prepare(preparation_data)\n", "step": null, "ts": 1735503733.908557}, {"value": "  File \"/Users/erwan/miniconda3/envs/segmentation_env/lib/python3.10/multiprocessing/spawn.py\", line 236, in prepare\n    _fixup_main_from_path(data['init_main_from_path'])\n", "step": null, "ts": 1735503733.908557}, {"value": "  File \"/Users/erwan/miniconda3/envs/segmentation_env/lib/python3.10/multiprocessing/spawn.py\", line 287, in _fixup_main_from_path\n    main_content = runpy.run_path(main_path,\n", "step": null, "ts": 1735503733.908557}, {"value": "  File \"/Users/erwan/miniconda3/envs/segmentation_env/lib/python3.10/runpy.py\", line 269, in run_path\n    return _run_module_code(code, init_globals, run_name,\n", "step": null, "ts": 1735503733.908557}, {"value": "  File \"/Users/erwan/miniconda3/envs/segmentation_env/lib/python3.10/runpy.py\", line 96, in _run_module_code\n    _run_code(code, mod_globals, init_globals,\n", "step": null, "ts": 1735503733.908557}]}, "version": 26, "at": 1735503733.908658}
{"obj": {"type": "LogStrings", "path": ["monitoring", "ae46104d", "traceback"], "values": [{"value": "  File \"/Users/erwan/miniconda3/envs/segmentation_env/lib/python3.10/runpy.py\", line 86, in _run_code\n    exec(code, run_globals)\n", "step": null, "ts": 1735503733.908557}, {"value": "  File \"/Users/erwan/Workspace/WSS-UIC/train_vgg_resnet/train.py\", line 123, in <module>\n    train(\n", "step": null, "ts": 1735503733.908557}, {"value": "  File \"/Users/erwan/Workspace/WSS-UIC/train_vgg_resnet/train.py\", line 62, in train\n    for batch in train_dl:\n", "step": null, "ts": 1735503733.908557}, {"value": "  File \"/Users/erwan/miniconda3/envs/segmentation_env/lib/python3.10/site-packages/torch/utils/data/dataloader.py\", line 439, in __iter__\n    return self._get_iterator()\n", "step": null, "ts": 1735503733.908557}, {"value": "  File \"/Users/erwan/miniconda3/envs/segmentation_env/lib/python3.10/site-packages/torch/utils/data/dataloader.py\", line 387, in _get_iterator\n    return _MultiProcessingDataLoaderIter(self)\n", "step": null, "ts": 1735503733.908557}, {"value": "  File \"/Users/erwan/miniconda3/envs/segmentation_env/lib/python3.10/site-packages/torch/utils/data/dataloader.py\", line 1040, in __init__\n    w.start()\n", "step": null, "ts": 1735503733.908557}, {"value": "  File \"/Users/erwan/miniconda3/envs/segmentation_env/lib/python3.10/multiprocessing/process.py\", line 121, in start\n    self._popen = self._Popen(self)\n", "step": null, "ts": 1735503733.908557}, {"value": "  File \"/Users/erwan/miniconda3/envs/segmentation_env/lib/python3.10/multiprocessing/context.py\", line 224, in _Popen\n    return _default_context.get_context().Process._Popen(process_obj)\n", "step": null, "ts": 1735503733.908557}, {"value": "  File \"/Users/erwan/miniconda3/envs/segmentation_env/lib/python3.10/multiprocessing/context.py\", line 284, in _Popen\n    return Popen(process_obj)\n", "step": null, "ts": 1735503733.908557}, {"value": "  File \"/Users/erwan/miniconda3/envs/segmentation_env/lib/python3.10/multiprocessing/popen_spawn_posix.py\", line 32, in __init__\n    super().__init__(process_obj)\n", "step": null, "ts": 1735503733.908557}]}, "version": 27, "at": 1735503733.9087832}
{"obj": {"type": "LogStrings", "path": ["monitoring", "ae46104d", "traceback"], "values": [{"value": "  File \"/Users/erwan/miniconda3/envs/segmentation_env/lib/python3.10/multiprocessing/popen_fork.py\", line 19, in __init__\n    self._launch(process_obj)\n", "step": null, "ts": 1735503733.908557}, {"value": "  File \"/Users/erwan/miniconda3/envs/segmentation_env/lib/python3.10/multiprocessing/popen_spawn_posix.py\", line 42, in _launch\n    prep_data = spawn.get_preparation_data(process_obj._name)\n", "step": null, "ts": 1735503733.908557}, {"value": "  File \"/Users/erwan/miniconda3/envs/segmentation_env/lib/python3.10/multiprocessing/spawn.py\", line 154, in get_preparation_data\n    _check_not_importing_main()\n", "step": null, "ts": 1735503733.908557}, {"value": "  File \"/Users/erwan/miniconda3/envs/segmentation_env/lib/python3.10/multiprocessing/spawn.py\", line 134, in _check_not_importing_main\n    raise RuntimeError('''\n", "step": null, "ts": 1735503733.908557}, {"value": "", "step": null, "ts": 1735503733.908557}, {"value": "        An attempt has been made to start a new process before the", "step": null, "ts": 1735503733.908557}, {"value": "        current process has finished its bootstrapping phase.", "step": null, "ts": 1735503733.908557}, {"value": "", "step": null, "ts": 1735503733.908557}, {"value": "        This probably means that you are not using fork to start your", "step": null, "ts": 1735503733.908557}, {"value": "        child processes and you have forgotten to use the proper idiom", "step": null, "ts": 1735503733.908557}]}, "version": 28, "at": 1735503733.90894}
{"obj": {"type": "LogStrings", "path": ["monitoring", "ae46104d", "traceback"], "values": [{"value": "        in the main module:", "step": null, "ts": 1735503733.908557}, {"value": "", "step": null, "ts": 1735503733.908557}, {"value": "            if __name__ == '__main__':", "step": null, "ts": 1735503733.908557}, {"value": "                freeze_support()", "step": null, "ts": 1735503733.908557}, {"value": "                ...", "step": null, "ts": 1735503733.908557}, {"value": "", "step": null, "ts": 1735503733.908557}, {"value": "        The \"freeze_support()\" line can be omitted if the program", "step": null, "ts": 1735503733.908557}, {"value": "        is not going to be frozen to produce an executable.", "step": null, "ts": 1735503733.908557}]}, "version": 29, "at": 1735503733.909076}
{"obj": {"type": "AssignBool", "path": ["sys", "failed"], "value": true}, "version": 30, "at": 1735503733.909224}
{"obj": {"type": "LogStrings", "path": ["monitoring", "ae46104d", "stderr"], "values": [{"value": "Traceback (most recent call last):\n", "step": null, "ts": 1735503733.930136}]}, "version": 31, "at": 1735503733.930187}
{"obj": {"type": "LogStrings", "path": ["monitoring", "ae46104d", "stderr"], "values": [{"value": "  File \"<string>\", line 1, in <module>\n", "step": null, "ts": 1735503733.930515}]}, "version": 32, "at": 1735503733.9305458}
{"obj": {"type": "LogStrings", "path": ["monitoring", "ae46104d", "stderr"], "values": [{"value": "  File \"/Users/erwan/miniconda3/envs/segmentation_env/lib/python3.10/multiprocessing/spawn.py\", line 116, in spawn_main\n", "step": null, "ts": 1735503733.93084}]}, "version": 33, "at": 1735503733.930866}
{"obj": {"type": "LogStrings", "path": ["monitoring", "ae46104d", "stderr"], "values": [{"value": "    ", "step": null, "ts": 1735503733.931263}]}, "version": 34, "at": 1735503733.931371}
{"obj": {"type": "LogStrings", "path": ["monitoring", "ae46104d", "stderr"], "values": [{"value": "exitcode = _main(fd, parent_sentinel)", "step": null, "ts": 1735503733.931509}]}, "version": 35, "at": 1735503733.931533}
{"obj": {"type": "LogStrings", "path": ["monitoring", "ae46104d", "stderr"], "values": [{"value": "\n", "step": null, "ts": 1735503733.931641}]}, "version": 36, "at": 1735503733.931663}
{"obj": {"type": "LogStrings", "path": ["monitoring", "ae46104d", "stderr"], "values": [{"value": "  File \"/Users/erwan/miniconda3/envs/segmentation_env/lib/python3.10/multiprocessing/spawn.py\", line 125, in _main\n", "step": null, "ts": 1735503733.93176}]}, "version": 37, "at": 1735503733.9317818}
{"obj": {"type": "LogStrings", "path": ["monitoring", "ae46104d", "stderr"], "values": [{"value": "    ", "step": null, "ts": 1735503733.9325702}]}, "version": 38, "at": 1735503733.932605}
{"obj": {"type": "LogStrings", "path": ["monitoring", "ae46104d", "stderr"], "values": [{"value": "prepare(preparation_data)", "step": null, "ts": 1735503733.932739}]}, "version": 39, "at": 1735503733.9327638}
{"obj": {"type": "LogStrings", "path": ["monitoring", "ae46104d", "stderr"], "values": [{"value": "\n", "step": null, "ts": 1735503733.9329321}]}, "version": 40, "at": 1735503733.932961}
{"obj": {"type": "LogStrings", "path": ["monitoring", "ae46104d", "stderr"], "values": [{"value": "  File \"/Users/erwan/miniconda3/envs/segmentation_env/lib/python3.10/multiprocessing/spawn.py\", line 236, in prepare\n", "step": null, "ts": 1735503733.9331672}]}, "version": 41, "at": 1735503733.933192}
{"obj": {"type": "LogStrings", "path": ["monitoring", "ae46104d", "stderr"], "values": [{"value": "    ", "step": null, "ts": 1735503733.93359}]}, "version": 42, "at": 1735503733.93362}
{"obj": {"type": "LogStrings", "path": ["monitoring", "ae46104d", "stderr"], "values": [{"value": "_fixup_main_from_path(data['init_main_from_path'])", "step": null, "ts": 1735503733.933743}]}, "version": 43, "at": 1735503733.933768}
{"obj": {"type": "LogStrings", "path": ["monitoring", "ae46104d", "stderr"], "values": [{"value": "\n", "step": null, "ts": 1735503733.933942}]}, "version": 44, "at": 1735503733.933963}
{"obj": {"type": "LogStrings", "path": ["monitoring", "ae46104d", "stderr"], "values": [{"value": "  File \"/Users/erwan/miniconda3/envs/segmentation_env/lib/python3.10/multiprocessing/spawn.py\", line 287, in _fixup_main_from_path\n", "step": null, "ts": 1735503733.934459}]}, "version": 45, "at": 1735503733.934911}
{"obj": {"type": "LogStrings", "path": ["monitoring", "ae46104d", "stderr"], "values": [{"value": "    ", "step": null, "ts": 1735503733.936426}]}, "version": 46, "at": 1735503733.936511}
{"obj": {"type": "LogStrings", "path": ["monitoring", "ae46104d", "stderr"], "values": [{"value": "main_content = runpy.run_path(main_path,", "step": null, "ts": 1735503733.936908}]}, "version": 47, "at": 1735503733.9369888}
{"obj": {"type": "LogStrings", "path": ["monitoring", "ae46104d", "stderr"], "values": [{"value": "\n", "step": null, "ts": 1735503733.9376352}]}, "version": 48, "at": 1735503733.937686}
{"obj": {"type": "LogStrings", "path": ["monitoring", "ae46104d", "stderr"], "values": [{"value": "  File \"/Users/erwan/miniconda3/envs/segmentation_env/lib/python3.10/runpy.py\", line 269, in run_path\n", "step": null, "ts": 1735503733.9379818}]}, "version": 49, "at": 1735503733.9380329}
{"obj": {"type": "LogStrings", "path": ["monitoring", "ae46104d", "stderr"], "values": [{"value": "    ", "step": null, "ts": 1735503733.938835}]}, "version": 50, "at": 1735503733.938878}
{"obj": {"type": "LogStrings", "path": ["monitoring", "ae46104d", "stderr"], "values": [{"value": "return _run_module_code(code, init_globals, run_name,", "step": null, "ts": 1735503733.93907}]}, "version": 51, "at": 1735503733.9391081}
{"obj": {"type": "LogStrings", "path": ["monitoring", "ae46104d", "stderr"], "values": [{"value": "\n", "step": null, "ts": 1735503733.9394681}]}, "version": 52, "at": 1735503733.939517}
{"obj": {"type": "LogStrings", "path": ["monitoring", "ae46104d", "stderr"], "values": [{"value": "  File \"/Users/erwan/miniconda3/envs/segmentation_env/lib/python3.10/runpy.py\", line 96, in _run_module_code\n", "step": null, "ts": 1735503733.9399009}]}, "version": 53, "at": 1735503733.939942}
{"obj": {"type": "LogStrings", "path": ["monitoring", "ae46104d", "stderr"], "values": [{"value": "    ", "step": null, "ts": 1735503733.940373}]}, "version": 54, "at": 1735503733.940414}
{"obj": {"type": "LogStrings", "path": ["monitoring", "ae46104d", "stderr"], "values": [{"value": "_run_code(code, mod_globals, init_globals,", "step": null, "ts": 1735503733.9405901}]}, "version": 55, "at": 1735503733.940623}
{"obj": {"type": "LogStrings", "path": ["monitoring", "ae46104d", "stderr"], "values": [{"value": "\n", "step": null, "ts": 1735503733.940856}]}, "version": 56, "at": 1735503733.9408908}
{"obj": {"type": "LogStrings", "path": ["monitoring", "ae46104d", "stderr"], "values": [{"value": "  File \"/Users/erwan/miniconda3/envs/segmentation_env/lib/python3.10/runpy.py\", line 86, in _run_code\n", "step": null, "ts": 1735503733.94113}]}, "version": 57, "at": 1735503733.9411619}
{"obj": {"type": "LogStrings", "path": ["monitoring", "ae46104d", "stderr"], "values": [{"value": "    ", "step": null, "ts": 1735503733.9415228}]}, "version": 58, "at": 1735503733.94156}
{"obj": {"type": "LogStrings", "path": ["monitoring", "ae46104d", "stderr"], "values": [{"value": "exec(code, run_globals)", "step": null, "ts": 1735503733.941709}]}, "version": 59, "at": 1735503733.941738}
{"obj": {"type": "LogStrings", "path": ["monitoring", "ae46104d", "stderr"], "values": [{"value": "\n", "step": null, "ts": 1735503733.941937}]}, "version": 60, "at": 1735503733.941968}
{"obj": {"type": "LogStrings", "path": ["monitoring", "ae46104d", "stderr"], "values": [{"value": "  File \"/Users/erwan/Workspace/WSS-UIC/train_vgg_resnet/train.py\", line 123, in <module>\n", "step": null, "ts": 1735503733.942233}]}, "version": 61, "at": 1735503733.94227}
{"obj": {"type": "LogStrings", "path": ["monitoring", "ae46104d", "stderr"], "values": [{"value": "    ", "step": null, "ts": 1735503733.942606}]}, "version": 62, "at": 1735503733.942643}
{"obj": {"type": "LogStrings", "path": ["monitoring", "ae46104d", "stderr"], "values": [{"value": "train(", "step": null, "ts": 1735503733.9427998}]}, "version": 63, "at": 1735503733.942833}
{"obj": {"type": "LogStrings", "path": ["monitoring", "ae46104d", "stderr"], "values": [{"value": "\n", "step": null, "ts": 1735503733.9430258}]}, "version": 64, "at": 1735503733.9430609}
{"obj": {"type": "LogStrings", "path": ["monitoring", "ae46104d", "stderr"], "values": [{"value": "  File \"/Users/erwan/Workspace/WSS-UIC/train_vgg_resnet/train.py\", line 62, in train\n", "step": null, "ts": 1735503733.945971}]}, "version": 65, "at": 1735503733.9460201}
{"obj": {"type": "LogStrings", "path": ["monitoring", "ae46104d", "stderr"], "values": [{"value": "    ", "step": null, "ts": 1735503733.9464839}]}, "version": 66, "at": 1735503733.946524}
{"obj": {"type": "LogStrings", "path": ["monitoring", "ae46104d", "stderr"], "values": [{"value": "for batch in train_dl:", "step": null, "ts": 1735503733.946645}]}, "version": 67, "at": 1735503733.946669}
{"obj": {"type": "LogStrings", "path": ["monitoring", "ae46104d", "stderr"], "values": [{"value": "\n", "step": null, "ts": 1735503733.9468129}]}, "version": 68, "at": 1735503733.9470341}
{"obj": {"type": "LogStrings", "path": ["monitoring", "ae46104d", "stderr"], "values": [{"value": "  File \"/Users/erwan/miniconda3/envs/segmentation_env/lib/python3.10/site-packages/torch/utils/data/dataloader.py\", line 439, in __iter__\n", "step": null, "ts": 1735503733.947337}]}, "version": 69, "at": 1735503733.947364}
{"obj": {"type": "LogStrings", "path": ["monitoring", "ae46104d", "stderr"], "values": [{"value": "    ", "step": null, "ts": 1735503733.947789}]}, "version": 70, "at": 1735503733.947816}
{"obj": {"type": "LogStrings", "path": ["monitoring", "ae46104d", "stderr"], "values": [{"value": "return self._get_iterator()", "step": null, "ts": 1735503733.947934}]}, "version": 71, "at": 1735503733.947958}
{"obj": {"type": "LogStrings", "path": ["monitoring", "ae46104d", "stderr"], "values": [{"value": "\n", "step": null, "ts": 1735503733.9482398}]}, "version": 72, "at": 1735503733.948264}
{"obj": {"type": "LogStrings", "path": ["monitoring", "ae46104d", "stderr"], "values": [{"value": "  File \"/Users/erwan/miniconda3/envs/segmentation_env/lib/python3.10/site-packages/torch/utils/data/dataloader.py\", line 387, in _get_iterator\n", "step": null, "ts": 1735503733.948446}]}, "version": 73, "at": 1735503733.948471}
{"obj": {"type": "LogStrings", "path": ["monitoring", "ae46104d", "stderr"], "values": [{"value": "    ", "step": null, "ts": 1735503733.94884}]}, "version": 74, "at": 1735503733.948865}
{"obj": {"type": "LogStrings", "path": ["monitoring", "ae46104d", "stderr"], "values": [{"value": "return _MultiProcessingDataLoaderIter(self)", "step": null, "ts": 1735503733.948997}]}, "version": 75, "at": 1735503733.949022}
{"obj": {"type": "LogStrings", "path": ["monitoring", "ae46104d", "stderr"], "values": [{"value": "\n", "step": null, "ts": 1735503733.949375}]}, "version": 76, "at": 1735503733.949405}
{"obj": {"type": "LogStrings", "path": ["monitoring", "ae46104d", "stderr"], "values": [{"value": "  File \"/Users/erwan/miniconda3/envs/segmentation_env/lib/python3.10/site-packages/torch/utils/data/dataloader.py\", line 1040, in __init__\n", "step": null, "ts": 1735503733.9496682}]}, "version": 77, "at": 1735503733.9497}
{"obj": {"type": "LogStrings", "path": ["monitoring", "ae46104d", "stderr"], "values": [{"value": "    ", "step": null, "ts": 1735503733.950707}]}, "version": 78, "at": 1735503733.950799}
{"obj": {"type": "LogStrings", "path": ["monitoring", "ae46104d", "stderr"], "values": [{"value": "w.start()", "step": null, "ts": 1735503733.951425}]}, "version": 79, "at": 1735503733.951478}
{"obj": {"type": "LogStrings", "path": ["monitoring", "ae46104d", "stderr"], "values": [{"value": "\n", "step": null, "ts": 1735503733.951922}]}, "version": 80, "at": 1735503733.9519958}
{"obj": {"type": "LogStrings", "path": ["monitoring", "ae46104d", "stderr"], "values": [{"value": "  File \"/Users/erwan/miniconda3/envs/segmentation_env/lib/python3.10/multiprocessing/process.py\", line 121, in start\n", "step": null, "ts": 1735503733.952725}]}, "version": 81, "at": 1735503733.952839}
{"obj": {"type": "LogStrings", "path": ["monitoring", "ae46104d", "stderr"], "values": [{"value": "    ", "step": null, "ts": 1735503733.953996}]}, "version": 82, "at": 1735503733.954079}
{"obj": {"type": "LogStrings", "path": ["monitoring", "ae46104d", "stderr"], "values": [{"value": "self._popen = self._Popen(self)", "step": null, "ts": 1735503733.9544}]}, "version": 83, "at": 1735503733.9544718}
{"obj": {"type": "LogStrings", "path": ["monitoring", "ae46104d", "stderr"], "values": [{"value": "\n", "step": null, "ts": 1735503733.9549382}]}, "version": 84, "at": 1735503733.955014}
{"obj": {"type": "LogStrings", "path": ["monitoring", "ae46104d", "stderr"], "values": [{"value": "  File \"/Users/erwan/miniconda3/envs/segmentation_env/lib/python3.10/multiprocessing/context.py\", line 224, in _Popen\n", "step": null, "ts": 1735503733.955414}]}, "version": 85, "at": 1735503733.9554749}
{"obj": {"type": "LogStrings", "path": ["monitoring", "ae46104d", "stderr"], "values": [{"value": "    ", "step": null, "ts": 1735503733.956602}]}, "version": 86, "at": 1735503733.956639}
{"obj": {"type": "LogStrings", "path": ["monitoring", "ae46104d", "stderr"], "values": [{"value": "return _default_context.get_context().Process._Popen(process_obj)", "step": null, "ts": 1735503733.9568288}]}, "version": 87, "at": 1735503733.9568598}
{"obj": {"type": "LogStrings", "path": ["monitoring", "ae46104d", "stderr"], "values": [{"value": "\n", "step": null, "ts": 1735503733.957023}]}, "version": 88, "at": 1735503733.957052}
{"obj": {"type": "LogStrings", "path": ["monitoring", "ae46104d", "stderr"], "values": [{"value": "  File \"/Users/erwan/miniconda3/envs/segmentation_env/lib/python3.10/multiprocessing/context.py\", line 284, in _Popen\n", "step": null, "ts": 1735503733.957293}]}, "version": 89, "at": 1735503733.95732}
{"obj": {"type": "LogStrings", "path": ["monitoring", "ae46104d", "stderr"], "values": [{"value": "    ", "step": null, "ts": 1735503733.957761}]}, "version": 90, "at": 1735503733.957793}
{"obj": {"type": "LogStrings", "path": ["monitoring", "ae46104d", "stderr"], "values": [{"value": "return Popen(process_obj)", "step": null, "ts": 1735503733.9579232}]}, "version": 91, "at": 1735503733.957948}
{"obj": {"type": "LogStrings", "path": ["monitoring", "ae46104d", "stderr"], "values": [{"value": "\n", "step": null, "ts": 1735503733.9581409}]}, "version": 92, "at": 1735503733.958165}
{"obj": {"type": "LogStrings", "path": ["monitoring", "ae46104d", "stderr"], "values": [{"value": "  File \"/Users/erwan/miniconda3/envs/segmentation_env/lib/python3.10/multiprocessing/popen_spawn_posix.py\", line 32, in __init__\n", "step": null, "ts": 1735503733.9583418}]}, "version": 93, "at": 1735503733.958376}
{"obj": {"type": "LogStrings", "path": ["monitoring", "ae46104d", "stderr"], "values": [{"value": "    ", "step": null, "ts": 1735503733.959074}]}, "version": 94, "at": 1735503733.9591649}
{"obj": {"type": "LogStrings", "path": ["monitoring", "ae46104d", "stderr"], "values": [{"value": "super().__init__(process_obj)", "step": null, "ts": 1735503733.95942}]}, "version": 95, "at": 1735503733.959487}
{"obj": {"type": "LogStrings", "path": ["monitoring", "ae46104d", "stderr"], "values": [{"value": "\n", "step": null, "ts": 1735503733.959923}]}, "version": 96, "at": 1735503733.959987}
{"obj": {"type": "LogStrings", "path": ["monitoring", "ae46104d", "stderr"], "values": [{"value": "  File \"/Users/erwan/miniconda3/envs/segmentation_env/lib/python3.10/multiprocessing/popen_fork.py\", line 19, in __init__\n", "step": null, "ts": 1735503733.960344}]}, "version": 97, "at": 1735503733.960382}
{"obj": {"type": "LogStrings", "path": ["monitoring", "ae46104d", "stderr"], "values": [{"value": "    ", "step": null, "ts": 1735503733.961005}]}, "version": 98, "at": 1735503733.961043}
{"obj": {"type": "LogStrings", "path": ["monitoring", "ae46104d", "stderr"], "values": [{"value": "self._launch(process_obj)", "step": null, "ts": 1735503733.961227}]}, "version": 99, "at": 1735503733.9613109}
{"obj": {"type": "LogStrings", "path": ["monitoring", "ae46104d", "stderr"], "values": [{"value": "\n", "step": null, "ts": 1735503733.961556}]}, "version": 100, "at": 1735503733.961594}
{"obj": {"type": "LogStrings", "path": ["monitoring", "ae46104d", "stderr"], "values": [{"value": "  File \"/Users/erwan/miniconda3/envs/segmentation_env/lib/python3.10/multiprocessing/popen_spawn_posix.py\", line 42, in _launch\n", "step": null, "ts": 1735503733.9618921}]}, "version": 101, "at": 1735503733.961932}
{"obj": {"type": "LogStrings", "path": ["monitoring", "ae46104d", "stderr"], "values": [{"value": "    ", "step": null, "ts": 1735503733.9623349}]}, "version": 102, "at": 1735503733.9623969}
{"obj": {"type": "LogStrings", "path": ["monitoring", "ae46104d", "stderr"], "values": [{"value": "prep_data = spawn.get_preparation_data(process_obj._name)", "step": null, "ts": 1735503733.96261}]}, "version": 103, "at": 1735503733.9626482}
{"obj": {"type": "LogStrings", "path": ["monitoring", "ae46104d", "stderr"], "values": [{"value": "\n", "step": null, "ts": 1735503733.9629629}]}, "version": 104, "at": 1735503733.963012}
{"obj": {"type": "LogStrings", "path": ["monitoring", "ae46104d", "stderr"], "values": [{"value": "  File \"/Users/erwan/miniconda3/envs/segmentation_env/lib/python3.10/multiprocessing/spawn.py\", line 154, in get_preparation_data\n", "step": null, "ts": 1735503733.963257}]}, "version": 105, "at": 1735503733.96331}
{"obj": {"type": "LogStrings", "path": ["monitoring", "ae46104d", "stderr"], "values": [{"value": "    ", "step": null, "ts": 1735503733.963813}]}, "version": 106, "at": 1735503733.96387}
{"obj": {"type": "LogStrings", "path": ["monitoring", "ae46104d", "stderr"], "values": [{"value": "_check_not_importing_main()", "step": null, "ts": 1735503733.9647539}]}, "version": 107, "at": 1735503733.9648042}
{"obj": {"type": "LogStrings", "path": ["monitoring", "ae46104d", "stderr"], "values": [{"value": "\n", "step": null, "ts": 1735503733.965111}]}, "version": 108, "at": 1735503733.9651608}
{"obj": {"type": "LogStrings", "path": ["monitoring", "ae46104d", "stderr"], "values": [{"value": "  File \"/Users/erwan/miniconda3/envs/segmentation_env/lib/python3.10/multiprocessing/spawn.py\", line 134, in _check_not_importing_main\n", "step": null, "ts": 1735503733.9658592}]}, "version": 109, "at": 1735503733.9659321}
{"obj": {"type": "LogStrings", "path": ["monitoring", "ae46104d", "stderr"], "values": [{"value": "    ", "step": null, "ts": 1735503733.967646}]}, "version": 110, "at": 1735503733.967797}
{"obj": {"type": "LogStrings", "path": ["monitoring", "ae46104d", "stderr"], "values": [{"value": "raise RuntimeError('''", "step": null, "ts": 1735503733.968309}]}, "version": 111, "at": 1735503733.968395}
{"obj": {"type": "LogStrings", "path": ["monitoring", "ae46104d", "stderr"], "values": [{"value": "\n", "step": null, "ts": 1735503733.969986}]}, "version": 112, "at": 1735503733.970091}
{"obj": {"type": "LogStrings", "path": ["monitoring", "ae46104d", "stderr"], "values": [{"value": "RuntimeError", "step": null, "ts": 1735503733.971358}]}, "version": 113, "at": 1735503733.971508}
{"obj": {"type": "LogStrings", "path": ["monitoring", "ae46104d", "stderr"], "values": [{"value": ": ", "step": null, "ts": 1735503733.972917}]}, "version": 114, "at": 1735503733.973008}
{"obj": {"type": "LogStrings", "path": ["monitoring", "ae46104d", "stderr"], "values": [{"value": "\n        An attempt has been made to start a new process before the\n        current process has finished its bootstrapping phase.\n\n        This probably means that you are not using fork to start your\n        child processes and you have forgotten to use the proper idiom\n        in the main module:\n\n            if __name__ == '__main__':\n                freeze_support()\n                ...\n\n        The \"freeze_support()\" line can be omitted if the program\n        is not going to be frozen to produce an executable.", "step": null, "ts": 1735503733.9734058}]}, "version": 115, "at": 1735503733.97348}
{"obj": {"type": "LogStrings", "path": ["monitoring", "ae46104d", "stderr"], "values": [{"value": "\n", "step": null, "ts": 1735503733.9739258}]}, "version": 116, "at": 1735503733.973977}
{"obj": {"type": "LogStrings", "path": ["monitoring", "ae46104d", "stdout"], "values": [{"value": "[neptune] [info   ] Shutting down background jobs, please wait a moment...\n", "step": null, "ts": 1735503733.9747279}]}, "version": 117, "at": 1735503733.974765}
