{"obj": {"type": "AssignString", "path": ["sys", "name"], "value": "Untitled"}, "version": 1, "at": 1735902385.86707}
{"obj": {"type": "AssignString", "path": ["sys", "description"], "value": ""}, "version": 2, "at": 1735902385.867255}
{"obj": {"type": "AssignString", "path": ["monitoring", "9d102f52", "hostname"], "value": "Admins-MacBook-Pro.local"}, "version": 3, "at": 1735902385.867342}
{"obj": {"type": "AssignString", "path": ["sys", "hostname"], "value": "Admins-MacBook-Pro.local"}, "version": 4, "at": 1735902385.867411}
{"obj": {"type": "AssignString", "path": ["monitoring", "9d102f52", "pid"], "value": "24468"}, "version": 5, "at": 1735902385.867479}
{"obj": {"type": "AssignString", "path": ["monitoring", "9d102f52", "tid"], "value": "4546018752"}, "version": 6, "at": 1735902385.867546}
{"obj": {"type": "AssignBool", "path": ["sys", "failed"], "value": false}, "version": 7, "at": 1735902385.8676322}
{"obj": {"type": "ClearStringLog", "path": ["monitoring", "9d102f52", "stdout"]}, "version": 8, "at": 1735902385.868595}
{"obj": {"type": "ClearStringLog", "path": ["monitoring", "9d102f52", "stderr"]}, "version": 9, "at": 1735902385.868683}
{"obj": {"type": "AssignString", "path": ["source_code", "entrypoint"], "value": "train.py"}, "version": 10, "at": 1735902385.869183}
{"obj": {"type": "UploadFileSet", "path": ["source_code", "files"], "file_globs": ["/Users/erwan/Workspace/WSS-UIC/train_vgg_resnet/train.py"], "reset": "False"}, "version": 11, "at": 1735902385.8692758}
{"obj": {"type": "UploadFile", "path": ["source_code", "diff"], "ext": "patch", "file_path": null, "tmp_file_name": "source_code_diff-1735902386.044209-2025-01-03_12.06.26.044209.patch", "clean_after_upload": false}, "version": 12, "at": 1735902386.044621}
{"obj": {"type": "ConfigFloatSeries", "path": ["monitoring", "9d102f52", "cpu"], "min": 0.0, "max": 100.0, "unit": "%"}, "version": 13, "at": 1735902386.0485718}
{"obj": {"type": "ClearFloatLog", "path": ["monitoring", "9d102f52", "cpu"]}, "version": 14, "at": 1735902386.048774}
{"obj": {"type": "LogStrings", "path": ["monitoring", "9d102f52", "stderr"], "values": [{"value": "[neptune] [warning] /Users/erwan/Workspace/WSS-UIC/train_vgg_resnet/train.py:46: NeptuneWarning: Info (NVML): NVML Shared Library Not Found. GPU usage metrics may not be reported. For more information, see https://docs.neptune.ai/help/nvml_error/\n", "step": null, "ts": 1735902386.0489469}]}, "version": 15, "at": 1735902386.0490031}
{"obj": {"type": "ConfigFloatSeries", "path": ["monitoring", "9d102f52", "memory"], "min": 0.0, "max": 16.0, "unit": "GB"}, "version": 16, "at": 1735902386.049129}
{"obj": {"type": "ClearFloatLog", "path": ["monitoring", "9d102f52", "memory"]}, "version": 17, "at": 1735902386.049166}
{"obj": {"type": "LogFloats", "path": ["monitoring", "9d102f52", "memory"], "values": [{"value": 9.277603149414062, "step": null, "ts": 1735902386.049341}]}, "version": 18, "at": 1735902386.0500429}
{"obj": {"type": "AssignString", "path": ["config", "optimizer"], "value": "Adam"}, "version": 19, "at": 1735902386.0502322}
{"obj": {"type": "LogStrings", "path": ["monitoring", "9d102f52", "stdout"], "values": [{"value": "ici la ", "step": null, "ts": 1735902386.050785}]}, "version": 20, "at": 1735902386.050813}
{"obj": {"type": "LogStrings", "path": ["monitoring", "9d102f52", "stdout"], "values": [{"value": "\n", "step": null, "ts": 1735902386.051033}]}, "version": 21, "at": 1735902386.05105}
{"obj": {"type": "LogStrings", "path": ["monitoring", "9d102f52", "stderr"], "values": [{"value": "\r  0%|                                                                                                                                                                                 | 0/2 [00:00<?, ?it/s]", "step": null, "ts": 1735902386.059017}]}, "version": 22, "at": 1735902386.059285}
{"obj": {"type": "LogStrings", "path": ["monitoring", "9d102f52", "stdout"], "values": [{"value": "dqsdqs", "step": null, "ts": 1735902386.0614212}]}, "version": 23, "at": 1735902386.061467}
{"obj": {"type": "LogStrings", "path": ["monitoring", "9d102f52", "stdout"], "values": [{"value": "\n", "step": null, "ts": 1735902386.063241}]}, "version": 24, "at": 1735902386.0632892}
{"obj": {"type": "LogStrings", "path": ["monitoring", "9d102f52", "stderr"], "values": [{"value": "", "step": null, "ts": 1735902386.073751}]}, "version": 25, "at": 1735902386.073798}
{"obj": {"type": "LogStrings", "path": ["monitoring", "9d102f52", "stderr"], "values": [{"value": "\r  0%|                                                                                                                                                                                 | 0/2 [00:00<?, ?it/s]", "step": null, "ts": 1735902386.074234}]}, "version": 26, "at": 1735902386.074259}
{"obj": {"type": "LogStrings", "path": ["monitoring", "9d102f52", "stderr"], "values": [{"value": "\n", "step": null, "ts": 1735902386.074421}]}, "version": 27, "at": 1735902386.074442}
{"obj": {"type": "LogStrings", "path": ["monitoring", "9d102f52", "traceback"], "values": [{"value": "An uncaught exception occurred while run was active on worker Admins-MacBook-Pro.local.", "step": null, "ts": 1735902386.0774322}, {"value": "Marking run as failed", "step": null, "ts": 1735902386.0774322}, {"value": "Traceback:", "step": null, "ts": 1735902386.0774322}, {"value": "  File \"/Users/erwan/Workspace/WSS-UIC/train_vgg_resnet/train.py\", line 129, in <module>\n    train(\n", "step": null, "ts": 1735902386.0774322}, {"value": "  File \"/Users/erwan/Workspace/WSS-UIC/train_vgg_resnet/train.py\", line 64, in train\n    for batch in train_dl:\n", "step": null, "ts": 1735902386.0774322}, {"value": "  File \"/Users/erwan/miniconda3/envs/segmentation_env/lib/python3.10/site-packages/torch/utils/data/dataloader.py\", line 631, in __next__\n    data = self._next_data()\n", "step": null, "ts": 1735902386.0774322}, {"value": "  File \"/Users/erwan/miniconda3/envs/segmentation_env/lib/python3.10/site-packages/torch/utils/data/dataloader.py\", line 675, in _next_data\n    data = self._dataset_fetcher.fetch(index)  # may raise StopIteration\n", "step": null, "ts": 1735902386.0774322}, {"value": "  File \"/Users/erwan/miniconda3/envs/segmentation_env/lib/python3.10/site-packages/torch/utils/data/_utils/fetch.py\", line 51, in fetch\n    data = [self.dataset[idx] for idx in possibly_batched_index]\n", "step": null, "ts": 1735902386.0774322}, {"value": "  File \"/Users/erwan/miniconda3/envs/segmentation_env/lib/python3.10/site-packages/torch/utils/data/_utils/fetch.py\", line 51, in <listcomp>\n    data = [self.dataset[idx] for idx in possibly_batched_index]\n", "step": null, "ts": 1735902386.0774322}, {"value": "  File \"/Users/erwan/Workspace/WSS-UIC/train_vgg_resnet/generator.py\", line 43, in __getitem__\n    print(image.shape)\n", "step": null, "ts": 1735902386.0774322}]}, "version": 28, "at": 1735902386.077516}
{"obj": {"type": "LogStrings", "path": ["monitoring", "9d102f52", "traceback"], "values": [{"value": "local variable 'image' referenced before assignment", "step": null, "ts": 1735902386.0774322}]}, "version": 29, "at": 1735902386.077705}
{"obj": {"type": "AssignBool", "path": ["sys", "failed"], "value": true}, "version": 30, "at": 1735902386.0778759}
{"obj": {"type": "LogStrings", "path": ["monitoring", "9d102f52", "stderr"], "values": [{"value": "Traceback (most recent call last):\n", "step": null, "ts": 1735902386.0782878}]}, "version": 31, "at": 1735902386.078368}
{"obj": {"type": "LogStrings", "path": ["monitoring", "9d102f52", "stderr"], "values": [{"value": "  File \"/Users/erwan/Workspace/WSS-UIC/train_vgg_resnet/train.py\", line 129, in <module>\n", "step": null, "ts": 1735902386.078877}]}, "version": 32, "at": 1735902386.07894}
{"obj": {"type": "LogStrings", "path": ["monitoring", "9d102f52", "stderr"], "values": [{"value": "    ", "step": null, "ts": 1735902386.079264}]}, "version": 33, "at": 1735902386.079299}
{"obj": {"type": "LogStrings", "path": ["monitoring", "9d102f52", "stderr"], "values": [{"value": "train(", "step": null, "ts": 1735902386.079517}]}, "version": 34, "at": 1735902386.079541}
{"obj": {"type": "LogStrings", "path": ["monitoring", "9d102f52", "stderr"], "values": [{"value": "\n", "step": null, "ts": 1735902386.079799}]}, "version": 35, "at": 1735902386.079836}
{"obj": {"type": "LogStrings", "path": ["monitoring", "9d102f52", "stderr"], "values": [{"value": "  File \"/Users/erwan/Workspace/WSS-UIC/train_vgg_resnet/train.py\", line 64, in train\n", "step": null, "ts": 1735902386.0803578}]}, "version": 36, "at": 1735902386.08038}
{"obj": {"type": "LogStrings", "path": ["monitoring", "9d102f52", "stderr"], "values": [{"value": "    ", "step": null, "ts": 1735902386.080676}]}, "version": 37, "at": 1735902386.080713}
{"obj": {"type": "LogStrings", "path": ["monitoring", "9d102f52", "stderr"], "values": [{"value": "for batch in train_dl:", "step": null, "ts": 1735902386.080917}]}, "version": 38, "at": 1735902386.080935}
{"obj": {"type": "LogStrings", "path": ["monitoring", "9d102f52", "stderr"], "values": [{"value": "\n", "step": null, "ts": 1735902386.0811808}]}, "version": 39, "at": 1735902386.081198}
{"obj": {"type": "LogStrings", "path": ["monitoring", "9d102f52", "stderr"], "values": [{"value": "  File \"/Users/erwan/miniconda3/envs/segmentation_env/lib/python3.10/site-packages/torch/utils/data/dataloader.py\", line 631, in __next__\n", "step": null, "ts": 1735902386.081341}]}, "version": 40, "at": 1735902386.081357}
{"obj": {"type": "LogStrings", "path": ["monitoring", "9d102f52", "stderr"], "values": [{"value": "    ", "step": null, "ts": 1735902386.081633}]}, "version": 41, "at": 1735902386.0816588}
{"obj": {"type": "LogStrings", "path": ["monitoring", "9d102f52", "stderr"], "values": [{"value": "data = self._next_data()", "step": null, "ts": 1735902386.0818381}]}, "version": 42, "at": 1735902386.081857}
{"obj": {"type": "LogStrings", "path": ["monitoring", "9d102f52", "stderr"], "values": [{"value": "\n", "step": null, "ts": 1735902386.0820549}]}, "version": 43, "at": 1735902386.0820742}
{"obj": {"type": "LogStrings", "path": ["monitoring", "9d102f52", "stderr"], "values": [{"value": "  File \"/Users/erwan/miniconda3/envs/segmentation_env/lib/python3.10/site-packages/torch/utils/data/dataloader.py\", line 675, in _next_data\n", "step": null, "ts": 1735902386.082263}]}, "version": 44, "at": 1735902386.082289}
{"obj": {"type": "LogStrings", "path": ["monitoring", "9d102f52", "stderr"], "values": [{"value": "    ", "step": null, "ts": 1735902386.082496}]}, "version": 45, "at": 1735902386.0825138}
{"obj": {"type": "LogStrings", "path": ["monitoring", "9d102f52", "stderr"], "values": [{"value": "data = self._dataset_fetcher.fetch(index)  # may raise StopIteration", "step": null, "ts": 1735902386.0833}]}, "version": 46, "at": 1735902386.083325}
{"obj": {"type": "LogStrings", "path": ["monitoring", "9d102f52", "stdout"], "values": [{"value": "[neptune] [info   ] Shutting down background jobs, please wait a moment...\n", "step": null, "ts": 1735902386.083515}]}, "version": 47, "at": 1735902386.0835352}
{"obj": {"type": "LogStrings", "path": ["monitoring", "9d102f52", "stderr"], "values": [{"value": "\n", "step": null, "ts": 1735902386.083662}]}, "version": 48, "at": 1735902386.08368}
{"obj": {"type": "LogStrings", "path": ["monitoring", "9d102f52", "stderr"], "values": [{"value": "  File \"/Users/erwan/miniconda3/envs/segmentation_env/lib/python3.10/site-packages/torch/utils/data/_utils/fetch.py\", line 51, in fetch\n", "step": null, "ts": 1735902386.0837529}]}, "version": 49, "at": 1735902386.083766}
{"obj": {"type": "LogStrings", "path": ["monitoring", "9d102f52", "stderr"], "values": [{"value": "    ", "step": null, "ts": 1735902386.083829}]}, "version": 50, "at": 1735902386.083841}
{"obj": {"type": "LogStrings", "path": ["monitoring", "9d102f52", "stderr"], "values": [{"value": "data = [self.dataset[idx] for idx in possibly_batched_index]", "step": null, "ts": 1735902386.0838988}]}, "version": 51, "at": 1735902386.083911}
{"obj": {"type": "LogStrings", "path": ["monitoring", "9d102f52", "stderr"], "values": [{"value": "\n", "step": null, "ts": 1735902386.083968}]}, "version": 52, "at": 1735902386.08398}
{"obj": {"type": "LogStrings", "path": ["monitoring", "9d102f52", "stderr"], "values": [{"value": "  File \"/Users/erwan/miniconda3/envs/segmentation_env/lib/python3.10/site-packages/torch/utils/data/_utils/fetch.py\", line 51, in <listcomp>\n", "step": null, "ts": 1735902386.084034}]}, "version": 53, "at": 1735902386.0840452}
{"obj": {"type": "LogStrings", "path": ["monitoring", "9d102f52", "stderr"], "values": [{"value": "    ", "step": null, "ts": 1735902386.0841}]}, "version": 54, "at": 1735902386.0841112}
{"obj": {"type": "LogStrings", "path": ["monitoring", "9d102f52", "stderr"], "values": [{"value": "data = [self.dataset[idx] for idx in possibly_batched_index]", "step": null, "ts": 1735902386.084165}]}, "version": 55, "at": 1735902386.0841758}
{"obj": {"type": "LogStrings", "path": ["monitoring", "9d102f52", "stderr"], "values": [{"value": "\n", "step": null, "ts": 1735902386.08423}]}, "version": 56, "at": 1735902386.084241}
{"obj": {"type": "LogStrings", "path": ["monitoring", "9d102f52", "stderr"], "values": [{"value": "  File \"/Users/erwan/Workspace/WSS-UIC/train_vgg_resnet/generator.py\", line 43, in __getitem__\n", "step": null, "ts": 1735902386.0842938}]}, "version": 57, "at": 1735902386.0843048}
{"obj": {"type": "LogStrings", "path": ["monitoring", "9d102f52", "stderr"], "values": [{"value": "    ", "step": null, "ts": 1735902386.084359}]}, "version": 58, "at": 1735902386.08437}
{"obj": {"type": "LogStrings", "path": ["monitoring", "9d102f52", "stderr"], "values": [{"value": "print(image.shape)", "step": null, "ts": 1735902386.084425}]}, "version": 59, "at": 1735902386.084437}
{"obj": {"type": "LogStrings", "path": ["monitoring", "9d102f52", "stderr"], "values": [{"value": "\n", "step": null, "ts": 1735902386.0844889}]}, "version": 60, "at": 1735902386.0845}
{"obj": {"type": "LogStrings", "path": ["monitoring", "9d102f52", "stderr"], "values": [{"value": "UnboundLocalError", "step": null, "ts": 1735902386.084552}]}, "version": 61, "at": 1735902386.084563}
{"obj": {"type": "LogStrings", "path": ["monitoring", "9d102f52", "stderr"], "values": [{"value": ": ", "step": null, "ts": 1735902386.084615}]}, "version": 62, "at": 1735902386.084626}
{"obj": {"type": "LogStrings", "path": ["monitoring", "9d102f52", "stderr"], "values": [{"value": "local variable 'image' referenced before assignment", "step": null, "ts": 1735902386.084678}]}, "version": 63, "at": 1735902386.084689}
{"obj": {"type": "LogStrings", "path": ["monitoring", "9d102f52", "stderr"], "values": [{"value": "\n", "step": null, "ts": 1735902386.084741}]}, "version": 64, "at": 1735902386.0847518}
