{"obj": {"type": "AssignString", "path": ["sys", "name"], "value": "Untitled"}, "version": 1, "at": 1735902622.065086}
{"obj": {"type": "AssignString", "path": ["sys", "description"], "value": ""}, "version": 2, "at": 1735902622.06528}
{"obj": {"type": "AssignString", "path": ["monitoring", "3da468cb", "hostname"], "value": "Admins-MacBook-Pro.local"}, "version": 3, "at": 1735902622.065382}
{"obj": {"type": "AssignString", "path": ["sys", "hostname"], "value": "Admins-MacBook-Pro.local"}, "version": 4, "at": 1735902622.065459}
{"obj": {"type": "AssignString", "path": ["monitoring", "3da468cb", "pid"], "value": "24824"}, "version": 5, "at": 1735902622.0655391}
{"obj": {"type": "AssignString", "path": ["monitoring", "3da468cb", "tid"], "value": "4732513728"}, "version": 6, "at": 1735902622.065613}
{"obj": {"type": "AssignBool", "path": ["sys", "failed"], "value": false}, "version": 7, "at": 1735902622.0657122}
{"obj": {"type": "ClearStringLog", "path": ["monitoring", "3da468cb", "stdout"]}, "version": 8, "at": 1735902622.066646}
{"obj": {"type": "ClearStringLog", "path": ["monitoring", "3da468cb", "stderr"]}, "version": 9, "at": 1735902622.066734}
{"obj": {"type": "AssignString", "path": ["source_code", "entrypoint"], "value": "train.py"}, "version": 10, "at": 1735902622.0672462}
{"obj": {"type": "UploadFileSet", "path": ["source_code", "files"], "file_globs": ["/Users/erwan/Workspace/WSS-UIC/train_vgg_resnet/train.py"], "reset": "False"}, "version": 11, "at": 1735902622.067341}
{"obj": {"type": "UploadFile", "path": ["source_code", "diff"], "ext": "patch", "file_path": null, "tmp_file_name": "source_code_diff-1735902622.248164-2025-01-03_12.10.22.248164.patch", "clean_after_upload": false}, "version": 12, "at": 1735902622.248638}
{"obj": {"type": "ConfigFloatSeries", "path": ["monitoring", "3da468cb", "cpu"], "min": 0.0, "max": 100.0, "unit": "%"}, "version": 13, "at": 1735902622.257214}
{"obj": {"type": "ClearFloatLog", "path": ["monitoring", "3da468cb", "cpu"]}, "version": 14, "at": 1735902622.257429}
{"obj": {"type": "LogStrings", "path": ["monitoring", "3da468cb", "stderr"], "values": [{"value": "[neptune] [warning] /Users/erwan/Workspace/WSS-UIC/train_vgg_resnet/train.py:46: NeptuneWarning: Info (NVML): NVML Shared Library Not Found. GPU usage metrics may not be reported. For more information, see https://docs.neptune.ai/help/nvml_error/\n", "step": null, "ts": 1735902622.257576}]}, "version": 15, "at": 1735902622.257644}
{"obj": {"type": "ConfigFloatSeries", "path": ["monitoring", "3da468cb", "memory"], "min": 0.0, "max": 16.0, "unit": "GB"}, "version": 16, "at": 1735902622.257805}
{"obj": {"type": "ClearFloatLog", "path": ["monitoring", "3da468cb", "memory"]}, "version": 17, "at": 1735902622.2578502}
{"obj": {"type": "LogFloats", "path": ["monitoring", "3da468cb", "memory"], "values": [{"value": 8.887504577636719, "step": null, "ts": 1735902622.258018}]}, "version": 18, "at": 1735902622.258821}
{"obj": {"type": "AssignString", "path": ["config", "optimizer"], "value": "Adam"}, "version": 19, "at": 1735902622.259038}
{"obj": {"type": "LogStrings", "path": ["monitoring", "3da468cb", "stdout"], "values": [{"value": "ici la ", "step": null, "ts": 1735902622.259361}]}, "version": 20, "at": 1735902622.259449}
{"obj": {"type": "LogStrings", "path": ["monitoring", "3da468cb", "stdout"], "values": [{"value": "\n", "step": null, "ts": 1735902622.2597601}]}, "version": 21, "at": 1735902622.2597811}
{"obj": {"type": "LogStrings", "path": ["monitoring", "3da468cb", "stderr"], "values": [{"value": "\r  0%|                                                                                                                                                                                 | 0/2 [00:00<?, ?it/s]", "step": null, "ts": 1735902622.270549}]}, "version": 22, "at": 1735902622.271158}
{"obj": {"type": "LogFloats", "path": ["train", "epoch", "loss_tot"], "values": [{"value": 0.7603405117988586, "step": null, "ts": 1735902627.094904}]}, "version": 23, "at": 1735902627.09495}
{"obj": {"type": "LogFloats", "path": ["train", "epoch", "precision"], "values": [{"value": 0.6666666865348816, "step": null, "ts": 1735902627.095108}]}, "version": 24, "at": 1735902627.095127}
{"obj": {"type": "LogFloats", "path": ["train", "epoch", "recall"], "values": [{"value": 0.2222222238779068, "step": null, "ts": 1735902627.095205}]}, "version": 25, "at": 1735902627.095222}
{"obj": {"type": "LogFloats", "path": ["train", "epoch", "loss_tot"], "values": [{"value": 0.8081409931182861, "step": null, "ts": 1735902631.868487}]}, "version": 26, "at": 1735902631.868536}
{"obj": {"type": "LogFloats", "path": ["train", "epoch", "precision"], "values": [{"value": 0.5714285969734192, "step": null, "ts": 1735902631.868703}]}, "version": 27, "at": 1735902631.868733}
{"obj": {"type": "LogFloats", "path": ["train", "epoch", "recall"], "values": [{"value": 1.0, "step": null, "ts": 1735902631.868868}]}, "version": 28, "at": 1735902631.868899}
{"obj": {"type": "LogFloats", "path": ["monitoring", "3da468cb", "cpu"], "values": [{"value": 61.7, "step": null, "ts": 1735902632.262523}]}, "version": 29, "at": 1735902632.262918}
{"obj": {"type": "LogFloats", "path": ["monitoring", "3da468cb", "memory"], "values": [{"value": 9.211963653564453, "step": null, "ts": 1735902632.262523}]}, "version": 30, "at": 1735902632.263147}
{"obj": {"type": "LogFloats", "path": ["monitoring", "3da468cb", "cpu"], "values": [{"value": 76.5, "step": null, "ts": 1735902642.282927}]}, "version": 31, "at": 1735902642.283446}
{"obj": {"type": "LogFloats", "path": ["monitoring", "3da468cb", "memory"], "values": [{"value": 9.181747436523438, "step": null, "ts": 1735902642.282927}]}, "version": 32, "at": 1735902642.283641}
{"obj": {"type": "LogFloats", "path": ["train", "epoch", "loss_tot"], "values": [{"value": 0.5991254448890686, "step": null, "ts": 1735902642.444863}]}, "version": 33, "at": 1735902642.444921}
{"obj": {"type": "LogFloats", "path": ["train", "epoch", "precision"], "values": [{"value": 0.4000000059604645, "step": null, "ts": 1735902642.445108}]}, "version": 34, "at": 1735902642.445138}
{"obj": {"type": "LogFloats", "path": ["train", "epoch", "recall"], "values": [{"value": 0.5, "step": null, "ts": 1735902642.445247}]}, "version": 35, "at": 1735902642.4452748}
{"obj": {"type": "LogFloats", "path": ["monitoring", "3da468cb", "cpu"], "values": [{"value": 78.7, "step": null, "ts": 1735902652.285182}]}, "version": 36, "at": 1735902652.28542}
{"obj": {"type": "LogFloats", "path": ["monitoring", "3da468cb", "memory"], "values": [{"value": 9.791061401367188, "step": null, "ts": 1735902652.285182}]}, "version": 37, "at": 1735902652.285574}
{"obj": {"type": "LogFloats", "path": ["monitoring", "3da468cb", "cpu"], "values": [{"value": 72.0, "step": null, "ts": 1735902662.287045}]}, "version": 38, "at": 1735902662.287355}
{"obj": {"type": "LogFloats", "path": ["monitoring", "3da468cb", "memory"], "values": [{"value": 9.874935150146484, "step": null, "ts": 1735902662.287045}]}, "version": 39, "at": 1735902662.287597}
{"obj": {"type": "LogFloats", "path": ["train", "epoch", "loss_tot"], "values": [{"value": 0.520904541015625, "step": null, "ts": 1735902662.605613}]}, "version": 40, "at": 1735902662.6056588}
{"obj": {"type": "LogFloats", "path": ["train", "epoch", "precision"], "values": [{"value": 0.0, "step": null, "ts": 1735902662.60581}]}, "version": 41, "at": 1735902662.605834}
{"obj": {"type": "LogFloats", "path": ["train", "epoch", "recall"], "values": [{"value": 0.0, "step": null, "ts": 1735902662.605908}]}, "version": 42, "at": 1735902662.605928}
{"obj": {"type": "LogFloats", "path": ["train", "epoch", "loss_tot"], "values": [{"value": 0.4866562783718109, "step": null, "ts": 1735902668.313969}]}, "version": 43, "at": 1735902668.314017}
{"obj": {"type": "LogFloats", "path": ["train", "epoch", "precision"], "values": [{"value": 0.0, "step": null, "ts": 1735902668.314176}]}, "version": 44, "at": 1735902668.314201}
{"obj": {"type": "LogFloats", "path": ["train", "epoch", "recall"], "values": [{"value": 0.0, "step": null, "ts": 1735902668.3142772}]}, "version": 45, "at": 1735902668.3142972}
{"obj": {"type": "LogFloats", "path": ["monitoring", "3da468cb", "cpu"], "values": [{"value": 60.6, "step": null, "ts": 1735902672.292172}]}, "version": 46, "at": 1735902672.292464}
{"obj": {"type": "LogFloats", "path": ["monitoring", "3da468cb", "memory"], "values": [{"value": 9.652294158935547, "step": null, "ts": 1735902672.292172}]}, "version": 47, "at": 1735902672.292829}
{"obj": {"type": "LogFloats", "path": ["train", "epoch", "loss_tot"], "values": [{"value": 0.6418406367301941, "step": null, "ts": 1735902672.6271172}]}, "version": 48, "at": 1735902672.627174}
{"obj": {"type": "LogFloats", "path": ["train", "epoch", "precision"], "values": [{"value": 1.0, "step": null, "ts": 1735902672.627305}]}, "version": 49, "at": 1735902672.627326}
{"obj": {"type": "LogFloats", "path": ["train", "epoch", "recall"], "values": [{"value": 0.1666666716337204, "step": null, "ts": 1735902672.62739}]}, "version": 50, "at": 1735902672.6274061}
{"obj": {"type": "LogStrings", "path": ["monitoring", "3da468cb", "stderr"], "values": [{"value": "", "step": null, "ts": 1735902672.6949499}]}, "version": 51, "at": 1735902672.694998}
{"obj": {"type": "LogStrings", "path": ["monitoring", "3da468cb", "traceback"], "values": [{"value": "An uncaught exception occurred while run was active on worker Admins-MacBook-Pro.local.", "step": null, "ts": 1735902672.6955001}, {"value": "Marking run as failed", "step": null, "ts": 1735902672.6955001}, {"value": "Traceback:", "step": null, "ts": 1735902672.6955001}, {"value": "  File \"/Users/erwan/Workspace/WSS-UIC/train_vgg_resnet/train.py\", line 129, in <module>\n    train(\n", "step": null, "ts": 1735902672.6955001}, {"value": "  File \"/Users/erwan/Workspace/WSS-UIC/train_vgg_resnet/train.py\", line 95, in train\n    print(batch.shape)\n", "step": null, "ts": 1735902672.6955001}, {"value": "'list' object has no attribute 'shape'", "step": null, "ts": 1735902672.6955001}]}, "version": 52, "at": 1735902672.695539}
{"obj": {"type": "LogStrings", "path": ["monitoring", "3da468cb", "stderr"], "values": [{"value": "\r  0%|                                                                                                                                                                                 | 0/2 [00:50<?, ?it/s]", "step": null, "ts": 1735902672.69569}]}, "version": 53, "at": 1735902672.6957178}
{"obj": {"type": "AssignBool", "path": ["sys", "failed"], "value": true}, "version": 54, "at": 1735902672.695883}
{"obj": {"type": "LogStrings", "path": ["monitoring", "3da468cb", "stderr"], "values": [{"value": "\n", "step": null, "ts": 1735902672.696058}]}, "version": 55, "at": 1735902672.696085}
{"obj": {"type": "LogStrings", "path": ["monitoring", "3da468cb", "stderr"], "values": [{"value": "Traceback (most recent call last):\n", "step": null, "ts": 1735902672.696387}]}, "version": 56, "at": 1735902672.696414}
{"obj": {"type": "LogStrings", "path": ["monitoring", "3da468cb", "stderr"], "values": [{"value": "  File \"/Users/erwan/Workspace/WSS-UIC/train_vgg_resnet/train.py\", line 129, in <module>\n", "step": null, "ts": 1735902672.696602}]}, "version": 57, "at": 1735902672.696631}
{"obj": {"type": "LogStrings", "path": ["monitoring", "3da468cb", "stderr"], "values": [{"value": "    ", "step": null, "ts": 1735902672.696779}]}, "version": 58, "at": 1735902672.6968}
{"obj": {"type": "LogStrings", "path": ["monitoring", "3da468cb", "stderr"], "values": [{"value": "train(", "step": null, "ts": 1735902672.697077}]}, "version": 59, "at": 1735902672.697102}
{"obj": {"type": "LogStrings", "path": ["monitoring", "3da468cb", "stderr"], "values": [{"value": "\n", "step": null, "ts": 1735902672.697356}]}, "version": 60, "at": 1735902672.697377}
{"obj": {"type": "LogStrings", "path": ["monitoring", "3da468cb", "stdout"], "values": [{"value": "[neptune] [info   ] Shutting down background jobs, please wait a moment...\n", "step": null, "ts": 1735902672.697834}]}, "version": 61, "at": 1735902672.69786}
{"obj": {"type": "LogStrings", "path": ["monitoring", "3da468cb", "stderr"], "values": [{"value": "  File \"/Users/erwan/Workspace/WSS-UIC/train_vgg_resnet/train.py\", line 95, in train\n", "step": null, "ts": 1735902672.698089}]}, "version": 62, "at": 1735902672.698123}
{"obj": {"type": "LogStrings", "path": ["monitoring", "3da468cb", "stderr"], "values": [{"value": "    ", "step": null, "ts": 1735902672.698268}]}, "version": 63, "at": 1735902672.6982882}
{"obj": {"type": "LogStrings", "path": ["monitoring", "3da468cb", "stderr"], "values": [{"value": "print(batch.shape)", "step": null, "ts": 1735902672.698421}]}, "version": 64, "at": 1735902672.698441}
{"obj": {"type": "LogStrings", "path": ["monitoring", "3da468cb", "stderr"], "values": [{"value": "\n", "step": null, "ts": 1735902672.698528}]}, "version": 65, "at": 1735902672.698547}
{"obj": {"type": "LogStrings", "path": ["monitoring", "3da468cb", "stderr"], "values": [{"value": "AttributeError", "step": null, "ts": 1735902672.6986308}]}, "version": 66, "at": 1735902672.6986501}
{"obj": {"type": "LogStrings", "path": ["monitoring", "3da468cb", "stderr"], "values": [{"value": ": ", "step": null, "ts": 1735902672.6987321}]}, "version": 67, "at": 1735902672.69875}
{"obj": {"type": "LogStrings", "path": ["monitoring", "3da468cb", "stderr"], "values": [{"value": "'list' object has no attribute 'shape'", "step": null, "ts": 1735902672.69887}]}, "version": 68, "at": 1735902672.69889}
{"obj": {"type": "LogStrings", "path": ["monitoring", "3da468cb", "stderr"], "values": [{"value": "\n", "step": null, "ts": 1735902672.699049}]}, "version": 69, "at": 1735902672.699074}
