{"obj": {"type": "AssignString", "path": ["sys", "name"], "value": "Untitled"}, "version": 1, "at": 1735902742.69398}
{"obj": {"type": "AssignString", "path": ["sys", "description"], "value": ""}, "version": 2, "at": 1735902742.694178}
{"obj": {"type": "AssignString", "path": ["monitoring", "1930c5aa", "hostname"], "value": "Admins-MacBook-Pro.local"}, "version": 3, "at": 1735902742.694276}
{"obj": {"type": "AssignString", "path": ["sys", "hostname"], "value": "Admins-MacBook-Pro.local"}, "version": 4, "at": 1735902742.6943529}
{"obj": {"type": "AssignString", "path": ["monitoring", "1930c5aa", "pid"], "value": "24904"}, "version": 5, "at": 1735902742.694429}
{"obj": {"type": "AssignString", "path": ["monitoring", "1930c5aa", "tid"], "value": "4526570944"}, "version": 6, "at": 1735902742.6945019}
{"obj": {"type": "AssignBool", "path": ["sys", "failed"], "value": false}, "version": 7, "at": 1735902742.694596}
{"obj": {"type": "ClearStringLog", "path": ["monitoring", "1930c5aa", "stdout"]}, "version": 8, "at": 1735902742.6954281}
{"obj": {"type": "ClearStringLog", "path": ["monitoring", "1930c5aa", "stderr"]}, "version": 9, "at": 1735902742.69552}
{"obj": {"type": "AssignString", "path": ["source_code", "entrypoint"], "value": "train.py"}, "version": 10, "at": 1735902742.6960378}
{"obj": {"type": "UploadFileSet", "path": ["source_code", "files"], "file_globs": ["/Users/erwan/Workspace/WSS-UIC/train_vgg_resnet/train.py"], "reset": "False"}, "version": 11, "at": 1735902742.696136}
{"obj": {"type": "UploadFile", "path": ["source_code", "diff"], "ext": "patch", "file_path": null, "tmp_file_name": "source_code_diff-1735902742.869849-2025-01-03_12.12.22.869849.patch", "clean_after_upload": false}, "version": 12, "at": 1735902742.870233}
{"obj": {"type": "ConfigFloatSeries", "path": ["monitoring", "1930c5aa", "cpu"], "min": 0.0, "max": 100.0, "unit": "%"}, "version": 13, "at": 1735902742.8790731}
{"obj": {"type": "ClearFloatLog", "path": ["monitoring", "1930c5aa", "cpu"]}, "version": 14, "at": 1735902742.879192}
{"obj": {"type": "ConfigFloatSeries", "path": ["monitoring", "1930c5aa", "memory"], "min": 0.0, "max": 16.0, "unit": "GB"}, "version": 15, "at": 1735902742.879305}
{"obj": {"type": "ClearFloatLog", "path": ["monitoring", "1930c5aa", "memory"]}, "version": 16, "at": 1735902742.879348}
{"obj": {"type": "LogStrings", "path": ["monitoring", "1930c5aa", "stderr"], "values": [{"value": "[neptune] [warning] /Users/erwan/Workspace/WSS-UIC/train_vgg_resnet/train.py:46: NeptuneWarning: Info (NVML): NVML Shared Library Not Found. GPU usage metrics may not be reported. For more information, see https://docs.neptune.ai/help/nvml_error/\n", "step": null, "ts": 1735902742.879735}]}, "version": 17, "at": 1735902742.880264}
{"obj": {"type": "LogFloats", "path": ["monitoring", "1930c5aa", "memory"], "values": [{"value": 9.052780151367188, "step": null, "ts": 1735902742.879565}]}, "version": 18, "at": 1735902742.880509}
{"obj": {"type": "AssignString", "path": ["config", "optimizer"], "value": "Adam"}, "version": 19, "at": 1735902742.880679}
{"obj": {"type": "LogStrings", "path": ["monitoring", "1930c5aa", "stdout"], "values": [{"value": "ici la ", "step": null, "ts": 1735902742.881212}]}, "version": 20, "at": 1735902742.8812401}
{"obj": {"type": "LogStrings", "path": ["monitoring", "1930c5aa", "stdout"], "values": [{"value": "\n", "step": null, "ts": 1735902742.881336}]}, "version": 21, "at": 1735902742.881352}
{"obj": {"type": "LogStrings", "path": ["monitoring", "1930c5aa", "stderr"], "values": [{"value": "\r  0%|                                                                                                                                                                                 | 0/2 [00:00<?, ?it/s]", "step": null, "ts": 1735902742.892123}]}, "version": 22, "at": 1735902742.892792}
{"obj": {"type": "LogFloats", "path": ["train", "epoch", "loss_tot"], "values": [{"value": 0.9234040975570679, "step": null, "ts": 1735902747.337962}]}, "version": 23, "at": 1735902747.338012}
{"obj": {"type": "LogFloats", "path": ["train", "epoch", "precision"], "values": [{"value": 0.4166666567325592, "step": null, "ts": 1735902747.33818}]}, "version": 24, "at": 1735902747.338204}
{"obj": {"type": "LogFloats", "path": ["train", "epoch", "recall"], "values": [{"value": 0.7142857313156128, "step": null, "ts": 1735902747.338291}]}, "version": 25, "at": 1735902747.338309}
{"obj": {"type": "LogFloats", "path": ["train", "epoch", "loss_tot"], "values": [{"value": 0.5001771450042725, "step": null, "ts": 1735902751.443959}]}, "version": 26, "at": 1735902751.444007}
{"obj": {"type": "LogFloats", "path": ["train", "epoch", "precision"], "values": [{"value": 1.0, "step": null, "ts": 1735902751.4441652}]}, "version": 27, "at": 1735902751.444191}
{"obj": {"type": "LogFloats", "path": ["train", "epoch", "recall"], "values": [{"value": 0.7777777910232544, "step": null, "ts": 1735902751.444266}]}, "version": 28, "at": 1735902751.444285}
{"obj": {"type": "LogFloats", "path": ["monitoring", "1930c5aa", "cpu"], "values": [{"value": 53.5, "step": null, "ts": 1735902752.88424}]}, "version": 29, "at": 1735902752.884616}
{"obj": {"type": "LogFloats", "path": ["monitoring", "1930c5aa", "memory"], "values": [{"value": 9.573867797851562, "step": null, "ts": 1735902752.88424}]}, "version": 30, "at": 1735902752.884844}
{"obj": {"type": "LogFloats", "path": ["train", "epoch", "loss_tot"], "values": [{"value": 0.5183417797088623, "step": null, "ts": 1735902755.507426}]}, "version": 31, "at": 1735902755.507474}
{"obj": {"type": "LogFloats", "path": ["train", "epoch", "precision"], "values": [{"value": 0.800000011920929, "step": null, "ts": 1735902755.507633}]}, "version": 32, "at": 1735902755.507657}
{"obj": {"type": "LogFloats", "path": ["train", "epoch", "recall"], "values": [{"value": 0.800000011920929, "step": null, "ts": 1735902755.507733}]}, "version": 33, "at": 1735902755.507753}
{"obj": {"type": "LogFloats", "path": ["train", "epoch", "loss_tot"], "values": [{"value": 0.43641793727874756, "step": null, "ts": 1735902759.696511}]}, "version": 34, "at": 1735902759.6965601}
{"obj": {"type": "LogFloats", "path": ["train", "epoch", "precision"], "values": [{"value": 1.0, "step": null, "ts": 1735902759.6967208}]}, "version": 35, "at": 1735902759.696745}
{"obj": {"type": "LogFloats", "path": ["train", "epoch", "recall"], "values": [{"value": 0.1428571492433548, "step": null, "ts": 1735902759.696828}]}, "version": 36, "at": 1735902759.6968489}
{"obj": {"type": "LogFloats", "path": ["monitoring", "1930c5aa", "cpu"], "values": [{"value": 53.5, "step": null, "ts": 1735902762.885518}]}, "version": 37, "at": 1735902762.88581}
{"obj": {"type": "LogFloats", "path": ["monitoring", "1930c5aa", "memory"], "values": [{"value": 9.454151153564453, "step": null, "ts": 1735902762.885518}]}, "version": 38, "at": 1735902762.8860319}
{"obj": {"type": "LogFloats", "path": ["train", "epoch", "loss_tot"], "values": [{"value": 0.37884658575057983, "step": null, "ts": 1735902763.901355}]}, "version": 39, "at": 1735902763.9014}
{"obj": {"type": "LogFloats", "path": ["train", "epoch", "precision"], "values": [{"value": 0.75, "step": null, "ts": 1735902763.901536}]}, "version": 40, "at": 1735902763.901557}
{"obj": {"type": "LogFloats", "path": ["train", "epoch", "recall"], "values": [{"value": 0.6000000238418579, "step": null, "ts": 1735902763.901618}]}, "version": 41, "at": 1735902763.9016352}
{"obj": {"type": "LogFloats", "path": ["train", "epoch", "loss_tot"], "values": [{"value": 0.22601714730262756, "step": null, "ts": 1735902768.425936}]}, "version": 42, "at": 1735902768.426003}
{"obj": {"type": "LogFloats", "path": ["train", "epoch", "precision"], "values": [{"value": 0.6666666865348816, "step": null, "ts": 1735902768.4263198}]}, "version": 43, "at": 1735902768.4263968}
{"obj": {"type": "LogFloats", "path": ["train", "epoch", "recall"], "values": [{"value": 1.0, "step": null, "ts": 1735902768.4265149}]}, "version": 44, "at": 1735902768.426541}
{"obj": {"type": "LogFloats", "path": ["test", "epoch", "loss"], "values": [{"value": 0.24189117550849915, "step": null, "ts": 1735902769.9787}]}, "version": 45, "at": 1735902769.978754}
{"obj": {"type": "LogFloats", "path": ["test", "epoch", "precision"], "values": [{"value": 1.0, "step": null, "ts": 1735902769.979011}]}, "version": 46, "at": 1735902769.979041}
{"obj": {"type": "LogFloats", "path": ["test", "epoch", "recall"], "values": [{"value": 0.6666666865348816, "step": null, "ts": 1735902769.979157}]}, "version": 47, "at": 1735902769.97918}
{"obj": {"type": "LogFloats", "path": ["test", "epoch", "loss"], "values": [{"value": 0.6317424774169922, "step": null, "ts": 1735902772.3310678}]}, "version": 48, "at": 1735902772.33111}
{"obj": {"type": "LogFloats", "path": ["test", "epoch", "precision"], "values": [{"value": 1.0, "step": null, "ts": 1735902772.3312352}]}, "version": 49, "at": 1735902772.331257}
{"obj": {"type": "LogFloats", "path": ["test", "epoch", "recall"], "values": [{"value": 0.5, "step": null, "ts": 1735902772.331319}]}, "version": 50, "at": 1735902772.331336}
{"obj": {"type": "LogFloats", "path": ["monitoring", "1930c5aa", "cpu"], "values": [{"value": 66.0, "step": null, "ts": 1735902772.886507}]}, "version": 51, "at": 1735902772.8867881}
{"obj": {"type": "LogFloats", "path": ["monitoring", "1930c5aa", "memory"], "values": [{"value": 8.761405944824219, "step": null, "ts": 1735902772.886507}]}, "version": 52, "at": 1735902772.887019}
{"obj": {"type": "LogFloats", "path": ["test", "epoch", "loss"], "values": [{"value": 0.6370885968208313, "step": null, "ts": 1735902774.148426}]}, "version": 53, "at": 1735902774.14848}
{"obj": {"type": "LogFloats", "path": ["test", "epoch", "precision"], "values": [{"value": 1.0, "step": null, "ts": 1735902774.1486468}]}, "version": 54, "at": 1735902774.1486778}
{"obj": {"type": "LogFloats", "path": ["test", "epoch", "recall"], "values": [{"value": 0.5, "step": null, "ts": 1735902774.148768}]}, "version": 55, "at": 1735902774.148793}
{"obj": {"type": "LogStrings", "path": ["monitoring", "1930c5aa", "stdout"], "values": [{"value": "the val loss decreased: saving the model...", "step": null, "ts": 1735902774.1500869}]}, "version": 56, "at": 1735902774.1501381}
{"obj": {"type": "LogStrings", "path": ["monitoring", "1930c5aa", "stdout"], "values": [{"value": "\n", "step": null, "ts": 1735902774.150285}]}, "version": 57, "at": 1735902774.150325}
{"obj": {"type": "LogStrings", "path": ["monitoring", "1930c5aa", "stderr"], "values": [{"value": "\r 50%|\u2588\u2588\u2588\u2588\u2588\u2588\u2588\u2588\u2588\u2588\u2588\u2588\u2588\u2588\u2588\u2588\u2588\u2588\u2588\u2588\u2588\u2588\u2588\u2588\u2588\u2588\u2588\u2588\u2588\u2588\u2588\u2588\u2588\u2588\u2588\u2588\u2588\u2588\u2588\u2588\u2588\u2588\u2588\u2588\u2588\u2588\u2588\u2588\u2588\u2588\u2588\u2588\u2588\u2588\u2588\u2588\u2588\u2588\u2588\u2588\u2588\u2588\u2588\u2588\u2588\u2588\u2588\u2588\u2588\u2588\u2588\u2588\u2588\u2588\u2588\u2588\u2588\u2588\u2588\u2588\u2588\u2588\u2588\u2588\u258c                                                                                    | 1/2 [00:32<00:32, 32.89s/it]", "step": null, "ts": 1735902775.783037}]}, "version": 58, "at": 1735902775.783072}
{"obj": {"type": "LogFloats", "path": ["monitoring", "1930c5aa", "cpu"], "values": [{"value": 79.2, "step": null, "ts": 1735902782.890029}]}, "version": 59, "at": 1735902782.89025}
{"obj": {"type": "LogFloats", "path": ["monitoring", "1930c5aa", "memory"], "values": [{"value": 9.625564575195312, "step": null, "ts": 1735902782.890029}]}, "version": 60, "at": 1735902782.890462}
{"obj": {"type": "LogFloats", "path": ["train", "epoch", "loss_tot"], "values": [{"value": 0.21208250522613525, "step": null, "ts": 1735902787.78912}]}, "version": 61, "at": 1735902787.789173}
{"obj": {"type": "LogFloats", "path": ["train", "epoch", "precision"], "values": [{"value": 1.0, "step": null, "ts": 1735902787.7893271}]}, "version": 62, "at": 1735902787.789356}
{"obj": {"type": "LogFloats", "path": ["train", "epoch", "recall"], "values": [{"value": 0.800000011920929, "step": null, "ts": 1735902787.7894368}]}, "version": 63, "at": 1735902787.789458}
{"obj": {"type": "LogFloats", "path": ["train", "epoch", "loss_tot"], "values": [{"value": 0.07429584860801697, "step": null, "ts": 1735902792.162449}]}, "version": 64, "at": 1735902792.162498}
{"obj": {"type": "LogFloats", "path": ["train", "epoch", "precision"], "values": [{"value": 1.0, "step": null, "ts": 1735902792.162753}]}, "version": 65, "at": 1735902792.1627882}
{"obj": {"type": "LogFloats", "path": ["train", "epoch", "recall"], "values": [{"value": 1.0, "step": null, "ts": 1735902792.162883}]}, "version": 66, "at": 1735902792.162909}
{"obj": {"type": "LogFloats", "path": ["monitoring", "1930c5aa", "cpu"], "values": [{"value": 69.6, "step": null, "ts": 1735902792.8932018}]}, "version": 67, "at": 1735902792.8934898}
{"obj": {"type": "LogFloats", "path": ["monitoring", "1930c5aa", "memory"], "values": [{"value": 9.04730224609375, "step": null, "ts": 1735902792.8932018}]}, "version": 68, "at": 1735902792.8937159}
{"obj": {"type": "LogFloats", "path": ["train", "epoch", "loss_tot"], "values": [{"value": 0.18547603487968445, "step": null, "ts": 1735902798.850632}]}, "version": 69, "at": 1735902798.850689}
{"obj": {"type": "LogFloats", "path": ["train", "epoch", "precision"], "values": [{"value": 0.8571428656578064, "step": null, "ts": 1735902798.850875}]}, "version": 70, "at": 1735902798.8509052}
{"obj": {"type": "LogFloats", "path": ["train", "epoch", "recall"], "values": [{"value": 0.8571428656578064, "step": null, "ts": 1735902798.851001}]}, "version": 71, "at": 1735902798.8510258}
{"obj": {"type": "LogFloats", "path": ["monitoring", "1930c5aa", "cpu"], "values": [{"value": 65.8, "step": null, "ts": 1735902802.894284}]}, "version": 72, "at": 1735902802.894717}
{"obj": {"type": "LogFloats", "path": ["monitoring", "1930c5aa", "memory"], "values": [{"value": 9.082645416259766, "step": null, "ts": 1735902802.894284}]}, "version": 73, "at": 1735902802.895137}
{"obj": {"type": "LogFloats", "path": ["train", "epoch", "loss_tot"], "values": [{"value": 0.49149250984191895, "step": null, "ts": 1735902803.42809}]}, "version": 74, "at": 1735902803.4281359}
{"obj": {"type": "LogFloats", "path": ["train", "epoch", "precision"], "values": [{"value": 1.0, "step": null, "ts": 1735902803.428282}]}, "version": 75, "at": 1735902803.4283059}
{"obj": {"type": "LogFloats", "path": ["train", "epoch", "recall"], "values": [{"value": 0.7142857313156128, "step": null, "ts": 1735902803.42838}]}, "version": 76, "at": 1735902803.4284}
{"obj": {"type": "LogFloats", "path": ["train", "epoch", "loss_tot"], "values": [{"value": 0.001968016382306814, "step": null, "ts": 1735902810.614325}]}, "version": 77, "at": 1735902810.6143858}
{"obj": {"type": "LogFloats", "path": ["train", "epoch", "precision"], "values": [{"value": 1.0, "step": null, "ts": 1735902810.614636}]}, "version": 78, "at": 1735902810.614689}
{"obj": {"type": "LogFloats", "path": ["train", "epoch", "recall"], "values": [{"value": 1.0, "step": null, "ts": 1735902810.614812}]}, "version": 79, "at": 1735902810.6148438}
{"obj": {"type": "LogFloats", "path": ["monitoring", "1930c5aa", "cpu"], "values": [{"value": 67.8, "step": null, "ts": 1735902812.898897}]}, "version": 80, "at": 1735902812.899146}
{"obj": {"type": "LogFloats", "path": ["monitoring", "1930c5aa", "memory"], "values": [{"value": 9.399662017822266, "step": null, "ts": 1735902812.898897}]}, "version": 81, "at": 1735902812.8994188}
{"obj": {"type": "LogFloats", "path": ["train", "epoch", "loss_tot"], "values": [{"value": 1.2390652894973755, "step": null, "ts": 1735902815.34068}]}, "version": 82, "at": 1735902815.340744}
{"obj": {"type": "LogFloats", "path": ["train", "epoch", "precision"], "values": [{"value": 0.6666666865348816, "step": null, "ts": 1735902815.3409002}]}, "version": 83, "at": 1735902815.340925}
{"obj": {"type": "LogFloats", "path": ["train", "epoch", "recall"], "values": [{"value": 1.0, "step": null, "ts": 1735902815.340999}]}, "version": 84, "at": 1735902815.3410182}
{"obj": {"type": "LogFloats", "path": ["test", "epoch", "loss"], "values": [{"value": 0.27704814076423645, "step": null, "ts": 1735902816.596481}]}, "version": 85, "at": 1735902816.596522}
{"obj": {"type": "LogFloats", "path": ["test", "epoch", "precision"], "values": [{"value": 0.8571428656578064, "step": null, "ts": 1735902816.59826}]}, "version": 86, "at": 1735902816.5982862}
{"obj": {"type": "LogFloats", "path": ["test", "epoch", "recall"], "values": [{"value": 1.0, "step": null, "ts": 1735902816.598357}]}, "version": 87, "at": 1735902816.598376}
{"obj": {"type": "LogFloats", "path": ["test", "epoch", "loss"], "values": [{"value": 0.25956016778945923, "step": null, "ts": 1735902817.983644}]}, "version": 88, "at": 1735902817.983686}
{"obj": {"type": "LogFloats", "path": ["test", "epoch", "precision"], "values": [{"value": 0.8999999761581421, "step": null, "ts": 1735902817.983822}]}, "version": 89, "at": 1735902817.9838452}
{"obj": {"type": "LogFloats", "path": ["test", "epoch", "recall"], "values": [{"value": 0.8999999761581421, "step": null, "ts": 1735902817.9839091}]}, "version": 90, "at": 1735902817.983926}
{"obj": {"type": "LogFloats", "path": ["test", "epoch", "loss"], "values": [{"value": 0.3481583595275879, "step": null, "ts": 1735902819.1907032}]}, "version": 91, "at": 1735902819.190746}
{"obj": {"type": "LogFloats", "path": ["test", "epoch", "precision"], "values": [{"value": 1.0, "step": null, "ts": 1735902819.1908832}]}, "version": 92, "at": 1735902819.1909041}
{"obj": {"type": "LogFloats", "path": ["test", "epoch", "recall"], "values": [{"value": 0.9166666865348816, "step": null, "ts": 1735902819.1909661}]}, "version": 93, "at": 1735902819.1909819}
{"obj": {"type": "LogStrings", "path": ["monitoring", "1930c5aa", "stdout"], "values": [{"value": "the val loss decreased: saving the model...", "step": null, "ts": 1735902819.19118}]}, "version": 94, "at": 1735902819.191204}
{"obj": {"type": "LogStrings", "path": ["monitoring", "1930c5aa", "stdout"], "values": [{"value": "\n", "step": null, "ts": 1735902819.191326}]}, "version": 95, "at": 1735902819.191343}
{"obj": {"type": "LogStrings", "path": ["monitoring", "1930c5aa", "stderr"], "values": [{"value": "\r100%|\u2588\u2588\u2588\u2588\u2588\u2588\u2588\u2588\u2588\u2588\u2588\u2588\u2588\u2588\u2588\u2588\u2588\u2588\u2588\u2588\u2588\u2588\u2588\u2588\u2588\u2588\u2588\u2588\u2588\u2588\u2588\u2588\u2588\u2588\u2588\u2588\u2588\u2588\u2588\u2588\u2588\u2588\u2588\u2588\u2588\u2588\u2588\u2588\u2588\u2588\u2588\u2588\u2588\u2588\u2588\u2588\u2588\u2588\u2588\u2588\u2588\u2588\u2588\u2588\u2588\u2588\u2588\u2588\u2588\u2588\u2588\u2588\u2588\u2588\u2588\u2588\u2588\u2588\u2588\u2588\u2588\u2588\u2588\u2588\u2588\u2588\u2588\u2588\u2588\u2588\u2588\u2588\u2588\u2588\u2588\u2588\u2588\u2588\u2588\u2588\u2588\u2588\u2588\u2588\u2588\u2588\u2588\u2588\u2588\u2588\u2588\u2588\u2588\u2588\u2588\u2588\u2588\u2588\u2588\u2588\u2588\u2588\u2588\u2588\u2588\u2588\u2588\u2588\u2588\u2588\u2588\u2588\u2588\u2588\u2588\u2588\u2588\u2588\u2588\u2588\u2588\u2588\u2588\u2588\u2588\u2588\u2588\u2588\u2588\u2588\u2588\u2588\u2588\u2588\u2588\u2588\u2588\u2588\u2588\u2588\u2588\u2588\u2588\u2588\u2588\u2588\u2588\u2588\u2588| 2/2 [01:17<00:00, 39.60s/it]", "step": null, "ts": 1735902820.072161}]}, "version": 96, "at": 1735902820.0721972}
{"obj": {"type": "LogStrings", "path": ["monitoring", "1930c5aa", "stderr"], "values": [{"value": "", "step": null, "ts": 1735902820.0724008}]}, "version": 97, "at": 1735902820.0724218}
{"obj": {"type": "LogStrings", "path": ["monitoring", "1930c5aa", "stderr"], "values": [{"value": "\r100%|\u2588\u2588\u2588\u2588\u2588\u2588\u2588\u2588\u2588\u2588\u2588\u2588\u2588\u2588\u2588\u2588\u2588\u2588\u2588\u2588\u2588\u2588\u2588\u2588\u2588\u2588\u2588\u2588\u2588\u2588\u2588\u2588\u2588\u2588\u2588\u2588\u2588\u2588\u2588\u2588\u2588\u2588\u2588\u2588\u2588\u2588\u2588\u2588\u2588\u2588\u2588\u2588\u2588\u2588\u2588\u2588\u2588\u2588\u2588\u2588\u2588\u2588\u2588\u2588\u2588\u2588\u2588\u2588\u2588\u2588\u2588\u2588\u2588\u2588\u2588\u2588\u2588\u2588\u2588\u2588\u2588\u2588\u2588\u2588\u2588\u2588\u2588\u2588\u2588\u2588\u2588\u2588\u2588\u2588\u2588\u2588\u2588\u2588\u2588\u2588\u2588\u2588\u2588\u2588\u2588\u2588\u2588\u2588\u2588\u2588\u2588\u2588\u2588\u2588\u2588\u2588\u2588\u2588\u2588\u2588\u2588\u2588\u2588\u2588\u2588\u2588\u2588\u2588\u2588\u2588\u2588\u2588\u2588\u2588\u2588\u2588\u2588\u2588\u2588\u2588\u2588\u2588\u2588\u2588\u2588\u2588\u2588\u2588\u2588\u2588\u2588\u2588\u2588\u2588\u2588\u2588\u2588\u2588\u2588\u2588\u2588\u2588\u2588\u2588\u2588\u2588\u2588\u2588\u2588| 2/2 [01:17<00:00, 38.59s/it]", "step": null, "ts": 1735902820.072499}]}, "version": 98, "at": 1735902820.072513}
{"obj": {"type": "LogStrings", "path": ["monitoring", "1930c5aa", "stderr"], "values": [{"value": "\n", "step": null, "ts": 1735902820.072576}]}, "version": 99, "at": 1735902820.0725892}
{"obj": {"type": "LogStrings", "path": ["monitoring", "1930c5aa", "stdout"], "values": [{"value": "[neptune] [info   ] Shutting down background jobs, please wait a moment...\n", "step": null, "ts": 1735902820.074633}]}, "version": 100, "at": 1735902820.074659}
