{"obj": {"type": "AssignString", "path": ["sys", "name"], "value": "Untitled"}, "version": 1, "at": 1735503605.7376919}
{"obj": {"type": "AssignString", "path": ["sys", "description"], "value": ""}, "version": 2, "at": 1735503605.7380228}
{"obj": {"type": "AssignString", "path": ["monitoring", "b24ae75b", "hostname"], "value": "Admins-MacBook-Pro.local"}, "version": 3, "at": 1735503605.738167}
{"obj": {"type": "AssignString", "path": ["sys", "hostname"], "value": "Admins-MacBook-Pro.local"}, "version": 4, "at": 1735503605.7382789}
{"obj": {"type": "AssignString", "path": ["monitoring", "b24ae75b", "pid"], "value": "22320"}, "version": 5, "at": 1735503605.738392}
{"obj": {"type": "AssignString", "path": ["monitoring", "b24ae75b", "tid"], "value": "4520607168"}, "version": 6, "at": 1735503605.738504}
{"obj": {"type": "AssignBool", "path": ["sys", "failed"], "value": false}, "version": 7, "at": 1735503605.73865}
{"obj": {"type": "ClearStringLog", "path": ["monitoring", "b24ae75b", "stdout"]}, "version": 8, "at": 1735503605.738827}
{"obj": {"type": "ClearStringLog", "path": ["monitoring", "b24ae75b", "stderr"]}, "version": 9, "at": 1735503605.73894}
{"obj": {"type": "AssignString", "path": ["source_code", "entrypoint"], "value": "train.py"}, "version": 10, "at": 1735503605.7397718}
{"obj": {"type": "UploadFileSet", "path": ["source_code", "files"], "file_globs": ["/Users/erwan/Workspace/WSS-UIC/train_vgg_resnet/train.py"], "reset": "False"}, "version": 11, "at": 1735503605.739912}
{"obj": {"type": "UploadFile", "path": ["source_code", "diff"], "ext": "patch", "file_path": null, "tmp_file_name": "source_code_diff-1735503606.245971-2024-12-29_21.20.06.245971.patch", "clean_after_upload": false}, "version": 12, "at": 1735503606.246633}
{"obj": {"type": "LogStrings", "path": ["monitoring", "b24ae75b", "stderr"], "values": [{"value": "[neptune] [warning] /Users/erwan/Workspace/WSS-UIC/train_vgg_resnet/train.py:46: NeptuneWarning: Info (NVML): NVML Shared Library Not Found. GPU usage metrics may not be reported. For more information, see https://docs.neptune.ai/help/nvml_error/\n", "step": null, "ts": 1735503606.256803}]}, "version": 13, "at": 1735503606.256899}
{"obj": {"type": "ConfigFloatSeries", "path": ["monitoring", "b24ae75b", "cpu"], "min": 0.0, "max": 100.0, "unit": "%"}, "version": 14, "at": 1735503606.2577438}
{"obj": {"type": "ClearFloatLog", "path": ["monitoring", "b24ae75b", "cpu"]}, "version": 15, "at": 1735503606.257833}
{"obj": {"type": "ConfigFloatSeries", "path": ["monitoring", "b24ae75b", "memory"], "min": 0.0, "max": 16.0, "unit": "GB"}, "version": 16, "at": 1735503606.2579782}
{"obj": {"type": "ClearFloatLog", "path": ["monitoring", "b24ae75b", "memory"]}, "version": 17, "at": 1735503606.258048}
{"obj": {"type": "LogFloats", "path": ["monitoring", "b24ae75b", "memory"], "values": [{"value": 9.852840423583984, "step": null, "ts": 1735503606.259006}]}, "version": 18, "at": 1735503606.2592692}
{"obj": {"type": "AssignString", "path": ["config", "optimizer"], "value": "Adam"}, "version": 19, "at": 1735503606.259597}
{"obj": {"type": "LogStrings", "path": ["monitoring", "b24ae75b", "stderr"], "values": [{"value": "\r  0%|                                                                                                                                                                                 | 0/2 [00:00<?, ?it/s]", "step": null, "ts": 1735503606.26485}]}, "version": 20, "at": 1735503606.2648919}
{"obj": {"type": "LogStrings", "path": ["monitoring", "b24ae75b", "stderr"], "values": [{"value": "", "step": null, "ts": 1735503606.2698638}]}, "version": 21, "at": 1735503606.2699058}
{"obj": {"type": "LogStrings", "path": ["monitoring", "b24ae75b", "stderr"], "values": [{"value": "\r  0%|                                                                                                                                                                                 | 0/2 [00:00<?, ?it/s]", "step": null, "ts": 1735503606.271586}]}, "version": 22, "at": 1735503606.271701}
{"obj": {"type": "LogStrings", "path": ["monitoring", "b24ae75b", "stderr"], "values": [{"value": "\n", "step": null, "ts": 1735503606.272353}]}, "version": 23, "at": 1735503606.272427}
{"obj": {"type": "LogStrings", "path": ["monitoring", "b24ae75b", "traceback"], "values": [{"value": "An uncaught exception occurred while run was active on worker Admins-MacBook-Pro.local.", "step": null, "ts": 1735503606.272795}, {"value": "Marking run as failed", "step": null, "ts": 1735503606.272795}, {"value": "Traceback:", "step": null, "ts": 1735503606.272795}, {"value": "  File \"<string>\", line 1, in <module>\n", "step": null, "ts": 1735503606.272795}, {"value": "  File \"/Users/erwan/miniconda3/envs/segmentation_env/lib/python3.10/multiprocessing/spawn.py\", line 116, in spawn_main\n    exitcode = _main(fd, parent_sentinel)\n", "step": null, "ts": 1735503606.272795}, {"value": "  File \"/Users/erwan/miniconda3/envs/segmentation_env/lib/python3.10/multiprocessing/spawn.py\", line 125, in _main\n    prepare(preparation_data)\n", "step": null, "ts": 1735503606.272795}, {"value": "  File \"/Users/erwan/miniconda3/envs/segmentation_env/lib/python3.10/multiprocessing/spawn.py\", line 236, in prepare\n    _fixup_main_from_path(data['init_main_from_path'])\n", "step": null, "ts": 1735503606.272795}, {"value": "  File \"/Users/erwan/miniconda3/envs/segmentation_env/lib/python3.10/multiprocessing/spawn.py\", line 287, in _fixup_main_from_path\n    main_content = runpy.run_path(main_path,\n", "step": null, "ts": 1735503606.272795}, {"value": "  File \"/Users/erwan/miniconda3/envs/segmentation_env/lib/python3.10/runpy.py\", line 269, in run_path\n    return _run_module_code(code, init_globals, run_name,\n", "step": null, "ts": 1735503606.272795}, {"value": "  File \"/Users/erwan/miniconda3/envs/segmentation_env/lib/python3.10/runpy.py\", line 96, in _run_module_code\n    _run_code(code, mod_globals, init_globals,\n", "step": null, "ts": 1735503606.272795}]}, "version": 24, "at": 1735503606.272935}
{"obj": {"type": "LogStrings", "path": ["monitoring", "b24ae75b", "traceback"], "values": [{"value": "  File \"/Users/erwan/miniconda3/envs/segmentation_env/lib/python3.10/runpy.py\", line 86, in _run_code\n    exec(code, run_globals)\n", "step": null, "ts": 1735503606.272795}, {"value": "  File \"/Users/erwan/Workspace/WSS-UIC/train_vgg_resnet/train.py\", line 122, in <module>\n    train(\n", "step": null, "ts": 1735503606.272795}, {"value": "  File \"/Users/erwan/Workspace/WSS-UIC/train_vgg_resnet/train.py\", line 61, in train\n    for batch in train_dl:\n", "step": null, "ts": 1735503606.272795}, {"value": "  File \"/Users/erwan/miniconda3/envs/segmentation_env/lib/python3.10/site-packages/torch/utils/data/dataloader.py\", line 439, in __iter__\n    return self._get_iterator()\n", "step": null, "ts": 1735503606.272795}, {"value": "  File \"/Users/erwan/miniconda3/envs/segmentation_env/lib/python3.10/site-packages/torch/utils/data/dataloader.py\", line 387, in _get_iterator\n    return _MultiProcessingDataLoaderIter(self)\n", "step": null, "ts": 1735503606.272795}, {"value": "  File \"/Users/erwan/miniconda3/envs/segmentation_env/lib/python3.10/site-packages/torch/utils/data/dataloader.py\", line 1040, in __init__\n    w.start()\n", "step": null, "ts": 1735503606.272795}, {"value": "  File \"/Users/erwan/miniconda3/envs/segmentation_env/lib/python3.10/multiprocessing/process.py\", line 121, in start\n    self._popen = self._Popen(self)\n", "step": null, "ts": 1735503606.272795}, {"value": "  File \"/Users/erwan/miniconda3/envs/segmentation_env/lib/python3.10/multiprocessing/context.py\", line 224, in _Popen\n    return _default_context.get_context().Process._Popen(process_obj)\n", "step": null, "ts": 1735503606.272795}, {"value": "  File \"/Users/erwan/miniconda3/envs/segmentation_env/lib/python3.10/multiprocessing/context.py\", line 284, in _Popen\n    return Popen(process_obj)\n", "step": null, "ts": 1735503606.272795}, {"value": "  File \"/Users/erwan/miniconda3/envs/segmentation_env/lib/python3.10/multiprocessing/popen_spawn_posix.py\", line 32, in __init__\n    super().__init__(process_obj)\n", "step": null, "ts": 1735503606.272795}]}, "version": 25, "at": 1735503606.273149}
{"obj": {"type": "LogStrings", "path": ["monitoring", "b24ae75b", "traceback"], "values": [{"value": "  File \"/Users/erwan/miniconda3/envs/segmentation_env/lib/python3.10/multiprocessing/popen_fork.py\", line 19, in __init__\n    self._launch(process_obj)\n", "step": null, "ts": 1735503606.272795}, {"value": "  File \"/Users/erwan/miniconda3/envs/segmentation_env/lib/python3.10/multiprocessing/popen_spawn_posix.py\", line 42, in _launch\n    prep_data = spawn.get_preparation_data(process_obj._name)\n", "step": null, "ts": 1735503606.272795}, {"value": "  File \"/Users/erwan/miniconda3/envs/segmentation_env/lib/python3.10/multiprocessing/spawn.py\", line 154, in get_preparation_data\n    _check_not_importing_main()\n", "step": null, "ts": 1735503606.272795}, {"value": "  File \"/Users/erwan/miniconda3/envs/segmentation_env/lib/python3.10/multiprocessing/spawn.py\", line 134, in _check_not_importing_main\n    raise RuntimeError('''\n", "step": null, "ts": 1735503606.272795}, {"value": "", "step": null, "ts": 1735503606.272795}, {"value": "        An attempt has been made to start a new process before the", "step": null, "ts": 1735503606.272795}, {"value": "        current process has finished its bootstrapping phase.", "step": null, "ts": 1735503606.272795}, {"value": "", "step": null, "ts": 1735503606.272795}, {"value": "        This probably means that you are not using fork to start your", "step": null, "ts": 1735503606.272795}, {"value": "        child processes and you have forgotten to use the proper idiom", "step": null, "ts": 1735503606.272795}]}, "version": 26, "at": 1735503606.2734542}
{"obj": {"type": "LogStrings", "path": ["monitoring", "b24ae75b", "traceback"], "values": [{"value": "        in the main module:", "step": null, "ts": 1735503606.272795}, {"value": "", "step": null, "ts": 1735503606.272795}, {"value": "            if __name__ == '__main__':", "step": null, "ts": 1735503606.272795}, {"value": "                freeze_support()", "step": null, "ts": 1735503606.272795}, {"value": "                ...", "step": null, "ts": 1735503606.272795}, {"value": "", "step": null, "ts": 1735503606.272795}, {"value": "        The \"freeze_support()\" line can be omitted if the program", "step": null, "ts": 1735503606.272795}, {"value": "        is not going to be frozen to produce an executable.", "step": null, "ts": 1735503606.272795}]}, "version": 27, "at": 1735503606.27373}
{"obj": {"type": "AssignBool", "path": ["sys", "failed"], "value": true}, "version": 28, "at": 1735503606.2740579}
{"obj": {"type": "LogStrings", "path": ["monitoring", "b24ae75b", "stderr"], "values": [{"value": "Traceback (most recent call last):\n", "step": null, "ts": 1735503606.274613}]}, "version": 29, "at": 1735503606.274697}
{"obj": {"type": "LogStrings", "path": ["monitoring", "b24ae75b", "stderr"], "values": [{"value": "  File \"<string>\", line 1, in <module>\n", "step": null, "ts": 1735503606.2752619}]}, "version": 30, "at": 1735503606.2753222}
{"obj": {"type": "LogStrings", "path": ["monitoring", "b24ae75b", "stderr"], "values": [{"value": "  File \"/Users/erwan/miniconda3/envs/segmentation_env/lib/python3.10/multiprocessing/spawn.py\", line 116, in spawn_main\n", "step": null, "ts": 1735503606.275948}]}, "version": 31, "at": 1735503606.276014}
{"obj": {"type": "LogStrings", "path": ["monitoring", "b24ae75b", "stderr"], "values": [{"value": "    ", "step": null, "ts": 1735503606.27691}]}, "version": 32, "at": 1735503606.276979}
{"obj": {"type": "LogStrings", "path": ["monitoring", "b24ae75b", "stderr"], "values": [{"value": "exitcode = _main(fd, parent_sentinel)", "step": null, "ts": 1735503606.277633}]}, "version": 33, "at": 1735503606.2776709}
{"obj": {"type": "LogStrings", "path": ["monitoring", "b24ae75b", "stderr"], "values": [{"value": "\n", "step": null, "ts": 1735503606.277914}]}, "version": 34, "at": 1735503606.2779431}
{"obj": {"type": "LogStrings", "path": ["monitoring", "b24ae75b", "stderr"], "values": [{"value": "  File \"/Users/erwan/miniconda3/envs/segmentation_env/lib/python3.10/multiprocessing/spawn.py\", line 125, in _main\n", "step": null, "ts": 1735503606.278131}]}, "version": 35, "at": 1735503606.2781582}
{"obj": {"type": "LogStrings", "path": ["monitoring", "b24ae75b", "stderr"], "values": [{"value": "    ", "step": null, "ts": 1735503606.2782779}]}, "version": 36, "at": 1735503606.278307}
{"obj": {"type": "LogStrings", "path": ["monitoring", "b24ae75b", "stderr"], "values": [{"value": "prepare(preparation_data)", "step": null, "ts": 1735503606.278808}]}, "version": 37, "at": 1735503606.278838}
{"obj": {"type": "LogStrings", "path": ["monitoring", "b24ae75b", "stderr"], "values": [{"value": "\n", "step": null, "ts": 1735503606.278975}]}, "version": 38, "at": 1735503606.2790022}
{"obj": {"type": "LogStrings", "path": ["monitoring", "b24ae75b", "stderr"], "values": [{"value": "  File \"/Users/erwan/miniconda3/envs/segmentation_env/lib/python3.10/multiprocessing/spawn.py\", line 236, in prepare\n", "step": null, "ts": 1735503606.27919}]}, "version": 39, "at": 1735503606.279216}
{"obj": {"type": "LogStrings", "path": ["monitoring", "b24ae75b", "stderr"], "values": [{"value": "    ", "step": null, "ts": 1735503606.279425}]}, "version": 40, "at": 1735503606.279449}
{"obj": {"type": "LogStrings", "path": ["monitoring", "b24ae75b", "stderr"], "values": [{"value": "_fixup_main_from_path(data['init_main_from_path'])", "step": null, "ts": 1735503606.2796102}]}, "version": 41, "at": 1735503606.279635}
{"obj": {"type": "LogStrings", "path": ["monitoring", "b24ae75b", "stderr"], "values": [{"value": "\n", "step": null, "ts": 1735503606.279783}]}, "version": 42, "at": 1735503606.279807}
{"obj": {"type": "LogStrings", "path": ["monitoring", "b24ae75b", "stderr"], "values": [{"value": "  File \"/Users/erwan/miniconda3/envs/segmentation_env/lib/python3.10/multiprocessing/spawn.py\", line 287, in _fixup_main_from_path\n", "step": null, "ts": 1735503606.280063}]}, "version": 43, "at": 1735503606.280088}
{"obj": {"type": "LogStrings", "path": ["monitoring", "b24ae75b", "stderr"], "values": [{"value": "    ", "step": null, "ts": 1735503606.280253}]}, "version": 44, "at": 1735503606.280277}
{"obj": {"type": "LogStrings", "path": ["monitoring", "b24ae75b", "stderr"], "values": [{"value": "main_content = runpy.run_path(main_path,", "step": null, "ts": 1735503606.280375}]}, "version": 45, "at": 1735503606.280397}
{"obj": {"type": "LogStrings", "path": ["monitoring", "b24ae75b", "stderr"], "values": [{"value": "\n", "step": null, "ts": 1735503606.280493}]}, "version": 46, "at": 1735503606.280512}
{"obj": {"type": "LogStrings", "path": ["monitoring", "b24ae75b", "stderr"], "values": [{"value": "  File \"/Users/erwan/miniconda3/envs/segmentation_env/lib/python3.10/runpy.py\", line 269, in run_path\n", "step": null, "ts": 1735503606.2806358}]}, "version": 47, "at": 1735503606.2806559}
{"obj": {"type": "LogStrings", "path": ["monitoring", "b24ae75b", "stderr"], "values": [{"value": "    ", "step": null, "ts": 1735503606.281246}]}, "version": 48, "at": 1735503606.281287}
{"obj": {"type": "LogStrings", "path": ["monitoring", "b24ae75b", "stderr"], "values": [{"value": "return _run_module_code(code, init_globals, run_name,", "step": null, "ts": 1735503606.281479}]}, "version": 49, "at": 1735503606.2815151}
{"obj": {"type": "LogStrings", "path": ["monitoring", "b24ae75b", "stderr"], "values": [{"value": "\n", "step": null, "ts": 1735503606.2816918}]}, "version": 50, "at": 1735503606.281729}
{"obj": {"type": "LogStrings", "path": ["monitoring", "b24ae75b", "stderr"], "values": [{"value": "  File \"/Users/erwan/miniconda3/envs/segmentation_env/lib/python3.10/runpy.py\", line 96, in _run_module_code\n", "step": null, "ts": 1735503606.281895}]}, "version": 51, "at": 1735503606.281932}
{"obj": {"type": "LogStrings", "path": ["monitoring", "b24ae75b", "stderr"], "values": [{"value": "    ", "step": null, "ts": 1735503606.282101}]}, "version": 52, "at": 1735503606.282138}
{"obj": {"type": "LogStrings", "path": ["monitoring", "b24ae75b", "stderr"], "values": [{"value": "_run_code(code, mod_globals, init_globals,", "step": null, "ts": 1735503606.282303}]}, "version": 53, "at": 1735503606.282341}
{"obj": {"type": "LogStrings", "path": ["monitoring", "b24ae75b", "stderr"], "values": [{"value": "\n", "step": null, "ts": 1735503606.2830238}]}, "version": 54, "at": 1735503606.283062}
{"obj": {"type": "LogStrings", "path": ["monitoring", "b24ae75b", "stderr"], "values": [{"value": "  File \"/Users/erwan/miniconda3/envs/segmentation_env/lib/python3.10/runpy.py\", line 86, in _run_code\n", "step": null, "ts": 1735503606.283208}]}, "version": 55, "at": 1735503606.2832341}
{"obj": {"type": "LogStrings", "path": ["monitoring", "b24ae75b", "stderr"], "values": [{"value": "    ", "step": null, "ts": 1735503606.2841809}]}, "version": 56, "at": 1735503606.284214}
{"obj": {"type": "LogStrings", "path": ["monitoring", "b24ae75b", "stderr"], "values": [{"value": "exec(code, run_globals)", "step": null, "ts": 1735503606.2843368}]}, "version": 57, "at": 1735503606.28436}
{"obj": {"type": "LogStrings", "path": ["monitoring", "b24ae75b", "stderr"], "values": [{"value": "\n", "step": null, "ts": 1735503606.284462}]}, "version": 58, "at": 1735503606.284482}
{"obj": {"type": "LogStrings", "path": ["monitoring", "b24ae75b", "stderr"], "values": [{"value": "  File \"/Users/erwan/Workspace/WSS-UIC/train_vgg_resnet/train.py\", line 122, in <module>\n", "step": null, "ts": 1735503606.2845771}]}, "version": 59, "at": 1735503606.284597}
{"obj": {"type": "LogStrings", "path": ["monitoring", "b24ae75b", "stderr"], "values": [{"value": "    ", "step": null, "ts": 1735503606.284692}]}, "version": 60, "at": 1735503606.284713}
{"obj": {"type": "LogStrings", "path": ["monitoring", "b24ae75b", "stderr"], "values": [{"value": "train(", "step": null, "ts": 1735503606.284805}]}, "version": 61, "at": 1735503606.284825}
{"obj": {"type": "LogStrings", "path": ["monitoring", "b24ae75b", "stderr"], "values": [{"value": "\n", "step": null, "ts": 1735503606.2849169}]}, "version": 62, "at": 1735503606.284936}
{"obj": {"type": "LogStrings", "path": ["monitoring", "b24ae75b", "stderr"], "values": [{"value": "  File \"/Users/erwan/Workspace/WSS-UIC/train_vgg_resnet/train.py\", line 61, in train\n", "step": null, "ts": 1735503606.2850292}]}, "version": 63, "at": 1735503606.285048}
{"obj": {"type": "LogStrings", "path": ["monitoring", "b24ae75b", "stderr"], "values": [{"value": "    ", "step": null, "ts": 1735503606.2851431}]}, "version": 64, "at": 1735503606.285163}
{"obj": {"type": "LogStrings", "path": ["monitoring", "b24ae75b", "stderr"], "values": [{"value": "for batch in train_dl:", "step": null, "ts": 1735503606.2852569}]}, "version": 65, "at": 1735503606.285276}
{"obj": {"type": "LogStrings", "path": ["monitoring", "b24ae75b", "stderr"], "values": [{"value": "\n", "step": null, "ts": 1735503606.285364}]}, "version": 66, "at": 1735503606.2853818}
{"obj": {"type": "LogStrings", "path": ["monitoring", "b24ae75b", "stderr"], "values": [{"value": "  File \"/Users/erwan/miniconda3/envs/segmentation_env/lib/python3.10/site-packages/torch/utils/data/dataloader.py\", line 439, in __iter__\n", "step": null, "ts": 1735503606.285471}]}, "version": 67, "at": 1735503606.2855082}
{"obj": {"type": "LogStrings", "path": ["monitoring", "b24ae75b", "stderr"], "values": [{"value": "    ", "step": null, "ts": 1735503606.2856262}]}, "version": 68, "at": 1735503606.285651}
{"obj": {"type": "LogStrings", "path": ["monitoring", "b24ae75b", "stderr"], "values": [{"value": "return self._get_iterator()", "step": null, "ts": 1735503606.2857559}]}, "version": 69, "at": 1735503606.2857778}
{"obj": {"type": "LogStrings", "path": ["monitoring", "b24ae75b", "stderr"], "values": [{"value": "\n", "step": null, "ts": 1735503606.2858748}]}, "version": 70, "at": 1735503606.2858949}
{"obj": {"type": "LogStrings", "path": ["monitoring", "b24ae75b", "stderr"], "values": [{"value": "  File \"/Users/erwan/miniconda3/envs/segmentation_env/lib/python3.10/site-packages/torch/utils/data/dataloader.py\", line 387, in _get_iterator\n", "step": null, "ts": 1735503606.286007}]}, "version": 71, "at": 1735503606.286029}
{"obj": {"type": "LogStrings", "path": ["monitoring", "b24ae75b", "stderr"], "values": [{"value": "    ", "step": null, "ts": 1735503606.286297}]}, "version": 72, "at": 1735503606.2863371}
{"obj": {"type": "LogStrings", "path": ["monitoring", "b24ae75b", "stderr"], "values": [{"value": "return _MultiProcessingDataLoaderIter(self)", "step": null, "ts": 1735503606.286637}]}, "version": 73, "at": 1735503606.286721}
{"obj": {"type": "LogStrings", "path": ["monitoring", "b24ae75b", "stderr"], "values": [{"value": "\n", "step": null, "ts": 1735503606.2884648}]}, "version": 74, "at": 1735503606.288505}
{"obj": {"type": "LogStrings", "path": ["monitoring", "b24ae75b", "stderr"], "values": [{"value": "  File \"/Users/erwan/miniconda3/envs/segmentation_env/lib/python3.10/site-packages/torch/utils/data/dataloader.py\", line 1040, in __init__\n", "step": null, "ts": 1735503606.288803}]}, "version": 75, "at": 1735503606.288832}
{"obj": {"type": "LogStrings", "path": ["monitoring", "b24ae75b", "stderr"], "values": [{"value": "    ", "step": null, "ts": 1735503606.288984}]}, "version": 76, "at": 1735503606.2890172}
{"obj": {"type": "LogStrings", "path": ["monitoring", "b24ae75b", "stderr"], "values": [{"value": "w.start()", "step": null, "ts": 1735503606.2891421}]}, "version": 77, "at": 1735503606.2891672}
{"obj": {"type": "LogStrings", "path": ["monitoring", "b24ae75b", "stderr"], "values": [{"value": "\n", "step": null, "ts": 1735503606.289278}]}, "version": 78, "at": 1735503606.289301}
{"obj": {"type": "LogStrings", "path": ["monitoring", "b24ae75b", "stderr"], "values": [{"value": "  File \"/Users/erwan/miniconda3/envs/segmentation_env/lib/python3.10/multiprocessing/process.py\", line 121, in start\n", "step": null, "ts": 1735503606.289403}]}, "version": 79, "at": 1735503606.289645}
{"obj": {"type": "LogStrings", "path": ["monitoring", "b24ae75b", "stderr"], "values": [{"value": "    ", "step": null, "ts": 1735503606.290067}]}, "version": 80, "at": 1735503606.290096}
{"obj": {"type": "LogStrings", "path": ["monitoring", "b24ae75b", "stderr"], "values": [{"value": "self._popen = self._Popen(self)", "step": null, "ts": 1735503606.290323}]}, "version": 81, "at": 1735503606.290349}
{"obj": {"type": "LogStrings", "path": ["monitoring", "b24ae75b", "stderr"], "values": [{"value": "\n", "step": null, "ts": 1735503606.290913}]}, "version": 82, "at": 1735503606.290943}
{"obj": {"type": "LogStrings", "path": ["monitoring", "b24ae75b", "stderr"], "values": [{"value": "  File \"/Users/erwan/miniconda3/envs/segmentation_env/lib/python3.10/multiprocessing/context.py\", line 224, in _Popen\n", "step": null, "ts": 1735503606.291457}]}, "version": 83, "at": 1735503606.291488}
{"obj": {"type": "LogStrings", "path": ["monitoring", "b24ae75b", "stderr"], "values": [{"value": "    ", "step": null, "ts": 1735503606.29224}]}, "version": 84, "at": 1735503606.292274}
{"obj": {"type": "LogStrings", "path": ["monitoring", "b24ae75b", "stderr"], "values": [{"value": "return _default_context.get_context().Process._Popen(process_obj)", "step": null, "ts": 1735503606.292737}]}, "version": 85, "at": 1735503606.292767}
{"obj": {"type": "LogStrings", "path": ["monitoring", "b24ae75b", "stdout"], "values": [{"value": "[neptune] [info   ] Shutting down background jobs, please wait a moment...\n", "step": null, "ts": 1735503606.293109}]}, "version": 86, "at": 1735503606.2931452}
{"obj": {"type": "LogStrings", "path": ["monitoring", "b24ae75b", "stderr"], "values": [{"value": "\n", "step": null, "ts": 1735503606.293427}]}, "version": 87, "at": 1735503606.2934551}
{"obj": {"type": "LogStrings", "path": ["monitoring", "b24ae75b", "stderr"], "values": [{"value": "  File \"/Users/erwan/miniconda3/envs/segmentation_env/lib/python3.10/multiprocessing/context.py\", line 284, in _Popen\n", "step": null, "ts": 1735503606.2935748}]}, "version": 88, "at": 1735503606.293598}
{"obj": {"type": "LogStrings", "path": ["monitoring", "b24ae75b", "stderr"], "values": [{"value": "    ", "step": null, "ts": 1735503606.294037}]}, "version": 89, "at": 1735503606.294064}
{"obj": {"type": "LogStrings", "path": ["monitoring", "b24ae75b", "stderr"], "values": [{"value": "return Popen(process_obj)", "step": null, "ts": 1735503606.294187}]}, "version": 90, "at": 1735503606.29421}
{"obj": {"type": "LogStrings", "path": ["monitoring", "b24ae75b", "stderr"], "values": [{"value": "\n", "step": null, "ts": 1735503606.2943308}]}, "version": 91, "at": 1735503606.294358}
{"obj": {"type": "LogStrings", "path": ["monitoring", "b24ae75b", "stderr"], "values": [{"value": "  File \"/Users/erwan/miniconda3/envs/segmentation_env/lib/python3.10/multiprocessing/popen_spawn_posix.py\", line 32, in __init__\n", "step": null, "ts": 1735503606.294514}]}, "version": 92, "at": 1735503606.294537}
{"obj": {"type": "LogStrings", "path": ["monitoring", "b24ae75b", "stderr"], "values": [{"value": "    ", "step": null, "ts": 1735503606.2946382}]}, "version": 93, "at": 1735503606.294658}
{"obj": {"type": "LogStrings", "path": ["monitoring", "b24ae75b", "stderr"], "values": [{"value": "super().__init__(process_obj)", "step": null, "ts": 1735503606.294764}]}, "version": 94, "at": 1735503606.294786}
{"obj": {"type": "LogStrings", "path": ["monitoring", "b24ae75b", "stderr"], "values": [{"value": "\n", "step": null, "ts": 1735503606.2948961}]}, "version": 95, "at": 1735503606.294915}
{"obj": {"type": "LogStrings", "path": ["monitoring", "b24ae75b", "stderr"], "values": [{"value": "  File \"/Users/erwan/miniconda3/envs/segmentation_env/lib/python3.10/multiprocessing/popen_fork.py\", line 19, in __init__\n", "step": null, "ts": 1735503606.295004}]}, "version": 96, "at": 1735503606.2950242}
{"obj": {"type": "LogStrings", "path": ["monitoring", "b24ae75b", "stderr"], "values": [{"value": "    ", "step": null, "ts": 1735503606.2951438}]}, "version": 97, "at": 1735503606.295177}
{"obj": {"type": "LogStrings", "path": ["monitoring", "b24ae75b", "stderr"], "values": [{"value": "self._launch(process_obj)", "step": null, "ts": 1735503606.2952719}]}, "version": 98, "at": 1735503606.295292}
{"obj": {"type": "LogStrings", "path": ["monitoring", "b24ae75b", "stderr"], "values": [{"value": "\n", "step": null, "ts": 1735503606.295386}]}, "version": 99, "at": 1735503606.295407}
{"obj": {"type": "LogStrings", "path": ["monitoring", "b24ae75b", "stderr"], "values": [{"value": "  File \"/Users/erwan/miniconda3/envs/segmentation_env/lib/python3.10/multiprocessing/popen_spawn_posix.py\", line 42, in _launch\n", "step": null, "ts": 1735503606.295618}]}, "version": 100, "at": 1735503606.2956421}
{"obj": {"type": "LogStrings", "path": ["monitoring", "b24ae75b", "stderr"], "values": [{"value": "    ", "step": null, "ts": 1735503606.295766}]}, "version": 101, "at": 1735503606.295789}
{"obj": {"type": "LogStrings", "path": ["monitoring", "b24ae75b", "stderr"], "values": [{"value": "prep_data = spawn.get_preparation_data(process_obj._name)", "step": null, "ts": 1735503606.2959208}]}, "version": 102, "at": 1735503606.295945}
{"obj": {"type": "LogStrings", "path": ["monitoring", "b24ae75b", "stderr"], "values": [{"value": "\n", "step": null, "ts": 1735503606.296052}]}, "version": 103, "at": 1735503606.296075}
{"obj": {"type": "LogStrings", "path": ["monitoring", "b24ae75b", "stderr"], "values": [{"value": "  File \"/Users/erwan/miniconda3/envs/segmentation_env/lib/python3.10/multiprocessing/spawn.py\", line 154, in get_preparation_data\n", "step": null, "ts": 1735503606.2961879}]}, "version": 104, "at": 1735503606.2962098}
{"obj": {"type": "LogStrings", "path": ["monitoring", "b24ae75b", "stderr"], "values": [{"value": "    ", "step": null, "ts": 1735503606.296428}]}, "version": 105, "at": 1735503606.296452}
{"obj": {"type": "LogStrings", "path": ["monitoring", "b24ae75b", "stderr"], "values": [{"value": "_check_not_importing_main()", "step": null, "ts": 1735503606.29665}]}, "version": 106, "at": 1735503606.296674}
{"obj": {"type": "LogStrings", "path": ["monitoring", "b24ae75b", "stderr"], "values": [{"value": "\n", "step": null, "ts": 1735503606.296782}]}, "version": 107, "at": 1735503606.2968051}
{"obj": {"type": "LogStrings", "path": ["monitoring", "b24ae75b", "stderr"], "values": [{"value": "  File \"/Users/erwan/miniconda3/envs/segmentation_env/lib/python3.10/multiprocessing/spawn.py\", line 134, in _check_not_importing_main\n", "step": null, "ts": 1735503606.2970738}]}, "version": 108, "at": 1735503606.297098}
{"obj": {"type": "LogStrings", "path": ["monitoring", "b24ae75b", "stderr"], "values": [{"value": "    ", "step": null, "ts": 1735503606.2972019}]}, "version": 109, "at": 1735503606.297224}
{"obj": {"type": "LogStrings", "path": ["monitoring", "b24ae75b", "stderr"], "values": [{"value": "raise RuntimeError('''", "step": null, "ts": 1735503606.297326}]}, "version": 110, "at": 1735503606.297346}
{"obj": {"type": "LogStrings", "path": ["monitoring", "b24ae75b", "stderr"], "values": [{"value": "\n", "step": null, "ts": 1735503606.297707}]}, "version": 111, "at": 1735503606.297732}
{"obj": {"type": "LogStrings", "path": ["monitoring", "b24ae75b", "stderr"], "values": [{"value": "RuntimeError", "step": null, "ts": 1735503606.297847}]}, "version": 112, "at": 1735503606.297871}
{"obj": {"type": "LogStrings", "path": ["monitoring", "b24ae75b", "stderr"], "values": [{"value": ": ", "step": null, "ts": 1735503606.297974}]}, "version": 113, "at": 1735503606.297994}
{"obj": {"type": "LogStrings", "path": ["monitoring", "b24ae75b", "stderr"], "values": [{"value": "\n        An attempt has been made to start a new process before the\n        current process has finished its bootstrapping phase.\n\n        This probably means that you are not using fork to start your\n        child processes and you have forgotten to use the proper idiom\n        in the main module:\n\n            if __name__ == '__main__':\n                freeze_support()\n                ...\n\n        The \"freeze_support()\" line can be omitted if the program\n        is not going to be frozen to produce an executable.", "step": null, "ts": 1735503606.2980852}]}, "version": 114, "at": 1735503606.298104}
{"obj": {"type": "LogStrings", "path": ["monitoring", "b24ae75b", "stderr"], "values": [{"value": "\n", "step": null, "ts": 1735503606.2982411}]}, "version": 115, "at": 1735503606.298261}
