{"obj": {"type": "AssignString", "path": ["sys", "name"], "value": "Untitled"}, "version": 1, "at": 1735503598.3730612}
{"obj": {"type": "AssignString", "path": ["sys", "description"], "value": ""}, "version": 2, "at": 1735503598.373277}
{"obj": {"type": "AssignString", "path": ["monitoring", "4526eb9a", "hostname"], "value": "Admins-MacBook-Pro.local"}, "version": 3, "at": 1735503598.373379}
{"obj": {"type": "AssignString", "path": ["sys", "hostname"], "value": "Admins-MacBook-Pro.local"}, "version": 4, "at": 1735503598.3734632}
{"obj": {"type": "AssignString", "path": ["monitoring", "4526eb9a", "pid"], "value": "22243"}, "version": 5, "at": 1735503598.373543}
{"obj": {"type": "AssignString", "path": ["monitoring", "4526eb9a", "tid"], "value": "4505607616"}, "version": 6, "at": 1735503598.373633}
{"obj": {"type": "AssignBool", "path": ["sys", "failed"], "value": false}, "version": 7, "at": 1735503598.373732}
{"obj": {"type": "ClearStringLog", "path": ["monitoring", "4526eb9a", "stdout"]}, "version": 8, "at": 1735503598.373852}
{"obj": {"type": "ClearStringLog", "path": ["monitoring", "4526eb9a", "stderr"]}, "version": 9, "at": 1735503598.373922}
{"obj": {"type": "AssignString", "path": ["source_code", "entrypoint"], "value": "train.py"}, "version": 10, "at": 1735503598.374455}
{"obj": {"type": "UploadFileSet", "path": ["source_code", "files"], "file_globs": ["/Users/erwan/Workspace/WSS-UIC/train_vgg_resnet/train.py"], "reset": "False"}, "version": 11, "at": 1735503598.374552}
{"obj": {"type": "UploadFile", "path": ["source_code", "diff"], "ext": "patch", "file_path": null, "tmp_file_name": "source_code_diff-1735503598.555259-2024-12-29_21.19.58.555259.patch", "clean_after_upload": false}, "version": 12, "at": 1735503598.555607}
{"obj": {"type": "LogStrings", "path": ["monitoring", "4526eb9a", "stderr"], "values": [{"value": "[neptune] [warning] /Users/erwan/Workspace/WSS-UIC/train_vgg_resnet/train.py:46: NeptuneWarning: Info (NVML): NVML Shared Library Not Found. GPU usage metrics may not be reported. For more information, see https://docs.neptune.ai/help/nvml_error/\n", "step": null, "ts": 1735503598.561057}]}, "version": 13, "at": 1735503598.561156}
{"obj": {"type": "ConfigFloatSeries", "path": ["monitoring", "4526eb9a", "cpu"], "min": 0.0, "max": 100.0, "unit": "%"}, "version": 14, "at": 1735503598.5614982}
{"obj": {"type": "ClearFloatLog", "path": ["monitoring", "4526eb9a", "cpu"]}, "version": 15, "at": 1735503598.5615501}
{"obj": {"type": "ConfigFloatSeries", "path": ["monitoring", "4526eb9a", "memory"], "min": 0.0, "max": 16.0, "unit": "GB"}, "version": 16, "at": 1735503598.561652}
{"obj": {"type": "ClearFloatLog", "path": ["monitoring", "4526eb9a", "memory"]}, "version": 17, "at": 1735503598.561688}
{"obj": {"type": "LogFloats", "path": ["monitoring", "4526eb9a", "memory"], "values": [{"value": 9.86490249633789, "step": null, "ts": 1735503598.5618172}]}, "version": 18, "at": 1735503598.561984}
{"obj": {"type": "AssignString", "path": ["config", "optimizer"], "value": "Adam"}, "version": 19, "at": 1735503598.562218}
{"obj": {"type": "LogStrings", "path": ["monitoring", "4526eb9a", "stderr"], "values": [{"value": "\r  0%|                                                                                                                                                                                 | 0/2 [00:00<?, ?it/s]", "step": null, "ts": 1735503598.563971}]}, "version": 20, "at": 1735503598.5639958}
{"obj": {"type": "LogStrings", "path": ["monitoring", "4526eb9a", "stderr"], "values": [{"value": "", "step": null, "ts": 1735503607.885031}]}, "version": 21, "at": 1735503607.88526}
{"obj": {"type": "LogStrings", "path": ["monitoring", "4526eb9a", "stderr"], "values": [{"value": "\r  0%|                                                                                                                                                                                 | 0/2 [00:09<?, ?it/s]", "step": null, "ts": 1735503607.885615}]}, "version": 22, "at": 1735503607.885643}
{"obj": {"type": "LogStrings", "path": ["monitoring", "4526eb9a", "stderr"], "values": [{"value": "\n", "step": null, "ts": 1735503607.8859031}]}, "version": 23, "at": 1735503607.885927}
{"obj": {"type": "LogStrings", "path": ["monitoring", "4526eb9a", "traceback"], "values": [{"value": "An uncaught exception occurred while run was active on worker Admins-MacBook-Pro.local.", "step": null, "ts": 1735503607.88643}, {"value": "Marking run as failed", "step": null, "ts": 1735503607.88643}, {"value": "Traceback:", "step": null, "ts": 1735503607.88643}, {"value": "  File \"/Users/erwan/Workspace/WSS-UIC/train_vgg_resnet/train.py\", line 122, in <module>\n    train(\n", "step": null, "ts": 1735503607.88643}, {"value": "  File \"/Users/erwan/Workspace/WSS-UIC/train_vgg_resnet/train.py\", line 61, in train\n    for batch in train_dl:\n", "step": null, "ts": 1735503607.88643}, {"value": "  File \"/Users/erwan/miniconda3/envs/segmentation_env/lib/python3.10/site-packages/torch/utils/data/dataloader.py\", line 631, in __next__\n    data = self._next_data()\n", "step": null, "ts": 1735503607.88643}, {"value": "  File \"/Users/erwan/miniconda3/envs/segmentation_env/lib/python3.10/site-packages/torch/utils/data/dataloader.py\", line 1329, in _next_data\n    idx, data = self._get_data()\n", "step": null, "ts": 1735503607.88643}, {"value": "  File \"/Users/erwan/miniconda3/envs/segmentation_env/lib/python3.10/site-packages/torch/utils/data/dataloader.py\", line 1295, in _get_data\n    success, data = self._try_get_data()\n", "step": null, "ts": 1735503607.88643}, {"value": "  File \"/Users/erwan/miniconda3/envs/segmentation_env/lib/python3.10/site-packages/torch/utils/data/dataloader.py\", line 1146, in _try_get_data\n    raise RuntimeError(f'DataLoader worker (pid(s) {pids_str}) exited unexpectedly') from e\n", "step": null, "ts": 1735503607.88643}, {"value": "DataLoader worker (pid(s) 22320) exited unexpectedly", "step": null, "ts": 1735503607.88643}]}, "version": 24, "at": 1735503607.886473}
{"obj": {"type": "AssignBool", "path": ["sys", "failed"], "value": true}, "version": 25, "at": 1735503607.886662}
{"obj": {"type": "LogStrings", "path": ["monitoring", "4526eb9a", "stderr"], "values": [{"value": "Traceback (most recent call last):\n", "step": null, "ts": 1735503607.88687}]}, "version": 26, "at": 1735503607.886893}
{"obj": {"type": "LogStrings", "path": ["monitoring", "4526eb9a", "stderr"], "values": [{"value": "  File \"/Users/erwan/miniconda3/envs/segmentation_env/lib/python3.10/site-packages/torch/utils/data/dataloader.py\", line 1133, in _try_get_data\n", "step": null, "ts": 1735503607.887156}]}, "version": 27, "at": 1735503607.88718}
{"obj": {"type": "LogStrings", "path": ["monitoring", "4526eb9a", "stderr"], "values": [{"value": "    ", "step": null, "ts": 1735503607.887687}]}, "version": 28, "at": 1735503607.887715}
{"obj": {"type": "LogStrings", "path": ["monitoring", "4526eb9a", "stderr"], "values": [{"value": "data = self._data_queue.get(timeout=timeout)", "step": null, "ts": 1735503607.887956}]}, "version": 29, "at": 1735503607.88798}
{"obj": {"type": "LogStrings", "path": ["monitoring", "4526eb9a", "stderr"], "values": [{"value": "\n", "step": null, "ts": 1735503607.889854}]}, "version": 30, "at": 1735503607.889913}
{"obj": {"type": "LogStrings", "path": ["monitoring", "4526eb9a", "stderr"], "values": [{"value": "  File \"/Users/erwan/miniconda3/envs/segmentation_env/lib/python3.10/multiprocessing/queues.py\", line 113, in get\n", "step": null, "ts": 1735503607.890123}]}, "version": 31, "at": 1735503607.890151}
{"obj": {"type": "LogStrings", "path": ["monitoring", "4526eb9a", "stderr"], "values": [{"value": "    ", "step": null, "ts": 1735503607.89026}]}, "version": 32, "at": 1735503607.890283}
{"obj": {"type": "LogStrings", "path": ["monitoring", "4526eb9a", "stderr"], "values": [{"value": "if not self._poll(timeout):", "step": null, "ts": 1735503607.8904471}]}, "version": 33, "at": 1735503607.8904681}
{"obj": {"type": "LogStrings", "path": ["monitoring", "4526eb9a", "stderr"], "values": [{"value": "\n", "step": null, "ts": 1735503607.8905878}]}, "version": 34, "at": 1735503607.890608}
{"obj": {"type": "LogStrings", "path": ["monitoring", "4526eb9a", "stderr"], "values": [{"value": "  File \"/Users/erwan/miniconda3/envs/segmentation_env/lib/python3.10/multiprocessing/connection.py\", line 262, in poll\n", "step": null, "ts": 1735503607.891104}]}, "version": 35, "at": 1735503607.891128}
{"obj": {"type": "LogStrings", "path": ["monitoring", "4526eb9a", "stderr"], "values": [{"value": "    ", "step": null, "ts": 1735503607.8915431}]}, "version": 36, "at": 1735503607.8915699}
{"obj": {"type": "LogStrings", "path": ["monitoring", "4526eb9a", "stderr"], "values": [{"value": "return self._poll(timeout)", "step": null, "ts": 1735503607.891933}]}, "version": 37, "at": 1735503607.891958}
{"obj": {"type": "LogStrings", "path": ["monitoring", "4526eb9a", "stderr"], "values": [{"value": "\n", "step": null, "ts": 1735503607.892141}]}, "version": 38, "at": 1735503607.892164}
{"obj": {"type": "LogStrings", "path": ["monitoring", "4526eb9a", "stderr"], "values": [{"value": "  File \"/Users/erwan/miniconda3/envs/segmentation_env/lib/python3.10/multiprocessing/connection.py\", line 429, in _poll\n", "step": null, "ts": 1735503607.892523}]}, "version": 39, "at": 1735503607.892548}
{"obj": {"type": "LogStrings", "path": ["monitoring", "4526eb9a", "stderr"], "values": [{"value": "    ", "step": null, "ts": 1735503607.892653}]}, "version": 40, "at": 1735503607.8927228}
{"obj": {"type": "LogStrings", "path": ["monitoring", "4526eb9a", "stderr"], "values": [{"value": "r = wait([self], timeout)", "step": null, "ts": 1735503607.893214}]}, "version": 41, "at": 1735503607.8932369}
{"obj": {"type": "LogStrings", "path": ["monitoring", "4526eb9a", "stderr"], "values": [{"value": "\n", "step": null, "ts": 1735503607.893331}]}, "version": 42, "at": 1735503607.893352}
{"obj": {"type": "LogStrings", "path": ["monitoring", "4526eb9a", "stderr"], "values": [{"value": "  File \"/Users/erwan/miniconda3/envs/segmentation_env/lib/python3.10/multiprocessing/connection.py\", line 936, in wait\n", "step": null, "ts": 1735503607.893501}]}, "version": 43, "at": 1735503607.8935199}
{"obj": {"type": "LogStrings", "path": ["monitoring", "4526eb9a", "stderr"], "values": [{"value": "    ", "step": null, "ts": 1735503607.8936388}]}, "version": 44, "at": 1735503607.893657}
{"obj": {"type": "LogStrings", "path": ["monitoring", "4526eb9a", "stderr"], "values": [{"value": "ready = selector.select(timeout)", "step": null, "ts": 1735503607.893738}]}, "version": 45, "at": 1735503607.893756}
{"obj": {"type": "LogStrings", "path": ["monitoring", "4526eb9a", "stderr"], "values": [{"value": "\n", "step": null, "ts": 1735503607.896941}]}, "version": 46, "at": 1735503607.896978}
{"obj": {"type": "LogStrings", "path": ["monitoring", "4526eb9a", "stderr"], "values": [{"value": "  File \"/Users/erwan/miniconda3/envs/segmentation_env/lib/python3.10/selectors.py\", line 416, in select\n", "step": null, "ts": 1735503607.8971992}]}, "version": 47, "at": 1735503607.897225}
{"obj": {"type": "LogStrings", "path": ["monitoring", "4526eb9a", "stderr"], "values": [{"value": "    ", "step": null, "ts": 1735503607.897326}]}, "version": 48, "at": 1735503607.897347}
{"obj": {"type": "LogStrings", "path": ["monitoring", "4526eb9a", "stderr"], "values": [{"value": "fd_event_list = self._selector.poll(timeout)", "step": null, "ts": 1735503607.897484}]}, "version": 49, "at": 1735503607.897505}
{"obj": {"type": "LogStrings", "path": ["monitoring", "4526eb9a", "stderr"], "values": [{"value": "\n", "step": null, "ts": 1735503607.898698}]}, "version": 50, "at": 1735503607.898724}
{"obj": {"type": "LogStrings", "path": ["monitoring", "4526eb9a", "stderr"], "values": [{"value": "  File \"/Users/erwan/miniconda3/envs/segmentation_env/lib/python3.10/site-packages/torch/utils/data/_utils/signal_handling.py\", line 66, in handler\n", "step": null, "ts": 1735503607.898835}]}, "version": 51, "at": 1735503607.8988512}
{"obj": {"type": "LogStrings", "path": ["monitoring", "4526eb9a", "stderr"], "values": [{"value": "    ", "step": null, "ts": 1735503607.898918}]}, "version": 52, "at": 1735503607.898932}
{"obj": {"type": "LogStrings", "path": ["monitoring", "4526eb9a", "stderr"], "values": [{"value": "_error_if_any_worker_fails()", "step": null, "ts": 1735503607.8989902}]}, "version": 53, "at": 1735503607.8990028}
{"obj": {"type": "LogStrings", "path": ["monitoring", "4526eb9a", "stderr"], "values": [{"value": "\n", "step": null, "ts": 1735503607.89906}]}, "version": 54, "at": 1735503607.899072}
{"obj": {"type": "LogStrings", "path": ["monitoring", "4526eb9a", "stderr"], "values": [{"value": "RuntimeError", "step": null, "ts": 1735503607.899143}]}, "version": 55, "at": 1735503607.899154}
{"obj": {"type": "LogStrings", "path": ["monitoring", "4526eb9a", "stderr"], "values": [{"value": ": ", "step": null, "ts": 1735503607.8992078}]}, "version": 56, "at": 1735503607.899219}
{"obj": {"type": "LogStrings", "path": ["monitoring", "4526eb9a", "stderr"], "values": [{"value": "DataLoader worker (pid 22320) exited unexpectedly with exit code 1. Details are lost due to multiprocessing. Rerunning with num_workers=0 may give better error trace.", "step": null, "ts": 1735503607.899279}]}, "version": 57, "at": 1735503607.89929}
{"obj": {"type": "LogStrings", "path": ["monitoring", "4526eb9a", "stderr"], "values": [{"value": "\n", "step": null, "ts": 1735503607.899359}]}, "version": 58, "at": 1735503607.89937}
{"obj": {"type": "LogStrings", "path": ["monitoring", "4526eb9a", "stderr"], "values": [{"value": "\nThe above exception was the direct cause of the following exception:\n\n", "step": null, "ts": 1735503607.899423}]}, "version": 59, "at": 1735503607.899434}
{"obj": {"type": "LogStrings", "path": ["monitoring", "4526eb9a", "stderr"], "values": [{"value": "Traceback (most recent call last):\n", "step": null, "ts": 1735503607.8994958}]}, "version": 60, "at": 1735503607.899507}
{"obj": {"type": "LogStrings", "path": ["monitoring", "4526eb9a", "stderr"], "values": [{"value": "  File \"/Users/erwan/Workspace/WSS-UIC/train_vgg_resnet/train.py\", line 122, in <module>\n", "step": null, "ts": 1735503607.89956}]}, "version": 61, "at": 1735503607.899571}
{"obj": {"type": "LogStrings", "path": ["monitoring", "4526eb9a", "stderr"], "values": [{"value": "    ", "step": null, "ts": 1735503607.899646}]}, "version": 62, "at": 1735503607.899657}
{"obj": {"type": "LogStrings", "path": ["monitoring", "4526eb9a", "stderr"], "values": [{"value": "train(", "step": null, "ts": 1735503607.899751}]}, "version": 63, "at": 1735503607.899762}
{"obj": {"type": "LogStrings", "path": ["monitoring", "4526eb9a", "stderr"], "values": [{"value": "\n", "step": null, "ts": 1735503607.8998232}]}, "version": 64, "at": 1735503607.8998349}
{"obj": {"type": "LogStrings", "path": ["monitoring", "4526eb9a", "stderr"], "values": [{"value": "  File \"/Users/erwan/Workspace/WSS-UIC/train_vgg_resnet/train.py\", line 61, in train\n", "step": null, "ts": 1735503607.899904}]}, "version": 65, "at": 1735503607.899915}
{"obj": {"type": "LogStrings", "path": ["monitoring", "4526eb9a", "stderr"], "values": [{"value": "    ", "step": null, "ts": 1735503607.9000142}]}, "version": 66, "at": 1735503607.9000251}
{"obj": {"type": "LogStrings", "path": ["monitoring", "4526eb9a", "stderr"], "values": [{"value": "for batch in train_dl:", "step": null, "ts": 1735503607.9000971}]}, "version": 67, "at": 1735503607.900108}
{"obj": {"type": "LogStrings", "path": ["monitoring", "4526eb9a", "stderr"], "values": [{"value": "\n", "step": null, "ts": 1735503607.900225}]}, "version": 68, "at": 1735503607.9002361}
{"obj": {"type": "LogStrings", "path": ["monitoring", "4526eb9a", "stderr"], "values": [{"value": "  File \"/Users/erwan/miniconda3/envs/segmentation_env/lib/python3.10/site-packages/torch/utils/data/dataloader.py\", line 631, in __next__\n", "step": null, "ts": 1735503607.90029}]}, "version": 69, "at": 1735503607.900301}
{"obj": {"type": "LogStrings", "path": ["monitoring", "4526eb9a", "stderr"], "values": [{"value": "    ", "step": null, "ts": 1735503607.90037}]}, "version": 70, "at": 1735503607.9003808}
{"obj": {"type": "LogStrings", "path": ["monitoring", "4526eb9a", "stderr"], "values": [{"value": "data = self._next_data()", "step": null, "ts": 1735503607.900478}]}, "version": 71, "at": 1735503607.90049}
{"obj": {"type": "LogStrings", "path": ["monitoring", "4526eb9a", "stderr"], "values": [{"value": "\n", "step": null, "ts": 1735503607.900552}]}, "version": 72, "at": 1735503607.900563}
{"obj": {"type": "LogStrings", "path": ["monitoring", "4526eb9a", "stderr"], "values": [{"value": "  File \"/Users/erwan/miniconda3/envs/segmentation_env/lib/python3.10/site-packages/torch/utils/data/dataloader.py\", line 1329, in _next_data\n", "step": null, "ts": 1735503607.900641}]}, "version": 73, "at": 1735503607.900652}
{"obj": {"type": "LogStrings", "path": ["monitoring", "4526eb9a", "stderr"], "values": [{"value": "    ", "step": null, "ts": 1735503607.9011872}]}, "version": 74, "at": 1735503607.901213}
{"obj": {"type": "LogStrings", "path": ["monitoring", "4526eb9a", "stderr"], "values": [{"value": "idx, data = self._get_data()", "step": null, "ts": 1735503607.9013429}]}, "version": 75, "at": 1735503607.9013638}
{"obj": {"type": "LogStrings", "path": ["monitoring", "4526eb9a", "stderr"], "values": [{"value": "\n", "step": null, "ts": 1735503607.9014862}]}, "version": 76, "at": 1735503607.901505}
{"obj": {"type": "LogStrings", "path": ["monitoring", "4526eb9a", "stdout"], "values": [{"value": "[neptune] [info   ] Shutting down background jobs, please wait a moment...\n", "step": null, "ts": 1735503607.903538}]}, "version": 77, "at": 1735503607.903579}
{"obj": {"type": "LogStrings", "path": ["monitoring", "4526eb9a", "stderr"], "values": [{"value": "  File \"/Users/erwan/miniconda3/envs/segmentation_env/lib/python3.10/site-packages/torch/utils/data/dataloader.py\", line 1295, in _get_data\n", "step": null, "ts": 1735503607.90378}]}, "version": 78, "at": 1735503607.903809}
{"obj": {"type": "LogStrings", "path": ["monitoring", "4526eb9a", "stderr"], "values": [{"value": "    ", "step": null, "ts": 1735503607.903929}]}, "version": 79, "at": 1735503607.903949}
{"obj": {"type": "LogStrings", "path": ["monitoring", "4526eb9a", "stderr"], "values": [{"value": "success, data = self._try_get_data()", "step": null, "ts": 1735503607.904047}]}, "version": 80, "at": 1735503607.9040651}
{"obj": {"type": "LogStrings", "path": ["monitoring", "4526eb9a", "stderr"], "values": [{"value": "\n", "step": null, "ts": 1735503607.90418}]}, "version": 81, "at": 1735503607.904198}
{"obj": {"type": "LogStrings", "path": ["monitoring", "4526eb9a", "stderr"], "values": [{"value": "  File \"/Users/erwan/miniconda3/envs/segmentation_env/lib/python3.10/site-packages/torch/utils/data/dataloader.py\", line 1146, in _try_get_data\n", "step": null, "ts": 1735503607.904295}]}, "version": 82, "at": 1735503607.904313}
{"obj": {"type": "LogStrings", "path": ["monitoring", "4526eb9a", "stderr"], "values": [{"value": "    ", "step": null, "ts": 1735503607.904395}]}, "version": 83, "at": 1735503607.904413}
{"obj": {"type": "LogStrings", "path": ["monitoring", "4526eb9a", "stderr"], "values": [{"value": "raise RuntimeError(f'DataLoader worker (pid(s) {pids_str}) exited unexpectedly') from e", "step": null, "ts": 1735503607.904493}]}, "version": 84, "at": 1735503607.904512}
{"obj": {"type": "LogStrings", "path": ["monitoring", "4526eb9a", "stderr"], "values": [{"value": "\n", "step": null, "ts": 1735503607.9046059}]}, "version": 85, "at": 1735503607.9046242}
{"obj": {"type": "LogStrings", "path": ["monitoring", "4526eb9a", "stderr"], "values": [{"value": "RuntimeError", "step": null, "ts": 1735503607.904717}]}, "version": 86, "at": 1735503607.904735}
{"obj": {"type": "LogStrings", "path": ["monitoring", "4526eb9a", "stderr"], "values": [{"value": ": ", "step": null, "ts": 1735503607.904813}]}, "version": 87, "at": 1735503607.90483}
{"obj": {"type": "LogStrings", "path": ["monitoring", "4526eb9a", "stderr"], "values": [{"value": "DataLoader worker (pid(s) 22320) exited unexpectedly", "step": null, "ts": 1735503607.904908}]}, "version": 88, "at": 1735503607.9049249}
{"obj": {"type": "LogStrings", "path": ["monitoring", "4526eb9a", "stderr"], "values": [{"value": "\n", "step": null, "ts": 1735503607.905004}]}, "version": 89, "at": 1735503607.905021}
