{"obj": {"type": "AssignString", "path": ["sys", "name"], "value": "Untitled"}, "version": 1, "at": 1735504024.6670709}
{"obj": {"type": "AssignString", "path": ["sys", "description"], "value": ""}, "version": 2, "at": 1735504024.6673331}
{"obj": {"type": "AssignString", "path": ["monitoring", "1bcbf802", "hostname"], "value": "Admins-MacBook-Pro.local"}, "version": 3, "at": 1735504024.6674728}
{"obj": {"type": "AssignString", "path": ["sys", "hostname"], "value": "Admins-MacBook-Pro.local"}, "version": 4, "at": 1735504024.667584}
{"obj": {"type": "AssignString", "path": ["monitoring", "1bcbf802", "pid"], "value": "22742"}, "version": 5, "at": 1735504024.6676989}
{"obj": {"type": "AssignString", "path": ["monitoring", "1bcbf802", "tid"], "value": "4560887232"}, "version": 6, "at": 1735504024.667813}
{"obj": {"type": "AssignBool", "path": ["sys", "failed"], "value": false}, "version": 7, "at": 1735504024.667947}
{"obj": {"type": "ClearStringLog", "path": ["monitoring", "1bcbf802", "stdout"]}, "version": 8, "at": 1735504024.668105}
{"obj": {"type": "ClearStringLog", "path": ["monitoring", "1bcbf802", "stderr"]}, "version": 9, "at": 1735504024.6681962}
{"obj": {"type": "AssignString", "path": ["source_code", "entrypoint"], "value": "train.py"}, "version": 10, "at": 1735504024.669019}
{"obj": {"type": "UploadFileSet", "path": ["source_code", "files"], "file_globs": ["/Users/erwan/Workspace/WSS-UIC/train_vgg_resnet/train.py"], "reset": "False"}, "version": 11, "at": 1735504024.669146}
{"obj": {"type": "UploadFile", "path": ["source_code", "diff"], "ext": "patch", "file_path": null, "tmp_file_name": "source_code_diff-1735504024.978938-2024-12-29_21.27.04.978938.patch", "clean_after_upload": false}, "version": 12, "at": 1735504024.979423}
{"obj": {"type": "ConfigFloatSeries", "path": ["monitoring", "1bcbf802", "cpu"], "min": 0.0, "max": 100.0, "unit": "%"}, "version": 13, "at": 1735504024.990221}
{"obj": {"type": "ClearFloatLog", "path": ["monitoring", "1bcbf802", "cpu"]}, "version": 14, "at": 1735504024.990554}
{"obj": {"type": "LogStrings", "path": ["monitoring", "1bcbf802", "stderr"], "values": [{"value": "[neptune] [warning] /Users/erwan/Workspace/WSS-UIC/train_vgg_resnet/train.py:46: NeptuneWarning: Info (NVML): NVML Shared Library Not Found. GPU usage metrics may not be reported. For more information, see https://docs.neptune.ai/help/nvml_error/\n", "step": null, "ts": 1735504024.990761}]}, "version": 15, "at": 1735504024.9908962}
{"obj": {"type": "ConfigFloatSeries", "path": ["monitoring", "1bcbf802", "memory"], "min": 0.0, "max": 16.0, "unit": "GB"}, "version": 16, "at": 1735504024.991256}
{"obj": {"type": "ClearFloatLog", "path": ["monitoring", "1bcbf802", "memory"]}, "version": 17, "at": 1735504024.991387}
{"obj": {"type": "LogFloats", "path": ["monitoring", "1bcbf802", "memory"], "values": [{"value": 10.076915740966797, "step": null, "ts": 1735504024.991662}]}, "version": 18, "at": 1735504024.992019}
{"obj": {"type": "AssignString", "path": ["config", "optimizer"], "value": "Adam"}, "version": 19, "at": 1735504024.992408}
{"obj": {"type": "LogStrings", "path": ["monitoring", "1bcbf802", "stdout"], "values": [{"value": "ici la ", "step": null, "ts": 1735504024.992861}]}, "version": 20, "at": 1735504024.992907}
{"obj": {"type": "LogStrings", "path": ["monitoring", "1bcbf802", "stdout"], "values": [{"value": "\n", "step": null, "ts": 1735504024.993302}]}, "version": 21, "at": 1735504024.9933388}
{"obj": {"type": "LogStrings", "path": ["monitoring", "1bcbf802", "stderr"], "values": [{"value": "\r  0%|                                                                                                                                                                                 | 0/2 [00:00<?, ?it/s]", "step": null, "ts": 1735504024.9974499}]}, "version": 22, "at": 1735504024.997501}
{"obj": {"type": "LogStrings", "path": ["monitoring", "1bcbf802", "stdout"], "values": [{"value": "dqsdqs", "step": null, "ts": 1735504025.00105}]}, "version": 23, "at": 1735504025.001096}
{"obj": {"type": "LogStrings", "path": ["monitoring", "1bcbf802", "stdout"], "values": [{"value": "\n", "step": null, "ts": 1735504025.00193}]}, "version": 24, "at": 1735504025.001973}
{"obj": {"type": "LogStrings", "path": ["monitoring", "1bcbf802", "stderr"], "values": [{"value": "", "step": null, "ts": 1735504025.006461}]}, "version": 25, "at": 1735504025.0065181}
{"obj": {"type": "LogStrings", "path": ["monitoring", "1bcbf802", "stderr"], "values": [{"value": "\r  0%|                                                                                                                                                                                 | 0/2 [00:00<?, ?it/s]", "step": null, "ts": 1735504025.006748}]}, "version": 26, "at": 1735504025.006782}
{"obj": {"type": "LogStrings", "path": ["monitoring", "1bcbf802", "stderr"], "values": [{"value": "\n", "step": null, "ts": 1735504025.007075}]}, "version": 27, "at": 1735504025.007106}
{"obj": {"type": "LogStrings", "path": ["monitoring", "1bcbf802", "traceback"], "values": [{"value": "An uncaught exception occurred while run was active on worker Admins-MacBook-Pro.local.", "step": null, "ts": 1735504025.009229}, {"value": "Marking run as failed", "step": null, "ts": 1735504025.009229}, {"value": "Traceback:", "step": null, "ts": 1735504025.009229}, {"value": "  File \"<string>\", line 1, in <module>\n", "step": null, "ts": 1735504025.009229}, {"value": "  File \"/Users/erwan/miniconda3/envs/segmentation_env/lib/python3.10/multiprocessing/spawn.py\", line 116, in spawn_main\n    exitcode = _main(fd, parent_sentinel)\n", "step": null, "ts": 1735504025.009229}, {"value": "  File \"/Users/erwan/miniconda3/envs/segmentation_env/lib/python3.10/multiprocessing/spawn.py\", line 125, in _main\n    prepare(preparation_data)\n", "step": null, "ts": 1735504025.009229}, {"value": "  File \"/Users/erwan/miniconda3/envs/segmentation_env/lib/python3.10/multiprocessing/spawn.py\", line 236, in prepare\n    _fixup_main_from_path(data['init_main_from_path'])\n", "step": null, "ts": 1735504025.009229}, {"value": "  File \"/Users/erwan/miniconda3/envs/segmentation_env/lib/python3.10/multiprocessing/spawn.py\", line 287, in _fixup_main_from_path\n    main_content = runpy.run_path(main_path,\n", "step": null, "ts": 1735504025.009229}, {"value": "  File \"/Users/erwan/miniconda3/envs/segmentation_env/lib/python3.10/runpy.py\", line 269, in run_path\n    return _run_module_code(code, init_globals, run_name,\n", "step": null, "ts": 1735504025.009229}, {"value": "  File \"/Users/erwan/miniconda3/envs/segmentation_env/lib/python3.10/runpy.py\", line 96, in _run_module_code\n    _run_code(code, mod_globals, init_globals,\n", "step": null, "ts": 1735504025.009229}]}, "version": 28, "at": 1735504025.0093539}
{"obj": {"type": "LogStrings", "path": ["monitoring", "1bcbf802", "traceback"], "values": [{"value": "  File \"/Users/erwan/miniconda3/envs/segmentation_env/lib/python3.10/runpy.py\", line 86, in _run_code\n    exec(code, run_globals)\n", "step": null, "ts": 1735504025.009229}, {"value": "  File \"/Users/erwan/Workspace/WSS-UIC/train_vgg_resnet/train.py\", line 126, in <module>\n    train(\n", "step": null, "ts": 1735504025.009229}, {"value": "  File \"/Users/erwan/Workspace/WSS-UIC/train_vgg_resnet/train.py\", line 64, in train\n    for batch in train_dl:\n", "step": null, "ts": 1735504025.009229}, {"value": "  File \"/Users/erwan/miniconda3/envs/segmentation_env/lib/python3.10/site-packages/torch/utils/data/dataloader.py\", line 439, in __iter__\n    return self._get_iterator()\n", "step": null, "ts": 1735504025.009229}, {"value": "  File \"/Users/erwan/miniconda3/envs/segmentation_env/lib/python3.10/site-packages/torch/utils/data/dataloader.py\", line 387, in _get_iterator\n    return _MultiProcessingDataLoaderIter(self)\n", "step": null, "ts": 1735504025.009229}, {"value": "  File \"/Users/erwan/miniconda3/envs/segmentation_env/lib/python3.10/site-packages/torch/utils/data/dataloader.py\", line 1040, in __init__\n    w.start()\n", "step": null, "ts": 1735504025.009229}, {"value": "  File \"/Users/erwan/miniconda3/envs/segmentation_env/lib/python3.10/multiprocessing/process.py\", line 121, in start\n    self._popen = self._Popen(self)\n", "step": null, "ts": 1735504025.009229}, {"value": "  File \"/Users/erwan/miniconda3/envs/segmentation_env/lib/python3.10/multiprocessing/context.py\", line 224, in _Popen\n    return _default_context.get_context().Process._Popen(process_obj)\n", "step": null, "ts": 1735504025.009229}, {"value": "  File \"/Users/erwan/miniconda3/envs/segmentation_env/lib/python3.10/multiprocessing/context.py\", line 284, in _Popen\n    return Popen(process_obj)\n", "step": null, "ts": 1735504025.009229}, {"value": "  File \"/Users/erwan/miniconda3/envs/segmentation_env/lib/python3.10/multiprocessing/popen_spawn_posix.py\", line 32, in __init__\n    super().__init__(process_obj)\n", "step": null, "ts": 1735504025.009229}]}, "version": 29, "at": 1735504025.009496}
{"obj": {"type": "LogStrings", "path": ["monitoring", "1bcbf802", "traceback"], "values": [{"value": "  File \"/Users/erwan/miniconda3/envs/segmentation_env/lib/python3.10/multiprocessing/popen_fork.py\", line 19, in __init__\n    self._launch(process_obj)\n", "step": null, "ts": 1735504025.009229}, {"value": "  File \"/Users/erwan/miniconda3/envs/segmentation_env/lib/python3.10/multiprocessing/popen_spawn_posix.py\", line 42, in _launch\n    prep_data = spawn.get_preparation_data(process_obj._name)\n", "step": null, "ts": 1735504025.009229}, {"value": "  File \"/Users/erwan/miniconda3/envs/segmentation_env/lib/python3.10/multiprocessing/spawn.py\", line 154, in get_preparation_data\n    _check_not_importing_main()\n", "step": null, "ts": 1735504025.009229}, {"value": "  File \"/Users/erwan/miniconda3/envs/segmentation_env/lib/python3.10/multiprocessing/spawn.py\", line 134, in _check_not_importing_main\n    raise RuntimeError('''\n", "step": null, "ts": 1735504025.009229}, {"value": "", "step": null, "ts": 1735504025.009229}, {"value": "        An attempt has been made to start a new process before the", "step": null, "ts": 1735504025.009229}, {"value": "        current process has finished its bootstrapping phase.", "step": null, "ts": 1735504025.009229}, {"value": "", "step": null, "ts": 1735504025.009229}, {"value": "        This probably means that you are not using fork to start your", "step": null, "ts": 1735504025.009229}, {"value": "        child processes and you have forgotten to use the proper idiom", "step": null, "ts": 1735504025.009229}]}, "version": 30, "at": 1735504025.009701}
{"obj": {"type": "LogStrings", "path": ["monitoring", "1bcbf802", "traceback"], "values": [{"value": "        in the main module:", "step": null, "ts": 1735504025.009229}, {"value": "", "step": null, "ts": 1735504025.009229}, {"value": "            if __name__ == '__main__':", "step": null, "ts": 1735504025.009229}, {"value": "                freeze_support()", "step": null, "ts": 1735504025.009229}, {"value": "                ...", "step": null, "ts": 1735504025.009229}, {"value": "", "step": null, "ts": 1735504025.009229}, {"value": "        The \"freeze_support()\" line can be omitted if the program", "step": null, "ts": 1735504025.009229}, {"value": "        is not going to be frozen to produce an executable.", "step": null, "ts": 1735504025.009229}]}, "version": 31, "at": 1735504025.009802}
{"obj": {"type": "AssignBool", "path": ["sys", "failed"], "value": true}, "version": 32, "at": 1735504025.009975}
{"obj": {"type": "LogStrings", "path": ["monitoring", "1bcbf802", "stderr"], "values": [{"value": "Traceback (most recent call last):\n", "step": null, "ts": 1735504025.0102222}]}, "version": 33, "at": 1735504025.010319}
{"obj": {"type": "LogStrings", "path": ["monitoring", "1bcbf802", "stderr"], "values": [{"value": "  File \"<string>\", line 1, in <module>\n", "step": null, "ts": 1735504025.010902}]}, "version": 34, "at": 1735504025.0109901}
{"obj": {"type": "LogStrings", "path": ["monitoring", "1bcbf802", "stderr"], "values": [{"value": "  File \"/Users/erwan/miniconda3/envs/segmentation_env/lib/python3.10/multiprocessing/spawn.py\", line 116, in spawn_main\n", "step": null, "ts": 1735504025.012112}]}, "version": 35, "at": 1735504025.0121589}
{"obj": {"type": "LogStrings", "path": ["monitoring", "1bcbf802", "stderr"], "values": [{"value": "    ", "step": null, "ts": 1735504025.0127969}]}, "version": 36, "at": 1735504025.012841}
{"obj": {"type": "LogStrings", "path": ["monitoring", "1bcbf802", "stderr"], "values": [{"value": "exitcode = _main(fd, parent_sentinel)", "step": null, "ts": 1735504025.013013}]}, "version": 37, "at": 1735504025.0130491}
{"obj": {"type": "LogStrings", "path": ["monitoring", "1bcbf802", "stderr"], "values": [{"value": "\n", "step": null, "ts": 1735504025.013278}]}, "version": 38, "at": 1735504025.0133078}
{"obj": {"type": "LogStrings", "path": ["monitoring", "1bcbf802", "stderr"], "values": [{"value": "  File \"/Users/erwan/miniconda3/envs/segmentation_env/lib/python3.10/multiprocessing/spawn.py\", line 125, in _main\n", "step": null, "ts": 1735504025.013485}]}, "version": 39, "at": 1735504025.0135171}
{"obj": {"type": "LogStrings", "path": ["monitoring", "1bcbf802", "stderr"], "values": [{"value": "    ", "step": null, "ts": 1735504025.013889}]}, "version": 40, "at": 1735504025.01392}
{"obj": {"type": "LogStrings", "path": ["monitoring", "1bcbf802", "stderr"], "values": [{"value": "prepare(preparation_data)", "step": null, "ts": 1735504025.014047}]}, "version": 41, "at": 1735504025.014074}
{"obj": {"type": "LogStrings", "path": ["monitoring", "1bcbf802", "stderr"], "values": [{"value": "\n", "step": null, "ts": 1735504025.014264}]}, "version": 42, "at": 1735504025.014293}
{"obj": {"type": "LogStrings", "path": ["monitoring", "1bcbf802", "stderr"], "values": [{"value": "  File \"/Users/erwan/miniconda3/envs/segmentation_env/lib/python3.10/multiprocessing/spawn.py\", line 236, in prepare\n", "step": null, "ts": 1735504025.014476}]}, "version": 43, "at": 1735504025.014504}
{"obj": {"type": "LogStrings", "path": ["monitoring", "1bcbf802", "stderr"], "values": [{"value": "    ", "step": null, "ts": 1735504025.01488}]}, "version": 44, "at": 1735504025.014913}
{"obj": {"type": "LogStrings", "path": ["monitoring", "1bcbf802", "stderr"], "values": [{"value": "_fixup_main_from_path(data['init_main_from_path'])", "step": null, "ts": 1735504025.015039}]}, "version": 45, "at": 1735504025.0150669}
{"obj": {"type": "LogStrings", "path": ["monitoring", "1bcbf802", "stderr"], "values": [{"value": "\n", "step": null, "ts": 1735504025.0155342}]}, "version": 46, "at": 1735504025.0155709}
{"obj": {"type": "LogStrings", "path": ["monitoring", "1bcbf802", "stderr"], "values": [{"value": "  File \"/Users/erwan/miniconda3/envs/segmentation_env/lib/python3.10/multiprocessing/spawn.py\", line 287, in _fixup_main_from_path\n", "step": null, "ts": 1735504025.01659}]}, "version": 47, "at": 1735504025.016713}
{"obj": {"type": "LogStrings", "path": ["monitoring", "1bcbf802", "stderr"], "values": [{"value": "    ", "step": null, "ts": 1735504025.0182662}]}, "version": 48, "at": 1735504025.018371}
{"obj": {"type": "LogStrings", "path": ["monitoring", "1bcbf802", "stderr"], "values": [{"value": "main_content = runpy.run_path(main_path,", "step": null, "ts": 1735504025.01884}]}, "version": 49, "at": 1735504025.018906}
{"obj": {"type": "LogStrings", "path": ["monitoring", "1bcbf802", "stderr"], "values": [{"value": "\n", "step": null, "ts": 1735504025.019528}]}, "version": 50, "at": 1735504025.019642}
{"obj": {"type": "LogStrings", "path": ["monitoring", "1bcbf802", "stderr"], "values": [{"value": "  File \"/Users/erwan/miniconda3/envs/segmentation_env/lib/python3.10/runpy.py\", line 269, in run_path\n", "step": null, "ts": 1735504025.020191}]}, "version": 51, "at": 1735504025.0202801}
{"obj": {"type": "LogStrings", "path": ["monitoring", "1bcbf802", "stderr"], "values": [{"value": "    ", "step": null, "ts": 1735504025.02191}]}, "version": 52, "at": 1735504025.022}
{"obj": {"type": "LogStrings", "path": ["monitoring", "1bcbf802", "stderr"], "values": [{"value": "return _run_module_code(code, init_globals, run_name,", "step": null, "ts": 1735504025.02233}]}, "version": 53, "at": 1735504025.0223942}
{"obj": {"type": "LogStrings", "path": ["monitoring", "1bcbf802", "stderr"], "values": [{"value": "\n", "step": null, "ts": 1735504025.022774}]}, "version": 54, "at": 1735504025.022839}
{"obj": {"type": "LogStrings", "path": ["monitoring", "1bcbf802", "stderr"], "values": [{"value": "  File \"/Users/erwan/miniconda3/envs/segmentation_env/lib/python3.10/runpy.py\", line 96, in _run_module_code\n", "step": null, "ts": 1735504025.023384}]}, "version": 55, "at": 1735504025.023423}
{"obj": {"type": "LogStrings", "path": ["monitoring", "1bcbf802", "stderr"], "values": [{"value": "    ", "step": null, "ts": 1735504025.023808}]}, "version": 56, "at": 1735504025.023849}
{"obj": {"type": "LogStrings", "path": ["monitoring", "1bcbf802", "stderr"], "values": [{"value": "_run_code(code, mod_globals, init_globals,", "step": null, "ts": 1735504025.024013}]}, "version": 57, "at": 1735504025.0240471}
{"obj": {"type": "LogStrings", "path": ["monitoring", "1bcbf802", "stderr"], "values": [{"value": "\n", "step": null, "ts": 1735504025.024194}]}, "version": 58, "at": 1735504025.0242271}
{"obj": {"type": "LogStrings", "path": ["monitoring", "1bcbf802", "stderr"], "values": [{"value": "  File \"/Users/erwan/miniconda3/envs/segmentation_env/lib/python3.10/runpy.py\", line 86, in _run_code\n", "step": null, "ts": 1735504025.02437}]}, "version": 59, "at": 1735504025.0244029}
{"obj": {"type": "LogStrings", "path": ["monitoring", "1bcbf802", "stderr"], "values": [{"value": "    ", "step": null, "ts": 1735504025.025053}]}, "version": 60, "at": 1735504025.0250912}
{"obj": {"type": "LogStrings", "path": ["monitoring", "1bcbf802", "stderr"], "values": [{"value": "exec(code, run_globals)", "step": null, "ts": 1735504025.0252311}]}, "version": 61, "at": 1735504025.025262}
{"obj": {"type": "LogStrings", "path": ["monitoring", "1bcbf802", "stderr"], "values": [{"value": "\n", "step": null, "ts": 1735504025.025492}]}, "version": 62, "at": 1735504025.025523}
{"obj": {"type": "LogStrings", "path": ["monitoring", "1bcbf802", "stderr"], "values": [{"value": "  File \"/Users/erwan/Workspace/WSS-UIC/train_vgg_resnet/train.py\", line 126, in <module>\n", "step": null, "ts": 1735504025.02575}]}, "version": 63, "at": 1735504025.025781}
{"obj": {"type": "LogStrings", "path": ["monitoring", "1bcbf802", "stderr"], "values": [{"value": "    ", "step": null, "ts": 1735504025.026143}]}, "version": 64, "at": 1735504025.0261781}
{"obj": {"type": "LogStrings", "path": ["monitoring", "1bcbf802", "stderr"], "values": [{"value": "train(", "step": null, "ts": 1735504025.026316}]}, "version": 65, "at": 1735504025.026346}
{"obj": {"type": "LogStrings", "path": ["monitoring", "1bcbf802", "stderr"], "values": [{"value": "\n", "step": null, "ts": 1735504025.026592}]}, "version": 66, "at": 1735504025.026622}
{"obj": {"type": "LogStrings", "path": ["monitoring", "1bcbf802", "stderr"], "values": [{"value": "  File \"/Users/erwan/Workspace/WSS-UIC/train_vgg_resnet/train.py\", line 64, in train\n", "step": null, "ts": 1735504025.0268931}]}, "version": 67, "at": 1735504025.026923}
{"obj": {"type": "LogStrings", "path": ["monitoring", "1bcbf802", "stderr"], "values": [{"value": "    ", "step": null, "ts": 1735504025.027219}]}, "version": 68, "at": 1735504025.027256}
{"obj": {"type": "LogStrings", "path": ["monitoring", "1bcbf802", "stderr"], "values": [{"value": "for batch in train_dl:", "step": null, "ts": 1735504025.027401}]}, "version": 69, "at": 1735504025.027433}
{"obj": {"type": "LogStrings", "path": ["monitoring", "1bcbf802", "stderr"], "values": [{"value": "\n", "step": null, "ts": 1735504025.0275662}]}, "version": 70, "at": 1735504025.027594}
{"obj": {"type": "LogStrings", "path": ["monitoring", "1bcbf802", "stderr"], "values": [{"value": "  File \"/Users/erwan/miniconda3/envs/segmentation_env/lib/python3.10/site-packages/torch/utils/data/dataloader.py\", line 439, in __iter__\n", "step": null, "ts": 1735504025.030966}]}, "version": 71, "at": 1735504025.031012}
{"obj": {"type": "LogStrings", "path": ["monitoring", "1bcbf802", "stderr"], "values": [{"value": "    ", "step": null, "ts": 1735504025.031542}]}, "version": 72, "at": 1735504025.031586}
{"obj": {"type": "LogStrings", "path": ["monitoring", "1bcbf802", "stderr"], "values": [{"value": "return self._get_iterator()", "step": null, "ts": 1735504025.031789}]}, "version": 73, "at": 1735504025.031849}
{"obj": {"type": "LogStrings", "path": ["monitoring", "1bcbf802", "stderr"], "values": [{"value": "\n", "step": null, "ts": 1735504025.0322108}]}, "version": 74, "at": 1735504025.032247}
{"obj": {"type": "LogStrings", "path": ["monitoring", "1bcbf802", "stderr"], "values": [{"value": "  File \"/Users/erwan/miniconda3/envs/segmentation_env/lib/python3.10/site-packages/torch/utils/data/dataloader.py\", line 387, in _get_iterator\n", "step": null, "ts": 1735504025.032474}]}, "version": 75, "at": 1735504025.0325089}
{"obj": {"type": "LogStrings", "path": ["monitoring", "1bcbf802", "stderr"], "values": [{"value": "    ", "step": null, "ts": 1735504025.035245}]}, "version": 76, "at": 1735504025.035306}
{"obj": {"type": "LogStrings", "path": ["monitoring", "1bcbf802", "stderr"], "values": [{"value": "return _MultiProcessingDataLoaderIter(self)", "step": null, "ts": 1735504025.035558}]}, "version": 77, "at": 1735504025.035617}
{"obj": {"type": "LogStrings", "path": ["monitoring", "1bcbf802", "stderr"], "values": [{"value": "\n", "step": null, "ts": 1735504025.0363362}]}, "version": 78, "at": 1735504025.036392}
{"obj": {"type": "LogStrings", "path": ["monitoring", "1bcbf802", "stderr"], "values": [{"value": "  File \"/Users/erwan/miniconda3/envs/segmentation_env/lib/python3.10/site-packages/torch/utils/data/dataloader.py\", line 1040, in __init__\n", "step": null, "ts": 1735504025.036897}]}, "version": 79, "at": 1735504025.036949}
{"obj": {"type": "LogStrings", "path": ["monitoring", "1bcbf802", "stderr"], "values": [{"value": "    ", "step": null, "ts": 1735504025.038651}]}, "version": 80, "at": 1735504025.038697}
{"obj": {"type": "LogStrings", "path": ["monitoring", "1bcbf802", "stderr"], "values": [{"value": "w.start()", "step": null, "ts": 1735504025.038859}]}, "version": 81, "at": 1735504025.038891}
{"obj": {"type": "LogStrings", "path": ["monitoring", "1bcbf802", "stderr"], "values": [{"value": "\n", "step": null, "ts": 1735504025.0394711}]}, "version": 82, "at": 1735504025.039561}
{"obj": {"type": "LogStrings", "path": ["monitoring", "1bcbf802", "stderr"], "values": [{"value": "  File \"/Users/erwan/miniconda3/envs/segmentation_env/lib/python3.10/multiprocessing/process.py\", line 121, in start\n", "step": null, "ts": 1735504025.041518}]}, "version": 83, "at": 1735504025.0415602}
{"obj": {"type": "LogStrings", "path": ["monitoring", "1bcbf802", "stderr"], "values": [{"value": "    ", "step": null, "ts": 1735504025.042997}]}, "version": 84, "at": 1735504025.043115}
{"obj": {"type": "LogStrings", "path": ["monitoring", "1bcbf802", "stderr"], "values": [{"value": "self._popen = self._Popen(self)", "step": null, "ts": 1735504025.045562}]}, "version": 85, "at": 1735504025.046155}
{"obj": {"type": "LogStrings", "path": ["monitoring", "1bcbf802", "stderr"], "values": [{"value": "\n", "step": null, "ts": 1735504025.046679}]}, "version": 86, "at": 1735504025.046718}
{"obj": {"type": "LogStrings", "path": ["monitoring", "1bcbf802", "stderr"], "values": [{"value": "  File \"/Users/erwan/miniconda3/envs/segmentation_env/lib/python3.10/multiprocessing/context.py\", line 224, in _Popen\n", "step": null, "ts": 1735504025.0468538}]}, "version": 87, "at": 1735504025.046884}
{"obj": {"type": "LogStrings", "path": ["monitoring", "1bcbf802", "stderr"], "values": [{"value": "    ", "step": null, "ts": 1735504025.047232}]}, "version": 88, "at": 1735504025.047261}
{"obj": {"type": "LogStrings", "path": ["monitoring", "1bcbf802", "stderr"], "values": [{"value": "return _default_context.get_context().Process._Popen(process_obj)", "step": null, "ts": 1735504025.047437}]}, "version": 89, "at": 1735504025.0474691}
{"obj": {"type": "LogStrings", "path": ["monitoring", "1bcbf802", "stderr"], "values": [{"value": "\n", "step": null, "ts": 1735504025.047596}]}, "version": 90, "at": 1735504025.0476239}
{"obj": {"type": "LogStrings", "path": ["monitoring", "1bcbf802", "stderr"], "values": [{"value": "  File \"/Users/erwan/miniconda3/envs/segmentation_env/lib/python3.10/multiprocessing/context.py\", line 284, in _Popen\n", "step": null, "ts": 1735504025.047932}]}, "version": 91, "at": 1735504025.047967}
{"obj": {"type": "LogStrings", "path": ["monitoring", "1bcbf802", "stderr"], "values": [{"value": "    ", "step": null, "ts": 1735504025.0519822}]}, "version": 92, "at": 1735504025.05215}
{"obj": {"type": "LogStrings", "path": ["monitoring", "1bcbf802", "stderr"], "values": [{"value": "return Popen(process_obj)", "step": null, "ts": 1735504025.05295}]}, "version": 93, "at": 1735504025.0530639}
{"obj": {"type": "LogStrings", "path": ["monitoring", "1bcbf802", "stderr"], "values": [{"value": "\n", "step": null, "ts": 1735504025.053571}]}, "version": 94, "at": 1735504025.0536551}
{"obj": {"type": "LogStrings", "path": ["monitoring", "1bcbf802", "stderr"], "values": [{"value": "  File \"/Users/erwan/miniconda3/envs/segmentation_env/lib/python3.10/multiprocessing/popen_spawn_posix.py\", line 32, in __init__\n", "step": null, "ts": 1735504025.053976}]}, "version": 95, "at": 1735504025.05409}
{"obj": {"type": "LogStrings", "path": ["monitoring", "1bcbf802", "stderr"], "values": [{"value": "    ", "step": null, "ts": 1735504025.054403}]}, "version": 96, "at": 1735504025.054469}
{"obj": {"type": "LogStrings", "path": ["monitoring", "1bcbf802", "stderr"], "values": [{"value": "super().__init__(process_obj)", "step": null, "ts": 1735504025.054739}]}, "version": 97, "at": 1735504025.054799}
{"obj": {"type": "LogStrings", "path": ["monitoring", "1bcbf802", "stderr"], "values": [{"value": "\n", "step": null, "ts": 1735504025.0550551}]}, "version": 98, "at": 1735504025.05511}
{"obj": {"type": "LogStrings", "path": ["monitoring", "1bcbf802", "stderr"], "values": [{"value": "  File \"/Users/erwan/miniconda3/envs/segmentation_env/lib/python3.10/multiprocessing/popen_fork.py\", line 19, in __init__\n", "step": null, "ts": 1735504025.0553}]}, "version": 99, "at": 1735504025.055328}
{"obj": {"type": "LogStrings", "path": ["monitoring", "1bcbf802", "stderr"], "values": [{"value": "    ", "step": null, "ts": 1735504025.055549}]}, "version": 100, "at": 1735504025.055582}
{"obj": {"type": "LogStrings", "path": ["monitoring", "1bcbf802", "stderr"], "values": [{"value": "self._launch(process_obj)", "step": null, "ts": 1735504025.055744}]}, "version": 101, "at": 1735504025.0557818}
{"obj": {"type": "LogStrings", "path": ["monitoring", "1bcbf802", "stderr"], "values": [{"value": "\n", "step": null, "ts": 1735504025.055928}]}, "version": 102, "at": 1735504025.0559602}
{"obj": {"type": "LogStrings", "path": ["monitoring", "1bcbf802", "stderr"], "values": [{"value": "  File \"/Users/erwan/miniconda3/envs/segmentation_env/lib/python3.10/multiprocessing/popen_spawn_posix.py\", line 42, in _launch\n", "step": null, "ts": 1735504025.056093}]}, "version": 103, "at": 1735504025.056121}
{"obj": {"type": "LogStrings", "path": ["monitoring", "1bcbf802", "stderr"], "values": [{"value": "    ", "step": null, "ts": 1735504025.0562618}]}, "version": 104, "at": 1735504025.056295}
{"obj": {"type": "LogStrings", "path": ["monitoring", "1bcbf802", "stderr"], "values": [{"value": "prep_data = spawn.get_preparation_data(process_obj._name)", "step": null, "ts": 1735504025.0564349}]}, "version": 105, "at": 1735504025.056467}
{"obj": {"type": "LogStrings", "path": ["monitoring", "1bcbf802", "stderr"], "values": [{"value": "\n", "step": null, "ts": 1735504025.056591}]}, "version": 106, "at": 1735504025.056619}
{"obj": {"type": "LogStrings", "path": ["monitoring", "1bcbf802", "stderr"], "values": [{"value": "  File \"/Users/erwan/miniconda3/envs/segmentation_env/lib/python3.10/multiprocessing/spawn.py\", line 154, in get_preparation_data\n", "step": null, "ts": 1735504025.056753}]}, "version": 107, "at": 1735504025.056781}
{"obj": {"type": "LogStrings", "path": ["monitoring", "1bcbf802", "stderr"], "values": [{"value": "    ", "step": null, "ts": 1735504025.056906}]}, "version": 108, "at": 1735504025.05693}
{"obj": {"type": "LogStrings", "path": ["monitoring", "1bcbf802", "stderr"], "values": [{"value": "_check_not_importing_main()", "step": null, "ts": 1735504025.057034}]}, "version": 109, "at": 1735504025.057058}
{"obj": {"type": "LogStrings", "path": ["monitoring", "1bcbf802", "stderr"], "values": [{"value": "\n", "step": null, "ts": 1735504025.0571609}]}, "version": 110, "at": 1735504025.0572002}
{"obj": {"type": "LogStrings", "path": ["monitoring", "1bcbf802", "stdout"], "values": [{"value": "[neptune] [info   ] Shutting down background jobs, please wait a moment...\n", "step": null, "ts": 1735504025.061567}]}, "version": 111, "at": 1735504025.0616598}
{"obj": {"type": "LogStrings", "path": ["monitoring", "1bcbf802", "stderr"], "values": [{"value": "  File \"/Users/erwan/miniconda3/envs/segmentation_env/lib/python3.10/multiprocessing/spawn.py\", line 134, in _check_not_importing_main\n", "step": null, "ts": 1735504025.061995}]}, "version": 112, "at": 1735504025.062047}
{"obj": {"type": "LogStrings", "path": ["monitoring", "1bcbf802", "stderr"], "values": [{"value": "    ", "step": null, "ts": 1735504025.062237}]}, "version": 113, "at": 1735504025.062281}
{"obj": {"type": "LogStrings", "path": ["monitoring", "1bcbf802", "stderr"], "values": [{"value": "raise RuntimeError('''", "step": null, "ts": 1735504025.062457}]}, "version": 114, "at": 1735504025.063391}
{"obj": {"type": "LogStrings", "path": ["monitoring", "1bcbf802", "stderr"], "values": [{"value": "\n", "step": null, "ts": 1735504025.0635688}]}, "version": 115, "at": 1735504025.063605}
{"obj": {"type": "LogStrings", "path": ["monitoring", "1bcbf802", "stderr"], "values": [{"value": "RuntimeError", "step": null, "ts": 1735504025.063731}]}, "version": 116, "at": 1735504025.063759}
{"obj": {"type": "LogStrings", "path": ["monitoring", "1bcbf802", "stderr"], "values": [{"value": ": ", "step": null, "ts": 1735504025.063869}]}, "version": 117, "at": 1735504025.063894}
{"obj": {"type": "LogStrings", "path": ["monitoring", "1bcbf802", "stderr"], "values": [{"value": "\n        An attempt has been made to start a new process before the\n        current process has finished its bootstrapping phase.\n\n        This probably means that you are not using fork to start your\n        child processes and you have forgotten to use the proper idiom\n        in the main module:\n\n            if __name__ == '__main__':\n                freeze_support()\n                ...\n\n        The \"freeze_support()\" line can be omitted if the program\n        is not going to be frozen to produce an executable.", "step": null, "ts": 1735504025.0640042}]}, "version": 118, "at": 1735504025.06403}
{"obj": {"type": "LogStrings", "path": ["monitoring", "1bcbf802", "stderr"], "values": [{"value": "\n", "step": null, "ts": 1735504025.0642061}]}, "version": 119, "at": 1735504025.064234}
