{"obj": {"type": "AssignString", "path": ["sys", "name"], "value": "Untitled"}, "version": 1, "at": 1735503813.993419}
{"obj": {"type": "AssignString", "path": ["sys", "description"], "value": ""}, "version": 2, "at": 1735503813.9936562}
{"obj": {"type": "AssignString", "path": ["monitoring", "f9b508d9", "hostname"], "value": "Admins-MacBook-Pro.local"}, "version": 3, "at": 1735503813.993981}
{"obj": {"type": "AssignString", "path": ["sys", "hostname"], "value": "Admins-MacBook-Pro.local"}, "version": 4, "at": 1735503813.994102}
{"obj": {"type": "AssignString", "path": ["monitoring", "f9b508d9", "pid"], "value": "22572"}, "version": 5, "at": 1735503813.994217}
{"obj": {"type": "AssignString", "path": ["monitoring", "f9b508d9", "tid"], "value": "4569546176"}, "version": 6, "at": 1735503813.994329}
{"obj": {"type": "AssignBool", "path": ["sys", "failed"], "value": false}, "version": 7, "at": 1735503813.994457}
{"obj": {"type": "ClearStringLog", "path": ["monitoring", "f9b508d9", "stdout"]}, "version": 8, "at": 1735503813.9946072}
{"obj": {"type": "ClearStringLog", "path": ["monitoring", "f9b508d9", "stderr"]}, "version": 9, "at": 1735503813.9946969}
{"obj": {"type": "AssignString", "path": ["source_code", "entrypoint"], "value": "train.py"}, "version": 10, "at": 1735503813.9955158}
{"obj": {"type": "UploadFileSet", "path": ["source_code", "files"], "file_globs": ["/Users/erwan/Workspace/WSS-UIC/train_vgg_resnet/train.py"], "reset": "False"}, "version": 11, "at": 1735503813.99565}
{"obj": {"type": "UploadFile", "path": ["source_code", "diff"], "ext": "patch", "file_path": null, "tmp_file_name": "source_code_diff-1735503814.323107-2024-12-29_21.23.34.323107.patch", "clean_after_upload": false}, "version": 12, "at": 1735503814.323693}
{"obj": {"type": "ConfigFloatSeries", "path": ["monitoring", "f9b508d9", "cpu"], "min": 0.0, "max": 100.0, "unit": "%"}, "version": 13, "at": 1735503814.3361301}
{"obj": {"type": "ClearFloatLog", "path": ["monitoring", "f9b508d9", "cpu"]}, "version": 14, "at": 1735503814.336322}
{"obj": {"type": "LogStrings", "path": ["monitoring", "f9b508d9", "stderr"], "values": [{"value": "[neptune] [warning] /Users/erwan/Workspace/WSS-UIC/train_vgg_resnet/train.py:46: NeptuneWarning: Info (NVML): NVML Shared Library Not Found. GPU usage metrics may not be reported. For more information, see https://docs.neptune.ai/help/nvml_error/\n", "step": null, "ts": 1735503814.336612}]}, "version": 15, "at": 1735503814.3366961}
{"obj": {"type": "ConfigFloatSeries", "path": ["monitoring", "f9b508d9", "memory"], "min": 0.0, "max": 16.0, "unit": "GB"}, "version": 16, "at": 1735503814.336902}
{"obj": {"type": "ClearFloatLog", "path": ["monitoring", "f9b508d9", "memory"]}, "version": 17, "at": 1735503814.3369632}
{"obj": {"type": "LogFloats", "path": ["monitoring", "f9b508d9", "memory"], "values": [{"value": 9.87960433959961, "step": null, "ts": 1735503814.337172}]}, "version": 18, "at": 1735503814.3374348}
{"obj": {"type": "AssignString", "path": ["config", "optimizer"], "value": "Adam"}, "version": 19, "at": 1735503814.337769}
{"obj": {"type": "LogStrings", "path": ["monitoring", "f9b508d9", "stdout"], "values": [{"value": "ici la ", "step": null, "ts": 1735503814.3381708}]}, "version": 20, "at": 1735503814.338207}
{"obj": {"type": "LogStrings", "path": ["monitoring", "f9b508d9", "stdout"], "values": [{"value": "\n", "step": null, "ts": 1735503814.338762}]}, "version": 21, "at": 1735503814.338795}
{"obj": {"type": "LogStrings", "path": ["monitoring", "f9b508d9", "stderr"], "values": [{"value": "\r  0%|                                                                                                                                                                                 | 0/2 [00:00<?, ?it/s]", "step": null, "ts": 1735503814.342484}]}, "version": 22, "at": 1735503814.342547}
{"obj": {"type": "LogStrings", "path": ["monitoring", "f9b508d9", "stderr"], "values": [{"value": "", "step": null, "ts": 1735503814.350088}]}, "version": 23, "at": 1735503814.350145}
{"obj": {"type": "LogStrings", "path": ["monitoring", "f9b508d9", "stderr"], "values": [{"value": "\r  0%|                                                                                                                                                                                 | 0/2 [00:00<?, ?it/s]", "step": null, "ts": 1735503814.350841}]}, "version": 24, "at": 1735503814.35089}
{"obj": {"type": "LogStrings", "path": ["monitoring", "f9b508d9", "stderr"], "values": [{"value": "\n", "step": null, "ts": 1735503814.351094}]}, "version": 25, "at": 1735503814.351199}
{"obj": {"type": "LogStrings", "path": ["monitoring", "f9b508d9", "traceback"], "values": [{"value": "An uncaught exception occurred while run was active on worker Admins-MacBook-Pro.local.", "step": null, "ts": 1735503814.353198}, {"value": "Marking run as failed", "step": null, "ts": 1735503814.353198}, {"value": "Traceback:", "step": null, "ts": 1735503814.353198}, {"value": "  File \"<string>\", line 1, in <module>\n", "step": null, "ts": 1735503814.353198}, {"value": "  File \"/Users/erwan/miniconda3/envs/segmentation_env/lib/python3.10/multiprocessing/spawn.py\", line 116, in spawn_main\n    exitcode = _main(fd, parent_sentinel)\n", "step": null, "ts": 1735503814.353198}, {"value": "  File \"/Users/erwan/miniconda3/envs/segmentation_env/lib/python3.10/multiprocessing/spawn.py\", line 125, in _main\n    prepare(preparation_data)\n", "step": null, "ts": 1735503814.353198}, {"value": "  File \"/Users/erwan/miniconda3/envs/segmentation_env/lib/python3.10/multiprocessing/spawn.py\", line 236, in prepare\n    _fixup_main_from_path(data['init_main_from_path'])\n", "step": null, "ts": 1735503814.353198}, {"value": "  File \"/Users/erwan/miniconda3/envs/segmentation_env/lib/python3.10/multiprocessing/spawn.py\", line 287, in _fixup_main_from_path\n    main_content = runpy.run_path(main_path,\n", "step": null, "ts": 1735503814.353198}, {"value": "  File \"/Users/erwan/miniconda3/envs/segmentation_env/lib/python3.10/runpy.py\", line 269, in run_path\n    return _run_module_code(code, init_globals, run_name,\n", "step": null, "ts": 1735503814.353198}, {"value": "  File \"/Users/erwan/miniconda3/envs/segmentation_env/lib/python3.10/runpy.py\", line 96, in _run_module_code\n    _run_code(code, mod_globals, init_globals,\n", "step": null, "ts": 1735503814.353198}]}, "version": 26, "at": 1735503814.353326}
{"obj": {"type": "LogStrings", "path": ["monitoring", "f9b508d9", "traceback"], "values": [{"value": "  File \"/Users/erwan/miniconda3/envs/segmentation_env/lib/python3.10/runpy.py\", line 86, in _run_code\n    exec(code, run_globals)\n", "step": null, "ts": 1735503814.353198}, {"value": "  File \"/Users/erwan/Workspace/WSS-UIC/train_vgg_resnet/train.py\", line 123, in <module>\n    train(\n", "step": null, "ts": 1735503814.353198}, {"value": "  File \"/Users/erwan/Workspace/WSS-UIC/train_vgg_resnet/train.py\", line 62, in train\n    for batch in train_dl:\n", "step": null, "ts": 1735503814.353198}, {"value": "  File \"/Users/erwan/miniconda3/envs/segmentation_env/lib/python3.10/site-packages/torch/utils/data/dataloader.py\", line 439, in __iter__\n    return self._get_iterator()\n", "step": null, "ts": 1735503814.353198}, {"value": "  File \"/Users/erwan/miniconda3/envs/segmentation_env/lib/python3.10/site-packages/torch/utils/data/dataloader.py\", line 387, in _get_iterator\n    return _MultiProcessingDataLoaderIter(self)\n", "step": null, "ts": 1735503814.353198}, {"value": "  File \"/Users/erwan/miniconda3/envs/segmentation_env/lib/python3.10/site-packages/torch/utils/data/dataloader.py\", line 1040, in __init__\n    w.start()\n", "step": null, "ts": 1735503814.353198}, {"value": "  File \"/Users/erwan/miniconda3/envs/segmentation_env/lib/python3.10/multiprocessing/process.py\", line 121, in start\n    self._popen = self._Popen(self)\n", "step": null, "ts": 1735503814.353198}, {"value": "  File \"/Users/erwan/miniconda3/envs/segmentation_env/lib/python3.10/multiprocessing/context.py\", line 224, in _Popen\n    return _default_context.get_context().Process._Popen(process_obj)\n", "step": null, "ts": 1735503814.353198}, {"value": "  File \"/Users/erwan/miniconda3/envs/segmentation_env/lib/python3.10/multiprocessing/context.py\", line 284, in _Popen\n    return Popen(process_obj)\n", "step": null, "ts": 1735503814.353198}, {"value": "  File \"/Users/erwan/miniconda3/envs/segmentation_env/lib/python3.10/multiprocessing/popen_spawn_posix.py\", line 32, in __init__\n    super().__init__(process_obj)\n", "step": null, "ts": 1735503814.353198}]}, "version": 27, "at": 1735503814.353503}
{"obj": {"type": "LogStrings", "path": ["monitoring", "f9b508d9", "traceback"], "values": [{"value": "  File \"/Users/erwan/miniconda3/envs/segmentation_env/lib/python3.10/multiprocessing/popen_fork.py\", line 19, in __init__\n    self._launch(process_obj)\n", "step": null, "ts": 1735503814.353198}, {"value": "  File \"/Users/erwan/miniconda3/envs/segmentation_env/lib/python3.10/multiprocessing/popen_spawn_posix.py\", line 42, in _launch\n    prep_data = spawn.get_preparation_data(process_obj._name)\n", "step": null, "ts": 1735503814.353198}, {"value": "  File \"/Users/erwan/miniconda3/envs/segmentation_env/lib/python3.10/multiprocessing/spawn.py\", line 154, in get_preparation_data\n    _check_not_importing_main()\n", "step": null, "ts": 1735503814.353198}, {"value": "  File \"/Users/erwan/miniconda3/envs/segmentation_env/lib/python3.10/multiprocessing/spawn.py\", line 134, in _check_not_importing_main\n    raise RuntimeError('''\n", "step": null, "ts": 1735503814.353198}, {"value": "", "step": null, "ts": 1735503814.353198}, {"value": "        An attempt has been made to start a new process before the", "step": null, "ts": 1735503814.353198}, {"value": "        current process has finished its bootstrapping phase.", "step": null, "ts": 1735503814.353198}, {"value": "", "step": null, "ts": 1735503814.353198}, {"value": "        This probably means that you are not using fork to start your", "step": null, "ts": 1735503814.353198}, {"value": "        child processes and you have forgotten to use the proper idiom", "step": null, "ts": 1735503814.353198}]}, "version": 28, "at": 1735503814.3536918}
{"obj": {"type": "LogStrings", "path": ["monitoring", "f9b508d9", "traceback"], "values": [{"value": "        in the main module:", "step": null, "ts": 1735503814.353198}, {"value": "", "step": null, "ts": 1735503814.353198}, {"value": "            if __name__ == '__main__':", "step": null, "ts": 1735503814.353198}, {"value": "                freeze_support()", "step": null, "ts": 1735503814.353198}, {"value": "                ...", "step": null, "ts": 1735503814.353198}, {"value": "", "step": null, "ts": 1735503814.353198}, {"value": "        The \"freeze_support()\" line can be omitted if the program", "step": null, "ts": 1735503814.353198}, {"value": "        is not going to be frozen to produce an executable.", "step": null, "ts": 1735503814.353198}]}, "version": 29, "at": 1735503814.353794}
{"obj": {"type": "AssignBool", "path": ["sys", "failed"], "value": true}, "version": 30, "at": 1735503814.353951}
{"obj": {"type": "LogStrings", "path": ["monitoring", "f9b508d9", "stderr"], "values": [{"value": "Traceback (most recent call last):\n", "step": null, "ts": 1735503814.354246}]}, "version": 31, "at": 1735503814.354281}
{"obj": {"type": "LogStrings", "path": ["monitoring", "f9b508d9", "stderr"], "values": [{"value": "  File \"<string>\", line 1, in <module>\n", "step": null, "ts": 1735503814.354521}]}, "version": 32, "at": 1735503814.354557}
{"obj": {"type": "LogStrings", "path": ["monitoring", "f9b508d9", "stderr"], "values": [{"value": "  File \"/Users/erwan/miniconda3/envs/segmentation_env/lib/python3.10/multiprocessing/spawn.py\", line 116, in spawn_main\n", "step": null, "ts": 1735503814.355354}]}, "version": 33, "at": 1735503814.355428}
{"obj": {"type": "LogStrings", "path": ["monitoring", "f9b508d9", "stderr"], "values": [{"value": "    ", "step": null, "ts": 1735503814.356394}]}, "version": 34, "at": 1735503814.356441}
{"obj": {"type": "LogStrings", "path": ["monitoring", "f9b508d9", "stderr"], "values": [{"value": "exitcode = _main(fd, parent_sentinel)", "step": null, "ts": 1735503814.356641}]}, "version": 35, "at": 1735503814.356674}
{"obj": {"type": "LogStrings", "path": ["monitoring", "f9b508d9", "stderr"], "values": [{"value": "\n", "step": null, "ts": 1735503814.356979}]}, "version": 36, "at": 1735503814.3570151}
{"obj": {"type": "LogStrings", "path": ["monitoring", "f9b508d9", "stderr"], "values": [{"value": "  File \"/Users/erwan/miniconda3/envs/segmentation_env/lib/python3.10/multiprocessing/spawn.py\", line 125, in _main\n", "step": null, "ts": 1735503814.3572428}]}, "version": 37, "at": 1735503814.3572748}
{"obj": {"type": "LogStrings", "path": ["monitoring", "f9b508d9", "stderr"], "values": [{"value": "    ", "step": null, "ts": 1735503814.3576791}]}, "version": 38, "at": 1735503814.3577101}
{"obj": {"type": "LogStrings", "path": ["monitoring", "f9b508d9", "stderr"], "values": [{"value": "prepare(preparation_data)", "step": null, "ts": 1735503814.357836}]}, "version": 39, "at": 1735503814.357863}
{"obj": {"type": "LogStrings", "path": ["monitoring", "f9b508d9", "stderr"], "values": [{"value": "\n", "step": null, "ts": 1735503814.358251}]}, "version": 40, "at": 1735503814.35828}
{"obj": {"type": "LogStrings", "path": ["monitoring", "f9b508d9", "stderr"], "values": [{"value": "  File \"/Users/erwan/miniconda3/envs/segmentation_env/lib/python3.10/multiprocessing/spawn.py\", line 236, in prepare\n", "step": null, "ts": 1735503814.358616}]}, "version": 41, "at": 1735503814.358646}
{"obj": {"type": "LogStrings", "path": ["monitoring", "f9b508d9", "stderr"], "values": [{"value": "    ", "step": null, "ts": 1735503814.358975}]}, "version": 42, "at": 1735503814.359005}
{"obj": {"type": "LogStrings", "path": ["monitoring", "f9b508d9", "stderr"], "values": [{"value": "_fixup_main_from_path(data['init_main_from_path'])", "step": null, "ts": 1735503814.3591292}]}, "version": 43, "at": 1735503814.359155}
{"obj": {"type": "LogStrings", "path": ["monitoring", "f9b508d9", "stderr"], "values": [{"value": "\n", "step": null, "ts": 1735503814.360088}]}, "version": 44, "at": 1735503814.36021}
{"obj": {"type": "LogStrings", "path": ["monitoring", "f9b508d9", "stderr"], "values": [{"value": "  File \"/Users/erwan/miniconda3/envs/segmentation_env/lib/python3.10/multiprocessing/spawn.py\", line 287, in _fixup_main_from_path\n", "step": null, "ts": 1735503814.360916}]}, "version": 45, "at": 1735503814.361021}
{"obj": {"type": "LogStrings", "path": ["monitoring", "f9b508d9", "stderr"], "values": [{"value": "    ", "step": null, "ts": 1735503814.362126}]}, "version": 46, "at": 1735503814.362211}
{"obj": {"type": "LogStrings", "path": ["monitoring", "f9b508d9", "stderr"], "values": [{"value": "main_content = runpy.run_path(main_path,", "step": null, "ts": 1735503814.362657}]}, "version": 47, "at": 1735503814.362784}
{"obj": {"type": "LogStrings", "path": ["monitoring", "f9b508d9", "stderr"], "values": [{"value": "\n", "step": null, "ts": 1735503814.3632839}]}, "version": 48, "at": 1735503814.3633761}
{"obj": {"type": "LogStrings", "path": ["monitoring", "f9b508d9", "stderr"], "values": [{"value": "  File \"/Users/erwan/miniconda3/envs/segmentation_env/lib/python3.10/runpy.py\", line 269, in run_path\n", "step": null, "ts": 1735503814.364191}]}, "version": 49, "at": 1735503814.364279}
{"obj": {"type": "LogStrings", "path": ["monitoring", "f9b508d9", "stderr"], "values": [{"value": "    ", "step": null, "ts": 1735503814.365346}]}, "version": 50, "at": 1735503814.365433}
{"obj": {"type": "LogStrings", "path": ["monitoring", "f9b508d9", "stderr"], "values": [{"value": "return _run_module_code(code, init_globals, run_name,", "step": null, "ts": 1735503814.365812}]}, "version": 51, "at": 1735503814.365889}
{"obj": {"type": "LogStrings", "path": ["monitoring", "f9b508d9", "stderr"], "values": [{"value": "\n", "step": null, "ts": 1735503814.366435}]}, "version": 52, "at": 1735503814.366496}
{"obj": {"type": "LogStrings", "path": ["monitoring", "f9b508d9", "stderr"], "values": [{"value": "  File \"/Users/erwan/miniconda3/envs/segmentation_env/lib/python3.10/runpy.py\", line 96, in _run_module_code\n", "step": null, "ts": 1735503814.366872}]}, "version": 53, "at": 1735503814.36691}
{"obj": {"type": "LogStrings", "path": ["monitoring", "f9b508d9", "stderr"], "values": [{"value": "    ", "step": null, "ts": 1735503814.367276}]}, "version": 54, "at": 1735503814.3673139}
{"obj": {"type": "LogStrings", "path": ["monitoring", "f9b508d9", "stderr"], "values": [{"value": "_run_code(code, mod_globals, init_globals,", "step": null, "ts": 1735503814.367457}]}, "version": 55, "at": 1735503814.3674939}
{"obj": {"type": "LogStrings", "path": ["monitoring", "f9b508d9", "stderr"], "values": [{"value": "\n", "step": null, "ts": 1735503814.367747}]}, "version": 56, "at": 1735503814.3677828}
{"obj": {"type": "LogStrings", "path": ["monitoring", "f9b508d9", "stderr"], "values": [{"value": "  File \"/Users/erwan/miniconda3/envs/segmentation_env/lib/python3.10/runpy.py\", line 86, in _run_code\n", "step": null, "ts": 1735503814.368001}]}, "version": 57, "at": 1735503814.368033}
{"obj": {"type": "LogStrings", "path": ["monitoring", "f9b508d9", "stderr"], "values": [{"value": "    ", "step": null, "ts": 1735503814.368451}]}, "version": 58, "at": 1735503814.368494}
{"obj": {"type": "LogStrings", "path": ["monitoring", "f9b508d9", "stderr"], "values": [{"value": "exec(code, run_globals)", "step": null, "ts": 1735503814.368625}]}, "version": 59, "at": 1735503814.368675}
{"obj": {"type": "LogStrings", "path": ["monitoring", "f9b508d9", "stderr"], "values": [{"value": "\n", "step": null, "ts": 1735503814.3688588}]}, "version": 60, "at": 1735503814.368886}
{"obj": {"type": "LogStrings", "path": ["monitoring", "f9b508d9", "stderr"], "values": [{"value": "  File \"/Users/erwan/Workspace/WSS-UIC/train_vgg_resnet/train.py\", line 123, in <module>\n", "step": null, "ts": 1735503814.369073}]}, "version": 61, "at": 1735503814.369101}
{"obj": {"type": "LogStrings", "path": ["monitoring", "f9b508d9", "stderr"], "values": [{"value": "    ", "step": null, "ts": 1735503814.369411}]}, "version": 62, "at": 1735503814.369441}
{"obj": {"type": "LogStrings", "path": ["monitoring", "f9b508d9", "stderr"], "values": [{"value": "train(", "step": null, "ts": 1735503814.36957}]}, "version": 63, "at": 1735503814.369596}
{"obj": {"type": "LogStrings", "path": ["monitoring", "f9b508d9", "stderr"], "values": [{"value": "\n", "step": null, "ts": 1735503814.369799}]}, "version": 64, "at": 1735503814.369827}
{"obj": {"type": "LogStrings", "path": ["monitoring", "f9b508d9", "stderr"], "values": [{"value": "  File \"/Users/erwan/Workspace/WSS-UIC/train_vgg_resnet/train.py\", line 62, in train\n", "step": null, "ts": 1735503814.370002}]}, "version": 65, "at": 1735503814.370028}
{"obj": {"type": "LogStrings", "path": ["monitoring", "f9b508d9", "stderr"], "values": [{"value": "    ", "step": null, "ts": 1735503814.370285}]}, "version": 66, "at": 1735503814.370317}
{"obj": {"type": "LogStrings", "path": ["monitoring", "f9b508d9", "stderr"], "values": [{"value": "for batch in train_dl:", "step": null, "ts": 1735503814.370476}]}, "version": 67, "at": 1735503814.370504}
{"obj": {"type": "LogStrings", "path": ["monitoring", "f9b508d9", "stderr"], "values": [{"value": "\n", "step": null, "ts": 1735503814.370637}]}, "version": 68, "at": 1735503814.370664}
{"obj": {"type": "LogStrings", "path": ["monitoring", "f9b508d9", "stderr"], "values": [{"value": "  File \"/Users/erwan/miniconda3/envs/segmentation_env/lib/python3.10/site-packages/torch/utils/data/dataloader.py\", line 439, in __iter__\n", "step": null, "ts": 1735503814.370837}]}, "version": 69, "at": 1735503814.3708649}
{"obj": {"type": "LogStrings", "path": ["monitoring", "f9b508d9", "stderr"], "values": [{"value": "    ", "step": null, "ts": 1735503814.371327}]}, "version": 70, "at": 1735503814.371357}
{"obj": {"type": "LogStrings", "path": ["monitoring", "f9b508d9", "stderr"], "values": [{"value": "return self._get_iterator()", "step": null, "ts": 1735503814.3714828}]}, "version": 71, "at": 1735503814.371508}
{"obj": {"type": "LogStrings", "path": ["monitoring", "f9b508d9", "stderr"], "values": [{"value": "\n", "step": null, "ts": 1735503814.371739}]}, "version": 72, "at": 1735503814.371768}
{"obj": {"type": "LogStrings", "path": ["monitoring", "f9b508d9", "stderr"], "values": [{"value": "  File \"/Users/erwan/miniconda3/envs/segmentation_env/lib/python3.10/site-packages/torch/utils/data/dataloader.py\", line 387, in _get_iterator\n", "step": null, "ts": 1735503814.371951}]}, "version": 73, "at": 1735503814.37198}
{"obj": {"type": "LogStrings", "path": ["monitoring", "f9b508d9", "stderr"], "values": [{"value": "    ", "step": null, "ts": 1735503814.372433}]}, "version": 74, "at": 1735503814.372467}
{"obj": {"type": "LogStrings", "path": ["monitoring", "f9b508d9", "stderr"], "values": [{"value": "return _MultiProcessingDataLoaderIter(self)", "step": null, "ts": 1735503814.372608}]}, "version": 75, "at": 1735503814.372637}
{"obj": {"type": "LogStrings", "path": ["monitoring", "f9b508d9", "stderr"], "values": [{"value": "\n", "step": null, "ts": 1735503814.37286}]}, "version": 76, "at": 1735503814.372891}
{"obj": {"type": "LogStrings", "path": ["monitoring", "f9b508d9", "stderr"], "values": [{"value": "  File \"/Users/erwan/miniconda3/envs/segmentation_env/lib/python3.10/site-packages/torch/utils/data/dataloader.py\", line 1040, in __init__\n", "step": null, "ts": 1735503814.373069}]}, "version": 77, "at": 1735503814.3730948}
{"obj": {"type": "LogStrings", "path": ["monitoring", "f9b508d9", "stderr"], "values": [{"value": "    ", "step": null, "ts": 1735503814.3737202}]}, "version": 78, "at": 1735503814.373757}
{"obj": {"type": "LogStrings", "path": ["monitoring", "f9b508d9", "stderr"], "values": [{"value": "w.start()", "step": null, "ts": 1735503814.373909}]}, "version": 79, "at": 1735503814.3739378}
{"obj": {"type": "LogStrings", "path": ["monitoring", "f9b508d9", "stderr"], "values": [{"value": "\n", "step": null, "ts": 1735503814.374221}]}, "version": 80, "at": 1735503814.374252}
{"obj": {"type": "LogStrings", "path": ["monitoring", "f9b508d9", "stderr"], "values": [{"value": "  File \"/Users/erwan/miniconda3/envs/segmentation_env/lib/python3.10/multiprocessing/process.py\", line 121, in start\n", "step": null, "ts": 1735503814.374444}]}, "version": 81, "at": 1735503814.374472}
{"obj": {"type": "LogStrings", "path": ["monitoring", "f9b508d9", "stderr"], "values": [{"value": "    ", "step": null, "ts": 1735503814.374809}]}, "version": 82, "at": 1735503814.374839}
{"obj": {"type": "LogStrings", "path": ["monitoring", "f9b508d9", "stderr"], "values": [{"value": "self._popen = self._Popen(self)", "step": null, "ts": 1735503814.374965}]}, "version": 83, "at": 1735503814.37499}
{"obj": {"type": "LogStrings", "path": ["monitoring", "f9b508d9", "stderr"], "values": [{"value": "\n", "step": null, "ts": 1735503814.375231}]}, "version": 84, "at": 1735503814.375259}
{"obj": {"type": "LogStrings", "path": ["monitoring", "f9b508d9", "stderr"], "values": [{"value": "  File \"/Users/erwan/miniconda3/envs/segmentation_env/lib/python3.10/multiprocessing/context.py\", line 224, in _Popen\n", "step": null, "ts": 1735503814.3753831}]}, "version": 85, "at": 1735503814.3754082}
{"obj": {"type": "LogStrings", "path": ["monitoring", "f9b508d9", "stderr"], "values": [{"value": "    ", "step": null, "ts": 1735503814.375764}]}, "version": 86, "at": 1735503814.375794}
{"obj": {"type": "LogStrings", "path": ["monitoring", "f9b508d9", "stderr"], "values": [{"value": "return _default_context.get_context().Process._Popen(process_obj)", "step": null, "ts": 1735503814.376021}]}, "version": 87, "at": 1735503814.3760488}
{"obj": {"type": "LogStrings", "path": ["monitoring", "f9b508d9", "stderr"], "values": [{"value": "\n", "step": null, "ts": 1735503814.376197}]}, "version": 88, "at": 1735503814.3762271}
{"obj": {"type": "LogStrings", "path": ["monitoring", "f9b508d9", "stderr"], "values": [{"value": "  File \"/Users/erwan/miniconda3/envs/segmentation_env/lib/python3.10/multiprocessing/context.py\", line 284, in _Popen\n", "step": null, "ts": 1735503814.376441}]}, "version": 89, "at": 1735503814.37647}
{"obj": {"type": "LogStrings", "path": ["monitoring", "f9b508d9", "stderr"], "values": [{"value": "    ", "step": null, "ts": 1735503814.376867}]}, "version": 90, "at": 1735503814.3769002}
{"obj": {"type": "LogStrings", "path": ["monitoring", "f9b508d9", "stderr"], "values": [{"value": "return Popen(process_obj)", "step": null, "ts": 1735503814.377065}]}, "version": 91, "at": 1735503814.377093}
{"obj": {"type": "LogStrings", "path": ["monitoring", "f9b508d9", "stderr"], "values": [{"value": "\n", "step": null, "ts": 1735503814.377223}]}, "version": 92, "at": 1735503814.377248}
{"obj": {"type": "LogStrings", "path": ["monitoring", "f9b508d9", "stderr"], "values": [{"value": "  File \"/Users/erwan/miniconda3/envs/segmentation_env/lib/python3.10/multiprocessing/popen_spawn_posix.py\", line 32, in __init__\n", "step": null, "ts": 1735503814.3774111}]}, "version": 93, "at": 1735503814.377436}
{"obj": {"type": "LogStrings", "path": ["monitoring", "f9b508d9", "stderr"], "values": [{"value": "    ", "step": null, "ts": 1735503814.3776908}]}, "version": 94, "at": 1735503814.377718}
{"obj": {"type": "LogStrings", "path": ["monitoring", "f9b508d9", "stderr"], "values": [{"value": "super().__init__(process_obj)", "step": null, "ts": 1735503814.378077}]}, "version": 95, "at": 1735503814.37811}
{"obj": {"type": "LogStrings", "path": ["monitoring", "f9b508d9", "stderr"], "values": [{"value": "\n", "step": null, "ts": 1735503814.3784478}]}, "version": 96, "at": 1735503814.378481}
{"obj": {"type": "LogStrings", "path": ["monitoring", "f9b508d9", "stderr"], "values": [{"value": "  File \"/Users/erwan/miniconda3/envs/segmentation_env/lib/python3.10/multiprocessing/popen_fork.py\", line 19, in __init__\n", "step": null, "ts": 1735503814.3786528}]}, "version": 97, "at": 1735503814.3786838}
{"obj": {"type": "LogStrings", "path": ["monitoring", "f9b508d9", "stderr"], "values": [{"value": "    ", "step": null, "ts": 1735503814.378967}]}, "version": 98, "at": 1735503814.378999}
{"obj": {"type": "LogStrings", "path": ["monitoring", "f9b508d9", "stderr"], "values": [{"value": "self._launch(process_obj)", "step": null, "ts": 1735503814.379134}]}, "version": 99, "at": 1735503814.3791611}
{"obj": {"type": "LogStrings", "path": ["monitoring", "f9b508d9", "stderr"], "values": [{"value": "\n", "step": null, "ts": 1735503814.3793678}]}, "version": 100, "at": 1735503814.3793972}
{"obj": {"type": "LogStrings", "path": ["monitoring", "f9b508d9", "stderr"], "values": [{"value": "  File \"/Users/erwan/miniconda3/envs/segmentation_env/lib/python3.10/multiprocessing/popen_spawn_posix.py\", line 42, in _launch\n", "step": null, "ts": 1735503814.379593}]}, "version": 101, "at": 1735503814.37962}
{"obj": {"type": "LogStrings", "path": ["monitoring", "f9b508d9", "stderr"], "values": [{"value": "    ", "step": null, "ts": 1735503814.37997}]}, "version": 102, "at": 1735503814.38}
{"obj": {"type": "LogStrings", "path": ["monitoring", "f9b508d9", "stderr"], "values": [{"value": "prep_data = spawn.get_preparation_data(process_obj._name)", "step": null, "ts": 1735503814.3802528}]}, "version": 103, "at": 1735503814.3802822}
{"obj": {"type": "LogStrings", "path": ["monitoring", "f9b508d9", "stderr"], "values": [{"value": "\n", "step": null, "ts": 1735503814.380409}]}, "version": 104, "at": 1735503814.380435}
{"obj": {"type": "LogStrings", "path": ["monitoring", "f9b508d9", "stderr"], "values": [{"value": "  File \"/Users/erwan/miniconda3/envs/segmentation_env/lib/python3.10/multiprocessing/spawn.py\", line 154, in get_preparation_data\n", "step": null, "ts": 1735503814.380548}]}, "version": 105, "at": 1735503814.380573}
{"obj": {"type": "LogStrings", "path": ["monitoring", "f9b508d9", "stderr"], "values": [{"value": "    ", "step": null, "ts": 1735503814.3809369}]}, "version": 106, "at": 1735503814.3809679}
{"obj": {"type": "LogStrings", "path": ["monitoring", "f9b508d9", "stderr"], "values": [{"value": "_check_not_importing_main()", "step": null, "ts": 1735503814.381312}]}, "version": 107, "at": 1735503814.381344}
{"obj": {"type": "LogStrings", "path": ["monitoring", "f9b508d9", "stderr"], "values": [{"value": "\n", "step": null, "ts": 1735503814.3815029}]}, "version": 108, "at": 1735503814.3815308}
{"obj": {"type": "LogStrings", "path": ["monitoring", "f9b508d9", "stderr"], "values": [{"value": "  File \"/Users/erwan/miniconda3/envs/segmentation_env/lib/python3.10/multiprocessing/spawn.py\", line 134, in _check_not_importing_main\n", "step": null, "ts": 1735503814.381662}]}, "version": 109, "at": 1735503814.38169}
{"obj": {"type": "LogStrings", "path": ["monitoring", "f9b508d9", "stderr"], "values": [{"value": "    ", "step": null, "ts": 1735503814.381815}]}, "version": 110, "at": 1735503814.381842}
{"obj": {"type": "LogStrings", "path": ["monitoring", "f9b508d9", "stderr"], "values": [{"value": "raise RuntimeError('''", "step": null, "ts": 1735503814.3819652}]}, "version": 111, "at": 1735503814.381991}
{"obj": {"type": "LogStrings", "path": ["monitoring", "f9b508d9", "stderr"], "values": [{"value": "\n", "step": null, "ts": 1735503814.382198}]}, "version": 112, "at": 1735503814.3822331}
{"obj": {"type": "LogStrings", "path": ["monitoring", "f9b508d9", "stderr"], "values": [{"value": "RuntimeError", "step": null, "ts": 1735503814.382422}]}, "version": 113, "at": 1735503814.3825011}
{"obj": {"type": "LogStrings", "path": ["monitoring", "f9b508d9", "stderr"], "values": [{"value": ": ", "step": null, "ts": 1735503814.3827899}]}, "version": 114, "at": 1735503814.382841}
{"obj": {"type": "LogStrings", "path": ["monitoring", "f9b508d9", "stderr"], "values": [{"value": "\n        An attempt has been made to start a new process before the\n        current process has finished its bootstrapping phase.\n\n        This probably means that you are not using fork to start your\n        child processes and you have forgotten to use the proper idiom\n        in the main module:\n\n            if __name__ == '__main__':\n                freeze_support()\n                ...\n\n        The \"freeze_support()\" line can be omitted if the program\n        is not going to be frozen to produce an executable.", "step": null, "ts": 1735503814.383165}]}, "version": 115, "at": 1735503814.383224}
{"obj": {"type": "LogStrings", "path": ["monitoring", "f9b508d9", "stderr"], "values": [{"value": "\n", "step": null, "ts": 1735503814.3837461}]}, "version": 116, "at": 1735503814.3838}
{"obj": {"type": "LogStrings", "path": ["monitoring", "f9b508d9", "stdout"], "values": [{"value": "[neptune] [info   ] Shutting down background jobs, please wait a moment...\n", "step": null, "ts": 1735503814.384531}]}, "version": 117, "at": 1735503814.3845708}
