{"obj": {"type": "AssignString", "path": ["sys", "name"], "value": "Untitled"}, "version": 1, "at": 1735503605.761958}
{"obj": {"type": "AssignString", "path": ["sys", "description"], "value": ""}, "version": 2, "at": 1735503605.762233}
{"obj": {"type": "AssignString", "path": ["monitoring", "1f8434d1", "hostname"], "value": "Admins-MacBook-Pro.local"}, "version": 3, "at": 1735503605.762374}
{"obj": {"type": "AssignString", "path": ["sys", "hostname"], "value": "Admins-MacBook-Pro.local"}, "version": 4, "at": 1735503605.762483}
{"obj": {"type": "AssignString", "path": ["monitoring", "1f8434d1", "pid"], "value": "22318"}, "version": 5, "at": 1735503605.762613}
{"obj": {"type": "AssignString", "path": ["monitoring", "1f8434d1", "tid"], "value": "4430429632"}, "version": 6, "at": 1735503605.762723}
{"obj": {"type": "AssignBool", "path": ["sys", "failed"], "value": false}, "version": 7, "at": 1735503605.762918}
{"obj": {"type": "ClearStringLog", "path": ["monitoring", "1f8434d1", "stdout"]}, "version": 8, "at": 1735503605.763108}
{"obj": {"type": "ClearStringLog", "path": ["monitoring", "1f8434d1", "stderr"]}, "version": 9, "at": 1735503605.763217}
{"obj": {"type": "AssignString", "path": ["source_code", "entrypoint"], "value": "train.py"}, "version": 10, "at": 1735503605.7640069}
{"obj": {"type": "UploadFileSet", "path": ["source_code", "files"], "file_globs": ["/Users/erwan/Workspace/WSS-UIC/train_vgg_resnet/train.py"], "reset": "False"}, "version": 11, "at": 1735503605.7641559}
{"obj": {"type": "UploadFile", "path": ["source_code", "diff"], "ext": "patch", "file_path": null, "tmp_file_name": "source_code_diff-1735503606.265578-2024-12-29_21.20.06.265578.patch", "clean_after_upload": false}, "version": 12, "at": 1735503606.2660742}
{"obj": {"type": "LogStrings", "path": ["monitoring", "1f8434d1", "stderr"], "values": [{"value": "[neptune] [warning] /Users/erwan/Workspace/WSS-UIC/train_vgg_resnet/train.py:46: NeptuneWarning: Info (NVML): NVML Shared Library Not Found. GPU usage metrics may not be reported. For more information, see https://docs.neptune.ai/help/nvml_error/\n", "step": null, "ts": 1735503606.27374}]}, "version": 13, "at": 1735503606.2740211}
{"obj": {"type": "ConfigFloatSeries", "path": ["monitoring", "1f8434d1", "cpu"], "min": 0.0, "max": 100.0, "unit": "%"}, "version": 14, "at": 1735503606.275239}
{"obj": {"type": "ClearFloatLog", "path": ["monitoring", "1f8434d1", "cpu"]}, "version": 15, "at": 1735503606.275419}
{"obj": {"type": "ConfigFloatSeries", "path": ["monitoring", "1f8434d1", "memory"], "min": 0.0, "max": 16.0, "unit": "GB"}, "version": 16, "at": 1735503606.2757719}
{"obj": {"type": "ClearFloatLog", "path": ["monitoring", "1f8434d1", "memory"]}, "version": 17, "at": 1735503606.276154}
{"obj": {"type": "LogFloats", "path": ["monitoring", "1f8434d1", "memory"], "values": [{"value": 9.852840423583984, "step": null, "ts": 1735503606.27665}]}, "version": 18, "at": 1735503606.277202}
{"obj": {"type": "AssignString", "path": ["config", "optimizer"], "value": "Adam"}, "version": 19, "at": 1735503606.277744}
{"obj": {"type": "LogStrings", "path": ["monitoring", "1f8434d1", "stderr"], "values": [{"value": "\r  0%|                                                                                                                                                                                 | 0/2 [00:00<?, ?it/s]", "step": null, "ts": 1735503606.2830899}]}, "version": 20, "at": 1735503606.283202}
{"obj": {"type": "LogStrings", "path": ["monitoring", "1f8434d1", "stderr"], "values": [{"value": "", "step": null, "ts": 1735503606.291651}]}, "version": 21, "at": 1735503606.291692}
{"obj": {"type": "LogStrings", "path": ["monitoring", "1f8434d1", "stderr"], "values": [{"value": "\r  0%|                                                                                                                                                                                 | 0/2 [00:00<?, ?it/s]", "step": null, "ts": 1735503606.291923}]}, "version": 22, "at": 1735503606.2919528}
{"obj": {"type": "LogStrings", "path": ["monitoring", "1f8434d1", "stderr"], "values": [{"value": "\n", "step": null, "ts": 1735503606.292722}]}, "version": 23, "at": 1735503606.2927659}
{"obj": {"type": "LogStrings", "path": ["monitoring", "1f8434d1", "traceback"], "values": [{"value": "An uncaught exception occurred while run was active on worker Admins-MacBook-Pro.local.", "step": null, "ts": 1735503606.293696}, {"value": "Marking run as failed", "step": null, "ts": 1735503606.293696}, {"value": "Traceback:", "step": null, "ts": 1735503606.293696}, {"value": "  File \"<string>\", line 1, in <module>\n", "step": null, "ts": 1735503606.293696}, {"value": "  File \"/Users/erwan/miniconda3/envs/segmentation_env/lib/python3.10/multiprocessing/spawn.py\", line 116, in spawn_main\n    exitcode = _main(fd, parent_sentinel)\n", "step": null, "ts": 1735503606.293696}, {"value": "  File \"/Users/erwan/miniconda3/envs/segmentation_env/lib/python3.10/multiprocessing/spawn.py\", line 125, in _main\n    prepare(preparation_data)\n", "step": null, "ts": 1735503606.293696}, {"value": "  File \"/Users/erwan/miniconda3/envs/segmentation_env/lib/python3.10/multiprocessing/spawn.py\", line 236, in prepare\n    _fixup_main_from_path(data['init_main_from_path'])\n", "step": null, "ts": 1735503606.293696}, {"value": "  File \"/Users/erwan/miniconda3/envs/segmentation_env/lib/python3.10/multiprocessing/spawn.py\", line 287, in _fixup_main_from_path\n    main_content = runpy.run_path(main_path,\n", "step": null, "ts": 1735503606.293696}, {"value": "  File \"/Users/erwan/miniconda3/envs/segmentation_env/lib/python3.10/runpy.py\", line 269, in run_path\n    return _run_module_code(code, init_globals, run_name,\n", "step": null, "ts": 1735503606.293696}, {"value": "  File \"/Users/erwan/miniconda3/envs/segmentation_env/lib/python3.10/runpy.py\", line 96, in _run_module_code\n    _run_code(code, mod_globals, init_globals,\n", "step": null, "ts": 1735503606.293696}]}, "version": 24, "at": 1735503606.2938461}
{"obj": {"type": "LogStrings", "path": ["monitoring", "1f8434d1", "traceback"], "values": [{"value": "  File \"/Users/erwan/miniconda3/envs/segmentation_env/lib/python3.10/runpy.py\", line 86, in _run_code\n    exec(code, run_globals)\n", "step": null, "ts": 1735503606.293696}, {"value": "  File \"/Users/erwan/Workspace/WSS-UIC/train_vgg_resnet/train.py\", line 122, in <module>\n    train(\n", "step": null, "ts": 1735503606.293696}, {"value": "  File \"/Users/erwan/Workspace/WSS-UIC/train_vgg_resnet/train.py\", line 61, in train\n    for batch in train_dl:\n", "step": null, "ts": 1735503606.293696}, {"value": "  File \"/Users/erwan/miniconda3/envs/segmentation_env/lib/python3.10/site-packages/torch/utils/data/dataloader.py\", line 439, in __iter__\n    return self._get_iterator()\n", "step": null, "ts": 1735503606.293696}, {"value": "  File \"/Users/erwan/miniconda3/envs/segmentation_env/lib/python3.10/site-packages/torch/utils/data/dataloader.py\", line 387, in _get_iterator\n    return _MultiProcessingDataLoaderIter(self)\n", "step": null, "ts": 1735503606.293696}, {"value": "  File \"/Users/erwan/miniconda3/envs/segmentation_env/lib/python3.10/site-packages/torch/utils/data/dataloader.py\", line 1040, in __init__\n    w.start()\n", "step": null, "ts": 1735503606.293696}, {"value": "  File \"/Users/erwan/miniconda3/envs/segmentation_env/lib/python3.10/multiprocessing/process.py\", line 121, in start\n    self._popen = self._Popen(self)\n", "step": null, "ts": 1735503606.293696}, {"value": "  File \"/Users/erwan/miniconda3/envs/segmentation_env/lib/python3.10/multiprocessing/context.py\", line 224, in _Popen\n    return _default_context.get_context().Process._Popen(process_obj)\n", "step": null, "ts": 1735503606.293696}, {"value": "  File \"/Users/erwan/miniconda3/envs/segmentation_env/lib/python3.10/multiprocessing/context.py\", line 284, in _Popen\n    return Popen(process_obj)\n", "step": null, "ts": 1735503606.293696}, {"value": "  File \"/Users/erwan/miniconda3/envs/segmentation_env/lib/python3.10/multiprocessing/popen_spawn_posix.py\", line 32, in __init__\n    super().__init__(process_obj)\n", "step": null, "ts": 1735503606.293696}]}, "version": 25, "at": 1735503606.293966}
{"obj": {"type": "LogStrings", "path": ["monitoring", "1f8434d1", "traceback"], "values": [{"value": "  File \"/Users/erwan/miniconda3/envs/segmentation_env/lib/python3.10/multiprocessing/popen_fork.py\", line 19, in __init__\n    self._launch(process_obj)\n", "step": null, "ts": 1735503606.293696}, {"value": "  File \"/Users/erwan/miniconda3/envs/segmentation_env/lib/python3.10/multiprocessing/popen_spawn_posix.py\", line 42, in _launch\n    prep_data = spawn.get_preparation_data(process_obj._name)\n", "step": null, "ts": 1735503606.293696}, {"value": "  File \"/Users/erwan/miniconda3/envs/segmentation_env/lib/python3.10/multiprocessing/spawn.py\", line 154, in get_preparation_data\n    _check_not_importing_main()\n", "step": null, "ts": 1735503606.293696}, {"value": "  File \"/Users/erwan/miniconda3/envs/segmentation_env/lib/python3.10/multiprocessing/spawn.py\", line 134, in _check_not_importing_main\n    raise RuntimeError('''\n", "step": null, "ts": 1735503606.293696}, {"value": "", "step": null, "ts": 1735503606.293696}, {"value": "        An attempt has been made to start a new process before the", "step": null, "ts": 1735503606.293696}, {"value": "        current process has finished its bootstrapping phase.", "step": null, "ts": 1735503606.293696}, {"value": "", "step": null, "ts": 1735503606.293696}, {"value": "        This probably means that you are not using fork to start your", "step": null, "ts": 1735503606.293696}, {"value": "        child processes and you have forgotten to use the proper idiom", "step": null, "ts": 1735503606.293696}]}, "version": 26, "at": 1735503606.294162}
{"obj": {"type": "LogStrings", "path": ["monitoring", "1f8434d1", "traceback"], "values": [{"value": "        in the main module:", "step": null, "ts": 1735503606.293696}, {"value": "", "step": null, "ts": 1735503606.293696}, {"value": "            if __name__ == '__main__':", "step": null, "ts": 1735503606.293696}, {"value": "                freeze_support()", "step": null, "ts": 1735503606.293696}, {"value": "                ...", "step": null, "ts": 1735503606.293696}, {"value": "", "step": null, "ts": 1735503606.293696}, {"value": "        The \"freeze_support()\" line can be omitted if the program", "step": null, "ts": 1735503606.293696}, {"value": "        is not going to be frozen to produce an executable.", "step": null, "ts": 1735503606.293696}]}, "version": 27, "at": 1735503606.294462}
{"obj": {"type": "AssignBool", "path": ["sys", "failed"], "value": true}, "version": 28, "at": 1735503606.294625}
{"obj": {"type": "LogStrings", "path": ["monitoring", "1f8434d1", "stderr"], "values": [{"value": "Traceback (most recent call last):\n", "step": null, "ts": 1735503606.295646}]}, "version": 29, "at": 1735503606.295682}
{"obj": {"type": "LogStrings", "path": ["monitoring", "1f8434d1", "stderr"], "values": [{"value": "  File \"<string>\", line 1, in <module>\n", "step": null, "ts": 1735503606.295806}]}, "version": 30, "at": 1735503606.295834}
{"obj": {"type": "LogStrings", "path": ["monitoring", "1f8434d1", "stderr"], "values": [{"value": "  File \"/Users/erwan/miniconda3/envs/segmentation_env/lib/python3.10/multiprocessing/spawn.py\", line 116, in spawn_main\n", "step": null, "ts": 1735503606.295938}]}, "version": 31, "at": 1735503606.295959}
{"obj": {"type": "LogStrings", "path": ["monitoring", "1f8434d1", "stderr"], "values": [{"value": "    ", "step": null, "ts": 1735503606.2960582}]}, "version": 32, "at": 1735503606.296078}
{"obj": {"type": "LogStrings", "path": ["monitoring", "1f8434d1", "stderr"], "values": [{"value": "exitcode = _main(fd, parent_sentinel)", "step": null, "ts": 1735503606.2962382}]}, "version": 33, "at": 1735503606.29626}
{"obj": {"type": "LogStrings", "path": ["monitoring", "1f8434d1", "stderr"], "values": [{"value": "\n", "step": null, "ts": 1735503606.2964292}]}, "version": 34, "at": 1735503606.296452}
{"obj": {"type": "LogStrings", "path": ["monitoring", "1f8434d1", "stderr"], "values": [{"value": "  File \"/Users/erwan/miniconda3/envs/segmentation_env/lib/python3.10/multiprocessing/spawn.py\", line 125, in _main\n", "step": null, "ts": 1735503606.296559}]}, "version": 35, "at": 1735503606.296582}
{"obj": {"type": "LogStrings", "path": ["monitoring", "1f8434d1", "stderr"], "values": [{"value": "    ", "step": null, "ts": 1735503606.296748}]}, "version": 36, "at": 1735503606.296771}
{"obj": {"type": "LogStrings", "path": ["monitoring", "1f8434d1", "stderr"], "values": [{"value": "prepare(preparation_data)", "step": null, "ts": 1735503606.296876}]}, "version": 37, "at": 1735503606.2968981}
{"obj": {"type": "LogStrings", "path": ["monitoring", "1f8434d1", "stderr"], "values": [{"value": "\n", "step": null, "ts": 1735503606.29779}]}, "version": 38, "at": 1735503606.297823}
{"obj": {"type": "LogStrings", "path": ["monitoring", "1f8434d1", "stderr"], "values": [{"value": "  File \"/Users/erwan/miniconda3/envs/segmentation_env/lib/python3.10/multiprocessing/spawn.py\", line 236, in prepare\n", "step": null, "ts": 1735503606.297961}]}, "version": 39, "at": 1735503606.297987}
{"obj": {"type": "LogStrings", "path": ["monitoring", "1f8434d1", "stderr"], "values": [{"value": "    ", "step": null, "ts": 1735503606.298097}]}, "version": 40, "at": 1735503606.29812}
{"obj": {"type": "LogStrings", "path": ["monitoring", "1f8434d1", "stderr"], "values": [{"value": "_fixup_main_from_path(data['init_main_from_path'])", "step": null, "ts": 1735503606.299414}]}, "version": 41, "at": 1735503606.2994492}
{"obj": {"type": "LogStrings", "path": ["monitoring", "1f8434d1", "stderr"], "values": [{"value": "\n", "step": null, "ts": 1735503606.299563}]}, "version": 42, "at": 1735503606.299586}
{"obj": {"type": "LogStrings", "path": ["monitoring", "1f8434d1", "stderr"], "values": [{"value": "  File \"/Users/erwan/miniconda3/envs/segmentation_env/lib/python3.10/multiprocessing/spawn.py\", line 287, in _fixup_main_from_path\n", "step": null, "ts": 1735503606.300323}]}, "version": 43, "at": 1735503606.300354}
{"obj": {"type": "LogStrings", "path": ["monitoring", "1f8434d1", "stderr"], "values": [{"value": "    ", "step": null, "ts": 1735503606.30051}]}, "version": 44, "at": 1735503606.300534}
{"obj": {"type": "LogStrings", "path": ["monitoring", "1f8434d1", "stderr"], "values": [{"value": "main_content = runpy.run_path(main_path,", "step": null, "ts": 1735503606.30157}]}, "version": 45, "at": 1735503606.301606}
{"obj": {"type": "LogStrings", "path": ["monitoring", "1f8434d1", "stderr"], "values": [{"value": "\n", "step": null, "ts": 1735503606.301776}]}, "version": 46, "at": 1735503606.301802}
{"obj": {"type": "LogStrings", "path": ["monitoring", "1f8434d1", "stderr"], "values": [{"value": "  File \"/Users/erwan/miniconda3/envs/segmentation_env/lib/python3.10/runpy.py\", line 269, in run_path\n", "step": null, "ts": 1735503606.301929}]}, "version": 47, "at": 1735503606.301952}
{"obj": {"type": "LogStrings", "path": ["monitoring", "1f8434d1", "stderr"], "values": [{"value": "    ", "step": null, "ts": 1735503606.302047}]}, "version": 48, "at": 1735503606.302067}
{"obj": {"type": "LogStrings", "path": ["monitoring", "1f8434d1", "stderr"], "values": [{"value": "return _run_module_code(code, init_globals, run_name,", "step": null, "ts": 1735503606.302151}]}, "version": 49, "at": 1735503606.30217}
{"obj": {"type": "LogStrings", "path": ["monitoring", "1f8434d1", "stderr"], "values": [{"value": "\n", "step": null, "ts": 1735503606.3022568}]}, "version": 50, "at": 1735503606.3022761}
{"obj": {"type": "LogStrings", "path": ["monitoring", "1f8434d1", "stderr"], "values": [{"value": "  File \"/Users/erwan/miniconda3/envs/segmentation_env/lib/python3.10/runpy.py\", line 96, in _run_module_code\n", "step": null, "ts": 1735503606.302363}]}, "version": 51, "at": 1735503606.302381}
{"obj": {"type": "LogStrings", "path": ["monitoring", "1f8434d1", "stderr"], "values": [{"value": "    ", "step": null, "ts": 1735503606.302463}]}, "version": 52, "at": 1735503606.302481}
{"obj": {"type": "LogStrings", "path": ["monitoring", "1f8434d1", "stderr"], "values": [{"value": "_run_code(code, mod_globals, init_globals,", "step": null, "ts": 1735503606.302845}]}, "version": 53, "at": 1735503606.302869}
{"obj": {"type": "LogStrings", "path": ["monitoring", "1f8434d1", "stderr"], "values": [{"value": "\n", "step": null, "ts": 1735503606.303113}]}, "version": 54, "at": 1735503606.303138}
{"obj": {"type": "LogStrings", "path": ["monitoring", "1f8434d1", "stderr"], "values": [{"value": "  File \"/Users/erwan/miniconda3/envs/segmentation_env/lib/python3.10/runpy.py\", line 86, in _run_code\n", "step": null, "ts": 1735503606.303303}]}, "version": 55, "at": 1735503606.303328}
{"obj": {"type": "LogStrings", "path": ["monitoring", "1f8434d1", "stderr"], "values": [{"value": "    ", "step": null, "ts": 1735503606.303605}]}, "version": 56, "at": 1735503606.303631}
{"obj": {"type": "LogStrings", "path": ["monitoring", "1f8434d1", "stderr"], "values": [{"value": "exec(code, run_globals)", "step": null, "ts": 1735503606.303766}]}, "version": 57, "at": 1735503606.30379}
{"obj": {"type": "LogStrings", "path": ["monitoring", "1f8434d1", "stderr"], "values": [{"value": "\n", "step": null, "ts": 1735503606.3042939}]}, "version": 58, "at": 1735503606.304321}
{"obj": {"type": "LogStrings", "path": ["monitoring", "1f8434d1", "stderr"], "values": [{"value": "  File \"/Users/erwan/Workspace/WSS-UIC/train_vgg_resnet/train.py\", line 122, in <module>\n", "step": null, "ts": 1735503606.304438}]}, "version": 59, "at": 1735503606.304459}
{"obj": {"type": "LogStrings", "path": ["monitoring", "1f8434d1", "stderr"], "values": [{"value": "    ", "step": null, "ts": 1735503606.304568}]}, "version": 60, "at": 1735503606.30459}
{"obj": {"type": "LogStrings", "path": ["monitoring", "1f8434d1", "stderr"], "values": [{"value": "train(", "step": null, "ts": 1735503606.304687}]}, "version": 61, "at": 1735503606.304708}
{"obj": {"type": "LogStrings", "path": ["monitoring", "1f8434d1", "stdout"], "values": [{"value": "[neptune] [info   ] Shutting down background jobs, please wait a moment...\n", "step": null, "ts": 1735503606.305523}]}, "version": 62, "at": 1735503606.305634}
{"obj": {"type": "LogStrings", "path": ["monitoring", "1f8434d1", "stderr"], "values": [{"value": "\n", "step": null, "ts": 1735503606.3060732}]}, "version": 63, "at": 1735503606.306155}
{"obj": {"type": "LogStrings", "path": ["monitoring", "1f8434d1", "stderr"], "values": [{"value": "  File \"/Users/erwan/Workspace/WSS-UIC/train_vgg_resnet/train.py\", line 61, in train\n", "step": null, "ts": 1735503606.3063638}]}, "version": 64, "at": 1735503606.306408}
{"obj": {"type": "LogStrings", "path": ["monitoring", "1f8434d1", "stderr"], "values": [{"value": "    ", "step": null, "ts": 1735503606.306615}]}, "version": 65, "at": 1735503606.3066602}
{"obj": {"type": "LogStrings", "path": ["monitoring", "1f8434d1", "stderr"], "values": [{"value": "for batch in train_dl:", "step": null, "ts": 1735503606.306862}]}, "version": 66, "at": 1735503606.306911}
{"obj": {"type": "LogStrings", "path": ["monitoring", "1f8434d1", "stderr"], "values": [{"value": "\n", "step": null, "ts": 1735503606.307082}]}, "version": 67, "at": 1735503606.3071291}
{"obj": {"type": "LogStrings", "path": ["monitoring", "1f8434d1", "stderr"], "values": [{"value": "  File \"/Users/erwan/miniconda3/envs/segmentation_env/lib/python3.10/site-packages/torch/utils/data/dataloader.py\", line 439, in __iter__\n", "step": null, "ts": 1735503606.307435}]}, "version": 68, "at": 1735503606.307612}
{"obj": {"type": "LogStrings", "path": ["monitoring", "1f8434d1", "stderr"], "values": [{"value": "    ", "step": null, "ts": 1735503606.308185}]}, "version": 69, "at": 1735503606.3082628}
{"obj": {"type": "LogStrings", "path": ["monitoring", "1f8434d1", "stderr"], "values": [{"value": "return self._get_iterator()", "step": null, "ts": 1735503606.3085608}]}, "version": 70, "at": 1735503606.308628}
{"obj": {"type": "LogStrings", "path": ["monitoring", "1f8434d1", "stderr"], "values": [{"value": "\n", "step": null, "ts": 1735503606.308913}]}, "version": 71, "at": 1735503606.308983}
{"obj": {"type": "LogStrings", "path": ["monitoring", "1f8434d1", "stderr"], "values": [{"value": "  File \"/Users/erwan/miniconda3/envs/segmentation_env/lib/python3.10/site-packages/torch/utils/data/dataloader.py\", line 387, in _get_iterator\n", "step": null, "ts": 1735503606.30927}]}, "version": 72, "at": 1735503606.309321}
{"obj": {"type": "LogStrings", "path": ["monitoring", "1f8434d1", "stderr"], "values": [{"value": "    ", "step": null, "ts": 1735503606.309522}]}, "version": 73, "at": 1735503606.309572}
{"obj": {"type": "LogStrings", "path": ["monitoring", "1f8434d1", "stderr"], "values": [{"value": "return _MultiProcessingDataLoaderIter(self)", "step": null, "ts": 1735503606.309779}]}, "version": 74, "at": 1735503606.30984}
{"obj": {"type": "LogStrings", "path": ["monitoring", "1f8434d1", "stderr"], "values": [{"value": "\n", "step": null, "ts": 1735503606.310037}]}, "version": 75, "at": 1735503606.310091}
{"obj": {"type": "LogStrings", "path": ["monitoring", "1f8434d1", "stderr"], "values": [{"value": "  File \"/Users/erwan/miniconda3/envs/segmentation_env/lib/python3.10/site-packages/torch/utils/data/dataloader.py\", line 1040, in __init__\n", "step": null, "ts": 1735503606.310296}]}, "version": 76, "at": 1735503606.310335}
{"obj": {"type": "LogStrings", "path": ["monitoring", "1f8434d1", "stderr"], "values": [{"value": "    ", "step": null, "ts": 1735503606.3105621}]}, "version": 77, "at": 1735503606.3106282}
{"obj": {"type": "LogStrings", "path": ["monitoring", "1f8434d1", "stderr"], "values": [{"value": "w.start()", "step": null, "ts": 1735503606.310862}]}, "version": 78, "at": 1735503606.310902}
{"obj": {"type": "LogStrings", "path": ["monitoring", "1f8434d1", "stderr"], "values": [{"value": "\n", "step": null, "ts": 1735503606.3111522}]}, "version": 79, "at": 1735503606.311212}
{"obj": {"type": "LogStrings", "path": ["monitoring", "1f8434d1", "stderr"], "values": [{"value": "  File \"/Users/erwan/miniconda3/envs/segmentation_env/lib/python3.10/multiprocessing/process.py\", line 121, in start\n", "step": null, "ts": 1735503606.311456}]}, "version": 80, "at": 1735503606.311496}
{"obj": {"type": "LogStrings", "path": ["monitoring", "1f8434d1", "stderr"], "values": [{"value": "    ", "step": null, "ts": 1735503606.311606}]}, "version": 81, "at": 1735503606.311629}
{"obj": {"type": "LogStrings", "path": ["monitoring", "1f8434d1", "stderr"], "values": [{"value": "self._popen = self._Popen(self)", "step": null, "ts": 1735503606.311739}]}, "version": 82, "at": 1735503606.311765}
{"obj": {"type": "LogStrings", "path": ["monitoring", "1f8434d1", "stderr"], "values": [{"value": "\n", "step": null, "ts": 1735503606.311873}]}, "version": 83, "at": 1735503606.311899}
{"obj": {"type": "LogStrings", "path": ["monitoring", "1f8434d1", "stderr"], "values": [{"value": "  File \"/Users/erwan/miniconda3/envs/segmentation_env/lib/python3.10/multiprocessing/context.py\", line 224, in _Popen\n", "step": null, "ts": 1735503606.312006}]}, "version": 84, "at": 1735503606.312033}
{"obj": {"type": "LogStrings", "path": ["monitoring", "1f8434d1", "stderr"], "values": [{"value": "    ", "step": null, "ts": 1735503606.312139}]}, "version": 85, "at": 1735503606.312161}
{"obj": {"type": "LogStrings", "path": ["monitoring", "1f8434d1", "stderr"], "values": [{"value": "return _default_context.get_context().Process._Popen(process_obj)", "step": null, "ts": 1735503606.312268}]}, "version": 86, "at": 1735503606.312289}
{"obj": {"type": "LogStrings", "path": ["monitoring", "1f8434d1", "stderr"], "values": [{"value": "\n", "step": null, "ts": 1735503606.312402}]}, "version": 87, "at": 1735503606.3124301}
{"obj": {"type": "LogStrings", "path": ["monitoring", "1f8434d1", "stderr"], "values": [{"value": "  File \"/Users/erwan/miniconda3/envs/segmentation_env/lib/python3.10/multiprocessing/context.py\", line 284, in _Popen\n", "step": null, "ts": 1735503606.312553}]}, "version": 88, "at": 1735503606.312574}
{"obj": {"type": "LogStrings", "path": ["monitoring", "1f8434d1", "stderr"], "values": [{"value": "    ", "step": null, "ts": 1735503606.312675}]}, "version": 89, "at": 1735503606.3126972}
{"obj": {"type": "LogStrings", "path": ["monitoring", "1f8434d1", "stderr"], "values": [{"value": "return Popen(process_obj)", "step": null, "ts": 1735503606.312809}]}, "version": 90, "at": 1735503606.312834}
{"obj": {"type": "LogStrings", "path": ["monitoring", "1f8434d1", "stderr"], "values": [{"value": "\n", "step": null, "ts": 1735503606.3129358}]}, "version": 91, "at": 1735503606.312959}
{"obj": {"type": "LogStrings", "path": ["monitoring", "1f8434d1", "stderr"], "values": [{"value": "  File \"/Users/erwan/miniconda3/envs/segmentation_env/lib/python3.10/multiprocessing/popen_spawn_posix.py\", line 32, in __init__\n", "step": null, "ts": 1735503606.3130538}]}, "version": 92, "at": 1735503606.313077}
{"obj": {"type": "LogStrings", "path": ["monitoring", "1f8434d1", "stderr"], "values": [{"value": "    ", "step": null, "ts": 1735503606.3131661}]}, "version": 93, "at": 1735503606.313185}
{"obj": {"type": "LogStrings", "path": ["monitoring", "1f8434d1", "stderr"], "values": [{"value": "super().__init__(process_obj)", "step": null, "ts": 1735503606.313319}]}, "version": 94, "at": 1735503606.313348}
{"obj": {"type": "LogStrings", "path": ["monitoring", "1f8434d1", "stderr"], "values": [{"value": "\n", "step": null, "ts": 1735503606.3134809}]}, "version": 95, "at": 1735503606.3135161}
{"obj": {"type": "LogStrings", "path": ["monitoring", "1f8434d1", "stderr"], "values": [{"value": "  File \"/Users/erwan/miniconda3/envs/segmentation_env/lib/python3.10/multiprocessing/popen_fork.py\", line 19, in __init__\n", "step": null, "ts": 1735503606.313607}]}, "version": 96, "at": 1735503606.313626}
{"obj": {"type": "LogStrings", "path": ["monitoring", "1f8434d1", "stderr"], "values": [{"value": "    ", "step": null, "ts": 1735503606.3137128}]}, "version": 97, "at": 1735503606.3137321}
{"obj": {"type": "LogStrings", "path": ["monitoring", "1f8434d1", "stderr"], "values": [{"value": "self._launch(process_obj)", "step": null, "ts": 1735503606.313817}]}, "version": 98, "at": 1735503606.313836}
{"obj": {"type": "LogStrings", "path": ["monitoring", "1f8434d1", "stderr"], "values": [{"value": "\n", "step": null, "ts": 1735503606.3139179}]}, "version": 99, "at": 1735503606.313937}
{"obj": {"type": "LogStrings", "path": ["monitoring", "1f8434d1", "stderr"], "values": [{"value": "  File \"/Users/erwan/miniconda3/envs/segmentation_env/lib/python3.10/multiprocessing/popen_spawn_posix.py\", line 42, in _launch\n", "step": null, "ts": 1735503606.314017}]}, "version": 100, "at": 1735503606.314035}
{"obj": {"type": "LogStrings", "path": ["monitoring", "1f8434d1", "stderr"], "values": [{"value": "    ", "step": null, "ts": 1735503606.3141272}]}, "version": 101, "at": 1735503606.314145}
{"obj": {"type": "LogStrings", "path": ["monitoring", "1f8434d1", "stderr"], "values": [{"value": "prep_data = spawn.get_preparation_data(process_obj._name)", "step": null, "ts": 1735503606.314225}]}, "version": 102, "at": 1735503606.3142421}
{"obj": {"type": "LogStrings", "path": ["monitoring", "1f8434d1", "stderr"], "values": [{"value": "\n", "step": null, "ts": 1735503606.314328}]}, "version": 103, "at": 1735503606.314347}
{"obj": {"type": "LogStrings", "path": ["monitoring", "1f8434d1", "stderr"], "values": [{"value": "  File \"/Users/erwan/miniconda3/envs/segmentation_env/lib/python3.10/multiprocessing/spawn.py\", line 154, in get_preparation_data\n", "step": null, "ts": 1735503606.3144588}]}, "version": 104, "at": 1735503606.314485}
{"obj": {"type": "LogStrings", "path": ["monitoring", "1f8434d1", "stderr"], "values": [{"value": "    ", "step": null, "ts": 1735503606.314642}]}, "version": 105, "at": 1735503606.3146791}
{"obj": {"type": "LogStrings", "path": ["monitoring", "1f8434d1", "stderr"], "values": [{"value": "_check_not_importing_main()", "step": null, "ts": 1735503606.314858}]}, "version": 106, "at": 1735503606.314893}
{"obj": {"type": "LogStrings", "path": ["monitoring", "1f8434d1", "stderr"], "values": [{"value": "\n", "step": null, "ts": 1735503606.315058}]}, "version": 107, "at": 1735503606.315091}
{"obj": {"type": "LogStrings", "path": ["monitoring", "1f8434d1", "stderr"], "values": [{"value": "  File \"/Users/erwan/miniconda3/envs/segmentation_env/lib/python3.10/multiprocessing/spawn.py\", line 134, in _check_not_importing_main\n", "step": null, "ts": 1735503606.315253}]}, "version": 108, "at": 1735503606.315288}
{"obj": {"type": "LogStrings", "path": ["monitoring", "1f8434d1", "stderr"], "values": [{"value": "    ", "step": null, "ts": 1735503606.315563}]}, "version": 109, "at": 1735503606.315614}
{"obj": {"type": "LogStrings", "path": ["monitoring", "1f8434d1", "stderr"], "values": [{"value": "raise RuntimeError('''", "step": null, "ts": 1735503606.315861}]}, "version": 110, "at": 1735503606.315905}
{"obj": {"type": "LogStrings", "path": ["monitoring", "1f8434d1", "stderr"], "values": [{"value": "\n", "step": null, "ts": 1735503606.3160162}]}, "version": 111, "at": 1735503606.3160388}
{"obj": {"type": "LogStrings", "path": ["monitoring", "1f8434d1", "stderr"], "values": [{"value": "RuntimeError", "step": null, "ts": 1735503606.3161259}]}, "version": 112, "at": 1735503606.3161442}
{"obj": {"type": "LogStrings", "path": ["monitoring", "1f8434d1", "stderr"], "values": [{"value": ": ", "step": null, "ts": 1735503606.316225}]}, "version": 113, "at": 1735503606.316243}
{"obj": {"type": "LogStrings", "path": ["monitoring", "1f8434d1", "stderr"], "values": [{"value": "\n        An attempt has been made to start a new process before the\n        current process has finished its bootstrapping phase.\n\n        This probably means that you are not using fork to start your\n        child processes and you have forgotten to use the proper idiom\n        in the main module:\n\n            if __name__ == '__main__':\n                freeze_support()\n                ...\n\n        The \"freeze_support()\" line can be omitted if the program\n        is not going to be frozen to produce an executable.", "step": null, "ts": 1735503606.316322}]}, "version": 114, "at": 1735503606.31634}
{"obj": {"type": "LogStrings", "path": ["monitoring", "1f8434d1", "stderr"], "values": [{"value": "\n", "step": null, "ts": 1735503606.316468}]}, "version": 115, "at": 1735503606.316488}
