{"obj": {"type": "AssignString", "path": ["sys", "name"], "value": "Untitled"}, "version": 1, "at": 1735504251.4469771}
{"obj": {"type": "AssignString", "path": ["sys", "description"], "value": ""}, "version": 2, "at": 1735504251.4471622}
{"obj": {"type": "AssignString", "path": ["monitoring", "40d8b802", "hostname"], "value": "Admins-MacBook-Pro.local"}, "version": 3, "at": 1735504251.447253}
{"obj": {"type": "AssignString", "path": ["sys", "hostname"], "value": "Admins-MacBook-Pro.local"}, "version": 4, "at": 1735504251.4473228}
{"obj": {"type": "AssignString", "path": ["monitoring", "40d8b802", "pid"], "value": "22902"}, "version": 5, "at": 1735504251.447391}
{"obj": {"type": "AssignString", "path": ["monitoring", "40d8b802", "tid"], "value": "4533792192"}, "version": 6, "at": 1735504251.4474602}
{"obj": {"type": "AssignBool", "path": ["sys", "failed"], "value": false}, "version": 7, "at": 1735504251.447545}
{"obj": {"type": "ClearStringLog", "path": ["monitoring", "40d8b802", "stdout"]}, "version": 8, "at": 1735504251.44843}
{"obj": {"type": "ClearStringLog", "path": ["monitoring", "40d8b802", "stderr"]}, "version": 9, "at": 1735504251.448543}
{"obj": {"type": "AssignString", "path": ["source_code", "entrypoint"], "value": "train.py"}, "version": 10, "at": 1735504251.449054}
{"obj": {"type": "UploadFileSet", "path": ["source_code", "files"], "file_globs": ["/Users/erwan/Workspace/WSS-UIC/train_vgg_resnet/train.py"], "reset": "False"}, "version": 11, "at": 1735504251.449151}
{"obj": {"type": "UploadFile", "path": ["source_code", "diff"], "ext": "patch", "file_path": null, "tmp_file_name": "source_code_diff-1735504251.623503-2024-12-29_21.30.51.623503.patch", "clean_after_upload": false}, "version": 12, "at": 1735504251.623869}
{"obj": {"type": "ConfigFloatSeries", "path": ["monitoring", "40d8b802", "cpu"], "min": 0.0, "max": 100.0, "unit": "%"}, "version": 13, "at": 1735504251.627789}
{"obj": {"type": "ClearFloatLog", "path": ["monitoring", "40d8b802", "cpu"]}, "version": 14, "at": 1735504251.62799}
{"obj": {"type": "ConfigFloatSeries", "path": ["monitoring", "40d8b802", "memory"], "min": 0.0, "max": 16.0, "unit": "GB"}, "version": 15, "at": 1735504251.628129}
{"obj": {"type": "ClearFloatLog", "path": ["monitoring", "40d8b802", "memory"]}, "version": 16, "at": 1735504251.628187}
{"obj": {"type": "LogStrings", "path": ["monitoring", "40d8b802", "stderr"], "values": [{"value": "[neptune] [warning] /Users/erwan/Workspace/WSS-UIC/train_vgg_resnet/train.py:46: NeptuneWarning: Info (NVML): NVML Shared Library Not Found. GPU usage metrics may not be reported. For more information, see https://docs.neptune.ai/help/nvml_error/\n", "step": null, "ts": 1735504251.628484}]}, "version": 17, "at": 1735504251.6285582}
{"obj": {"type": "LogFloats", "path": ["monitoring", "40d8b802", "memory"], "values": [{"value": 7.125556945800781, "step": null, "ts": 1735504251.628737}]}, "version": 18, "at": 1735504251.6294138}
{"obj": {"type": "AssignString", "path": ["config", "optimizer"], "value": "Adam"}, "version": 19, "at": 1735504251.629599}
{"obj": {"type": "LogStrings", "path": ["monitoring", "40d8b802", "stdout"], "values": [{"value": "ici la ", "step": null, "ts": 1735504251.630072}]}, "version": 20, "at": 1735504251.630097}
{"obj": {"type": "LogStrings", "path": ["monitoring", "40d8b802", "stdout"], "values": [{"value": "\n", "step": null, "ts": 1735504251.6303182}]}, "version": 21, "at": 1735504251.630335}
{"obj": {"type": "LogStrings", "path": ["monitoring", "40d8b802", "stderr"], "values": [{"value": "\r  0%|                                                                                                                                                                                 | 0/2 [00:00<?, ?it/s]", "step": null, "ts": 1735504251.640935}]}, "version": 22, "at": 1735504251.641183}
{"obj": {"type": "LogStrings", "path": ["monitoring", "40d8b802", "stdout"], "values": [{"value": "dqsdqs", "step": null, "ts": 1735504251.64451}]}, "version": 23, "at": 1735504251.644613}
{"obj": {"type": "LogStrings", "path": ["monitoring", "40d8b802", "stdout"], "values": [{"value": "\n", "step": null, "ts": 1735504251.646206}]}, "version": 24, "at": 1735504251.646253}
{"obj": {"type": "LogStrings", "path": ["monitoring", "40d8b802", "stderr"], "values": [{"value": "", "step": null, "ts": 1735504257.2006578}]}, "version": 25, "at": 1735504257.200792}
{"obj": {"type": "LogStrings", "path": ["monitoring", "40d8b802", "stderr"], "values": [{"value": "\r  0%|                                                                                                                                                                                 | 0/2 [00:05<?, ?it/s]", "step": null, "ts": 1735504257.2010639}]}, "version": 26, "at": 1735504257.201083}
{"obj": {"type": "LogStrings", "path": ["monitoring", "40d8b802", "traceback"], "values": [{"value": "An uncaught exception occurred while run was active on worker Admins-MacBook-Pro.local.", "step": null, "ts": 1735504257.201591}, {"value": "Marking run as failed", "step": null, "ts": 1735504257.201591}, {"value": "Traceback:", "step": null, "ts": 1735504257.201591}, {"value": "  File \"/Users/erwan/Workspace/WSS-UIC/train_vgg_resnet/train.py\", line 126, in <module>\n    train(\n", "step": null, "ts": 1735504257.201591}, {"value": "  File \"/Users/erwan/Workspace/WSS-UIC/train_vgg_resnet/train.py\", line 64, in train\n    for batch in train_dl:\n", "step": null, "ts": 1735504257.201591}, {"value": "  File \"/Users/erwan/miniconda3/envs/segmentation_env/lib/python3.10/site-packages/torch/utils/data/dataloader.py\", line 631, in __next__\n    data = self._next_data()\n", "step": null, "ts": 1735504257.201591}, {"value": "  File \"/Users/erwan/miniconda3/envs/segmentation_env/lib/python3.10/site-packages/torch/utils/data/dataloader.py\", line 1329, in _next_data\n    idx, data = self._get_data()\n", "step": null, "ts": 1735504257.201591}, {"value": "  File \"/Users/erwan/miniconda3/envs/segmentation_env/lib/python3.10/site-packages/torch/utils/data/dataloader.py\", line 1295, in _get_data\n    success, data = self._try_get_data()\n", "step": null, "ts": 1735504257.201591}, {"value": "  File \"/Users/erwan/miniconda3/envs/segmentation_env/lib/python3.10/site-packages/torch/utils/data/dataloader.py\", line 1146, in _try_get_data\n    raise RuntimeError(f'DataLoader worker (pid(s) {pids_str}) exited unexpectedly') from e\n", "step": null, "ts": 1735504257.201591}, {"value": "DataLoader worker (pid(s) 22914) exited unexpectedly", "step": null, "ts": 1735504257.201591}]}, "version": 27, "at": 1735504257.201622}
{"obj": {"type": "LogStrings", "path": ["monitoring", "40d8b802", "stderr"], "values": [{"value": "\n", "step": null, "ts": 1735504257.201739}]}, "version": 28, "at": 1735504257.201756}
{"obj": {"type": "AssignBool", "path": ["sys", "failed"], "value": true}, "version": 29, "at": 1735504257.201866}
{"obj": {"type": "LogStrings", "path": ["monitoring", "40d8b802", "stderr"], "values": [{"value": "Traceback (most recent call last):\n", "step": null, "ts": 1735504257.2020962}]}, "version": 30, "at": 1735504257.202121}
{"obj": {"type": "LogStrings", "path": ["monitoring", "40d8b802", "stderr"], "values": [{"value": "  File \"/Users/erwan/miniconda3/envs/segmentation_env/lib/python3.10/site-packages/torch/utils/data/dataloader.py\", line 1133, in _try_get_data\n", "step": null, "ts": 1735504257.202497}]}, "version": 31, "at": 1735504257.202514}
{"obj": {"type": "LogStrings", "path": ["monitoring", "40d8b802", "stderr"], "values": [{"value": "    ", "step": null, "ts": 1735504257.202684}]}, "version": 32, "at": 1735504257.202705}
{"obj": {"type": "LogStrings", "path": ["monitoring", "40d8b802", "stderr"], "values": [{"value": "data = self._data_queue.get(timeout=timeout)", "step": null, "ts": 1735504257.202865}]}, "version": 33, "at": 1735504257.202881}
{"obj": {"type": "LogStrings", "path": ["monitoring", "40d8b802", "stderr"], "values": [{"value": "\n", "step": null, "ts": 1735504257.203017}]}, "version": 34, "at": 1735504257.203039}
{"obj": {"type": "LogStrings", "path": ["monitoring", "40d8b802", "stderr"], "values": [{"value": "  File \"/Users/erwan/miniconda3/envs/segmentation_env/lib/python3.10/multiprocessing/queues.py\", line 113, in get\n", "step": null, "ts": 1735504257.2031732}]}, "version": 35, "at": 1735504257.2031941}
{"obj": {"type": "LogStrings", "path": ["monitoring", "40d8b802", "stderr"], "values": [{"value": "    ", "step": null, "ts": 1735504257.2035031}]}, "version": 36, "at": 1735504257.203528}
{"obj": {"type": "LogStrings", "path": ["monitoring", "40d8b802", "stderr"], "values": [{"value": "if not self._poll(timeout):", "step": null, "ts": 1735504257.2038}]}, "version": 37, "at": 1735504257.203825}
{"obj": {"type": "LogStrings", "path": ["monitoring", "40d8b802", "stderr"], "values": [{"value": "\n", "step": null, "ts": 1735504257.204184}]}, "version": 38, "at": 1735504257.204206}
{"obj": {"type": "LogStrings", "path": ["monitoring", "40d8b802", "stderr"], "values": [{"value": "  File \"/Users/erwan/miniconda3/envs/segmentation_env/lib/python3.10/multiprocessing/connection.py\", line 262, in poll\n", "step": null, "ts": 1735504257.2044191}]}, "version": 39, "at": 1735504257.204436}
{"obj": {"type": "LogStrings", "path": ["monitoring", "40d8b802", "stderr"], "values": [{"value": "    ", "step": null, "ts": 1735504257.204607}]}, "version": 40, "at": 1735504257.204653}
{"obj": {"type": "LogStrings", "path": ["monitoring", "40d8b802", "stderr"], "values": [{"value": "return self._poll(timeout)", "step": null, "ts": 1735504257.204844}]}, "version": 41, "at": 1735504257.204861}
{"obj": {"type": "LogStrings", "path": ["monitoring", "40d8b802", "stderr"], "values": [{"value": "\n", "step": null, "ts": 1735504257.20518}]}, "version": 42, "at": 1735504257.205199}
{"obj": {"type": "LogStrings", "path": ["monitoring", "40d8b802", "stderr"], "values": [{"value": "  File \"/Users/erwan/miniconda3/envs/segmentation_env/lib/python3.10/multiprocessing/connection.py\", line 429, in _poll\n", "step": null, "ts": 1735504257.2054489}]}, "version": 43, "at": 1735504257.205469}
{"obj": {"type": "LogStrings", "path": ["monitoring", "40d8b802", "stderr"], "values": [{"value": "    ", "step": null, "ts": 1735504257.205694}]}, "version": 44, "at": 1735504257.205716}
{"obj": {"type": "LogStrings", "path": ["monitoring", "40d8b802", "stderr"], "values": [{"value": "r = wait([self], timeout)", "step": null, "ts": 1735504257.205895}]}, "version": 45, "at": 1735504257.205914}
{"obj": {"type": "LogStrings", "path": ["monitoring", "40d8b802", "stderr"], "values": [{"value": "\n", "step": null, "ts": 1735504257.206066}]}, "version": 46, "at": 1735504257.206089}
{"obj": {"type": "LogStrings", "path": ["monitoring", "40d8b802", "stderr"], "values": [{"value": "  File \"/Users/erwan/miniconda3/envs/segmentation_env/lib/python3.10/multiprocessing/connection.py\", line 936, in wait\n", "step": null, "ts": 1735504257.206351}]}, "version": 47, "at": 1735504257.20637}
{"obj": {"type": "LogStrings", "path": ["monitoring", "40d8b802", "stderr"], "values": [{"value": "    ", "step": null, "ts": 1735504257.2065291}]}, "version": 48, "at": 1735504257.206547}
{"obj": {"type": "LogStrings", "path": ["monitoring", "40d8b802", "stderr"], "values": [{"value": "ready = selector.select(timeout)", "step": null, "ts": 1735504257.206903}]}, "version": 49, "at": 1735504257.2069209}
{"obj": {"type": "LogStrings", "path": ["monitoring", "40d8b802", "stderr"], "values": [{"value": "\n", "step": null, "ts": 1735504257.207076}]}, "version": 50, "at": 1735504257.207094}
{"obj": {"type": "LogStrings", "path": ["monitoring", "40d8b802", "stderr"], "values": [{"value": "  File \"/Users/erwan/miniconda3/envs/segmentation_env/lib/python3.10/selectors.py\", line 416, in select\n", "step": null, "ts": 1735504257.207479}]}, "version": 51, "at": 1735504257.207505}
{"obj": {"type": "LogStrings", "path": ["monitoring", "40d8b802", "stderr"], "values": [{"value": "    ", "step": null, "ts": 1735504257.2082582}]}, "version": 52, "at": 1735504257.208282}
{"obj": {"type": "LogStrings", "path": ["monitoring", "40d8b802", "stdout"], "values": [{"value": "[neptune] [info   ] Shutting down background jobs, please wait a moment...\n", "step": null, "ts": 1735504257.208941}]}, "version": 53, "at": 1735504257.2089689}
{"obj": {"type": "LogStrings", "path": ["monitoring", "40d8b802", "stderr"], "values": [{"value": "fd_event_list = self._selector.poll(timeout)", "step": null, "ts": 1735504257.209121}]}, "version": 54, "at": 1735504257.20914}
{"obj": {"type": "LogStrings", "path": ["monitoring", "40d8b802", "stderr"], "values": [{"value": "\n", "step": null, "ts": 1735504257.209215}]}, "version": 55, "at": 1735504257.209229}
{"obj": {"type": "LogStrings", "path": ["monitoring", "40d8b802", "stderr"], "values": [{"value": "  File \"/Users/erwan/miniconda3/envs/segmentation_env/lib/python3.10/site-packages/torch/utils/data/_utils/signal_handling.py\", line 66, in handler\n", "step": null, "ts": 1735504257.20929}]}, "version": 56, "at": 1735504257.2093031}
{"obj": {"type": "LogStrings", "path": ["monitoring", "40d8b802", "stderr"], "values": [{"value": "    ", "step": null, "ts": 1735504257.2093608}]}, "version": 57, "at": 1735504257.209373}
{"obj": {"type": "LogStrings", "path": ["monitoring", "40d8b802", "stderr"], "values": [{"value": "_error_if_any_worker_fails()", "step": null, "ts": 1735504257.209428}]}, "version": 58, "at": 1735504257.209439}
{"obj": {"type": "LogStrings", "path": ["monitoring", "40d8b802", "stderr"], "values": [{"value": "\n", "step": null, "ts": 1735504257.209493}]}, "version": 59, "at": 1735504257.209504}
{"obj": {"type": "LogStrings", "path": ["monitoring", "40d8b802", "stderr"], "values": [{"value": "RuntimeError", "step": null, "ts": 1735504257.209561}]}, "version": 60, "at": 1735504257.209572}
{"obj": {"type": "LogStrings", "path": ["monitoring", "40d8b802", "stderr"], "values": [{"value": ": ", "step": null, "ts": 1735504257.209625}]}, "version": 61, "at": 1735504257.2096362}
{"obj": {"type": "LogStrings", "path": ["monitoring", "40d8b802", "stderr"], "values": [{"value": "DataLoader worker (pid 22914) exited unexpectedly with exit code 1. Details are lost due to multiprocessing. Rerunning with num_workers=0 may give better error trace.", "step": null, "ts": 1735504257.209688}]}, "version": 62, "at": 1735504257.2097}
{"obj": {"type": "LogStrings", "path": ["monitoring", "40d8b802", "stderr"], "values": [{"value": "\n", "step": null, "ts": 1735504257.209755}]}, "version": 63, "at": 1735504257.2097669}
{"obj": {"type": "LogStrings", "path": ["monitoring", "40d8b802", "stderr"], "values": [{"value": "\nThe above exception was the direct cause of the following exception:\n\n", "step": null, "ts": 1735504257.2098188}]}, "version": 64, "at": 1735504257.2098298}
{"obj": {"type": "LogStrings", "path": ["monitoring", "40d8b802", "stderr"], "values": [{"value": "Traceback (most recent call last):\n", "step": null, "ts": 1735504257.209882}]}, "version": 65, "at": 1735504257.2098932}
{"obj": {"type": "LogStrings", "path": ["monitoring", "40d8b802", "stderr"], "values": [{"value": "  File \"/Users/erwan/Workspace/WSS-UIC/train_vgg_resnet/train.py\", line 126, in <module>\n", "step": null, "ts": 1735504257.209944}]}, "version": 66, "at": 1735504257.2099562}
{"obj": {"type": "LogStrings", "path": ["monitoring", "40d8b802", "stderr"], "values": [{"value": "    ", "step": null, "ts": 1735504257.2100081}]}, "version": 67, "at": 1735504257.21002}
{"obj": {"type": "LogStrings", "path": ["monitoring", "40d8b802", "stderr"], "values": [{"value": "train(", "step": null, "ts": 1735504257.210071}]}, "version": 68, "at": 1735504257.210082}
{"obj": {"type": "LogStrings", "path": ["monitoring", "40d8b802", "stderr"], "values": [{"value": "\n", "step": null, "ts": 1735504257.210134}]}, "version": 69, "at": 1735504257.210145}
{"obj": {"type": "LogStrings", "path": ["monitoring", "40d8b802", "stderr"], "values": [{"value": "  File \"/Users/erwan/Workspace/WSS-UIC/train_vgg_resnet/train.py\", line 64, in train\n", "step": null, "ts": 1735504257.210197}]}, "version": 70, "at": 1735504257.210222}
{"obj": {"type": "LogStrings", "path": ["monitoring", "40d8b802", "stderr"], "values": [{"value": "    ", "step": null, "ts": 1735504257.210277}]}, "version": 71, "at": 1735504257.210288}
{"obj": {"type": "LogStrings", "path": ["monitoring", "40d8b802", "stderr"], "values": [{"value": "for batch in train_dl:", "step": null, "ts": 1735504257.2103848}]}, "version": 72, "at": 1735504257.210397}
{"obj": {"type": "LogStrings", "path": ["monitoring", "40d8b802", "stderr"], "values": [{"value": "\n", "step": null, "ts": 1735504257.21045}]}, "version": 73, "at": 1735504257.210461}
{"obj": {"type": "LogStrings", "path": ["monitoring", "40d8b802", "stderr"], "values": [{"value": "  File \"/Users/erwan/miniconda3/envs/segmentation_env/lib/python3.10/site-packages/torch/utils/data/dataloader.py\", line 631, in __next__\n", "step": null, "ts": 1735504257.2105138}]}, "version": 74, "at": 1735504257.210525}
{"obj": {"type": "LogStrings", "path": ["monitoring", "40d8b802", "stderr"], "values": [{"value": "    ", "step": null, "ts": 1735504257.210578}]}, "version": 75, "at": 1735504257.21059}
{"obj": {"type": "LogStrings", "path": ["monitoring", "40d8b802", "stderr"], "values": [{"value": "data = self._next_data()", "step": null, "ts": 1735504257.2106419}]}, "version": 76, "at": 1735504257.2106528}
{"obj": {"type": "LogStrings", "path": ["monitoring", "40d8b802", "stderr"], "values": [{"value": "\n", "step": null, "ts": 1735504257.2107048}]}, "version": 77, "at": 1735504257.210716}
{"obj": {"type": "LogStrings", "path": ["monitoring", "40d8b802", "stderr"], "values": [{"value": "  File \"/Users/erwan/miniconda3/envs/segmentation_env/lib/python3.10/site-packages/torch/utils/data/dataloader.py\", line 1329, in _next_data\n", "step": null, "ts": 1735504257.210768}]}, "version": 78, "at": 1735504257.210779}
{"obj": {"type": "LogStrings", "path": ["monitoring", "40d8b802", "stderr"], "values": [{"value": "    ", "step": null, "ts": 1735504257.2108312}]}, "version": 79, "at": 1735504257.2108421}
{"obj": {"type": "LogStrings", "path": ["monitoring", "40d8b802", "stderr"], "values": [{"value": "idx, data = self._get_data()", "step": null, "ts": 1735504257.2108932}]}, "version": 80, "at": 1735504257.2109041}
{"obj": {"type": "LogStrings", "path": ["monitoring", "40d8b802", "stderr"], "values": [{"value": "\n", "step": null, "ts": 1735504257.210956}]}, "version": 81, "at": 1735504257.210967}
{"obj": {"type": "LogStrings", "path": ["monitoring", "40d8b802", "stderr"], "values": [{"value": "  File \"/Users/erwan/miniconda3/envs/segmentation_env/lib/python3.10/site-packages/torch/utils/data/dataloader.py\", line 1295, in _get_data\n", "step": null, "ts": 1735504257.211018}]}, "version": 82, "at": 1735504257.21103}
{"obj": {"type": "LogStrings", "path": ["monitoring", "40d8b802", "stderr"], "values": [{"value": "    ", "step": null, "ts": 1735504257.211082}]}, "version": 83, "at": 1735504257.211093}
{"obj": {"type": "LogStrings", "path": ["monitoring", "40d8b802", "stderr"], "values": [{"value": "success, data = self._try_get_data()", "step": null, "ts": 1735504257.211144}]}, "version": 84, "at": 1735504257.211156}
{"obj": {"type": "LogStrings", "path": ["monitoring", "40d8b802", "stderr"], "values": [{"value": "\n", "step": null, "ts": 1735504257.211207}]}, "version": 85, "at": 1735504257.2112179}
{"obj": {"type": "LogStrings", "path": ["monitoring", "40d8b802", "stderr"], "values": [{"value": "  File \"/Users/erwan/miniconda3/envs/segmentation_env/lib/python3.10/site-packages/torch/utils/data/dataloader.py\", line 1146, in _try_get_data\n", "step": null, "ts": 1735504257.2112691}]}, "version": 86, "at": 1735504257.2112799}
{"obj": {"type": "LogStrings", "path": ["monitoring", "40d8b802", "stderr"], "values": [{"value": "    ", "step": null, "ts": 1735504257.211332}]}, "version": 87, "at": 1735504257.211343}
{"obj": {"type": "LogStrings", "path": ["monitoring", "40d8b802", "stderr"], "values": [{"value": "raise RuntimeError(f'DataLoader worker (pid(s) {pids_str}) exited unexpectedly') from e", "step": null, "ts": 1735504257.211394}]}, "version": 88, "at": 1735504257.211405}
{"obj": {"type": "LogStrings", "path": ["monitoring", "40d8b802", "stderr"], "values": [{"value": "\n", "step": null, "ts": 1735504257.211456}]}, "version": 89, "at": 1735504257.211467}
{"obj": {"type": "LogStrings", "path": ["monitoring", "40d8b802", "stderr"], "values": [{"value": "RuntimeError", "step": null, "ts": 1735504257.211519}]}, "version": 90, "at": 1735504257.21153}
{"obj": {"type": "LogStrings", "path": ["monitoring", "40d8b802", "stderr"], "values": [{"value": ": ", "step": null, "ts": 1735504257.211581}]}, "version": 91, "at": 1735504257.211592}
{"obj": {"type": "LogStrings", "path": ["monitoring", "40d8b802", "stderr"], "values": [{"value": "DataLoader worker (pid(s) 22914) exited unexpectedly", "step": null, "ts": 1735504257.211643}]}, "version": 92, "at": 1735504257.211654}
{"obj": {"type": "LogStrings", "path": ["monitoring", "40d8b802", "stderr"], "values": [{"value": "\n", "step": null, "ts": 1735504257.211705}]}, "version": 93, "at": 1735504257.2117171}
