{"obj": {"type": "AssignString", "path": ["sys", "name"], "value": "Untitled"}, "version": 1, "at": 1735504544.6010811}
{"obj": {"type": "AssignString", "path": ["sys", "description"], "value": ""}, "version": 2, "at": 1735504544.601352}
{"obj": {"type": "AssignString", "path": ["monitoring", "6db5bd8a", "hostname"], "value": "Admins-MacBook-Pro.local"}, "version": 3, "at": 1735504544.601443}
{"obj": {"type": "AssignString", "path": ["sys", "hostname"], "value": "Admins-MacBook-Pro.local"}, "version": 4, "at": 1735504544.601513}
{"obj": {"type": "AssignString", "path": ["monitoring", "6db5bd8a", "pid"], "value": "23073"}, "version": 5, "at": 1735504544.601582}
{"obj": {"type": "AssignString", "path": ["monitoring", "6db5bd8a", "tid"], "value": "4727991744"}, "version": 6, "at": 1735504544.601648}
{"obj": {"type": "AssignBool", "path": ["sys", "failed"], "value": false}, "version": 7, "at": 1735504544.601737}
{"obj": {"type": "ClearStringLog", "path": ["monitoring", "6db5bd8a", "stdout"]}, "version": 8, "at": 1735504544.6026182}
{"obj": {"type": "ClearStringLog", "path": ["monitoring", "6db5bd8a", "stderr"]}, "version": 9, "at": 1735504544.6027038}
{"obj": {"type": "AssignString", "path": ["source_code", "entrypoint"], "value": "train.py"}, "version": 10, "at": 1735504544.603199}
{"obj": {"type": "UploadFileSet", "path": ["source_code", "files"], "file_globs": ["/Users/erwan/Workspace/WSS-UIC/train_vgg_resnet/train.py"], "reset": "False"}, "version": 11, "at": 1735504544.603296}
{"obj": {"type": "UploadFile", "path": ["source_code", "diff"], "ext": "patch", "file_path": null, "tmp_file_name": "source_code_diff-1735504544.77856-2024-12-29_21.35.44.778560.patch", "clean_after_upload": false}, "version": 12, "at": 1735504544.778955}
{"obj": {"type": "ConfigFloatSeries", "path": ["monitoring", "6db5bd8a", "cpu"], "min": 0.0, "max": 100.0, "unit": "%"}, "version": 13, "at": 1735504544.782921}
{"obj": {"type": "ClearFloatLog", "path": ["monitoring", "6db5bd8a", "cpu"]}, "version": 14, "at": 1735504544.7831109}
{"obj": {"type": "LogStrings", "path": ["monitoring", "6db5bd8a", "stderr"], "values": [{"value": "[neptune] [warning] /Users/erwan/Workspace/WSS-UIC/train_vgg_resnet/train.py:46: NeptuneWarning: Info (NVML): NVML Shared Library Not Found. GPU usage metrics may not be reported. For more information, see https://docs.neptune.ai/help/nvml_error/\n", "step": null, "ts": 1735504544.783296}]}, "version": 15, "at": 1735504544.78335}
{"obj": {"type": "ConfigFloatSeries", "path": ["monitoring", "6db5bd8a", "memory"], "min": 0.0, "max": 16.0, "unit": "GB"}, "version": 16, "at": 1735504544.783479}
{"obj": {"type": "ClearFloatLog", "path": ["monitoring", "6db5bd8a", "memory"]}, "version": 17, "at": 1735504544.783515}
{"obj": {"type": "LogFloats", "path": ["monitoring", "6db5bd8a", "memory"], "values": [{"value": 8.28842544555664, "step": null, "ts": 1735504544.783694}]}, "version": 18, "at": 1735504544.784374}
{"obj": {"type": "AssignString", "path": ["config", "optimizer"], "value": "Adam"}, "version": 19, "at": 1735504544.784568}
{"obj": {"type": "LogStrings", "path": ["monitoring", "6db5bd8a", "stdout"], "values": [{"value": "ici la ", "step": null, "ts": 1735504544.785142}]}, "version": 20, "at": 1735504544.7851698}
{"obj": {"type": "LogStrings", "path": ["monitoring", "6db5bd8a", "stdout"], "values": [{"value": "\n", "step": null, "ts": 1735504544.785392}]}, "version": 21, "at": 1735504544.7854111}
{"obj": {"type": "LogStrings", "path": ["monitoring", "6db5bd8a", "stderr"], "values": [{"value": "\r  0%|                                                                                                                                                                                 | 0/2 [00:00<?, ?it/s]", "step": null, "ts": 1735504544.7931561}]}, "version": 22, "at": 1735504544.793396}
{"obj": {"type": "LogStrings", "path": ["monitoring", "6db5bd8a", "stdout"], "values": [{"value": "dqsdqs", "step": null, "ts": 1735504544.79553}]}, "version": 23, "at": 1735504544.7955809}
{"obj": {"type": "LogStrings", "path": ["monitoring", "6db5bd8a", "stdout"], "values": [{"value": "\n", "step": null, "ts": 1735504544.7969742}]}, "version": 24, "at": 1735504544.797015}
{"obj": {"type": "LogStrings", "path": ["monitoring", "6db5bd8a", "stderr"], "values": [{"value": "", "step": null, "ts": 1735504544.883411}]}, "version": 25, "at": 1735504544.883456}
{"obj": {"type": "LogStrings", "path": ["monitoring", "6db5bd8a", "stderr"], "values": [{"value": "\r  0%|                                                                                                                                                                                 | 0/2 [00:00<?, ?it/s]", "step": null, "ts": 1735504544.883858}]}, "version": 26, "at": 1735504544.88388}
{"obj": {"type": "LogStrings", "path": ["monitoring", "6db5bd8a", "stderr"], "values": [{"value": "\n", "step": null, "ts": 1735504544.883992}]}, "version": 27, "at": 1735504544.884008}
{"obj": {"type": "LogStrings", "path": ["monitoring", "6db5bd8a", "traceback"], "values": [{"value": "An uncaught exception occurred while run was active on worker Admins-MacBook-Pro.local.", "step": null, "ts": 1735504544.885273}, {"value": "Marking run as failed", "step": null, "ts": 1735504544.885273}, {"value": "Traceback:", "step": null, "ts": 1735504544.885273}, {"value": "  File \"/Users/erwan/Workspace/WSS-UIC/train_vgg_resnet/train.py\", line 127, in <module>\n    train(\n", "step": null, "ts": 1735504544.885273}, {"value": "  File \"/Users/erwan/Workspace/WSS-UIC/train_vgg_resnet/train.py\", line 66, in train\n    images = normalize(batch[0].float().to(device))\n", "step": null, "ts": 1735504544.885273}, {"value": "  File \"/Users/erwan/miniconda3/envs/segmentation_env/lib/python3.10/site-packages/torch/nn/modules/module.py\", line 1511, in _wrapped_call_impl\n    return self._call_impl(*args, **kwargs)\n", "step": null, "ts": 1735504544.885273}, {"value": "  File \"/Users/erwan/miniconda3/envs/segmentation_env/lib/python3.10/site-packages/torch/nn/modules/module.py\", line 1520, in _call_impl\n    return forward_call(*args, **kwargs)\n", "step": null, "ts": 1735504544.885273}, {"value": "  File \"/Users/erwan/miniconda3/envs/segmentation_env/lib/python3.10/site-packages/torchvision/transforms/transforms.py\", line 277, in forward\n    return F.normalize(tensor, self.mean, self.std, self.inplace)\n", "step": null, "ts": 1735504544.885273}, {"value": "  File \"/Users/erwan/miniconda3/envs/segmentation_env/lib/python3.10/site-packages/torchvision/transforms/functional.py\", line 349, in normalize\n    return F_t.normalize(tensor, mean=mean, std=std, inplace=inplace)\n", "step": null, "ts": 1735504544.885273}, {"value": "  File \"/Users/erwan/miniconda3/envs/segmentation_env/lib/python3.10/site-packages/torchvision/transforms/_functional_tensor.py\", line 926, in normalize\n    return tensor.sub_(mean).div_(std)\n", "step": null, "ts": 1735504544.885273}]}, "version": 28, "at": 1735504544.885303}
{"obj": {"type": "LogStrings", "path": ["monitoring", "6db5bd8a", "traceback"], "values": [{"value": "The size of tensor a (4) must match the size of tensor b (3) at non-singleton dimension 1", "step": null, "ts": 1735504544.885273}]}, "version": 29, "at": 1735504544.885375}
{"obj": {"type": "AssignBool", "path": ["sys", "failed"], "value": true}, "version": 30, "at": 1735504544.885458}
{"obj": {"type": "LogStrings", "path": ["monitoring", "6db5bd8a", "stderr"], "values": [{"value": "Traceback (most recent call last):\n", "step": null, "ts": 1735504544.885631}]}, "version": 31, "at": 1735504544.885656}
{"obj": {"type": "LogStrings", "path": ["monitoring", "6db5bd8a", "stderr"], "values": [{"value": "  File \"/Users/erwan/Workspace/WSS-UIC/train_vgg_resnet/train.py\", line 127, in <module>\n", "step": null, "ts": 1735504544.885909}]}, "version": 32, "at": 1735504544.885935}
{"obj": {"type": "LogStrings", "path": ["monitoring", "6db5bd8a", "stderr"], "values": [{"value": "    ", "step": null, "ts": 1735504544.886111}]}, "version": 33, "at": 1735504544.886129}
{"obj": {"type": "LogStrings", "path": ["monitoring", "6db5bd8a", "stderr"], "values": [{"value": "train(", "step": null, "ts": 1735504544.886303}]}, "version": 34, "at": 1735504544.886323}
{"obj": {"type": "LogStrings", "path": ["monitoring", "6db5bd8a", "stderr"], "values": [{"value": "\n", "step": null, "ts": 1735504544.88675}]}, "version": 35, "at": 1735504544.88677}
{"obj": {"type": "LogStrings", "path": ["monitoring", "6db5bd8a", "stderr"], "values": [{"value": "  File \"/Users/erwan/Workspace/WSS-UIC/train_vgg_resnet/train.py\", line 66, in train\n", "step": null, "ts": 1735504544.886951}]}, "version": 36, "at": 1735504544.886966}
{"obj": {"type": "LogStrings", "path": ["monitoring", "6db5bd8a", "stderr"], "values": [{"value": "    ", "step": null, "ts": 1735504544.8873549}]}, "version": 37, "at": 1735504544.8873742}
{"obj": {"type": "LogStrings", "path": ["monitoring", "6db5bd8a", "stderr"], "values": [{"value": "images = normalize(batch[0].float().to(device))", "step": null, "ts": 1735504544.887539}]}, "version": 38, "at": 1735504544.887557}
{"obj": {"type": "LogStrings", "path": ["monitoring", "6db5bd8a", "stderr"], "values": [{"value": "\n", "step": null, "ts": 1735504544.887779}]}, "version": 39, "at": 1735504544.8878012}
{"obj": {"type": "LogStrings", "path": ["monitoring", "6db5bd8a", "stderr"], "values": [{"value": "  File \"/Users/erwan/miniconda3/envs/segmentation_env/lib/python3.10/site-packages/torch/nn/modules/module.py\", line 1511, in _wrapped_call_impl\n", "step": null, "ts": 1735504544.8879511}]}, "version": 40, "at": 1735504544.887968}
{"obj": {"type": "LogStrings", "path": ["monitoring", "6db5bd8a", "stderr"], "values": [{"value": "    ", "step": null, "ts": 1735504544.8881931}]}, "version": 41, "at": 1735504544.888215}
{"obj": {"type": "LogStrings", "path": ["monitoring", "6db5bd8a", "stderr"], "values": [{"value": "return self._call_impl(*args, **kwargs)", "step": null, "ts": 1735504544.8883588}]}, "version": 42, "at": 1735504544.888376}
{"obj": {"type": "LogStrings", "path": ["monitoring", "6db5bd8a", "stderr"], "values": [{"value": "\n", "step": null, "ts": 1735504544.8885992}]}, "version": 43, "at": 1735504544.8886158}
{"obj": {"type": "LogStrings", "path": ["monitoring", "6db5bd8a", "stderr"], "values": [{"value": "  File \"/Users/erwan/miniconda3/envs/segmentation_env/lib/python3.10/site-packages/torch/nn/modules/module.py\", line 1520, in _call_impl\n", "step": null, "ts": 1735504544.888953}]}, "version": 44, "at": 1735504544.88897}
{"obj": {"type": "LogStrings", "path": ["monitoring", "6db5bd8a", "stderr"], "values": [{"value": "    ", "step": null, "ts": 1735504544.889344}]}, "version": 45, "at": 1735504544.889361}
{"obj": {"type": "LogStrings", "path": ["monitoring", "6db5bd8a", "stdout"], "values": [{"value": "[neptune] [info   ] Shutting down background jobs, please wait a moment...\n", "step": null, "ts": 1735504544.889528}]}, "version": 46, "at": 1735504544.889546}
{"obj": {"type": "LogStrings", "path": ["monitoring", "6db5bd8a", "stderr"], "values": [{"value": "return forward_call(*args, **kwargs)", "step": null, "ts": 1735504544.889663}]}, "version": 47, "at": 1735504544.8896792}
{"obj": {"type": "LogStrings", "path": ["monitoring", "6db5bd8a", "stderr"], "values": [{"value": "\n", "step": null, "ts": 1735504544.889751}]}, "version": 48, "at": 1735504544.889764}
{"obj": {"type": "LogStrings", "path": ["monitoring", "6db5bd8a", "stderr"], "values": [{"value": "  File \"/Users/erwan/miniconda3/envs/segmentation_env/lib/python3.10/site-packages/torchvision/transforms/transforms.py\", line 277, in forward\n", "step": null, "ts": 1735504544.889824}]}, "version": 49, "at": 1735504544.889837}
{"obj": {"type": "LogStrings", "path": ["monitoring", "6db5bd8a", "stderr"], "values": [{"value": "    ", "step": null, "ts": 1735504544.889896}]}, "version": 50, "at": 1735504544.889908}
{"obj": {"type": "LogStrings", "path": ["monitoring", "6db5bd8a", "stderr"], "values": [{"value": "return F.normalize(tensor, self.mean, self.std, self.inplace)", "step": null, "ts": 1735504544.889964}]}, "version": 51, "at": 1735504544.889976}
{"obj": {"type": "LogStrings", "path": ["monitoring", "6db5bd8a", "stderr"], "values": [{"value": "\n", "step": null, "ts": 1735504544.890031}]}, "version": 52, "at": 1735504544.8900428}
{"obj": {"type": "LogStrings", "path": ["monitoring", "6db5bd8a", "stderr"], "values": [{"value": "  File \"/Users/erwan/miniconda3/envs/segmentation_env/lib/python3.10/site-packages/torchvision/transforms/functional.py\", line 349, in normalize\n", "step": null, "ts": 1735504544.890097}]}, "version": 53, "at": 1735504544.8901079}
{"obj": {"type": "LogStrings", "path": ["monitoring", "6db5bd8a", "stderr"], "values": [{"value": "    ", "step": null, "ts": 1735504544.890165}]}, "version": 54, "at": 1735504544.890176}
{"obj": {"type": "LogStrings", "path": ["monitoring", "6db5bd8a", "stderr"], "values": [{"value": "return F_t.normalize(tensor, mean=mean, std=std, inplace=inplace)", "step": null, "ts": 1735504544.890229}]}, "version": 55, "at": 1735504544.890241}
{"obj": {"type": "LogStrings", "path": ["monitoring", "6db5bd8a", "stderr"], "values": [{"value": "\n", "step": null, "ts": 1735504544.890294}]}, "version": 56, "at": 1735504544.890305}
{"obj": {"type": "LogStrings", "path": ["monitoring", "6db5bd8a", "stderr"], "values": [{"value": "  File \"/Users/erwan/miniconda3/envs/segmentation_env/lib/python3.10/site-packages/torchvision/transforms/_functional_tensor.py\", line 926, in normalize\n", "step": null, "ts": 1735504544.890357}]}, "version": 57, "at": 1735504544.890368}
{"obj": {"type": "LogStrings", "path": ["monitoring", "6db5bd8a", "stderr"], "values": [{"value": "    ", "step": null, "ts": 1735504544.890421}]}, "version": 58, "at": 1735504544.890433}
{"obj": {"type": "LogStrings", "path": ["monitoring", "6db5bd8a", "stderr"], "values": [{"value": "return tensor.sub_(mean).div_(std)", "step": null, "ts": 1735504544.890485}]}, "version": 59, "at": 1735504544.890496}
{"obj": {"type": "LogStrings", "path": ["monitoring", "6db5bd8a", "stderr"], "values": [{"value": "\n", "step": null, "ts": 1735504544.890549}]}, "version": 60, "at": 1735504544.890561}
{"obj": {"type": "LogStrings", "path": ["monitoring", "6db5bd8a", "stderr"], "values": [{"value": "RuntimeError", "step": null, "ts": 1735504544.890614}]}, "version": 61, "at": 1735504544.890625}
{"obj": {"type": "LogStrings", "path": ["monitoring", "6db5bd8a", "stderr"], "values": [{"value": ": ", "step": null, "ts": 1735504544.890678}]}, "version": 62, "at": 1735504544.8906891}
{"obj": {"type": "LogStrings", "path": ["monitoring", "6db5bd8a", "stderr"], "values": [{"value": "The size of tensor a (4) must match the size of tensor b (3) at non-singleton dimension 1", "step": null, "ts": 1735504544.890741}]}, "version": 63, "at": 1735504544.890752}
{"obj": {"type": "LogStrings", "path": ["monitoring", "6db5bd8a", "stderr"], "values": [{"value": "\n", "step": null, "ts": 1735504544.890804}]}, "version": 64, "at": 1735504544.890815}
