{"obj": {"type": "AssignString", "path": ["sys", "name"], "value": "Untitled"}, "version": 1, "at": 1735503992.286125}
{"obj": {"type": "AssignString", "path": ["sys", "description"], "value": ""}, "version": 2, "at": 1735503992.286326}
{"obj": {"type": "AssignString", "path": ["monitoring", "a6b1d233", "hostname"], "value": "Admins-MacBook-Pro.local"}, "version": 3, "at": 1735503992.286419}
{"obj": {"type": "AssignString", "path": ["sys", "hostname"], "value": "Admins-MacBook-Pro.local"}, "version": 4, "at": 1735503992.286491}
{"obj": {"type": "AssignString", "path": ["monitoring", "a6b1d233", "pid"], "value": "22674"}, "version": 5, "at": 1735503992.286561}
{"obj": {"type": "AssignString", "path": ["monitoring", "a6b1d233", "tid"], "value": "4471381440"}, "version": 6, "at": 1735503992.28663}
{"obj": {"type": "AssignBool", "path": ["sys", "failed"], "value": false}, "version": 7, "at": 1735503992.286724}
{"obj": {"type": "ClearStringLog", "path": ["monitoring", "a6b1d233", "stdout"]}, "version": 8, "at": 1735503992.286829}
{"obj": {"type": "ClearStringLog", "path": ["monitoring", "a6b1d233", "stderr"]}, "version": 9, "at": 1735503992.286889}
{"obj": {"type": "AssignString", "path": ["source_code", "entrypoint"], "value": "train.py"}, "version": 10, "at": 1735503992.2874172}
{"obj": {"type": "UploadFileSet", "path": ["source_code", "files"], "file_globs": ["/Users/erwan/Workspace/WSS-UIC/train_vgg_resnet/train.py"], "reset": "False"}, "version": 11, "at": 1735503992.28751}
{"obj": {"type": "UploadFile", "path": ["source_code", "diff"], "ext": "patch", "file_path": null, "tmp_file_name": "source_code_diff-1735503992.465079-2024-12-29_21.26.32.465079.patch", "clean_after_upload": false}, "version": 12, "at": 1735503992.465473}
{"obj": {"type": "ConfigFloatSeries", "path": ["monitoring", "a6b1d233", "cpu"], "min": 0.0, "max": 100.0, "unit": "%"}, "version": 13, "at": 1735503992.469812}
{"obj": {"type": "ClearFloatLog", "path": ["monitoring", "a6b1d233", "cpu"]}, "version": 14, "at": 1735503992.469889}
{"obj": {"type": "ConfigFloatSeries", "path": ["monitoring", "a6b1d233", "memory"], "min": 0.0, "max": 16.0, "unit": "GB"}, "version": 15, "at": 1735503992.469986}
{"obj": {"type": "ClearFloatLog", "path": ["monitoring", "a6b1d233", "memory"]}, "version": 16, "at": 1735503992.4700239}
{"obj": {"type": "LogStrings", "path": ["monitoring", "a6b1d233", "stderr"], "values": [{"value": "[neptune] [warning] /Users/erwan/Workspace/WSS-UIC/train_vgg_resnet/train.py:46: NeptuneWarning: Info (NVML): NVML Shared Library Not Found. GPU usage metrics may not be reported. For more information, see https://docs.neptune.ai/help/nvml_error/\n", "step": null, "ts": 1735503992.470224}]}, "version": 17, "at": 1735503992.470284}
{"obj": {"type": "LogFloats", "path": ["monitoring", "a6b1d233", "memory"], "values": [{"value": 9.586814880371094, "step": null, "ts": 1735503992.4703948}]}, "version": 18, "at": 1735503992.4705741}
{"obj": {"type": "AssignString", "path": ["config", "optimizer"], "value": "Adam"}, "version": 19, "at": 1735503992.4708328}
{"obj": {"type": "LogStrings", "path": ["monitoring", "a6b1d233", "stdout"], "values": [{"value": "ici la ", "step": null, "ts": 1735503992.471314}]}, "version": 20, "at": 1735503992.471342}
{"obj": {"type": "LogStrings", "path": ["monitoring", "a6b1d233", "stdout"], "values": [{"value": "\n", "step": null, "ts": 1735503992.4714398}]}, "version": 21, "at": 1735503992.471457}
{"obj": {"type": "LogStrings", "path": ["monitoring", "a6b1d233", "stderr"], "values": [{"value": "\r  0%|                                                                                                                                                                                 | 0/2 [00:00<?, ?it/s]", "step": null, "ts": 1735503992.48209}]}, "version": 22, "at": 1735503992.482827}
{"obj": {"type": "LogStrings", "path": ["monitoring", "a6b1d233", "stdout"], "values": [{"value": "dqsdqs", "step": null, "ts": 1735503992.486974}]}, "version": 23, "at": 1735503992.487023}
{"obj": {"type": "LogStrings", "path": ["monitoring", "a6b1d233", "stdout"], "values": [{"value": "\n", "step": null, "ts": 1735503992.488019}]}, "version": 24, "at": 1735503992.488061}
{"obj": {"type": "LogStrings", "path": ["monitoring", "a6b1d233", "stderr"], "values": [{"value": "", "step": null, "ts": 1735503995.1450748}]}, "version": 25, "at": 1735503995.145225}
{"obj": {"type": "LogStrings", "path": ["monitoring", "a6b1d233", "stderr"], "values": [{"value": "\r  0%|                                                                                                                                                                                 | 0/2 [00:02<?, ?it/s]", "step": null, "ts": 1735503995.145569}]}, "version": 26, "at": 1735503995.145602}
{"obj": {"type": "LogStrings", "path": ["monitoring", "a6b1d233", "stderr"], "values": [{"value": "\n", "step": null, "ts": 1735503995.145928}]}, "version": 27, "at": 1735503995.145961}
{"obj": {"type": "LogStrings", "path": ["monitoring", "a6b1d233", "traceback"], "values": [{"value": "An uncaught exception occurred while run was active on worker Admins-MacBook-Pro.local.", "step": null, "ts": 1735503995.147732}, {"value": "Marking run as failed", "step": null, "ts": 1735503995.147732}, {"value": "Traceback:", "step": null, "ts": 1735503995.147732}, {"value": "  File \"/Users/erwan/Workspace/WSS-UIC/train_vgg_resnet/train.py\", line 125, in <module>\n    train(\n", "step": null, "ts": 1735503995.147732}, {"value": "  File \"/Users/erwan/Workspace/WSS-UIC/train_vgg_resnet/train.py\", line 64, in train\n    for batch in train_dl:\n", "step": null, "ts": 1735503995.147732}, {"value": "  File \"/Users/erwan/miniconda3/envs/segmentation_env/lib/python3.10/site-packages/torch/utils/data/dataloader.py\", line 631, in __next__\n    data = self._next_data()\n", "step": null, "ts": 1735503995.147732}, {"value": "  File \"/Users/erwan/miniconda3/envs/segmentation_env/lib/python3.10/site-packages/torch/utils/data/dataloader.py\", line 1329, in _next_data\n    idx, data = self._get_data()\n", "step": null, "ts": 1735503995.147732}, {"value": "  File \"/Users/erwan/miniconda3/envs/segmentation_env/lib/python3.10/site-packages/torch/utils/data/dataloader.py\", line 1295, in _get_data\n    success, data = self._try_get_data()\n", "step": null, "ts": 1735503995.147732}, {"value": "  File \"/Users/erwan/miniconda3/envs/segmentation_env/lib/python3.10/site-packages/torch/utils/data/dataloader.py\", line 1133, in _try_get_data\n    data = self._data_queue.get(timeout=timeout)\n", "step": null, "ts": 1735503995.147732}, {"value": "  File \"/Users/erwan/miniconda3/envs/segmentation_env/lib/python3.10/multiprocessing/queues.py\", line 113, in get\n    if not self._poll(timeout):\n", "step": null, "ts": 1735503995.147732}]}, "version": 28, "at": 1735503995.147799}
{"obj": {"type": "LogStrings", "path": ["monitoring", "a6b1d233", "traceback"], "values": [{"value": "  File \"/Users/erwan/miniconda3/envs/segmentation_env/lib/python3.10/multiprocessing/connection.py\", line 262, in poll\n    return self._poll(timeout)\n", "step": null, "ts": 1735503995.147732}, {"value": "  File \"/Users/erwan/miniconda3/envs/segmentation_env/lib/python3.10/multiprocessing/connection.py\", line 429, in _poll\n    r = wait([self], timeout)\n", "step": null, "ts": 1735503995.147732}, {"value": "  File \"/Users/erwan/miniconda3/envs/segmentation_env/lib/python3.10/multiprocessing/connection.py\", line 936, in wait\n    ready = selector.select(timeout)\n", "step": null, "ts": 1735503995.147732}, {"value": "  File \"/Users/erwan/miniconda3/envs/segmentation_env/lib/python3.10/selectors.py\", line 416, in select\n    fd_event_list = self._selector.poll(timeout)\n", "step": null, "ts": 1735503995.147732}, {"value": "", "step": null, "ts": 1735503995.147732}]}, "version": 29, "at": 1735503995.147926}
{"obj": {"type": "AssignBool", "path": ["sys", "failed"], "value": true}, "version": 30, "at": 1735503995.148082}
{"obj": {"type": "LogStrings", "path": ["monitoring", "a6b1d233", "stderr"], "values": [{"value": "Traceback (most recent call last):\n", "step": null, "ts": 1735503995.148322}]}, "version": 31, "at": 1735503995.148353}
{"obj": {"type": "LogStrings", "path": ["monitoring", "a6b1d233", "stderr"], "values": [{"value": "  File \"/Users/erwan/Workspace/WSS-UIC/train_vgg_resnet/train.py\", line 125, in <module>\n", "step": null, "ts": 1735503995.148819}]}, "version": 32, "at": 1735503995.148851}
{"obj": {"type": "LogStrings", "path": ["monitoring", "a6b1d233", "stderr"], "values": [{"value": "    ", "step": null, "ts": 1735503995.149049}]}, "version": 33, "at": 1735503995.149079}
{"obj": {"type": "LogStrings", "path": ["monitoring", "a6b1d233", "stderr"], "values": [{"value": "train(", "step": null, "ts": 1735503995.149235}]}, "version": 34, "at": 1735503995.1492622}
{"obj": {"type": "LogStrings", "path": ["monitoring", "a6b1d233", "stderr"], "values": [{"value": "\n", "step": null, "ts": 1735503995.149375}]}, "version": 35, "at": 1735503995.149399}
{"obj": {"type": "LogStrings", "path": ["monitoring", "a6b1d233", "stderr"], "values": [{"value": "  File \"/Users/erwan/Workspace/WSS-UIC/train_vgg_resnet/train.py\", line 64, in train\n", "step": null, "ts": 1735503995.1497679}]}, "version": 36, "at": 1735503995.149795}
{"obj": {"type": "LogStrings", "path": ["monitoring", "a6b1d233", "stderr"], "values": [{"value": "    ", "step": null, "ts": 1735503995.150034}]}, "version": 37, "at": 1735503995.150095}
{"obj": {"type": "LogStrings", "path": ["monitoring", "a6b1d233", "stderr"], "values": [{"value": "for batch in train_dl:", "step": null, "ts": 1735503995.150676}]}, "version": 38, "at": 1735503995.15074}
{"obj": {"type": "LogStrings", "path": ["monitoring", "a6b1d233", "stderr"], "values": [{"value": "\n", "step": null, "ts": 1735503995.151444}]}, "version": 39, "at": 1735503995.151513}
{"obj": {"type": "LogStrings", "path": ["monitoring", "a6b1d233", "stderr"], "values": [{"value": "  File \"/Users/erwan/miniconda3/envs/segmentation_env/lib/python3.10/site-packages/torch/utils/data/dataloader.py\", line 631, in __next__\n", "step": null, "ts": 1735503995.151999}]}, "version": 40, "at": 1735503995.15204}
{"obj": {"type": "LogStrings", "path": ["monitoring", "a6b1d233", "stderr"], "values": [{"value": "    ", "step": null, "ts": 1735503995.152593}]}, "version": 41, "at": 1735503995.152629}
{"obj": {"type": "LogStrings", "path": ["monitoring", "a6b1d233", "stderr"], "values": [{"value": "data = self._next_data()", "step": null, "ts": 1735503995.153392}]}, "version": 42, "at": 1735503995.153427}
{"obj": {"type": "LogStrings", "path": ["monitoring", "a6b1d233", "stderr"], "values": [{"value": "\n", "step": null, "ts": 1735503995.1536052}]}, "version": 43, "at": 1735503995.153631}
{"obj": {"type": "LogStrings", "path": ["monitoring", "a6b1d233", "stderr"], "values": [{"value": "  File \"/Users/erwan/miniconda3/envs/segmentation_env/lib/python3.10/site-packages/torch/utils/data/dataloader.py\", line 1329, in _next_data\n", "step": null, "ts": 1735503995.153766}]}, "version": 44, "at": 1735503995.153792}
{"obj": {"type": "LogStrings", "path": ["monitoring", "a6b1d233", "stderr"], "values": [{"value": "    ", "step": null, "ts": 1735503995.154112}]}, "version": 45, "at": 1735503995.154141}
{"obj": {"type": "LogStrings", "path": ["monitoring", "a6b1d233", "stderr"], "values": [{"value": "idx, data = self._get_data()", "step": null, "ts": 1735503995.154785}]}, "version": 46, "at": 1735503995.154818}
{"obj": {"type": "LogStrings", "path": ["monitoring", "a6b1d233", "stderr"], "values": [{"value": "\n", "step": null, "ts": 1735503995.155159}]}, "version": 47, "at": 1735503995.155191}
{"obj": {"type": "LogStrings", "path": ["monitoring", "a6b1d233", "stderr"], "values": [{"value": "  File \"/Users/erwan/miniconda3/envs/segmentation_env/lib/python3.10/site-packages/torch/utils/data/dataloader.py\", line 1295, in _get_data\n", "step": null, "ts": 1735503995.155524}]}, "version": 48, "at": 1735503995.155904}
{"obj": {"type": "LogStrings", "path": ["monitoring", "a6b1d233", "stderr"], "values": [{"value": "    ", "step": null, "ts": 1735503995.157005}]}, "version": 49, "at": 1735503995.157082}
{"obj": {"type": "LogStrings", "path": ["monitoring", "a6b1d233", "stdout"], "values": [{"value": "[neptune] [info   ] Shutting down background jobs, please wait a moment...\n", "step": null, "ts": 1735503995.162132}]}, "version": 50, "at": 1735503995.162394}
{"obj": {"type": "LogStrings", "path": ["monitoring", "a6b1d233", "stderr"], "values": [{"value": "success, data = self._try_get_data()", "step": null, "ts": 1735503995.162994}]}, "version": 51, "at": 1735503995.163114}
{"obj": {"type": "LogStrings", "path": ["monitoring", "a6b1d233", "stderr"], "values": [{"value": "\n", "step": null, "ts": 1735503995.163409}]}, "version": 52, "at": 1735503995.163446}
{"obj": {"type": "LogStrings", "path": ["monitoring", "a6b1d233", "stderr"], "values": [{"value": "  File \"/Users/erwan/miniconda3/envs/segmentation_env/lib/python3.10/site-packages/torch/utils/data/dataloader.py\", line 1133, in _try_get_data\n", "step": null, "ts": 1735503995.163585}]}, "version": 53, "at": 1735503995.163611}
{"obj": {"type": "LogStrings", "path": ["monitoring", "a6b1d233", "stderr"], "values": [{"value": "    ", "step": null, "ts": 1735503995.16372}]}, "version": 54, "at": 1735503995.1637409}
{"obj": {"type": "LogStrings", "path": ["monitoring", "a6b1d233", "stderr"], "values": [{"value": "data = self._data_queue.get(timeout=timeout)", "step": null, "ts": 1735503995.163842}]}, "version": 55, "at": 1735503995.163861}
{"obj": {"type": "LogStrings", "path": ["monitoring", "a6b1d233", "stderr"], "values": [{"value": "\n", "step": null, "ts": 1735503995.16395}]}, "version": 56, "at": 1735503995.1639712}
{"obj": {"type": "LogStrings", "path": ["monitoring", "a6b1d233", "stderr"], "values": [{"value": "  File \"/Users/erwan/miniconda3/envs/segmentation_env/lib/python3.10/multiprocessing/queues.py\", line 113, in get\n", "step": null, "ts": 1735503995.164057}]}, "version": 57, "at": 1735503995.164076}
{"obj": {"type": "LogStrings", "path": ["monitoring", "a6b1d233", "stderr"], "values": [{"value": "    ", "step": null, "ts": 1735503995.164178}]}, "version": 58, "at": 1735503995.1641972}
{"obj": {"type": "LogStrings", "path": ["monitoring", "a6b1d233", "stderr"], "values": [{"value": "if not self._poll(timeout):", "step": null, "ts": 1735503995.1643891}]}, "version": 59, "at": 1735503995.16441}
{"obj": {"type": "LogStrings", "path": ["monitoring", "a6b1d233", "stderr"], "values": [{"value": "\n", "step": null, "ts": 1735503995.1645281}]}, "version": 60, "at": 1735503995.164547}
{"obj": {"type": "LogStrings", "path": ["monitoring", "a6b1d233", "stderr"], "values": [{"value": "  File \"/Users/erwan/miniconda3/envs/segmentation_env/lib/python3.10/multiprocessing/connection.py\", line 262, in poll\n", "step": null, "ts": 1735503995.164632}]}, "version": 61, "at": 1735503995.164664}
{"obj": {"type": "LogStrings", "path": ["monitoring", "a6b1d233", "stderr"], "values": [{"value": "    ", "step": null, "ts": 1735503995.1647592}]}, "version": 62, "at": 1735503995.164778}
{"obj": {"type": "LogStrings", "path": ["monitoring", "a6b1d233", "stderr"], "values": [{"value": "return self._poll(timeout)", "step": null, "ts": 1735503995.164868}]}, "version": 63, "at": 1735503995.164886}
{"obj": {"type": "LogStrings", "path": ["monitoring", "a6b1d233", "stderr"], "values": [{"value": "\n", "step": null, "ts": 1735503995.164978}]}, "version": 64, "at": 1735503995.1649978}
{"obj": {"type": "LogStrings", "path": ["monitoring", "a6b1d233", "stderr"], "values": [{"value": "  File \"/Users/erwan/miniconda3/envs/segmentation_env/lib/python3.10/multiprocessing/connection.py\", line 429, in _poll\n", "step": null, "ts": 1735503995.165091}]}, "version": 65, "at": 1735503995.16511}
{"obj": {"type": "LogStrings", "path": ["monitoring", "a6b1d233", "stderr"], "values": [{"value": "    ", "step": null, "ts": 1735503995.165205}]}, "version": 66, "at": 1735503995.165225}
{"obj": {"type": "LogStrings", "path": ["monitoring", "a6b1d233", "stderr"], "values": [{"value": "r = wait([self], timeout)", "step": null, "ts": 1735503995.1653178}]}, "version": 67, "at": 1735503995.165351}
{"obj": {"type": "LogStrings", "path": ["monitoring", "a6b1d233", "stderr"], "values": [{"value": "\n", "step": null, "ts": 1735503995.165524}]}, "version": 68, "at": 1735503995.165549}
{"obj": {"type": "LogStrings", "path": ["monitoring", "a6b1d233", "stderr"], "values": [{"value": "  File \"/Users/erwan/miniconda3/envs/segmentation_env/lib/python3.10/multiprocessing/connection.py\", line 936, in wait\n", "step": null, "ts": 1735503995.1656268}]}, "version": 69, "at": 1735503995.165648}
{"obj": {"type": "LogStrings", "path": ["monitoring", "a6b1d233", "stderr"], "values": [{"value": "    ", "step": null, "ts": 1735503995.1657448}]}, "version": 70, "at": 1735503995.165768}
{"obj": {"type": "LogStrings", "path": ["monitoring", "a6b1d233", "stderr"], "values": [{"value": "ready = selector.select(timeout)", "step": null, "ts": 1735503995.165865}]}, "version": 71, "at": 1735503995.1658869}
{"obj": {"type": "LogStrings", "path": ["monitoring", "a6b1d233", "stderr"], "values": [{"value": "\n", "step": null, "ts": 1735503995.165984}]}, "version": 72, "at": 1735503995.166006}
{"obj": {"type": "LogStrings", "path": ["monitoring", "a6b1d233", "stderr"], "values": [{"value": "  File \"/Users/erwan/miniconda3/envs/segmentation_env/lib/python3.10/selectors.py\", line 416, in select\n", "step": null, "ts": 1735503995.166101}]}, "version": 73, "at": 1735503995.166124}
{"obj": {"type": "LogStrings", "path": ["monitoring", "a6b1d233", "stderr"], "values": [{"value": "    ", "step": null, "ts": 1735503995.1662211}]}, "version": 74, "at": 1735503995.166244}
{"obj": {"type": "LogStrings", "path": ["monitoring", "a6b1d233", "stderr"], "values": [{"value": "fd_event_list = self._selector.poll(timeout)", "step": null, "ts": 1735503995.166358}]}, "version": 75, "at": 1735503995.166395}
{"obj": {"type": "LogStrings", "path": ["monitoring", "a6b1d233", "stderr"], "values": [{"value": "\n", "step": null, "ts": 1735503995.166537}]}, "version": 76, "at": 1735503995.166563}
{"obj": {"type": "LogStrings", "path": ["monitoring", "a6b1d233", "stderr"], "values": [{"value": "KeyboardInterrupt", "step": null, "ts": 1735503995.166671}]}, "version": 77, "at": 1735503995.1666949}
{"obj": {"type": "LogStrings", "path": ["monitoring", "a6b1d233", "stderr"], "values": [{"value": "", "step": null, "ts": 1735503995.166799}]}, "version": 78, "at": 1735503995.166822}
{"obj": {"type": "LogStrings", "path": ["monitoring", "a6b1d233", "stderr"], "values": [{"value": "\n", "step": null, "ts": 1735503995.166921}]}, "version": 79, "at": 1735503995.166944}
