{"obj": {"type": "AssignString", "path": ["sys", "name"], "value": "Untitled"}, "version": 1, "at": 1735504168.882}
{"obj": {"type": "AssignString", "path": ["sys", "description"], "value": ""}, "version": 2, "at": 1735504168.882344}
{"obj": {"type": "AssignString", "path": ["monitoring", "236ab775", "hostname"], "value": "Admins-MacBook-Pro.local"}, "version": 3, "at": 1735504168.8825212}
{"obj": {"type": "AssignString", "path": ["sys", "hostname"], "value": "Admins-MacBook-Pro.local"}, "version": 4, "at": 1735504168.882847}
{"obj": {"type": "AssignString", "path": ["monitoring", "236ab775", "pid"], "value": "22822"}, "version": 5, "at": 1735504168.883008}
{"obj": {"type": "AssignString", "path": ["monitoring", "236ab775", "tid"], "value": "4692336064"}, "version": 6, "at": 1735504168.8831549}
{"obj": {"type": "AssignBool", "path": ["sys", "failed"], "value": false}, "version": 7, "at": 1735504168.8833349}
{"obj": {"type": "ClearStringLog", "path": ["monitoring", "236ab775", "stdout"]}, "version": 8, "at": 1735504168.883589}
{"obj": {"type": "ClearStringLog", "path": ["monitoring", "236ab775", "stderr"]}, "version": 9, "at": 1735504168.883713}
{"obj": {"type": "AssignString", "path": ["source_code", "entrypoint"], "value": "train.py"}, "version": 10, "at": 1735504168.88465}
{"obj": {"type": "UploadFileSet", "path": ["source_code", "files"], "file_globs": ["/Users/erwan/Workspace/WSS-UIC/train_vgg_resnet/train.py"], "reset": "False"}, "version": 11, "at": 1735504168.884827}
{"obj": {"type": "UploadFile", "path": ["source_code", "diff"], "ext": "patch", "file_path": null, "tmp_file_name": "source_code_diff-1735504169.200174-2024-12-29_21.29.29.200174.patch", "clean_after_upload": false}, "version": 12, "at": 1735504169.200644}
{"obj": {"type": "ConfigFloatSeries", "path": ["monitoring", "236ab775", "cpu"], "min": 0.0, "max": 100.0, "unit": "%"}, "version": 13, "at": 1735504169.208341}
{"obj": {"type": "ClearFloatLog", "path": ["monitoring", "236ab775", "cpu"]}, "version": 14, "at": 1735504169.2084322}
{"obj": {"type": "ConfigFloatSeries", "path": ["monitoring", "236ab775", "memory"], "min": 0.0, "max": 16.0, "unit": "GB"}, "version": 15, "at": 1735504169.208574}
{"obj": {"type": "ClearFloatLog", "path": ["monitoring", "236ab775", "memory"]}, "version": 16, "at": 1735504169.208631}
{"obj": {"type": "LogFloats", "path": ["monitoring", "236ab775", "memory"], "values": [{"value": 9.57967758178711, "step": null, "ts": 1735504169.20885}]}, "version": 17, "at": 1735504169.2092621}
{"obj": {"type": "LogStrings", "path": ["monitoring", "236ab775", "stderr"], "values": [{"value": "[neptune] [warning] /Users/erwan/Workspace/WSS-UIC/train_vgg_resnet/train.py:46: NeptuneWarning: Info (NVML): NVML Shared Library Not Found. GPU usage metrics may not be reported. For more information, see https://docs.neptune.ai/help/nvml_error/\n", "step": null, "ts": 1735504169.209576}]}, "version": 18, "at": 1735504169.2096472}
{"obj": {"type": "AssignString", "path": ["config", "optimizer"], "value": "Adam"}, "version": 19, "at": 1735504169.21009}
{"obj": {"type": "LogStrings", "path": ["monitoring", "236ab775", "stdout"], "values": [{"value": "ici la ", "step": null, "ts": 1735504169.2118678}]}, "version": 20, "at": 1735504169.211914}
{"obj": {"type": "LogStrings", "path": ["monitoring", "236ab775", "stdout"], "values": [{"value": "\n", "step": null, "ts": 1735504169.212074}]}, "version": 21, "at": 1735504169.212099}
{"obj": {"type": "LogStrings", "path": ["monitoring", "236ab775", "stderr"], "values": [{"value": "\r  0%|                                                                                                                                                                                 | 0/2 [00:00<?, ?it/s]", "step": null, "ts": 1735504169.2189708}]}, "version": 22, "at": 1735504169.219262}
{"obj": {"type": "LogStrings", "path": ["monitoring", "236ab775", "stdout"], "values": [{"value": "dqsdqs", "step": null, "ts": 1735504169.222045}]}, "version": 23, "at": 1735504169.222089}
{"obj": {"type": "LogStrings", "path": ["monitoring", "236ab775", "stdout"], "values": [{"value": "\n", "step": null, "ts": 1735504169.222317}]}, "version": 24, "at": 1735504169.2223492}
{"obj": {"type": "LogStrings", "path": ["monitoring", "236ab775", "traceback"], "values": [{"value": "An uncaught exception occurred while run was active on worker Admins-MacBook-Pro.local.", "step": null, "ts": 1735504169.227028}, {"value": "Marking run as failed", "step": null, "ts": 1735504169.227028}, {"value": "Traceback:", "step": null, "ts": 1735504169.227028}, {"value": "  File \"<string>\", line 1, in <module>\n", "step": null, "ts": 1735504169.227028}, {"value": "  File \"/Users/erwan/miniconda3/envs/segmentation_env/lib/python3.10/multiprocessing/spawn.py\", line 116, in spawn_main\n    exitcode = _main(fd, parent_sentinel)\n", "step": null, "ts": 1735504169.227028}, {"value": "  File \"/Users/erwan/miniconda3/envs/segmentation_env/lib/python3.10/multiprocessing/spawn.py\", line 125, in _main\n    prepare(preparation_data)\n", "step": null, "ts": 1735504169.227028}, {"value": "  File \"/Users/erwan/miniconda3/envs/segmentation_env/lib/python3.10/multiprocessing/spawn.py\", line 236, in prepare\n    _fixup_main_from_path(data['init_main_from_path'])\n", "step": null, "ts": 1735504169.227028}, {"value": "  File \"/Users/erwan/miniconda3/envs/segmentation_env/lib/python3.10/multiprocessing/spawn.py\", line 287, in _fixup_main_from_path\n    main_content = runpy.run_path(main_path,\n", "step": null, "ts": 1735504169.227028}, {"value": "  File \"/Users/erwan/miniconda3/envs/segmentation_env/lib/python3.10/runpy.py\", line 269, in run_path\n    return _run_module_code(code, init_globals, run_name,\n", "step": null, "ts": 1735504169.227028}, {"value": "  File \"/Users/erwan/miniconda3/envs/segmentation_env/lib/python3.10/runpy.py\", line 96, in _run_module_code\n    _run_code(code, mod_globals, init_globals,\n", "step": null, "ts": 1735504169.227028}]}, "version": 25, "at": 1735504169.227139}
{"obj": {"type": "LogStrings", "path": ["monitoring", "236ab775", "traceback"], "values": [{"value": "  File \"/Users/erwan/miniconda3/envs/segmentation_env/lib/python3.10/runpy.py\", line 86, in _run_code\n    exec(code, run_globals)\n", "step": null, "ts": 1735504169.227028}, {"value": "  File \"/Users/erwan/Workspace/WSS-UIC/train_vgg_resnet/train.py\", line 126, in <module>\n    train(\n", "step": null, "ts": 1735504169.227028}, {"value": "  File \"/Users/erwan/Workspace/WSS-UIC/train_vgg_resnet/train.py\", line 64, in train\n    for batch in train_dl:\n", "step": null, "ts": 1735504169.227028}, {"value": "  File \"/Users/erwan/miniconda3/envs/segmentation_env/lib/python3.10/site-packages/torch/utils/data/dataloader.py\", line 439, in __iter__\n    return self._get_iterator()\n", "step": null, "ts": 1735504169.227028}, {"value": "  File \"/Users/erwan/miniconda3/envs/segmentation_env/lib/python3.10/site-packages/torch/utils/data/dataloader.py\", line 387, in _get_iterator\n    return _MultiProcessingDataLoaderIter(self)\n", "step": null, "ts": 1735504169.227028}, {"value": "  File \"/Users/erwan/miniconda3/envs/segmentation_env/lib/python3.10/site-packages/torch/utils/data/dataloader.py\", line 1040, in __init__\n    w.start()\n", "step": null, "ts": 1735504169.227028}, {"value": "  File \"/Users/erwan/miniconda3/envs/segmentation_env/lib/python3.10/multiprocessing/process.py\", line 121, in start\n    self._popen = self._Popen(self)\n", "step": null, "ts": 1735504169.227028}, {"value": "  File \"/Users/erwan/miniconda3/envs/segmentation_env/lib/python3.10/multiprocessing/context.py\", line 224, in _Popen\n    return _default_context.get_context().Process._Popen(process_obj)\n", "step": null, "ts": 1735504169.227028}, {"value": "  File \"/Users/erwan/miniconda3/envs/segmentation_env/lib/python3.10/multiprocessing/context.py\", line 284, in _Popen\n    return Popen(process_obj)\n", "step": null, "ts": 1735504169.227028}, {"value": "  File \"/Users/erwan/miniconda3/envs/segmentation_env/lib/python3.10/multiprocessing/popen_spawn_posix.py\", line 32, in __init__\n    super().__init__(process_obj)\n", "step": null, "ts": 1735504169.227028}]}, "version": 26, "at": 1735504169.227263}
{"obj": {"type": "LogStrings", "path": ["monitoring", "236ab775", "traceback"], "values": [{"value": "  File \"/Users/erwan/miniconda3/envs/segmentation_env/lib/python3.10/multiprocessing/popen_fork.py\", line 19, in __init__\n    self._launch(process_obj)\n", "step": null, "ts": 1735504169.227028}, {"value": "  File \"/Users/erwan/miniconda3/envs/segmentation_env/lib/python3.10/multiprocessing/popen_spawn_posix.py\", line 42, in _launch\n    prep_data = spawn.get_preparation_data(process_obj._name)\n", "step": null, "ts": 1735504169.227028}, {"value": "  File \"/Users/erwan/miniconda3/envs/segmentation_env/lib/python3.10/multiprocessing/spawn.py\", line 154, in get_preparation_data\n    _check_not_importing_main()\n", "step": null, "ts": 1735504169.227028}, {"value": "  File \"/Users/erwan/miniconda3/envs/segmentation_env/lib/python3.10/multiprocessing/spawn.py\", line 134, in _check_not_importing_main\n    raise RuntimeError('''\n", "step": null, "ts": 1735504169.227028}, {"value": "", "step": null, "ts": 1735504169.227028}, {"value": "        An attempt has been made to start a new process before the", "step": null, "ts": 1735504169.227028}, {"value": "        current process has finished its bootstrapping phase.", "step": null, "ts": 1735504169.227028}, {"value": "", "step": null, "ts": 1735504169.227028}, {"value": "        This probably means that you are not using fork to start your", "step": null, "ts": 1735504169.227028}, {"value": "        child processes and you have forgotten to use the proper idiom", "step": null, "ts": 1735504169.227028}]}, "version": 27, "at": 1735504169.22752}
{"obj": {"type": "LogStrings", "path": ["monitoring", "236ab775", "traceback"], "values": [{"value": "        in the main module:", "step": null, "ts": 1735504169.227028}, {"value": "", "step": null, "ts": 1735504169.227028}, {"value": "            if __name__ == '__main__':", "step": null, "ts": 1735504169.227028}, {"value": "                freeze_support()", "step": null, "ts": 1735504169.227028}, {"value": "                ...", "step": null, "ts": 1735504169.227028}, {"value": "", "step": null, "ts": 1735504169.227028}, {"value": "        The \"freeze_support()\" line can be omitted if the program", "step": null, "ts": 1735504169.227028}, {"value": "        is not going to be frozen to produce an executable.", "step": null, "ts": 1735504169.227028}]}, "version": 28, "at": 1735504169.2276428}
{"obj": {"type": "AssignBool", "path": ["sys", "failed"], "value": true}, "version": 29, "at": 1735504169.227851}
{"obj": {"type": "LogStrings", "path": ["monitoring", "236ab775", "stderr"], "values": [{"value": "", "step": null, "ts": 1735504169.228982}]}, "version": 30, "at": 1735504169.229101}
{"obj": {"type": "LogStrings", "path": ["monitoring", "236ab775", "stderr"], "values": [{"value": "\r  0%|                                                                                                                                                                                 | 0/2 [00:00<?, ?it/s]", "step": null, "ts": 1735504169.229395}]}, "version": 31, "at": 1735504169.229443}
{"obj": {"type": "LogStrings", "path": ["monitoring", "236ab775", "stderr"], "values": [{"value": "\n", "step": null, "ts": 1735504169.229653}]}, "version": 32, "at": 1735504169.229694}
{"obj": {"type": "LogStrings", "path": ["monitoring", "236ab775", "stderr"], "values": [{"value": "Traceback (most recent call last):\n", "step": null, "ts": 1735504169.229862}]}, "version": 33, "at": 1735504169.229894}
{"obj": {"type": "LogStrings", "path": ["monitoring", "236ab775", "stderr"], "values": [{"value": "  File \"<string>\", line 1, in <module>\n", "step": null, "ts": 1735504169.230072}]}, "version": 34, "at": 1735504169.230111}
{"obj": {"type": "LogStrings", "path": ["monitoring", "236ab775", "stderr"], "values": [{"value": "  File \"/Users/erwan/miniconda3/envs/segmentation_env/lib/python3.10/multiprocessing/spawn.py\", line 116, in spawn_main\n", "step": null, "ts": 1735504169.230342}]}, "version": 35, "at": 1735504169.2304058}
{"obj": {"type": "LogStrings", "path": ["monitoring", "236ab775", "stderr"], "values": [{"value": "    ", "step": null, "ts": 1735504169.2307541}]}, "version": 36, "at": 1735504169.230847}
{"obj": {"type": "LogStrings", "path": ["monitoring", "236ab775", "stderr"], "values": [{"value": "exitcode = _main(fd, parent_sentinel)", "step": null, "ts": 1735504169.2314198}]}, "version": 37, "at": 1735504169.231497}
{"obj": {"type": "LogStrings", "path": ["monitoring", "236ab775", "stderr"], "values": [{"value": "\n", "step": null, "ts": 1735504169.23184}]}, "version": 38, "at": 1735504169.231915}
{"obj": {"type": "LogStrings", "path": ["monitoring", "236ab775", "stderr"], "values": [{"value": "  File \"/Users/erwan/miniconda3/envs/segmentation_env/lib/python3.10/multiprocessing/spawn.py\", line 125, in _main\n", "step": null, "ts": 1735504169.235404}]}, "version": 39, "at": 1735504169.235452}
{"obj": {"type": "LogStrings", "path": ["monitoring", "236ab775", "stderr"], "values": [{"value": "    ", "step": null, "ts": 1735504169.235598}]}, "version": 40, "at": 1735504169.2356281}
{"obj": {"type": "LogStrings", "path": ["monitoring", "236ab775", "stderr"], "values": [{"value": "prepare(preparation_data)", "step": null, "ts": 1735504169.235747}]}, "version": 41, "at": 1735504169.2357728}
{"obj": {"type": "LogStrings", "path": ["monitoring", "236ab775", "stderr"], "values": [{"value": "\n", "step": null, "ts": 1735504169.235925}]}, "version": 42, "at": 1735504169.2359722}
{"obj": {"type": "LogStrings", "path": ["monitoring", "236ab775", "stderr"], "values": [{"value": "  File \"/Users/erwan/miniconda3/envs/segmentation_env/lib/python3.10/multiprocessing/spawn.py\", line 236, in prepare\n", "step": null, "ts": 1735504169.236087}]}, "version": 43, "at": 1735504169.23611}
{"obj": {"type": "LogStrings", "path": ["monitoring", "236ab775", "stderr"], "values": [{"value": "    ", "step": null, "ts": 1735504169.236296}]}, "version": 44, "at": 1735504169.2363222}
{"obj": {"type": "LogStrings", "path": ["monitoring", "236ab775", "stderr"], "values": [{"value": "_fixup_main_from_path(data['init_main_from_path'])", "step": null, "ts": 1735504169.236494}]}, "version": 45, "at": 1735504169.2365172}
{"obj": {"type": "LogStrings", "path": ["monitoring", "236ab775", "stderr"], "values": [{"value": "\n", "step": null, "ts": 1735504169.236615}]}, "version": 46, "at": 1735504169.236638}
{"obj": {"type": "LogStrings", "path": ["monitoring", "236ab775", "stderr"], "values": [{"value": "  File \"/Users/erwan/miniconda3/envs/segmentation_env/lib/python3.10/multiprocessing/spawn.py\", line 287, in _fixup_main_from_path\n", "step": null, "ts": 1735504169.236768}]}, "version": 47, "at": 1735504169.236789}
{"obj": {"type": "LogStrings", "path": ["monitoring", "236ab775", "stderr"], "values": [{"value": "    ", "step": null, "ts": 1735504169.236879}]}, "version": 48, "at": 1735504169.236901}
{"obj": {"type": "LogStrings", "path": ["monitoring", "236ab775", "stderr"], "values": [{"value": "main_content = runpy.run_path(main_path,", "step": null, "ts": 1735504169.236992}]}, "version": 49, "at": 1735504169.237012}
{"obj": {"type": "LogStrings", "path": ["monitoring", "236ab775", "stderr"], "values": [{"value": "\n", "step": null, "ts": 1735504169.2371242}]}, "version": 50, "at": 1735504169.237144}
{"obj": {"type": "LogStrings", "path": ["monitoring", "236ab775", "stderr"], "values": [{"value": "  File \"/Users/erwan/miniconda3/envs/segmentation_env/lib/python3.10/runpy.py\", line 269, in run_path\n", "step": null, "ts": 1735504169.238158}]}, "version": 51, "at": 1735504169.238199}
{"obj": {"type": "LogStrings", "path": ["monitoring", "236ab775", "stderr"], "values": [{"value": "    ", "step": null, "ts": 1735504169.2383249}]}, "version": 52, "at": 1735504169.2383518}
{"obj": {"type": "LogStrings", "path": ["monitoring", "236ab775", "stderr"], "values": [{"value": "return _run_module_code(code, init_globals, run_name,", "step": null, "ts": 1735504169.238623}]}, "version": 53, "at": 1735504169.2386508}
{"obj": {"type": "LogStrings", "path": ["monitoring", "236ab775", "stderr"], "values": [{"value": "\n", "step": null, "ts": 1735504169.238765}]}, "version": 54, "at": 1735504169.2387898}
{"obj": {"type": "LogStrings", "path": ["monitoring", "236ab775", "stderr"], "values": [{"value": "  File \"/Users/erwan/miniconda3/envs/segmentation_env/lib/python3.10/runpy.py\", line 96, in _run_module_code\n", "step": null, "ts": 1735504169.238894}]}, "version": 55, "at": 1735504169.239168}
{"obj": {"type": "LogStrings", "path": ["monitoring", "236ab775", "stderr"], "values": [{"value": "    ", "step": null, "ts": 1735504169.2393}]}, "version": 56, "at": 1735504169.239326}
{"obj": {"type": "LogStrings", "path": ["monitoring", "236ab775", "stderr"], "values": [{"value": "_run_code(code, mod_globals, init_globals,", "step": null, "ts": 1735504169.23943}]}, "version": 57, "at": 1735504169.239452}
{"obj": {"type": "LogStrings", "path": ["monitoring", "236ab775", "stderr"], "values": [{"value": "\n", "step": null, "ts": 1735504169.239697}]}, "version": 58, "at": 1735504169.239723}
{"obj": {"type": "LogStrings", "path": ["monitoring", "236ab775", "stderr"], "values": [{"value": "  File \"/Users/erwan/miniconda3/envs/segmentation_env/lib/python3.10/runpy.py\", line 86, in _run_code\n", "step": null, "ts": 1735504169.23983}]}, "version": 59, "at": 1735504169.239854}
{"obj": {"type": "LogStrings", "path": ["monitoring", "236ab775", "stderr"], "values": [{"value": "    ", "step": null, "ts": 1735504169.239955}]}, "version": 60, "at": 1735504169.239976}
{"obj": {"type": "LogStrings", "path": ["monitoring", "236ab775", "stderr"], "values": [{"value": "exec(code, run_globals)", "step": null, "ts": 1735504169.240074}]}, "version": 61, "at": 1735504169.240094}
{"obj": {"type": "LogStrings", "path": ["monitoring", "236ab775", "stderr"], "values": [{"value": "\n", "step": null, "ts": 1735504169.240184}]}, "version": 62, "at": 1735504169.240206}
{"obj": {"type": "LogStrings", "path": ["monitoring", "236ab775", "stderr"], "values": [{"value": "  File \"/Users/erwan/Workspace/WSS-UIC/train_vgg_resnet/train.py\", line 126, in <module>\n", "step": null, "ts": 1735504169.2407522}]}, "version": 63, "at": 1735504169.240781}
{"obj": {"type": "LogStrings", "path": ["monitoring", "236ab775", "stderr"], "values": [{"value": "    ", "step": null, "ts": 1735504169.240897}]}, "version": 64, "at": 1735504169.2409222}
{"obj": {"type": "LogStrings", "path": ["monitoring", "236ab775", "stderr"], "values": [{"value": "train(", "step": null, "ts": 1735504169.241025}]}, "version": 65, "at": 1735504169.241048}
{"obj": {"type": "LogStrings", "path": ["monitoring", "236ab775", "stderr"], "values": [{"value": "\n", "step": null, "ts": 1735504169.241148}]}, "version": 66, "at": 1735504169.241171}
{"obj": {"type": "LogStrings", "path": ["monitoring", "236ab775", "stderr"], "values": [{"value": "  File \"/Users/erwan/Workspace/WSS-UIC/train_vgg_resnet/train.py\", line 64, in train\n", "step": null, "ts": 1735504169.24127}]}, "version": 67, "at": 1735504169.241292}
{"obj": {"type": "LogStrings", "path": ["monitoring", "236ab775", "stderr"], "values": [{"value": "    ", "step": null, "ts": 1735504169.2413912}]}, "version": 68, "at": 1735504169.241413}
{"obj": {"type": "LogStrings", "path": ["monitoring", "236ab775", "stderr"], "values": [{"value": "for batch in train_dl:", "step": null, "ts": 1735504169.241525}]}, "version": 69, "at": 1735504169.2416499}
{"obj": {"type": "LogStrings", "path": ["monitoring", "236ab775", "stderr"], "values": [{"value": "\n", "step": null, "ts": 1735504169.2418292}]}, "version": 70, "at": 1735504169.241853}
{"obj": {"type": "LogStrings", "path": ["monitoring", "236ab775", "stderr"], "values": [{"value": "  File \"/Users/erwan/miniconda3/envs/segmentation_env/lib/python3.10/site-packages/torch/utils/data/dataloader.py\", line 439, in __iter__\n", "step": null, "ts": 1735504169.2420568}]}, "version": 71, "at": 1735504169.242083}
{"obj": {"type": "LogStrings", "path": ["monitoring", "236ab775", "stderr"], "values": [{"value": "    ", "step": null, "ts": 1735504169.2432902}]}, "version": 72, "at": 1735504169.2433228}
{"obj": {"type": "LogStrings", "path": ["monitoring", "236ab775", "stderr"], "values": [{"value": "return self._get_iterator()", "step": null, "ts": 1735504169.243444}]}, "version": 73, "at": 1735504169.243469}
{"obj": {"type": "LogStrings", "path": ["monitoring", "236ab775", "stderr"], "values": [{"value": "\n", "step": null, "ts": 1735504169.243597}]}, "version": 74, "at": 1735504169.243621}
{"obj": {"type": "LogStrings", "path": ["monitoring", "236ab775", "stderr"], "values": [{"value": "  File \"/Users/erwan/miniconda3/envs/segmentation_env/lib/python3.10/site-packages/torch/utils/data/dataloader.py\", line 387, in _get_iterator\n", "step": null, "ts": 1735504169.2437189}]}, "version": 75, "at": 1735504169.243742}
{"obj": {"type": "LogStrings", "path": ["monitoring", "236ab775", "stderr"], "values": [{"value": "    ", "step": null, "ts": 1735504169.243841}]}, "version": 76, "at": 1735504169.243864}
{"obj": {"type": "LogStrings", "path": ["monitoring", "236ab775", "stderr"], "values": [{"value": "return _MultiProcessingDataLoaderIter(self)", "step": null, "ts": 1735504169.2439601}]}, "version": 77, "at": 1735504169.244025}
{"obj": {"type": "LogStrings", "path": ["monitoring", "236ab775", "stderr"], "values": [{"value": "\n", "step": null, "ts": 1735504169.244148}]}, "version": 78, "at": 1735504169.244173}
{"obj": {"type": "LogStrings", "path": ["monitoring", "236ab775", "stderr"], "values": [{"value": "  File \"/Users/erwan/miniconda3/envs/segmentation_env/lib/python3.10/site-packages/torch/utils/data/dataloader.py\", line 1040, in __init__\n", "step": null, "ts": 1735504169.244277}]}, "version": 79, "at": 1735504169.244301}
{"obj": {"type": "LogStrings", "path": ["monitoring", "236ab775", "stderr"], "values": [{"value": "    ", "step": null, "ts": 1735504169.245368}]}, "version": 80, "at": 1735504169.245418}
{"obj": {"type": "LogStrings", "path": ["monitoring", "236ab775", "stderr"], "values": [{"value": "w.start()", "step": null, "ts": 1735504169.2456589}]}, "version": 81, "at": 1735504169.2456949}
{"obj": {"type": "LogStrings", "path": ["monitoring", "236ab775", "stderr"], "values": [{"value": "\n", "step": null, "ts": 1735504169.245815}]}, "version": 82, "at": 1735504169.245837}
{"obj": {"type": "LogStrings", "path": ["monitoring", "236ab775", "stderr"], "values": [{"value": "  File \"/Users/erwan/miniconda3/envs/segmentation_env/lib/python3.10/multiprocessing/process.py\", line 121, in start\n", "step": null, "ts": 1735504169.245931}]}, "version": 83, "at": 1735504169.2459562}
{"obj": {"type": "LogStrings", "path": ["monitoring", "236ab775", "stderr"], "values": [{"value": "    ", "step": null, "ts": 1735504169.246099}]}, "version": 84, "at": 1735504169.24614}
{"obj": {"type": "LogStrings", "path": ["monitoring", "236ab775", "stderr"], "values": [{"value": "self._popen = self._Popen(self)", "step": null, "ts": 1735504169.2480068}]}, "version": 85, "at": 1735504169.24805}
{"obj": {"type": "LogStrings", "path": ["monitoring", "236ab775", "stderr"], "values": [{"value": "\n", "step": null, "ts": 1735504169.2482061}]}, "version": 86, "at": 1735504169.248234}
{"obj": {"type": "LogStrings", "path": ["monitoring", "236ab775", "stderr"], "values": [{"value": "  File \"/Users/erwan/miniconda3/envs/segmentation_env/lib/python3.10/multiprocessing/context.py\", line 224, in _Popen\n", "step": null, "ts": 1735504169.24834}]}, "version": 87, "at": 1735504169.248363}
{"obj": {"type": "LogStrings", "path": ["monitoring", "236ab775", "stderr"], "values": [{"value": "    ", "step": null, "ts": 1735504169.248466}]}, "version": 88, "at": 1735504169.248489}
{"obj": {"type": "LogStrings", "path": ["monitoring", "236ab775", "stderr"], "values": [{"value": "return _default_context.get_context().Process._Popen(process_obj)", "step": null, "ts": 1735504169.248787}]}, "version": 89, "at": 1735504169.248816}
{"obj": {"type": "LogStrings", "path": ["monitoring", "236ab775", "stderr"], "values": [{"value": "\n", "step": null, "ts": 1735504169.24893}]}, "version": 90, "at": 1735504169.248954}
{"obj": {"type": "LogStrings", "path": ["monitoring", "236ab775", "stderr"], "values": [{"value": "  File \"/Users/erwan/miniconda3/envs/segmentation_env/lib/python3.10/multiprocessing/context.py\", line 284, in _Popen\n", "step": null, "ts": 1735504169.249061}]}, "version": 91, "at": 1735504169.249085}
{"obj": {"type": "LogStrings", "path": ["monitoring", "236ab775", "stderr"], "values": [{"value": "    ", "step": null, "ts": 1735504169.249185}]}, "version": 92, "at": 1735504169.249207}
{"obj": {"type": "LogStrings", "path": ["monitoring", "236ab775", "stderr"], "values": [{"value": "return Popen(process_obj)", "step": null, "ts": 1735504169.249303}]}, "version": 93, "at": 1735504169.249323}
{"obj": {"type": "LogStrings", "path": ["monitoring", "236ab775", "stderr"], "values": [{"value": "\n", "step": null, "ts": 1735504169.2494159}]}, "version": 94, "at": 1735504169.249436}
{"obj": {"type": "LogStrings", "path": ["monitoring", "236ab775", "stderr"], "values": [{"value": "  File \"/Users/erwan/miniconda3/envs/segmentation_env/lib/python3.10/multiprocessing/popen_spawn_posix.py\", line 32, in __init__\n", "step": null, "ts": 1735504169.24952}]}, "version": 95, "at": 1735504169.24954}
{"obj": {"type": "LogStrings", "path": ["monitoring", "236ab775", "stderr"], "values": [{"value": "    ", "step": null, "ts": 1735504169.249629}]}, "version": 96, "at": 1735504169.249648}
{"obj": {"type": "LogStrings", "path": ["monitoring", "236ab775", "stderr"], "values": [{"value": "super().__init__(process_obj)", "step": null, "ts": 1735504169.249741}]}, "version": 97, "at": 1735504169.2499}
{"obj": {"type": "LogStrings", "path": ["monitoring", "236ab775", "stderr"], "values": [{"value": "\n", "step": null, "ts": 1735504169.25001}]}, "version": 98, "at": 1735504169.2500339}
{"obj": {"type": "LogStrings", "path": ["monitoring", "236ab775", "stderr"], "values": [{"value": "  File \"/Users/erwan/miniconda3/envs/segmentation_env/lib/python3.10/multiprocessing/popen_fork.py\", line 19, in __init__\n", "step": null, "ts": 1735504169.250137}]}, "version": 99, "at": 1735504169.250159}
{"obj": {"type": "LogStrings", "path": ["monitoring", "236ab775", "stderr"], "values": [{"value": "    ", "step": null, "ts": 1735504169.250706}]}, "version": 100, "at": 1735504169.2507992}
{"obj": {"type": "LogStrings", "path": ["monitoring", "236ab775", "stderr"], "values": [{"value": "self._launch(process_obj)", "step": null, "ts": 1735504169.251196}]}, "version": 101, "at": 1735504169.2512572}
{"obj": {"type": "LogStrings", "path": ["monitoring", "236ab775", "stderr"], "values": [{"value": "\n", "step": null, "ts": 1735504169.251461}]}, "version": 102, "at": 1735504169.251519}
{"obj": {"type": "LogStrings", "path": ["monitoring", "236ab775", "stderr"], "values": [{"value": "  File \"/Users/erwan/miniconda3/envs/segmentation_env/lib/python3.10/multiprocessing/popen_spawn_posix.py\", line 42, in _launch\n", "step": null, "ts": 1735504169.251752}]}, "version": 103, "at": 1735504169.251811}
{"obj": {"type": "LogStrings", "path": ["monitoring", "236ab775", "stderr"], "values": [{"value": "    ", "step": null, "ts": 1735504169.252337}]}, "version": 104, "at": 1735504169.252379}
{"obj": {"type": "LogStrings", "path": ["monitoring", "236ab775", "stderr"], "values": [{"value": "prep_data = spawn.get_preparation_data(process_obj._name)", "step": null, "ts": 1735504169.252532}]}, "version": 105, "at": 1735504169.252564}
{"obj": {"type": "LogStrings", "path": ["monitoring", "236ab775", "stderr"], "values": [{"value": "\n", "step": null, "ts": 1735504169.252703}]}, "version": 106, "at": 1735504169.2527308}
{"obj": {"type": "LogStrings", "path": ["monitoring", "236ab775", "stderr"], "values": [{"value": "  File \"/Users/erwan/miniconda3/envs/segmentation_env/lib/python3.10/multiprocessing/spawn.py\", line 154, in get_preparation_data\n", "step": null, "ts": 1735504169.253013}]}, "version": 107, "at": 1735504169.2530408}
{"obj": {"type": "LogStrings", "path": ["monitoring", "236ab775", "stderr"], "values": [{"value": "    ", "step": null, "ts": 1735504169.253153}]}, "version": 108, "at": 1735504169.253199}
{"obj": {"type": "LogStrings", "path": ["monitoring", "236ab775", "stderr"], "values": [{"value": "_check_not_importing_main()", "step": null, "ts": 1735504169.2533371}]}, "version": 109, "at": 1735504169.253363}
{"obj": {"type": "LogStrings", "path": ["monitoring", "236ab775", "stderr"], "values": [{"value": "\n", "step": null, "ts": 1735504169.253472}]}, "version": 110, "at": 1735504169.253495}
{"obj": {"type": "LogStrings", "path": ["monitoring", "236ab775", "stderr"], "values": [{"value": "  File \"/Users/erwan/miniconda3/envs/segmentation_env/lib/python3.10/multiprocessing/spawn.py\", line 134, in _check_not_importing_main\n", "step": null, "ts": 1735504169.253599}]}, "version": 111, "at": 1735504169.253622}
{"obj": {"type": "LogStrings", "path": ["monitoring", "236ab775", "stderr"], "values": [{"value": "    ", "step": null, "ts": 1735504169.255798}]}, "version": 112, "at": 1735504169.2558348}
{"obj": {"type": "LogStrings", "path": ["monitoring", "236ab775", "stderr"], "values": [{"value": "raise RuntimeError('''", "step": null, "ts": 1735504169.2561688}]}, "version": 113, "at": 1735504169.2561998}
{"obj": {"type": "LogStrings", "path": ["monitoring", "236ab775", "stderr"], "values": [{"value": "\n", "step": null, "ts": 1735504169.256321}]}, "version": 114, "at": 1735504169.2563462}
{"obj": {"type": "LogStrings", "path": ["monitoring", "236ab775", "stderr"], "values": [{"value": "RuntimeError", "step": null, "ts": 1735504169.256447}]}, "version": 115, "at": 1735504169.25647}
{"obj": {"type": "LogStrings", "path": ["monitoring", "236ab775", "stderr"], "values": [{"value": ": ", "step": null, "ts": 1735504169.256595}]}, "version": 116, "at": 1735504169.2566211}
{"obj": {"type": "LogStrings", "path": ["monitoring", "236ab775", "stderr"], "values": [{"value": "\n        An attempt has been made to start a new process before the\n        current process has finished its bootstrapping phase.\n\n        This probably means that you are not using fork to start your\n        child processes and you have forgotten to use the proper idiom\n        in the main module:\n\n            if __name__ == '__main__':\n                freeze_support()\n                ...\n\n        The \"freeze_support()\" line can be omitted if the program\n        is not going to be frozen to produce an executable.", "step": null, "ts": 1735504169.256777}]}, "version": 117, "at": 1735504169.256802}
{"obj": {"type": "LogStrings", "path": ["monitoring", "236ab775", "stderr"], "values": [{"value": "\n", "step": null, "ts": 1735504169.2573361}]}, "version": 118, "at": 1735504169.257364}
{"obj": {"type": "LogStrings", "path": ["monitoring", "236ab775", "stdout"], "values": [{"value": "[neptune] [info   ] Shutting down background jobs, please wait a moment...\n", "step": null, "ts": 1735504169.257471}]}, "version": 119, "at": 1735504169.257496}
