{"obj": {"type": "AssignString", "path": ["sys", "name"], "value": "Untitled"}, "version": 1, "at": 1735503807.1886468}
{"obj": {"type": "AssignString", "path": ["sys", "description"], "value": ""}, "version": 2, "at": 1735503807.188831}
{"obj": {"type": "AssignString", "path": ["monitoring", "a579e295", "hostname"], "value": "Admins-MacBook-Pro.local"}, "version": 3, "at": 1735503807.188921}
{"obj": {"type": "AssignString", "path": ["sys", "hostname"], "value": "Admins-MacBook-Pro.local"}, "version": 4, "at": 1735503807.188993}
{"obj": {"type": "AssignString", "path": ["monitoring", "a579e295", "pid"], "value": "22558"}, "version": 5, "at": 1735503807.189064}
{"obj": {"type": "AssignString", "path": ["monitoring", "a579e295", "tid"], "value": "4760698304"}, "version": 6, "at": 1735503807.189131}
{"obj": {"type": "AssignBool", "path": ["sys", "failed"], "value": false}, "version": 7, "at": 1735503807.1892202}
{"obj": {"type": "ClearStringLog", "path": ["monitoring", "a579e295", "stdout"]}, "version": 8, "at": 1735503807.189352}
{"obj": {"type": "ClearStringLog", "path": ["monitoring", "a579e295", "stderr"]}, "version": 9, "at": 1735503807.189418}
{"obj": {"type": "AssignString", "path": ["source_code", "entrypoint"], "value": "train.py"}, "version": 10, "at": 1735503807.1899269}
{"obj": {"type": "UploadFileSet", "path": ["source_code", "files"], "file_globs": ["/Users/erwan/Workspace/WSS-UIC/train_vgg_resnet/train.py"], "reset": "False"}, "version": 11, "at": 1735503807.190018}
{"obj": {"type": "UploadFile", "path": ["source_code", "diff"], "ext": "patch", "file_path": null, "tmp_file_name": "source_code_diff-1735503807.368301-2024-12-29_21.23.27.368301.patch", "clean_after_upload": false}, "version": 12, "at": 1735503807.368673}
{"obj": {"type": "ConfigFloatSeries", "path": ["monitoring", "a579e295", "cpu"], "min": 0.0, "max": 100.0, "unit": "%"}, "version": 13, "at": 1735503807.372739}
{"obj": {"type": "ClearFloatLog", "path": ["monitoring", "a579e295", "cpu"]}, "version": 14, "at": 1735503807.3728662}
{"obj": {"type": "ConfigFloatSeries", "path": ["monitoring", "a579e295", "memory"], "min": 0.0, "max": 16.0, "unit": "GB"}, "version": 15, "at": 1735503807.3729641}
{"obj": {"type": "ClearFloatLog", "path": ["monitoring", "a579e295", "memory"]}, "version": 16, "at": 1735503807.3730009}
{"obj": {"type": "LogStrings", "path": ["monitoring", "a579e295", "stderr"], "values": [{"value": "[neptune] [warning] /Users/erwan/Workspace/WSS-UIC/train_vgg_resnet/train.py:46: NeptuneWarning: Info (NVML): NVML Shared Library Not Found. GPU usage metrics may not be reported. For more information, see https://docs.neptune.ai/help/nvml_error/\n", "step": null, "ts": 1735503807.3733141}]}, "version": 17, "at": 1735503807.373365}
{"obj": {"type": "LogFloats", "path": ["monitoring", "a579e295", "memory"], "values": [{"value": 9.314064025878906, "step": null, "ts": 1735503807.373158}]}, "version": 18, "at": 1735503807.3735769}
{"obj": {"type": "AssignString", "path": ["config", "optimizer"], "value": "Adam"}, "version": 19, "at": 1735503807.373715}
{"obj": {"type": "LogStrings", "path": ["monitoring", "a579e295", "stdout"], "values": [{"value": "ici la ", "step": null, "ts": 1735503807.374229}]}, "version": 20, "at": 1735503807.3742552}
{"obj": {"type": "LogStrings", "path": ["monitoring", "a579e295", "stdout"], "values": [{"value": "\n", "step": null, "ts": 1735503807.374475}]}, "version": 21, "at": 1735503807.374493}
{"obj": {"type": "LogStrings", "path": ["monitoring", "a579e295", "stderr"], "values": [{"value": "\r  0%|                                                                                                                                                                                 | 0/2 [00:00<?, ?it/s]", "step": null, "ts": 1735503807.384424}]}, "version": 22, "at": 1735503807.385491}
{"obj": {"type": "LogStrings", "path": ["monitoring", "a579e295", "stderr"], "values": [{"value": "", "step": null, "ts": 1735503815.534571}]}, "version": 23, "at": 1735503815.534715}
{"obj": {"type": "LogStrings", "path": ["monitoring", "a579e295", "stderr"], "values": [{"value": "\r  0%|                                                                                                                                                                                 | 0/2 [00:08<?, ?it/s]", "step": null, "ts": 1735503815.5356271}]}, "version": 24, "at": 1735503815.535667}
{"obj": {"type": "LogStrings", "path": ["monitoring", "a579e295", "stderr"], "values": [{"value": "\n", "step": null, "ts": 1735503815.535848}]}, "version": 25, "at": 1735503815.5358772}
{"obj": {"type": "LogStrings", "path": ["monitoring", "a579e295", "traceback"], "values": [{"value": "An uncaught exception occurred while run was active on worker Admins-MacBook-Pro.local.", "step": null, "ts": 1735503815.53664}, {"value": "Marking run as failed", "step": null, "ts": 1735503815.53664}, {"value": "Traceback:", "step": null, "ts": 1735503815.53664}, {"value": "  File \"/Users/erwan/Workspace/WSS-UIC/train_vgg_resnet/train.py\", line 123, in <module>\n    train(\n", "step": null, "ts": 1735503815.53664}, {"value": "  File \"/Users/erwan/Workspace/WSS-UIC/train_vgg_resnet/train.py\", line 62, in train\n    for batch in train_dl:\n", "step": null, "ts": 1735503815.53664}, {"value": "  File \"/Users/erwan/miniconda3/envs/segmentation_env/lib/python3.10/site-packages/torch/utils/data/dataloader.py\", line 631, in __next__\n    data = self._next_data()\n", "step": null, "ts": 1735503815.53664}, {"value": "  File \"/Users/erwan/miniconda3/envs/segmentation_env/lib/python3.10/site-packages/torch/utils/data/dataloader.py\", line 1329, in _next_data\n    idx, data = self._get_data()\n", "step": null, "ts": 1735503815.53664}, {"value": "  File \"/Users/erwan/miniconda3/envs/segmentation_env/lib/python3.10/site-packages/torch/utils/data/dataloader.py\", line 1295, in _get_data\n    success, data = self._try_get_data()\n", "step": null, "ts": 1735503815.53664}, {"value": "  File \"/Users/erwan/miniconda3/envs/segmentation_env/lib/python3.10/site-packages/torch/utils/data/dataloader.py\", line 1146, in _try_get_data\n    raise RuntimeError(f'DataLoader worker (pid(s) {pids_str}) exited unexpectedly') from e\n", "step": null, "ts": 1735503815.53664}, {"value": "DataLoader worker (pid(s) 22571) exited unexpectedly", "step": null, "ts": 1735503815.53664}]}, "version": 26, "at": 1735503815.536693}
{"obj": {"type": "AssignBool", "path": ["sys", "failed"], "value": true}, "version": 27, "at": 1735503815.536912}
{"obj": {"type": "LogStrings", "path": ["monitoring", "a579e295", "stderr"], "values": [{"value": "Traceback (most recent call last):\n", "step": null, "ts": 1735503815.537173}]}, "version": 28, "at": 1735503815.537208}
{"obj": {"type": "LogStrings", "path": ["monitoring", "a579e295", "stderr"], "values": [{"value": "  File \"/Users/erwan/miniconda3/envs/segmentation_env/lib/python3.10/site-packages/torch/utils/data/dataloader.py\", line 1133, in _try_get_data\n", "step": null, "ts": 1735503815.537869}]}, "version": 29, "at": 1735503815.537904}
{"obj": {"type": "LogStrings", "path": ["monitoring", "a579e295", "stderr"], "values": [{"value": "    ", "step": null, "ts": 1735503815.538114}]}, "version": 30, "at": 1735503815.538142}
{"obj": {"type": "LogStrings", "path": ["monitoring", "a579e295", "stderr"], "values": [{"value": "data = self._data_queue.get(timeout=timeout)", "step": null, "ts": 1735503815.5399911}]}, "version": 31, "at": 1735503815.540032}
{"obj": {"type": "LogStrings", "path": ["monitoring", "a579e295", "stderr"], "values": [{"value": "\n", "step": null, "ts": 1735503815.5403578}]}, "version": 32, "at": 1735503815.540392}
{"obj": {"type": "LogStrings", "path": ["monitoring", "a579e295", "stderr"], "values": [{"value": "  File \"/Users/erwan/miniconda3/envs/segmentation_env/lib/python3.10/multiprocessing/queues.py\", line 113, in get\n", "step": null, "ts": 1735503815.540873}]}, "version": 33, "at": 1735503815.5409222}
{"obj": {"type": "LogStrings", "path": ["monitoring", "a579e295", "stderr"], "values": [{"value": "    ", "step": null, "ts": 1735503815.541173}]}, "version": 34, "at": 1735503815.541203}
{"obj": {"type": "LogStrings", "path": ["monitoring", "a579e295", "stderr"], "values": [{"value": "if not self._poll(timeout):", "step": null, "ts": 1735503815.5416179}]}, "version": 35, "at": 1735503815.541648}
{"obj": {"type": "LogStrings", "path": ["monitoring", "a579e295", "stderr"], "values": [{"value": "\n", "step": null, "ts": 1735503815.541899}]}, "version": 36, "at": 1735503815.541932}
{"obj": {"type": "LogStrings", "path": ["monitoring", "a579e295", "stderr"], "values": [{"value": "  File \"/Users/erwan/miniconda3/envs/segmentation_env/lib/python3.10/multiprocessing/connection.py\", line 262, in poll\n", "step": null, "ts": 1735503815.542269}]}, "version": 37, "at": 1735503815.542298}
{"obj": {"type": "LogStrings", "path": ["monitoring", "a579e295", "stderr"], "values": [{"value": "    ", "step": null, "ts": 1735503815.542766}]}, "version": 38, "at": 1735503815.542799}
{"obj": {"type": "LogStrings", "path": ["monitoring", "a579e295", "stderr"], "values": [{"value": "return self._poll(timeout)", "step": null, "ts": 1735503815.5433002}]}, "version": 39, "at": 1735503815.543332}
{"obj": {"type": "LogStrings", "path": ["monitoring", "a579e295", "stderr"], "values": [{"value": "\n", "step": null, "ts": 1735503815.543454}]}, "version": 40, "at": 1735503815.543479}
{"obj": {"type": "LogStrings", "path": ["monitoring", "a579e295", "stderr"], "values": [{"value": "  File \"/Users/erwan/miniconda3/envs/segmentation_env/lib/python3.10/multiprocessing/connection.py\", line 429, in _poll\n", "step": null, "ts": 1735503815.543713}]}, "version": 41, "at": 1735503815.543743}
{"obj": {"type": "LogStrings", "path": ["monitoring", "a579e295", "stderr"], "values": [{"value": "    ", "step": null, "ts": 1735503815.543859}]}, "version": 42, "at": 1735503815.543883}
{"obj": {"type": "LogStrings", "path": ["monitoring", "a579e295", "stderr"], "values": [{"value": "r = wait([self], timeout)", "step": null, "ts": 1735503815.5440571}]}, "version": 43, "at": 1735503815.544085}
{"obj": {"type": "LogStrings", "path": ["monitoring", "a579e295", "stderr"], "values": [{"value": "\n", "step": null, "ts": 1735503815.5442429}]}, "version": 44, "at": 1735503815.54427}
{"obj": {"type": "LogStrings", "path": ["monitoring", "a579e295", "stderr"], "values": [{"value": "  File \"/Users/erwan/miniconda3/envs/segmentation_env/lib/python3.10/multiprocessing/connection.py\", line 936, in wait\n", "step": null, "ts": 1735503815.5443919}]}, "version": 45, "at": 1735503815.544416}
{"obj": {"type": "LogStrings", "path": ["monitoring", "a579e295", "stderr"], "values": [{"value": "    ", "step": null, "ts": 1735503815.544631}]}, "version": 46, "at": 1735503815.544662}
{"obj": {"type": "LogStrings", "path": ["monitoring", "a579e295", "stderr"], "values": [{"value": "ready = selector.select(timeout)", "step": null, "ts": 1735503815.545414}]}, "version": 47, "at": 1735503815.545453}
{"obj": {"type": "LogStrings", "path": ["monitoring", "a579e295", "stderr"], "values": [{"value": "\n", "step": null, "ts": 1735503815.545918}]}, "version": 48, "at": 1735503815.545952}
{"obj": {"type": "LogStrings", "path": ["monitoring", "a579e295", "stderr"], "values": [{"value": "  File \"/Users/erwan/miniconda3/envs/segmentation_env/lib/python3.10/selectors.py\", line 416, in select\n", "step": null, "ts": 1735503815.546299}]}, "version": 49, "at": 1735503815.546344}
{"obj": {"type": "LogStrings", "path": ["monitoring", "a579e295", "stderr"], "values": [{"value": "    ", "step": null, "ts": 1735503815.546756}]}, "version": 50, "at": 1735503815.546786}
{"obj": {"type": "LogStrings", "path": ["monitoring", "a579e295", "stderr"], "values": [{"value": "fd_event_list = self._selector.poll(timeout)", "step": null, "ts": 1735503815.546947}]}, "version": 51, "at": 1735503815.546973}
{"obj": {"type": "LogStrings", "path": ["monitoring", "a579e295", "stderr"], "values": [{"value": "\n", "step": null, "ts": 1735503815.547074}]}, "version": 52, "at": 1735503815.547095}
{"obj": {"type": "LogStrings", "path": ["monitoring", "a579e295", "stderr"], "values": [{"value": "  File \"/Users/erwan/miniconda3/envs/segmentation_env/lib/python3.10/site-packages/torch/utils/data/_utils/signal_handling.py\", line 66, in handler\n", "step": null, "ts": 1735503815.547223}]}, "version": 53, "at": 1735503815.547246}
{"obj": {"type": "LogStrings", "path": ["monitoring", "a579e295", "stderr"], "values": [{"value": "    ", "step": null, "ts": 1735503815.54775}]}, "version": 54, "at": 1735503815.547779}
{"obj": {"type": "LogStrings", "path": ["monitoring", "a579e295", "stderr"], "values": [{"value": "_error_if_any_worker_fails()", "step": null, "ts": 1735503815.548324}]}, "version": 55, "at": 1735503815.5483541}
{"obj": {"type": "LogStrings", "path": ["monitoring", "a579e295", "stderr"], "values": [{"value": "\n", "step": null, "ts": 1735503815.548574}]}, "version": 56, "at": 1735503815.548599}
{"obj": {"type": "LogStrings", "path": ["monitoring", "a579e295", "stderr"], "values": [{"value": "RuntimeError", "step": null, "ts": 1735503815.549106}]}, "version": 57, "at": 1735503815.549133}
{"obj": {"type": "LogStrings", "path": ["monitoring", "a579e295", "stderr"], "values": [{"value": ": ", "step": null, "ts": 1735503815.549406}]}, "version": 58, "at": 1735503815.5494342}
{"obj": {"type": "LogStrings", "path": ["monitoring", "a579e295", "stderr"], "values": [{"value": "DataLoader worker (pid 22571) exited unexpectedly with exit code 1. Details are lost due to multiprocessing. Rerunning with num_workers=0 may give better error trace.", "step": null, "ts": 1735503815.55016}]}, "version": 59, "at": 1735503815.5501912}
{"obj": {"type": "LogStrings", "path": ["monitoring", "a579e295", "stdout"], "values": [{"value": "[neptune] [info   ] Shutting down background jobs, please wait a moment...\n", "step": null, "ts": 1735503815.550542}]}, "version": 60, "at": 1735503815.55057}
{"obj": {"type": "LogStrings", "path": ["monitoring", "a579e295", "stderr"], "values": [{"value": "\n", "step": null, "ts": 1735503815.550729}]}, "version": 61, "at": 1735503815.550751}
{"obj": {"type": "LogStrings", "path": ["monitoring", "a579e295", "stderr"], "values": [{"value": "\nThe above exception was the direct cause of the following exception:\n\n", "step": null, "ts": 1735503815.550842}]}, "version": 62, "at": 1735503815.550862}
{"obj": {"type": "LogStrings", "path": ["monitoring", "a579e295", "stderr"], "values": [{"value": "Traceback (most recent call last):\n", "step": null, "ts": 1735503815.550942}]}, "version": 63, "at": 1735503815.550959}
{"obj": {"type": "LogStrings", "path": ["monitoring", "a579e295", "stderr"], "values": [{"value": "  File \"/Users/erwan/Workspace/WSS-UIC/train_vgg_resnet/train.py\", line 123, in <module>\n", "step": null, "ts": 1735503815.5510368}]}, "version": 64, "at": 1735503815.5510552}
{"obj": {"type": "LogStrings", "path": ["monitoring", "a579e295", "stderr"], "values": [{"value": "    ", "step": null, "ts": 1735503815.5518389}]}, "version": 65, "at": 1735503815.551866}
{"obj": {"type": "LogStrings", "path": ["monitoring", "a579e295", "stderr"], "values": [{"value": "train(", "step": null, "ts": 1735503815.551967}]}, "version": 66, "at": 1735503815.55199}
{"obj": {"type": "LogStrings", "path": ["monitoring", "a579e295", "stderr"], "values": [{"value": "\n", "step": null, "ts": 1735503815.552088}]}, "version": 67, "at": 1735503815.5521102}
{"obj": {"type": "LogStrings", "path": ["monitoring", "a579e295", "stderr"], "values": [{"value": "  File \"/Users/erwan/Workspace/WSS-UIC/train_vgg_resnet/train.py\", line 62, in train\n", "step": null, "ts": 1735503815.552199}]}, "version": 68, "at": 1735503815.5522199}
{"obj": {"type": "LogStrings", "path": ["monitoring", "a579e295", "stderr"], "values": [{"value": "    ", "step": null, "ts": 1735503815.552308}]}, "version": 69, "at": 1735503815.5523279}
{"obj": {"type": "LogStrings", "path": ["monitoring", "a579e295", "stderr"], "values": [{"value": "for batch in train_dl:", "step": null, "ts": 1735503815.552417}]}, "version": 70, "at": 1735503815.552438}
{"obj": {"type": "LogStrings", "path": ["monitoring", "a579e295", "stderr"], "values": [{"value": "\n", "step": null, "ts": 1735503815.552574}]}, "version": 71, "at": 1735503815.552594}
{"obj": {"type": "LogStrings", "path": ["monitoring", "a579e295", "stderr"], "values": [{"value": "  File \"/Users/erwan/miniconda3/envs/segmentation_env/lib/python3.10/site-packages/torch/utils/data/dataloader.py\", line 631, in __next__\n", "step": null, "ts": 1735503815.552683}]}, "version": 72, "at": 1735503815.552703}
{"obj": {"type": "LogStrings", "path": ["monitoring", "a579e295", "stderr"], "values": [{"value": "    ", "step": null, "ts": 1735503815.552882}]}, "version": 73, "at": 1735503815.5529048}
{"obj": {"type": "LogStrings", "path": ["monitoring", "a579e295", "stderr"], "values": [{"value": "data = self._next_data()", "step": null, "ts": 1735503815.5530019}]}, "version": 74, "at": 1735503815.553025}
{"obj": {"type": "LogStrings", "path": ["monitoring", "a579e295", "stderr"], "values": [{"value": "\n", "step": null, "ts": 1735503815.553157}]}, "version": 75, "at": 1735503815.553186}
{"obj": {"type": "LogStrings", "path": ["monitoring", "a579e295", "stderr"], "values": [{"value": "  File \"/Users/erwan/miniconda3/envs/segmentation_env/lib/python3.10/site-packages/torch/utils/data/dataloader.py\", line 1329, in _next_data\n", "step": null, "ts": 1735503815.5533388}]}, "version": 76, "at": 1735503815.553376}
{"obj": {"type": "LogStrings", "path": ["monitoring", "a579e295", "stderr"], "values": [{"value": "    ", "step": null, "ts": 1735503815.553548}]}, "version": 77, "at": 1735503815.553584}
{"obj": {"type": "LogStrings", "path": ["monitoring", "a579e295", "stderr"], "values": [{"value": "idx, data = self._get_data()", "step": null, "ts": 1735503815.553751}]}, "version": 78, "at": 1735503815.553786}
{"obj": {"type": "LogStrings", "path": ["monitoring", "a579e295", "stderr"], "values": [{"value": "\n", "step": null, "ts": 1735503815.5539331}]}, "version": 79, "at": 1735503815.553965}
{"obj": {"type": "LogStrings", "path": ["monitoring", "a579e295", "stderr"], "values": [{"value": "  File \"/Users/erwan/miniconda3/envs/segmentation_env/lib/python3.10/site-packages/torch/utils/data/dataloader.py\", line 1295, in _get_data\n", "step": null, "ts": 1735503815.554144}]}, "version": 80, "at": 1735503815.5541902}
{"obj": {"type": "LogStrings", "path": ["monitoring", "a579e295", "stderr"], "values": [{"value": "    ", "step": null, "ts": 1735503815.554409}]}, "version": 81, "at": 1735503815.5544572}
{"obj": {"type": "LogStrings", "path": ["monitoring", "a579e295", "stderr"], "values": [{"value": "success, data = self._try_get_data()", "step": null, "ts": 1735503815.554612}]}, "version": 82, "at": 1735503815.554636}
{"obj": {"type": "LogStrings", "path": ["monitoring", "a579e295", "stderr"], "values": [{"value": "\n", "step": null, "ts": 1735503815.554975}]}, "version": 83, "at": 1735503815.555001}
{"obj": {"type": "LogStrings", "path": ["monitoring", "a579e295", "stderr"], "values": [{"value": "  File \"/Users/erwan/miniconda3/envs/segmentation_env/lib/python3.10/site-packages/torch/utils/data/dataloader.py\", line 1146, in _try_get_data\n", "step": null, "ts": 1735503815.555114}]}, "version": 84, "at": 1735503815.555139}
{"obj": {"type": "LogStrings", "path": ["monitoring", "a579e295", "stderr"], "values": [{"value": "    ", "step": null, "ts": 1735503815.555242}]}, "version": 85, "at": 1735503815.5552619}
{"obj": {"type": "LogStrings", "path": ["monitoring", "a579e295", "stderr"], "values": [{"value": "raise RuntimeError(f'DataLoader worker (pid(s) {pids_str}) exited unexpectedly') from e", "step": null, "ts": 1735503815.5553658}]}, "version": 86, "at": 1735503815.555386}
{"obj": {"type": "LogStrings", "path": ["monitoring", "a579e295", "stderr"], "values": [{"value": "\n", "step": null, "ts": 1735503815.55548}]}, "version": 87, "at": 1735503815.555501}
{"obj": {"type": "LogStrings", "path": ["monitoring", "a579e295", "stderr"], "values": [{"value": "RuntimeError", "step": null, "ts": 1735503815.555594}]}, "version": 88, "at": 1735503815.555614}
{"obj": {"type": "LogStrings", "path": ["monitoring", "a579e295", "stderr"], "values": [{"value": ": ", "step": null, "ts": 1735503815.555743}]}, "version": 89, "at": 1735503815.555766}
{"obj": {"type": "LogStrings", "path": ["monitoring", "a579e295", "stderr"], "values": [{"value": "DataLoader worker (pid(s) 22571) exited unexpectedly", "step": null, "ts": 1735503815.555856}]}, "version": 90, "at": 1735503815.555875}
{"obj": {"type": "LogStrings", "path": ["monitoring", "a579e295", "stderr"], "values": [{"value": "\n", "step": null, "ts": 1735503815.555955}]}, "version": 91, "at": 1735503815.555973}
