{"obj": {"type": "AssignString", "path": ["sys", "name"], "value": "Untitled"}, "version": 1, "at": 1735503733.5540879}
{"obj": {"type": "AssignString", "path": ["sys", "description"], "value": ""}, "version": 2, "at": 1735503733.5544078}
{"obj": {"type": "AssignString", "path": ["monitoring", "4d9e8e64", "hostname"], "value": "Admins-MacBook-Pro.local"}, "version": 3, "at": 1735503733.554563}
{"obj": {"type": "AssignString", "path": ["sys", "hostname"], "value": "Admins-MacBook-Pro.local"}, "version": 4, "at": 1735503733.554741}
{"obj": {"type": "AssignString", "path": ["monitoring", "4d9e8e64", "pid"], "value": "22421"}, "version": 5, "at": 1735503733.5548642}
{"obj": {"type": "AssignString", "path": ["monitoring", "4d9e8e64", "tid"], "value": "4526902720"}, "version": 6, "at": 1735503733.55498}
{"obj": {"type": "AssignBool", "path": ["sys", "failed"], "value": false}, "version": 7, "at": 1735503733.555119}
{"obj": {"type": "ClearStringLog", "path": ["monitoring", "4d9e8e64", "stdout"]}, "version": 8, "at": 1735503733.555294}
{"obj": {"type": "ClearStringLog", "path": ["monitoring", "4d9e8e64", "stderr"]}, "version": 9, "at": 1735503733.555399}
{"obj": {"type": "AssignString", "path": ["source_code", "entrypoint"], "value": "train.py"}, "version": 10, "at": 1735503733.556176}
{"obj": {"type": "UploadFileSet", "path": ["source_code", "files"], "file_globs": ["/Users/erwan/Workspace/WSS-UIC/train_vgg_resnet/train.py"], "reset": "False"}, "version": 11, "at": 1735503733.556324}
{"obj": {"type": "UploadFile", "path": ["source_code", "diff"], "ext": "patch", "file_path": null, "tmp_file_name": "source_code_diff-1735503733.878343-2024-12-29_21.22.13.878343.patch", "clean_after_upload": false}, "version": 12, "at": 1735503733.878849}
{"obj": {"type": "LogStrings", "path": ["monitoring", "4d9e8e64", "stderr"], "values": [{"value": "[neptune] [warning] /Users/erwan/Workspace/WSS-UIC/train_vgg_resnet/train.py:46: NeptuneWarning: Info (NVML): NVML Shared Library Not Found. GPU usage metrics may not be reported. For more information, see https://docs.neptune.ai/help/nvml_error/\n", "step": null, "ts": 1735503733.8841221}]}, "version": 13, "at": 1735503733.88422}
{"obj": {"type": "ConfigFloatSeries", "path": ["monitoring", "4d9e8e64", "cpu"], "min": 0.0, "max": 100.0, "unit": "%"}, "version": 14, "at": 1735503733.8846521}
{"obj": {"type": "ClearFloatLog", "path": ["monitoring", "4d9e8e64", "cpu"]}, "version": 15, "at": 1735503733.884723}
{"obj": {"type": "ConfigFloatSeries", "path": ["monitoring", "4d9e8e64", "memory"], "min": 0.0, "max": 16.0, "unit": "GB"}, "version": 16, "at": 1735503733.884851}
{"obj": {"type": "ClearFloatLog", "path": ["monitoring", "4d9e8e64", "memory"]}, "version": 17, "at": 1735503733.884898}
{"obj": {"type": "LogFloats", "path": ["monitoring", "4d9e8e64", "memory"], "values": [{"value": 9.992237091064453, "step": null, "ts": 1735503733.885164}]}, "version": 18, "at": 1735503733.8854}
{"obj": {"type": "AssignString", "path": ["config", "optimizer"], "value": "Adam"}, "version": 19, "at": 1735503733.8857138}
{"obj": {"type": "LogStrings", "path": ["monitoring", "4d9e8e64", "stdout"], "values": [{"value": "ici la ", "step": null, "ts": 1735503733.8860312}]}, "version": 20, "at": 1735503733.886067}
{"obj": {"type": "LogStrings", "path": ["monitoring", "4d9e8e64", "stdout"], "values": [{"value": "\n", "step": null, "ts": 1735503733.88643}]}, "version": 21, "at": 1735503733.8864589}
{"obj": {"type": "LogStrings", "path": ["monitoring", "4d9e8e64", "stderr"], "values": [{"value": "\r  0%|                                                                                                                                                                                 | 0/2 [00:00<?, ?it/s]", "step": null, "ts": 1735503733.889987}]}, "version": 22, "at": 1735503733.890025}
{"obj": {"type": "LogStrings", "path": ["monitoring", "4d9e8e64", "stderr"], "values": [{"value": "", "step": null, "ts": 1735503733.895861}]}, "version": 23, "at": 1735503733.895902}
{"obj": {"type": "LogStrings", "path": ["monitoring", "4d9e8e64", "stderr"], "values": [{"value": "\r  0%|                                                                                                                                                                                 | 0/2 [00:00<?, ?it/s]", "step": null, "ts": 1735503733.896105}]}, "version": 24, "at": 1735503733.896131}
{"obj": {"type": "LogStrings", "path": ["monitoring", "4d9e8e64", "stderr"], "values": [{"value": "\n", "step": null, "ts": 1735503733.896389}]}, "version": 25, "at": 1735503733.896411}
{"obj": {"type": "LogStrings", "path": ["monitoring", "4d9e8e64", "traceback"], "values": [{"value": "An uncaught exception occurred while run was active on worker Admins-MacBook-Pro.local.", "step": null, "ts": 1735503733.900277}, {"value": "Marking run as failed", "step": null, "ts": 1735503733.900277}, {"value": "Traceback:", "step": null, "ts": 1735503733.900277}, {"value": "  File \"<string>\", line 1, in <module>\n", "step": null, "ts": 1735503733.900277}, {"value": "  File \"/Users/erwan/miniconda3/envs/segmentation_env/lib/python3.10/multiprocessing/spawn.py\", line 116, in spawn_main\n    exitcode = _main(fd, parent_sentinel)\n", "step": null, "ts": 1735503733.900277}, {"value": "  File \"/Users/erwan/miniconda3/envs/segmentation_env/lib/python3.10/multiprocessing/spawn.py\", line 125, in _main\n    prepare(preparation_data)\n", "step": null, "ts": 1735503733.900277}, {"value": "  File \"/Users/erwan/miniconda3/envs/segmentation_env/lib/python3.10/multiprocessing/spawn.py\", line 236, in prepare\n    _fixup_main_from_path(data['init_main_from_path'])\n", "step": null, "ts": 1735503733.900277}, {"value": "  File \"/Users/erwan/miniconda3/envs/segmentation_env/lib/python3.10/multiprocessing/spawn.py\", line 287, in _fixup_main_from_path\n    main_content = runpy.run_path(main_path,\n", "step": null, "ts": 1735503733.900277}, {"value": "  File \"/Users/erwan/miniconda3/envs/segmentation_env/lib/python3.10/runpy.py\", line 269, in run_path\n    return _run_module_code(code, init_globals, run_name,\n", "step": null, "ts": 1735503733.900277}, {"value": "  File \"/Users/erwan/miniconda3/envs/segmentation_env/lib/python3.10/runpy.py\", line 96, in _run_module_code\n    _run_code(code, mod_globals, init_globals,\n", "step": null, "ts": 1735503733.900277}]}, "version": 26, "at": 1735503733.900384}
{"obj": {"type": "LogStrings", "path": ["monitoring", "4d9e8e64", "traceback"], "values": [{"value": "  File \"/Users/erwan/miniconda3/envs/segmentation_env/lib/python3.10/runpy.py\", line 86, in _run_code\n    exec(code, run_globals)\n", "step": null, "ts": 1735503733.900277}, {"value": "  File \"/Users/erwan/Workspace/WSS-UIC/train_vgg_resnet/train.py\", line 123, in <module>\n    train(\n", "step": null, "ts": 1735503733.900277}, {"value": "  File \"/Users/erwan/Workspace/WSS-UIC/train_vgg_resnet/train.py\", line 62, in train\n    for batch in train_dl:\n", "step": null, "ts": 1735503733.900277}, {"value": "  File \"/Users/erwan/miniconda3/envs/segmentation_env/lib/python3.10/site-packages/torch/utils/data/dataloader.py\", line 439, in __iter__\n    return self._get_iterator()\n", "step": null, "ts": 1735503733.900277}, {"value": "  File \"/Users/erwan/miniconda3/envs/segmentation_env/lib/python3.10/site-packages/torch/utils/data/dataloader.py\", line 387, in _get_iterator\n    return _MultiProcessingDataLoaderIter(self)\n", "step": null, "ts": 1735503733.900277}, {"value": "  File \"/Users/erwan/miniconda3/envs/segmentation_env/lib/python3.10/site-packages/torch/utils/data/dataloader.py\", line 1040, in __init__\n    w.start()\n", "step": null, "ts": 1735503733.900277}, {"value": "  File \"/Users/erwan/miniconda3/envs/segmentation_env/lib/python3.10/multiprocessing/process.py\", line 121, in start\n    self._popen = self._Popen(self)\n", "step": null, "ts": 1735503733.900277}, {"value": "  File \"/Users/erwan/miniconda3/envs/segmentation_env/lib/python3.10/multiprocessing/context.py\", line 224, in _Popen\n    return _default_context.get_context().Process._Popen(process_obj)\n", "step": null, "ts": 1735503733.900277}, {"value": "  File \"/Users/erwan/miniconda3/envs/segmentation_env/lib/python3.10/multiprocessing/context.py\", line 284, in _Popen\n    return Popen(process_obj)\n", "step": null, "ts": 1735503733.900277}, {"value": "  File \"/Users/erwan/miniconda3/envs/segmentation_env/lib/python3.10/multiprocessing/popen_spawn_posix.py\", line 32, in __init__\n    super().__init__(process_obj)\n", "step": null, "ts": 1735503733.900277}]}, "version": 27, "at": 1735503733.9005141}
{"obj": {"type": "LogStrings", "path": ["monitoring", "4d9e8e64", "traceback"], "values": [{"value": "  File \"/Users/erwan/miniconda3/envs/segmentation_env/lib/python3.10/multiprocessing/popen_fork.py\", line 19, in __init__\n    self._launch(process_obj)\n", "step": null, "ts": 1735503733.900277}, {"value": "  File \"/Users/erwan/miniconda3/envs/segmentation_env/lib/python3.10/multiprocessing/popen_spawn_posix.py\", line 42, in _launch\n    prep_data = spawn.get_preparation_data(process_obj._name)\n", "step": null, "ts": 1735503733.900277}, {"value": "  File \"/Users/erwan/miniconda3/envs/segmentation_env/lib/python3.10/multiprocessing/spawn.py\", line 154, in get_preparation_data\n    _check_not_importing_main()\n", "step": null, "ts": 1735503733.900277}, {"value": "  File \"/Users/erwan/miniconda3/envs/segmentation_env/lib/python3.10/multiprocessing/spawn.py\", line 134, in _check_not_importing_main\n    raise RuntimeError('''\n", "step": null, "ts": 1735503733.900277}, {"value": "", "step": null, "ts": 1735503733.900277}, {"value": "        An attempt has been made to start a new process before the", "step": null, "ts": 1735503733.900277}, {"value": "        current process has finished its bootstrapping phase.", "step": null, "ts": 1735503733.900277}, {"value": "", "step": null, "ts": 1735503733.900277}, {"value": "        This probably means that you are not using fork to start your", "step": null, "ts": 1735503733.900277}, {"value": "        child processes and you have forgotten to use the proper idiom", "step": null, "ts": 1735503733.900277}]}, "version": 28, "at": 1735503733.9007092}
{"obj": {"type": "LogStrings", "path": ["monitoring", "4d9e8e64", "traceback"], "values": [{"value": "        in the main module:", "step": null, "ts": 1735503733.900277}, {"value": "", "step": null, "ts": 1735503733.900277}, {"value": "            if __name__ == '__main__':", "step": null, "ts": 1735503733.900277}, {"value": "                freeze_support()", "step": null, "ts": 1735503733.900277}, {"value": "                ...", "step": null, "ts": 1735503733.900277}, {"value": "", "step": null, "ts": 1735503733.900277}, {"value": "        The \"freeze_support()\" line can be omitted if the program", "step": null, "ts": 1735503733.900277}, {"value": "        is not going to be frozen to produce an executable.", "step": null, "ts": 1735503733.900277}]}, "version": 29, "at": 1735503733.900789}
{"obj": {"type": "AssignBool", "path": ["sys", "failed"], "value": true}, "version": 30, "at": 1735503733.901045}
{"obj": {"type": "LogStrings", "path": ["monitoring", "4d9e8e64", "stderr"], "values": [{"value": "Traceback (most recent call last):\n", "step": null, "ts": 1735503733.9012742}]}, "version": 31, "at": 1735503733.901304}
{"obj": {"type": "LogStrings", "path": ["monitoring", "4d9e8e64", "stderr"], "values": [{"value": "  File \"<string>\", line 1, in <module>\n", "step": null, "ts": 1735503733.901461}]}, "version": 32, "at": 1735503733.901487}
{"obj": {"type": "LogStrings", "path": ["monitoring", "4d9e8e64", "stderr"], "values": [{"value": "  File \"/Users/erwan/miniconda3/envs/segmentation_env/lib/python3.10/multiprocessing/spawn.py\", line 116, in spawn_main\n", "step": null, "ts": 1735503733.90174}]}, "version": 33, "at": 1735503733.901763}
{"obj": {"type": "LogStrings", "path": ["monitoring", "4d9e8e64", "stderr"], "values": [{"value": "    ", "step": null, "ts": 1735503733.902097}]}, "version": 34, "at": 1735503733.9021199}
{"obj": {"type": "LogStrings", "path": ["monitoring", "4d9e8e64", "stderr"], "values": [{"value": "exitcode = _main(fd, parent_sentinel)", "step": null, "ts": 1735503733.902213}]}, "version": 35, "at": 1735503733.9022331}
{"obj": {"type": "LogStrings", "path": ["monitoring", "4d9e8e64", "stderr"], "values": [{"value": "\n", "step": null, "ts": 1735503733.902365}]}, "version": 36, "at": 1735503733.902384}
{"obj": {"type": "LogStrings", "path": ["monitoring", "4d9e8e64", "stderr"], "values": [{"value": "  File \"/Users/erwan/miniconda3/envs/segmentation_env/lib/python3.10/multiprocessing/spawn.py\", line 125, in _main\n", "step": null, "ts": 1735503733.9025128}]}, "version": 37, "at": 1735503733.902533}
{"obj": {"type": "LogStrings", "path": ["monitoring", "4d9e8e64", "stderr"], "values": [{"value": "    ", "step": null, "ts": 1735503733.902797}]}, "version": 38, "at": 1735503733.9028192}
{"obj": {"type": "LogStrings", "path": ["monitoring", "4d9e8e64", "stderr"], "values": [{"value": "prepare(preparation_data)", "step": null, "ts": 1735503733.902909}]}, "version": 39, "at": 1735503733.9029279}
{"obj": {"type": "LogStrings", "path": ["monitoring", "4d9e8e64", "stderr"], "values": [{"value": "\n", "step": null, "ts": 1735503733.903063}]}, "version": 40, "at": 1735503733.903081}
{"obj": {"type": "LogStrings", "path": ["monitoring", "4d9e8e64", "stderr"], "values": [{"value": "  File \"/Users/erwan/miniconda3/envs/segmentation_env/lib/python3.10/multiprocessing/spawn.py\", line 236, in prepare\n", "step": null, "ts": 1735503733.9042492}]}, "version": 41, "at": 1735503733.904274}
{"obj": {"type": "LogStrings", "path": ["monitoring", "4d9e8e64", "stderr"], "values": [{"value": "    ", "step": null, "ts": 1735503733.90519}]}, "version": 42, "at": 1735503733.905225}
{"obj": {"type": "LogStrings", "path": ["monitoring", "4d9e8e64", "stderr"], "values": [{"value": "_fixup_main_from_path(data['init_main_from_path'])", "step": null, "ts": 1735503733.905356}]}, "version": 43, "at": 1735503733.905382}
{"obj": {"type": "LogStrings", "path": ["monitoring", "4d9e8e64", "stderr"], "values": [{"value": "\n", "step": null, "ts": 1735503733.905544}]}, "version": 44, "at": 1735503733.905568}
{"obj": {"type": "LogStrings", "path": ["monitoring", "4d9e8e64", "stderr"], "values": [{"value": "  File \"/Users/erwan/miniconda3/envs/segmentation_env/lib/python3.10/multiprocessing/spawn.py\", line 287, in _fixup_main_from_path\n", "step": null, "ts": 1735503733.9057229}]}, "version": 45, "at": 1735503733.905746}
{"obj": {"type": "LogStrings", "path": ["monitoring", "4d9e8e64", "stderr"], "values": [{"value": "    ", "step": null, "ts": 1735503733.9061701}]}, "version": 46, "at": 1735503733.906197}
{"obj": {"type": "LogStrings", "path": ["monitoring", "4d9e8e64", "stderr"], "values": [{"value": "main_content = runpy.run_path(main_path,", "step": null, "ts": 1735503733.9062998}]}, "version": 47, "at": 1735503733.906323}
{"obj": {"type": "LogStrings", "path": ["monitoring", "4d9e8e64", "stderr"], "values": [{"value": "\n", "step": null, "ts": 1735503733.906484}]}, "version": 48, "at": 1735503733.906507}
{"obj": {"type": "LogStrings", "path": ["monitoring", "4d9e8e64", "stderr"], "values": [{"value": "  File \"/Users/erwan/miniconda3/envs/segmentation_env/lib/python3.10/runpy.py\", line 269, in run_path\n", "step": null, "ts": 1735503733.9066722}]}, "version": 49, "at": 1735503733.906694}
{"obj": {"type": "LogStrings", "path": ["monitoring", "4d9e8e64", "stderr"], "values": [{"value": "    ", "step": null, "ts": 1735503733.906983}]}, "version": 50, "at": 1735503733.907008}
{"obj": {"type": "LogStrings", "path": ["monitoring", "4d9e8e64", "stderr"], "values": [{"value": "return _run_module_code(code, init_globals, run_name,", "step": null, "ts": 1735503733.907112}]}, "version": 51, "at": 1735503733.907135}
{"obj": {"type": "LogStrings", "path": ["monitoring", "4d9e8e64", "stderr"], "values": [{"value": "\n", "step": null, "ts": 1735503733.9300082}]}, "version": 52, "at": 1735503733.930063}
{"obj": {"type": "LogStrings", "path": ["monitoring", "4d9e8e64", "stderr"], "values": [{"value": "  File \"/Users/erwan/miniconda3/envs/segmentation_env/lib/python3.10/runpy.py\", line 96, in _run_module_code\n", "step": null, "ts": 1735503733.930315}]}, "version": 53, "at": 1735503733.930343}
{"obj": {"type": "LogStrings", "path": ["monitoring", "4d9e8e64", "stderr"], "values": [{"value": "    ", "step": null, "ts": 1735503733.930652}]}, "version": 54, "at": 1735503733.9306822}
{"obj": {"type": "LogStrings", "path": ["monitoring", "4d9e8e64", "stderr"], "values": [{"value": "_run_code(code, mod_globals, init_globals,", "step": null, "ts": 1735503733.930798}]}, "version": 55, "at": 1735503733.930822}
{"obj": {"type": "LogStrings", "path": ["monitoring", "4d9e8e64", "stderr"], "values": [{"value": "\n", "step": null, "ts": 1735503733.93102}]}, "version": 56, "at": 1735503733.931045}
{"obj": {"type": "LogStrings", "path": ["monitoring", "4d9e8e64", "stderr"], "values": [{"value": "  File \"/Users/erwan/miniconda3/envs/segmentation_env/lib/python3.10/runpy.py\", line 86, in _run_code\n", "step": null, "ts": 1735503733.931318}]}, "version": 57, "at": 1735503733.931345}
{"obj": {"type": "LogStrings", "path": ["monitoring", "4d9e8e64", "stderr"], "values": [{"value": "    ", "step": null, "ts": 1735503733.931849}]}, "version": 58, "at": 1735503733.9318871}
{"obj": {"type": "LogStrings", "path": ["monitoring", "4d9e8e64", "stderr"], "values": [{"value": "exec(code, run_globals)", "step": null, "ts": 1735503733.932006}]}, "version": 59, "at": 1735503733.932032}
{"obj": {"type": "LogStrings", "path": ["monitoring", "4d9e8e64", "stderr"], "values": [{"value": "\n", "step": null, "ts": 1735503733.9323251}]}, "version": 60, "at": 1735503733.932354}
{"obj": {"type": "LogStrings", "path": ["monitoring", "4d9e8e64", "stderr"], "values": [{"value": "  File \"/Users/erwan/Workspace/WSS-UIC/train_vgg_resnet/train.py\", line 123, in <module>\n", "step": null, "ts": 1735503733.9327621}]}, "version": 61, "at": 1735503733.932807}
{"obj": {"type": "LogStrings", "path": ["monitoring", "4d9e8e64", "stderr"], "values": [{"value": "    ", "step": null, "ts": 1735503733.9331222}]}, "version": 62, "at": 1735503733.933153}
{"obj": {"type": "LogStrings", "path": ["monitoring", "4d9e8e64", "stderr"], "values": [{"value": "train(", "step": null, "ts": 1735503733.9333298}]}, "version": 63, "at": 1735503733.9333591}
{"obj": {"type": "LogStrings", "path": ["monitoring", "4d9e8e64", "stderr"], "values": [{"value": "\n", "step": null, "ts": 1735503733.933524}]}, "version": 64, "at": 1735503733.9335492}
{"obj": {"type": "LogStrings", "path": ["monitoring", "4d9e8e64", "stderr"], "values": [{"value": "  File \"/Users/erwan/Workspace/WSS-UIC/train_vgg_resnet/train.py\", line 62, in train\n", "step": null, "ts": 1735503733.933687}]}, "version": 65, "at": 1735503733.9337118}
{"obj": {"type": "LogStrings", "path": ["monitoring", "4d9e8e64", "stderr"], "values": [{"value": "    ", "step": null, "ts": 1735503733.934134}]}, "version": 66, "at": 1735503733.9342122}
{"obj": {"type": "LogStrings", "path": ["monitoring", "4d9e8e64", "stderr"], "values": [{"value": "for batch in train_dl:", "step": null, "ts": 1735503733.93438}]}, "version": 67, "at": 1735503733.9344509}
{"obj": {"type": "LogStrings", "path": ["monitoring", "4d9e8e64", "stderr"], "values": [{"value": "\n", "step": null, "ts": 1735503733.936092}]}, "version": 68, "at": 1735503733.9361799}
{"obj": {"type": "LogStrings", "path": ["monitoring", "4d9e8e64", "stderr"], "values": [{"value": "  File \"/Users/erwan/miniconda3/envs/segmentation_env/lib/python3.10/site-packages/torch/utils/data/dataloader.py\", line 439, in __iter__\n", "step": null, "ts": 1735503733.937191}]}, "version": 69, "at": 1735503733.9372811}
{"obj": {"type": "LogStrings", "path": ["monitoring", "4d9e8e64", "stderr"], "values": [{"value": "    ", "step": null, "ts": 1735503733.938339}]}, "version": 70, "at": 1735503733.938391}
{"obj": {"type": "LogStrings", "path": ["monitoring", "4d9e8e64", "stderr"], "values": [{"value": "return self._get_iterator()", "step": null, "ts": 1735503733.938605}]}, "version": 71, "at": 1735503733.938643}
{"obj": {"type": "LogStrings", "path": ["monitoring", "4d9e8e64", "stderr"], "values": [{"value": "\n", "step": null, "ts": 1735503733.9389582}]}, "version": 72, "at": 1735503733.938999}
{"obj": {"type": "LogStrings", "path": ["monitoring", "4d9e8e64", "stderr"], "values": [{"value": "  File \"/Users/erwan/miniconda3/envs/segmentation_env/lib/python3.10/site-packages/torch/utils/data/dataloader.py\", line 387, in _get_iterator\n", "step": null, "ts": 1735503733.939256}]}, "version": 73, "at": 1735503733.939296}
{"obj": {"type": "LogStrings", "path": ["monitoring", "4d9e8e64", "stderr"], "values": [{"value": "    ", "step": null, "ts": 1735503733.940429}]}, "version": 74, "at": 1735503733.9404721}
{"obj": {"type": "LogStrings", "path": ["monitoring", "4d9e8e64", "stderr"], "values": [{"value": "return _MultiProcessingDataLoaderIter(self)", "step": null, "ts": 1735503733.940614}]}, "version": 75, "at": 1735503733.940642}
{"obj": {"type": "LogStrings", "path": ["monitoring", "4d9e8e64", "stderr"], "values": [{"value": "\n", "step": null, "ts": 1735503733.940877}]}, "version": 76, "at": 1735503733.940913}
{"obj": {"type": "LogStrings", "path": ["monitoring", "4d9e8e64", "stderr"], "values": [{"value": "  File \"/Users/erwan/miniconda3/envs/segmentation_env/lib/python3.10/site-packages/torch/utils/data/dataloader.py\", line 1040, in __init__\n", "step": null, "ts": 1735503733.941231}]}, "version": 77, "at": 1735503733.941268}
{"obj": {"type": "LogStrings", "path": ["monitoring", "4d9e8e64", "stderr"], "values": [{"value": "    ", "step": null, "ts": 1735503733.941851}]}, "version": 78, "at": 1735503733.941891}
{"obj": {"type": "LogStrings", "path": ["monitoring", "4d9e8e64", "stderr"], "values": [{"value": "w.start()", "step": null, "ts": 1735503733.942056}]}, "version": 79, "at": 1735503733.9420958}
{"obj": {"type": "LogStrings", "path": ["monitoring", "4d9e8e64", "stderr"], "values": [{"value": "\n", "step": null, "ts": 1735503733.9423292}]}, "version": 80, "at": 1735503733.942364}
{"obj": {"type": "LogStrings", "path": ["monitoring", "4d9e8e64", "stderr"], "values": [{"value": "  File \"/Users/erwan/miniconda3/envs/segmentation_env/lib/python3.10/multiprocessing/process.py\", line 121, in start\n", "step": null, "ts": 1735503733.942563}]}, "version": 81, "at": 1735503733.942595}
{"obj": {"type": "LogStrings", "path": ["monitoring", "4d9e8e64", "stderr"], "values": [{"value": "    ", "step": null, "ts": 1735503733.942966}]}, "version": 82, "at": 1735503733.943004}
{"obj": {"type": "LogStrings", "path": ["monitoring", "4d9e8e64", "stderr"], "values": [{"value": "self._popen = self._Popen(self)", "step": null, "ts": 1735503733.9431832}]}, "version": 83, "at": 1735503733.943216}
{"obj": {"type": "LogStrings", "path": ["monitoring", "4d9e8e64", "stderr"], "values": [{"value": "\n", "step": null, "ts": 1735503733.943403}]}, "version": 84, "at": 1735503733.9434361}
{"obj": {"type": "LogStrings", "path": ["monitoring", "4d9e8e64", "stderr"], "values": [{"value": "  File \"/Users/erwan/miniconda3/envs/segmentation_env/lib/python3.10/multiprocessing/context.py\", line 224, in _Popen\n", "step": null, "ts": 1735503733.946157}]}, "version": 85, "at": 1735503733.946209}
{"obj": {"type": "LogStrings", "path": ["monitoring", "4d9e8e64", "stderr"], "values": [{"value": "    ", "step": null, "ts": 1735503733.946757}]}, "version": 86, "at": 1735503733.946792}
{"obj": {"type": "LogStrings", "path": ["monitoring", "4d9e8e64", "stderr"], "values": [{"value": "return _default_context.get_context().Process._Popen(process_obj)", "step": null, "ts": 1735503733.9469209}]}, "version": 87, "at": 1735503733.9469461}
{"obj": {"type": "LogStrings", "path": ["monitoring", "4d9e8e64", "stderr"], "values": [{"value": "\n", "step": null, "ts": 1735503733.947049}]}, "version": 88, "at": 1735503733.94707}
{"obj": {"type": "LogStrings", "path": ["monitoring", "4d9e8e64", "stderr"], "values": [{"value": "  File \"/Users/erwan/miniconda3/envs/segmentation_env/lib/python3.10/multiprocessing/context.py\", line 284, in _Popen\n", "step": null, "ts": 1735503733.947165}]}, "version": 89, "at": 1735503733.947186}
{"obj": {"type": "LogStrings", "path": ["monitoring", "4d9e8e64", "stderr"], "values": [{"value": "    ", "step": null, "ts": 1735503733.947523}]}, "version": 90, "at": 1735503733.9475489}
{"obj": {"type": "LogStrings", "path": ["monitoring", "4d9e8e64", "stderr"], "values": [{"value": "return Popen(process_obj)", "step": null, "ts": 1735503733.947662}]}, "version": 91, "at": 1735503733.947685}
{"obj": {"type": "LogStrings", "path": ["monitoring", "4d9e8e64", "stderr"], "values": [{"value": "\n", "step": null, "ts": 1735503733.947943}]}, "version": 92, "at": 1735503733.947972}
{"obj": {"type": "LogStrings", "path": ["monitoring", "4d9e8e64", "stderr"], "values": [{"value": "  File \"/Users/erwan/miniconda3/envs/segmentation_env/lib/python3.10/multiprocessing/popen_spawn_posix.py\", line 32, in __init__\n", "step": null, "ts": 1735503733.9481869}]}, "version": 93, "at": 1735503733.9482272}
{"obj": {"type": "LogStrings", "path": ["monitoring", "4d9e8e64", "stderr"], "values": [{"value": "    ", "step": null, "ts": 1735503733.948607}]}, "version": 94, "at": 1735503733.948637}
{"obj": {"type": "LogStrings", "path": ["monitoring", "4d9e8e64", "stderr"], "values": [{"value": "super().__init__(process_obj)", "step": null, "ts": 1735503733.948748}]}, "version": 95, "at": 1735503733.9487722}
{"obj": {"type": "LogStrings", "path": ["monitoring", "4d9e8e64", "stderr"], "values": [{"value": "\n", "step": null, "ts": 1735503733.948967}]}, "version": 96, "at": 1735503733.948993}
{"obj": {"type": "LogStrings", "path": ["monitoring", "4d9e8e64", "stderr"], "values": [{"value": "  File \"/Users/erwan/miniconda3/envs/segmentation_env/lib/python3.10/multiprocessing/popen_fork.py\", line 19, in __init__\n", "step": null, "ts": 1735503733.949339}]}, "version": 97, "at": 1735503733.9493701}
{"obj": {"type": "LogStrings", "path": ["monitoring", "4d9e8e64", "stderr"], "values": [{"value": "    ", "step": null, "ts": 1735503733.950068}]}, "version": 98, "at": 1735503733.950152}
{"obj": {"type": "LogStrings", "path": ["monitoring", "4d9e8e64", "stderr"], "values": [{"value": "self._launch(process_obj)", "step": null, "ts": 1735503733.950525}]}, "version": 99, "at": 1735503733.9506052}
{"obj": {"type": "LogStrings", "path": ["monitoring", "4d9e8e64", "stderr"], "values": [{"value": "\n", "step": null, "ts": 1735503733.951275}]}, "version": 100, "at": 1735503733.951326}
{"obj": {"type": "LogStrings", "path": ["monitoring", "4d9e8e64", "stderr"], "values": [{"value": "  File \"/Users/erwan/miniconda3/envs/segmentation_env/lib/python3.10/multiprocessing/popen_spawn_posix.py\", line 42, in _launch\n", "step": null, "ts": 1735503733.951715}]}, "version": 101, "at": 1735503733.951775}
{"obj": {"type": "LogStrings", "path": ["monitoring", "4d9e8e64", "stderr"], "values": [{"value": "    ", "step": null, "ts": 1735503733.9533498}]}, "version": 102, "at": 1735503733.953472}
{"obj": {"type": "LogStrings", "path": ["monitoring", "4d9e8e64", "stderr"], "values": [{"value": "prep_data = spawn.get_preparation_data(process_obj._name)", "step": null, "ts": 1735503733.954061}]}, "version": 103, "at": 1735503733.954155}
{"obj": {"type": "LogStrings", "path": ["monitoring", "4d9e8e64", "stderr"], "values": [{"value": "\n", "step": null, "ts": 1735503733.954518}]}, "version": 104, "at": 1735503733.954624}
{"obj": {"type": "LogStrings", "path": ["monitoring", "4d9e8e64", "stderr"], "values": [{"value": "  File \"/Users/erwan/miniconda3/envs/segmentation_env/lib/python3.10/multiprocessing/spawn.py\", line 154, in get_preparation_data\n", "step": null, "ts": 1735503733.9552698}]}, "version": 105, "at": 1735503733.955332}
{"obj": {"type": "LogStrings", "path": ["monitoring", "4d9e8e64", "stderr"], "values": [{"value": "    ", "step": null, "ts": 1735503733.956954}]}, "version": 106, "at": 1735503733.9569979}
{"obj": {"type": "LogStrings", "path": ["monitoring", "4d9e8e64", "stderr"], "values": [{"value": "_check_not_importing_main()", "step": null, "ts": 1735503733.957151}]}, "version": 107, "at": 1735503733.957185}
{"obj": {"type": "LogStrings", "path": ["monitoring", "4d9e8e64", "stderr"], "values": [{"value": "\n", "step": null, "ts": 1735503733.957563}]}, "version": 108, "at": 1735503733.9575942}
{"obj": {"type": "LogStrings", "path": ["monitoring", "4d9e8e64", "stderr"], "values": [{"value": "  File \"/Users/erwan/miniconda3/envs/segmentation_env/lib/python3.10/multiprocessing/spawn.py\", line 134, in _check_not_importing_main\n", "step": null, "ts": 1735503733.957917}]}, "version": 109, "at": 1735503733.957948}
{"obj": {"type": "LogStrings", "path": ["monitoring", "4d9e8e64", "stderr"], "values": [{"value": "    ", "step": null, "ts": 1735503733.9583418}]}, "version": 110, "at": 1735503733.958411}
{"obj": {"type": "LogStrings", "path": ["monitoring", "4d9e8e64", "stderr"], "values": [{"value": "raise RuntimeError('''", "step": null, "ts": 1735503733.958654}]}, "version": 111, "at": 1735503733.9587572}
{"obj": {"type": "LogStrings", "path": ["monitoring", "4d9e8e64", "stderr"], "values": [{"value": "\n", "step": null, "ts": 1735503733.959271}]}, "version": 112, "at": 1735503733.95933}
{"obj": {"type": "LogStrings", "path": ["monitoring", "4d9e8e64", "stderr"], "values": [{"value": "RuntimeError", "step": null, "ts": 1735503733.9596102}]}, "version": 113, "at": 1735503733.95972}
{"obj": {"type": "LogStrings", "path": ["monitoring", "4d9e8e64", "stderr"], "values": [{"value": ": ", "step": null, "ts": 1735503733.960007}]}, "version": 114, "at": 1735503733.960064}
{"obj": {"type": "LogStrings", "path": ["monitoring", "4d9e8e64", "stderr"], "values": [{"value": "\n        An attempt has been made to start a new process before the\n        current process has finished its bootstrapping phase.\n\n        This probably means that you are not using fork to start your\n        child processes and you have forgotten to use the proper idiom\n        in the main module:\n\n            if __name__ == '__main__':\n                freeze_support()\n                ...\n\n        The \"freeze_support()\" line can be omitted if the program\n        is not going to be frozen to produce an executable.", "step": null, "ts": 1735503733.960475}]}, "version": 115, "at": 1735503733.9605162}
{"obj": {"type": "LogStrings", "path": ["monitoring", "4d9e8e64", "stderr"], "values": [{"value": "\n", "step": null, "ts": 1735503733.9610062}]}, "version": 116, "at": 1735503733.961041}
{"obj": {"type": "LogStrings", "path": ["monitoring", "4d9e8e64", "stdout"], "values": [{"value": "[neptune] [info   ] Shutting down background jobs, please wait a moment...\n", "step": null, "ts": 1735503733.961979}]}, "version": 117, "at": 1735503733.9620302}
